[2026-07-22 23:50:51.165] [warning] [Gimbal] Configured com_port '/dev/gimbal' not found, fallback to '/dev/ttyUSB0'.
[2026-07-22 23:50:51.267] [info] [Gimbal] read_thread started.
[2026-07-22 23:50:51.267] [info] [Gimbal] First q received.
[2026-07-22 23:50:52.170] [info] [Gimbal] Diag: latency=0.00ms, serial_ok=yes
[2026-07-22 23:50:52.520] [info] [SimpleTracker] Entering main loop.
[2026-07-22 23:50:52.538] [info] [CMD] yaw=0.00deg pitch=0.00deg
[2026-07-22 23:50:52.663] [info] [CMD] yaw=0.00deg pitch=0.00deg
[2026-07-22 23:50:52.672] [info] [CMD] yaw=0.00deg pitch=0.00deg
[2026-07-22 23:50:52.729] [info] [CMD] yaw=0.00deg pitch=0.00deg
[2026-07-22 23:50:52.795] [info] [CMD] yaw=0.00deg pitch=0.00deg
[2026-07-22 23:50:52.862] [info] [CMD] yaw=0.00deg pitch=0.00deg
[2026-07-22 23:50:52.931] [info] [CMD] yaw=0.00deg pitch=0.00deg
[2026-07-22 23:50:52.995] [info] [CMD] yaw=0.00deg pitch=0.00deg
[2026-07-22 23:50:53.061] [info] [CMD] yaw=0.00deg pitch=0.00deg
[2026-07-22 23:50:53.082] [info] [Gimbal] Diag: latency=0.00ms, serial_ok=yes
[2026-07-22 23:50:53.131] [info] [CMD] yaw=0.00deg pitch=0.00deg
[2026-07-22 23:50:53.198] [info] [CMD] yaw=0.00deg pitch=0.00deg
[2026-07-22 23:50:53.262] [info] [CMD] yaw=0.00deg pitch=0.00deg
[2026-07-22 23:50:53.332] [info] [CMD] yaw=0.00deg pitch=0.00deg
[2026-07-22 23:50:53.398] [info] [CMD] yaw=0.00deg pitch=0.00deg
[2026-07-22 23:50:53.465] [info] [CMD] yaw=0.00deg pitch=0.00deg
[2026-07-22 23:50:53.532] [info] [CMD] yaw=0.00deg pitch=0.00deg
[2026-07-22 23:50:53.599] [info] [CMD] yaw=0.00deg pitch=0.00deg
[2026-07-22 23:50:53.664] [info] [CMD] yaw=0.00deg pitch=0.00deg
[2026-07-22 23:50:53.730] [info] [CMD] yaw=0.00deg pitch=0.00deg
[2026-07-22 23:50:53.795] [info] [CMD] yaw=0.00deg pitch=0.00deg
[2026-07-22 23:50:53.864] [info] [CMD] yaw=0.00deg pitch=0.00deg
[2026-07-22 23:50:53.917] [info] [Gimbal] Diag: latency=0.00ms, serial_ok=yes
[2026-07-22 23:50:53.930] [info] [CMD] yaw=0.00deg pitch=0.00deg
[2026-07-22 23:50:53.997] [info] [CMD] yaw=0.00deg pitch=0.00deg
[2026-07-22 23:50:54.063] [info] [CMD] yaw=0.00deg pitch=0.00deg
[2026-07-22 23:50:54.132] [info] [CMD] yaw=0.00deg pitch=0.00deg
[2026-07-22 23:50:54.199] [info] [CMD] yaw=0.00deg pitch=0.00deg
[2026-07-22 23:50:54.264] [info] [CMD] yaw=0.00deg pitch=0.00deg
[2026-07-22 23:50:54.329] [info] [CMD] yaw=0.00deg pitch=0.00deg
[2026-07-22 23:50:54.398] [info] [CMD] yaw=0.00deg pitch=0.00deg
[2026-07-22 23:50:54.464] [info] [CMD] yaw=0.00deg pitch=0.00deg
[2026-07-22 23:50:54.531] [info] [CMD] yaw=0.00deg pitch=0.00deg
[2026-07-22 23:50:54.598] [info] [CMD] yaw=0.00deg pitch=0.00deg
[2026-07-22 23:50:54.664] [info] [CMD] yaw=0.00deg pitch=0.00deg
[2026-07-22 23:50:54.732] [info] [CMD] yaw=0.00deg pitch=0.00deg
[2026-07-22 23:50:54.760] [info] [Gimbal] Diag: latency=0.00ms, serial_ok=yes
[2026-07-22 23:50:54.798] [info] [CMD] yaw=0.00deg pitch=0.00deg
[2026-07-22 23:50:54.862] [info] [CMD] yaw=0.00deg pitch=0.00deg
[2026-07-22 23:50:54.931] [info] [CMD] yaw=0.00deg pitch=0.00deg
[2026-07-22 23:50:54.998] [info] [CMD] yaw=0.00deg pitch=0.00deg
[2026-07-22 23:50:55.065] [info] [CMD] yaw=0.00deg pitch=0.00deg
[2026-07-22 23:50:55.132] [info] [CMD] yaw=0.00deg pitch=0.00deg
[2026-07-22 23:50:55.199] [info] [CMD] yaw=0.00deg pitch=0.00deg
[2026-07-22 23:50:55.265] [info] [CMD] yaw=0.00deg pitch=0.00deg
[2026-07-22 23:50:55.332] [info] [CMD] yaw=0.00deg pitch=0.00deg
[2026-07-22 23:50:55.395] [info] [CMD] yaw=0.00deg pitch=0.00deg
[2026-07-22 23:50:55.462] [info] [CMD] yaw=0.00deg pitch=0.00deg
[2026-07-22 23:50:55.532] [info] [CMD] yaw=0.00deg pitch=0.00deg
[2026-07-22 23:50:55.598] [info] [CMD] yaw=0.00deg pitch=0.00deg
[2026-07-22 23:50:55.614] [info] [Gimbal] Diag: latency=0.00ms, serial_ok=yes
[2026-07-22 23:50:55.665] [info] [CMD] yaw=0.00deg pitch=0.00deg
[2026-07-22 23:50:55.732] [info] [CMD] yaw=0.00deg pitch=0.00deg
[2026-07-22 23:50:55.797] [info] [CMD] yaw=0.00deg pitch=0.00deg
[2026-07-22 23:50:55.864] [info] [CMD] yaw=0.00deg pitch=0.00deg
[2026-07-22 23:50:55.928] [info] [CMD] yaw=0.00deg pitch=0.00deg
[2026-07-22 23:50:55.997] [info] [CMD] yaw=0.00deg pitch=0.00deg
[2026-07-22 23:50:56.063] [info] [CMD] yaw=0.00deg pitch=0.00deg
[2026-07-22 23:50:56.130] [info] [CMD] yaw=0.00deg pitch=0.00deg
[2026-07-22 23:50:56.197] [info] [CMD] yaw=0.00deg pitch=0.00deg
[2026-07-22 23:50:56.263] [info] [CMD] yaw=0.00deg pitch=0.00deg
[2026-07-22 23:50:56.331] [info] [CMD] yaw=0.00deg pitch=0.00deg
[2026-07-22 23:50:56.397] [info] [CMD] yaw=0.00deg pitch=0.00deg
[2026-07-22 23:50:56.458] [info] [Gimbal] Diag: latency=0.00ms, serial_ok=yes
[2026-07-22 23:50:56.462] [info] [CMD] yaw=0.00deg pitch=0.00deg
[2026-07-22 23:50:56.530] [info] [CMD] yaw=0.00deg pitch=0.00deg
[2026-07-22 23:50:56.597] [info] [CMD] yaw=0.00deg pitch=0.00deg
[2026-07-22 23:50:56.665] [info] [CMD] yaw=0.00deg pitch=0.00deg
[2026-07-22 23:50:56.732] [info] [CMD] yaw=0.00deg pitch=0.00deg
[2026-07-22 23:50:56.799] [info] [CMD] yaw=0.00deg pitch=0.00deg
[2026-07-22 23:50:56.864] [info] [CMD] yaw=0.00deg pitch=0.00deg
[2026-07-22 23:50:56.930] [info] [CMD] yaw=0.00deg pitch=0.00deg
[2026-07-22 23:50:56.995] [info] [CMD] yaw=0.00deg pitch=0.00deg
[2026-07-22 23:50:57.064] [info] [CMD] yaw=0.00deg pitch=0.00deg
[2026-07-22 23:50:57.131] [info] [CMD] yaw=0.00deg pitch=0.00deg
[2026-07-22 23:50:57.198] [info] [CMD] yaw=0.00deg pitch=0.00deg
[2026-07-22 23:50:57.265] [info] [CMD] yaw=0.00deg pitch=0.00deg
[2026-07-22 23:50:57.304] [info] [Gimbal] Diag: latency=0.00ms, serial_ok=yes
[2026-07-22 23:50:57.330] [info] [CMD] yaw=0.00deg pitch=0.00deg
[2026-07-22 23:50:57.397] [info] [CMD] yaw=0.00deg pitch=0.00deg
[2026-07-22 23:50:57.463] [info] [CMD] yaw=0.00deg pitch=0.00deg
[2026-07-22 23:50:57.529] [info] [CMD] yaw=0.00deg pitch=0.00deg
[2026-07-22 23:50:57.596] [info] [CMD] yaw=0.00deg pitch=0.00deg
[2026-07-22 23:50:57.663] [info] [CMD] yaw=0.00deg pitch=0.00deg
[2026-07-22 23:50:57.729] [info] [CMD] yaw=0.00deg pitch=0.00deg
[2026-07-22 23:50:57.797] [info] [CMD] yaw=0.00deg pitch=0.00deg
[2026-07-22 23:50:57.863] [info] [CMD] yaw=0.00deg pitch=0.00deg
[2026-07-22 23:50:57.931] [info] [CMD] yaw=0.00deg pitch=0.00deg
[2026-07-22 23:50:57.998] [info] [CMD] yaw=0.00deg pitch=0.00deg
[2026-07-22 23:50:58.061] [info] [CMD] yaw=0.00deg pitch=0.00deg
[2026-07-22 23:50:58.131] [info] [CMD] yaw=0.00deg pitch=0.00deg
[2026-07-22 23:50:58.157] [info] [Gimbal] Diag: latency=0.00ms, serial_ok=yes
[2026-07-22 23:50:58.199] [info] [CMD] yaw=0.00deg pitch=0.00deg
[2026-07-22 23:50:58.265] [info] [CMD] yaw=0.00deg pitch=0.00deg
[2026-07-22 23:50:58.331] [info] [CMD] yaw=0.00deg pitch=0.00deg
[2026-07-22 23:50:58.397] [info] [CMD] yaw=0.00deg pitch=0.00deg
[2026-07-22 23:50:58.464] [info] [CMD] yaw=0.00deg pitch=0.00deg
[2026-07-22 23:50:58.530] [info] [CMD] yaw=0.00deg pitch=0.00deg
[2026-07-22 23:50:58.597] [info] [CMD] yaw=0.00deg pitch=0.00deg
[2026-07-22 23:50:58.664] [info] [CMD] yaw=0.00deg pitch=0.00deg
[2026-07-22 23:50:58.730] [info] [CMD] yaw=0.00deg pitch=0.00deg
[2026-07-22 23:50:58.797] [info] [CMD] yaw=0.00deg pitch=0.00deg
[2026-07-22 23:50:58.863] [info] [CMD] yaw=0.00deg pitch=0.00deg
[2026-07-22 23:50:58.929] [info] [CMD] yaw=0.00deg pitch=0.00deg
[2026-07-22 23:50:58.998] [info] [CMD] yaw=0.00deg pitch=0.00deg
[2026-07-22 23:50:58.999] [info] [Gimbal] Diag: latency=0.00ms, serial_ok=yes
[2026-07-22 23:50:59.063] [info] [CMD] yaw=0.00deg pitch=0.00deg
[2026-07-22 23:50:59.130] [info] [CMD] yaw=0.00deg pitch=0.00deg
[2026-07-22 23:50:59.197] [info] [CMD] yaw=0.00deg pitch=0.00deg
[2026-07-22 23:50:59.264] [info] [CMD] yaw=0.00deg pitch=0.00deg
[2026-07-22 23:50:59.330] [info] [CMD] yaw=0.00deg pitch=0.00deg
[2026-07-22 23:50:59.395] [info] [CMD] yaw=0.00deg pitch=0.00deg
[2026-07-22 23:50:59.462] [info] [CMD] yaw=0.00deg pitch=0.00deg
[2026-07-22 23:50:59.531] [info] [CMD] yaw=0.00deg pitch=0.00deg
[2026-07-22 23:50:59.598] [info] [CMD] yaw=0.00deg pitch=0.00deg
[2026-07-22 23:50:59.662] [info] [CMD] yaw=0.00deg pitch=0.00deg
[2026-07-22 23:50:59.731] [info] [CMD] yaw=0.00deg pitch=0.00deg
[2026-07-22 23:50:59.797] [info] [CMD] yaw=0.00deg pitch=0.00deg
[2026-07-22 23:50:59.842] [info] [Gimbal] Diag: latency=0.01ms, serial_ok=yes
[2026-07-22 23:50:59.864] [info] [CMD] yaw=0.00deg pitch=0.00deg
[2026-07-22 23:50:59.932] [info] [CMD] yaw=0.00deg pitch=0.00deg
[2026-07-22 23:50:59.997] [info] [CMD] yaw=0.00deg pitch=0.00deg
[2026-07-22 23:51:00.065] [info] [CMD] yaw=0.00deg pitch=0.00deg
[2026-07-22 23:51:00.131] [info] [CMD] yaw=0.00deg pitch=0.00deg
[2026-07-22 23:51:00.195] [info] [CMD] yaw=0.00deg pitch=0.00deg
[2026-07-22 23:51:00.262] [info] [CMD] yaw=0.00deg pitch=0.00deg
[2026-07-22 23:51:00.332] [info] [CMD] yaw=0.00deg pitch=0.00deg
[2026-07-22 23:51:00.397] [info] [CMD] yaw=0.00deg pitch=0.00deg
[2026-07-22 23:51:00.465] [info] [CMD] yaw=0.00deg pitch=0.00deg
[2026-07-22 23:51:00.531] [info] [CMD] yaw=0.00deg pitch=0.00deg
[2026-07-22 23:51:00.598] [info] [CMD] yaw=0.00deg pitch=0.00deg
[2026-07-22 23:51:00.665] [info] [CMD] yaw=0.00deg pitch=0.00deg
[2026-07-22 23:51:00.688] [info] [Gimbal] Diag: latency=0.01ms, serial_ok=yes
[2026-07-22 23:51:00.730] [info] [CMD] yaw=0.00deg pitch=0.00deg
[2026-07-22 23:51:00.796] [info] [CMD] yaw=0.00deg pitch=0.00deg
[2026-07-22 23:51:00.861] [info] [CMD] yaw=0.00deg pitch=0.00deg
[2026-07-22 23:51:00.931] [info] [CMD] yaw=0.00deg pitch=0.00deg
[2026-07-22 23:51:00.994] [info] [CMD] yaw=0.00deg pitch=0.00deg
[2026-07-22 23:51:01.063] [info] [CMD] yaw=0.00deg pitch=0.00deg
[2026-07-22 23:51:01.128] [info] [CMD] yaw=0.00deg pitch=0.00deg
[2026-07-22 23:51:01.196] [info] [CMD] yaw=0.00deg pitch=0.00deg
[2026-07-22 23:51:01.263] [info] [CMD] yaw=0.00deg pitch=0.00deg
[2026-07-22 23:51:01.330] [info] [CMD] yaw=0.00deg pitch=0.00deg
[2026-07-22 23:51:01.396] [info] [CMD] yaw=0.00deg pitch=0.00deg
[2026-07-22 23:51:01.463] [info] [CMD] yaw=0.00deg pitch=0.00deg
[2026-07-22 23:51:01.530] [info] [CMD] yaw=0.00deg pitch=0.00deg
[2026-07-22 23:51:01.533] [info] [Gimbal] Diag: latency=0.00ms, serial_ok=yes
[2026-07-22 23:51:01.597] [info] [CMD] yaw=0.00deg pitch=0.00deg
[2026-07-22 23:51:01.663] [info] [CMD] yaw=0.00deg pitch=0.00deg
[2026-07-22 23:51:01.731] [info] [CMD] yaw=0.00deg pitch=0.00deg
[2026-07-22 23:51:01.796] [info] [CMD] yaw=0.00deg pitch=0.00deg
[2026-07-22 23:51:01.863] [info] [CMD] yaw=0.00deg pitch=0.00deg
[2026-07-22 23:51:01.930] [info] [CMD] yaw=0.00deg pitch=0.00deg
[2026-07-22 23:51:01.997] [info] [CMD] yaw=0.00deg pitch=0.00deg
[2026-07-22 23:51:02.065] [info] [CMD] yaw=0.00deg pitch=0.00deg
[2026-07-22 23:51:02.131] [info] [CMD] yaw=0.00deg pitch=0.00deg
[2026-07-22 23:51:02.197] [info] [CMD] yaw=0.00deg pitch=0.00deg
[2026-07-22 23:51:02.261] [info] [CMD] yaw=0.00deg pitch=0.00deg
[2026-07-22 23:51:02.332] [info] [CMD] yaw=0.00deg pitch=0.00deg
[2026-07-22 23:51:02.376] [info] [Gimbal] Diag: latency=0.00ms, serial_ok=yes
[2026-07-22 23:51:02.396] [info] [CMD] yaw=0.00deg pitch=0.00deg
[2026-07-22 23:51:02.464] [info] [CMD] yaw=0.00deg pitch=0.00deg
[2026-07-22 23:51:02.531] [info] [CMD] yaw=0.00deg pitch=0.00deg
[2026-07-22 23:51:02.598] [info] [CMD] yaw=0.00deg pitch=0.00deg
[2026-07-22 23:51:02.664] [info] [CMD] yaw=0.00deg pitch=0.00deg
[2026-07-22 23:51:02.732] [info] [CMD] yaw=0.00deg pitch=0.00deg
[2026-07-22 23:51:02.798] [info] [CMD] yaw=0.00deg pitch=0.00deg
[2026-07-22 23:51:02.865] [info] [CMD] yaw=0.00deg pitch=0.00deg
[2026-07-22 23:51:02.930] [info] [CMD] yaw=0.00deg pitch=0.00deg
[2026-07-22 23:51:02.997] [info] [CMD] yaw=0.00deg pitch=0.00deg
[2026-07-22 23:51:03.063] [info] [CMD] yaw=0.00deg pitch=0.00deg
[2026-07-22 23:51:03.131] [info] [CMD] yaw=0.00deg pitch=0.00deg
[2026-07-22 23:51:03.198] [info] [CMD] yaw=0.00deg pitch=0.00deg
[2026-07-22 23:51:03.219] [info] [Gimbal] Diag: latency=0.00ms, serial_ok=yes
[2026-07-22 23:51:03.265] [info] [CMD] yaw=0.00deg pitch=0.00deg
[2026-07-22 23:51:03.332] [info] [CMD] yaw=0.00deg pitch=0.00deg
[2026-07-22 23:51:03.398] [info] [CMD] yaw=0.00deg pitch=0.00deg
[2026-07-22 23:51:03.463] [info] [CMD] yaw=0.00deg pitch=0.00deg
[2026-07-22 23:51:03.531] [info] [CMD] yaw=0.00deg pitch=0.00deg
[2026-07-22 23:51:03.598] [info] [CMD] yaw=0.00deg pitch=0.00deg
[2026-07-22 23:51:03.664] [info] [CMD] yaw=0.00deg pitch=0.00deg
[2026-07-22 23:51:03.730] [info] [CMD] yaw=0.00deg pitch=0.00deg
[2026-07-22 23:51:03.797] [info] [CMD] yaw=0.00deg pitch=0.00deg
[2026-07-22 23:51:03.862] [info] [CMD] yaw=0.00deg pitch=0.00deg
[2026-07-22 23:51:03.930] [info] [CMD] yaw=0.00deg pitch=0.00deg
[2026-07-22 23:51:03.996] [info] [CMD] yaw=0.00deg pitch=0.00deg
[2026-07-22 23:51:04.060] [info] [Gimbal] Diag: latency=0.00ms, serial_ok=yes
[2026-07-22 23:51:04.063] [info] [CMD] yaw=0.00deg pitch=0.00deg
[2026-07-22 23:51:04.129] [info] [CMD] yaw=0.00deg pitch=0.00deg
[2026-07-22 23:51:04.197] [info] [CMD] yaw=0.00deg pitch=0.00deg
[2026-07-22 23:51:04.264] [info] [CMD] yaw=0.00deg pitch=0.00deg
[2026-07-22 23:51:04.332] [info] [CMD] yaw=0.00deg pitch=0.00deg
[2026-07-22 23:51:04.398] [info] [CMD] yaw=0.00deg pitch=0.00deg
[2026-07-22 23:51:04.465] [info] [CMD] yaw=0.00deg pitch=0.00deg
[2026-07-22 23:51:04.528] [info] [CMD] yaw=0.00deg pitch=0.00deg
[2026-07-22 23:51:04.599] [info] [CMD] yaw=0.00deg pitch=0.00deg
[2026-07-22 23:51:04.664] [info] [CMD] yaw=0.00deg pitch=0.00deg
[2026-07-22 23:51:04.731] [info] [CMD] yaw=0.00deg pitch=0.00deg
[2026-07-22 23:51:04.797] [info] [CMD] yaw=0.00deg pitch=0.00deg
[2026-07-22 23:51:04.865] [info] [CMD] yaw=0.00deg pitch=0.00deg
[2026-07-22 23:51:04.914] [info] [Gimbal] Diag: latency=0.00ms, serial_ok=yes
[2026-07-22 23:51:04.932] [info] [CMD] yaw=0.00deg pitch=0.00deg
[2026-07-22 23:51:04.997] [info] [CMD] yaw=0.00deg pitch=0.00deg
[2026-07-22 23:51:05.063] [info] [CMD] yaw=0.00deg pitch=0.00deg
[2026-07-22 23:51:05.130] [info] [CMD] yaw=0.00deg pitch=0.00deg
[2026-07-22 23:51:05.197] [info] [CMD] yaw=0.00deg pitch=0.00deg
[2026-07-22 23:51:05.261] [info] [CMD] yaw=0.00deg pitch=0.00deg
[2026-07-22 23:51:05.330] [info] [CMD] yaw=0.00deg pitch=0.00deg
[2026-07-22 23:51:05.397] [info] [CMD] yaw=0.00deg pitch=0.00deg
[2026-07-22 23:51:05.463] [info] [CMD] yaw=0.00deg pitch=0.00deg
[2026-07-22 23:51:05.529] [info] [CMD] yaw=0.00deg pitch=0.00deg
[2026-07-22 23:51:05.595] [info] [CMD] yaw=0.00deg pitch=0.00deg
[2026-07-22 23:51:05.662] [info] [CMD] yaw=0.00deg pitch=0.00deg
[2026-07-22 23:51:05.729] [info] [CMD] yaw=0.00deg pitch=0.00deg
[2026-07-22 23:51:05.763] [info] [Gimbal] Diag: latency=0.00ms, serial_ok=yes
[2026-07-22 23:51:05.796] [info] [CMD] yaw=0.00deg pitch=0.00deg
[2026-07-22 23:51:05.863] [info] [CMD] yaw=0.00deg pitch=0.00deg
[2026-07-22 23:51:05.930] [info] [CMD] yaw=0.00deg pitch=0.00deg
[2026-07-22 23:51:05.996] [info] [CMD] yaw=0.00deg pitch=0.00deg
[2026-07-22 23:51:06.007] [warning] [Gimbal] Invalid mode: 90
[2026-07-22 23:51:06.063] [info] [CMD] yaw=0.00deg pitch=0.00deg
[2026-07-22 23:51:06.129] [info] [CMD] yaw=0.00deg pitch=0.00deg
[2026-07-22 23:51:06.198] [info] [CMD] yaw=0.00deg pitch=0.00deg
[2026-07-22 23:51:06.264] [info] [CMD] yaw=0.00deg pitch=0.00deg
[2026-07-22 23:51:06.331] [info] [CMD] yaw=0.00deg pitch=0.00deg
[2026-07-22 23:51:06.398] [info] [CMD] yaw=0.00deg pitch=0.00deg
[2026-07-22 23:51:06.464] [info] [CMD] yaw=0.00deg pitch=0.00deg
[2026-07-22 23:51:06.531] [info] [CMD] yaw=0.00deg pitch=0.00deg
[2026-07-22 23:51:06.597] [info] [CMD] yaw=0.00deg pitch=0.00deg
[2026-07-22 23:51:06.612] [info] [Gimbal] Diag: latency=0.02ms, serial_ok=yes
[2026-07-22 23:51:06.662] [info] [CMD] yaw=0.00deg pitch=0.00deg
[2026-07-22 23:51:06.731] [info] [CMD] yaw=0.00deg pitch=0.00deg
[2026-07-22 23:51:06.798] [info] [CMD] yaw=0.00deg pitch=0.00deg
[2026-07-22 23:51:06.863] [info] [CMD] yaw=0.00deg pitch=0.00deg
[2026-07-22 23:51:06.930] [info] [CMD] yaw=0.00deg pitch=0.00deg
[2026-07-22 23:51:06.997] [info] [CMD] yaw=0.00deg pitch=0.00deg
[2026-07-22 23:51:07.062] [info] [CMD] yaw=0.00deg pitch=0.00deg
[2026-07-22 23:51:07.130] [info] [CMD] yaw=0.00deg pitch=0.00deg
[2026-07-22 23:51:07.197] [info] [CMD] yaw=0.00deg pitch=0.00deg
[2026-07-22 23:51:07.263] [info] [CMD] yaw=0.00deg pitch=0.00deg
[2026-07-22 23:51:07.331] [info] [CMD] yaw=0.00deg pitch=0.00deg
[2026-07-22 23:51:07.398] [info] [CMD] yaw=0.00deg pitch=0.00deg
[2026-07-22 23:51:07.456] [info] [Gimbal] Diag: latency=0.00ms, serial_ok=yes
[2026-07-22 23:51:07.465] [info] [CMD] yaw=0.00deg pitch=0.00deg
[2026-07-22 23:51:07.530] [info] [CMD] yaw=0.00deg pitch=0.00deg
[2026-07-22 23:51:07.597] [info] [CMD] yaw=0.00deg pitch=0.00deg
[2026-07-22 23:51:07.663] [info] [CMD] yaw=0.00deg pitch=0.00deg
[2026-07-22 23:51:07.729] [info] [CMD] yaw=0.00deg pitch=0.00deg
[2026-07-22 23:51:07.796] [info] [CMD] yaw=0.00deg pitch=0.00deg
[2026-07-22 23:51:07.863] [info] [CMD] yaw=0.00deg pitch=0.00deg
[2026-07-22 23:51:07.930] [info] [CMD] yaw=0.00deg pitch=0.00deg
[2026-07-22 23:51:07.997] [info] [CMD] yaw=0.00deg pitch=0.00deg
[2026-07-22 23:51:08.002] [info] [SimpleTracker] Shutdown.
[2026-07-22 23:51:08.221] [info] [Gimbal] read_thread stopped.
