[2026-07-22 21:19:43.576] [info] [DesktopGimbal] Opening gimbal serial...
[2026-07-22 21:19:43.576] [warning] [Gimbal] Configured com_port '/dev/gimbal' not found, fallback to '/dev/ttyUSB0'.
[2026-07-22 21:19:43.678] [info] [Gimbal] read_thread started.
[2026-07-22 21:19:43.678] [info] [Gimbal] First q received.
[2026-07-22 21:19:43.678] [info] [DesktopGimbal] Opening camera...
[2026-07-22 21:19:44.578] [info] [Gimbal] Diag: latency=0.00ms, serial_ok=yes
[2026-07-22 21:19:45.578] [info] [Gimbal] Diag: latency=0.00ms, serial_ok=yes
[2026-07-22 21:19:45.673] [info] [MultiThreadDetector] initialized !
[2026-07-22 21:19:45.675] [info] [DesktopGimbal] Entering main loop.
[2026-07-22 21:19:46.256] [debug] [Aimer] Unsolvable trajectory0: 15.00 416.87 189.75
[2026-07-22 21:19:46.325] [debug] [Target] r=-0.806, l=0.000
[2026-07-22 21:19:46.325] [debug] [Tracker] Target diverged!
[2026-07-22 21:19:46.525] [info] [Gimbal] Diag: latency=0.00ms, serial_ok=yes
[2026-07-22 21:19:47.126] [warning] [Gimbal] Invalid mode: 90
[2026-07-22 21:19:47.357] [info] [Gimbal] Diag: latency=0.00ms, serial_ok=yes
[2026-07-22 21:19:48.193] [info] [Gimbal] Diag: latency=0.00ms, serial_ok=yes
[2026-07-22 21:19:48.715] [debug] [Target] r=0.029, l=0.000
[2026-07-22 21:19:48.715] [debug] [Tracker] Target diverged!
[2026-07-22 21:19:49.022] [info] [Gimbal] Diag: latency=0.00ms, serial_ok=yes
[2026-07-22 21:19:49.838] [debug] [MultiThreadDetector] queue is full!
[2026-07-22 21:19:49.931] [debug] [MultiThreadDetector] queue is full!
[2026-07-22 21:19:49.948] [info] [Gimbal] Diag: latency=0.00ms, serial_ok=yes
[2026-07-22 21:19:50.031] [debug] [MultiThreadDetector] queue is full!
[2026-07-22 21:19:50.104] [debug] [MultiThreadDetector] queue is full!
[2026-07-22 21:19:50.207] [debug] [MultiThreadDetector] queue is full!
[2026-07-22 21:19:50.313] [debug] [MultiThreadDetector] queue is full!
[2026-07-22 21:19:50.411] [debug] [MultiThreadDetector] queue is full!
[2026-07-22 21:19:50.480] [debug] [MultiThreadDetector] queue is full!
[2026-07-22 21:19:50.581] [debug] [MultiThreadDetector] queue is full!
[2026-07-22 21:19:50.667] [debug] [MultiThreadDetector] queue is full!
[2026-07-22 21:19:50.770] [debug] [MultiThreadDetector] queue is full!
[2026-07-22 21:19:50.872] [debug] [MultiThreadDetector] queue is full!
[2026-07-22 21:19:50.955] [info] [Gimbal] Diag: latency=0.00ms, serial_ok=yes
[2026-07-22 21:19:51.075] [debug] [Aimer] Unsolvable trajectory0: 15.00 1947.73 1202.76
[2026-07-22 21:19:51.091] [warning] [Tracker] Large dt: 0.933s
[2026-07-22 21:19:51.169] [warning] [Tracker] Large dt: 0.134s
[2026-07-22 21:19:51.223] [warning] [Tracker] Large dt: 0.133s
[2026-07-22 21:19:51.824] [info] [Gimbal] Diag: latency=0.00ms, serial_ok=yes
[2026-07-22 21:19:52.016] [debug] [Aimer] Unsolvable trajectory0: 15.00 207.85 23.48
[2026-07-22 21:19:52.285] [warning] [Gimbal] Invalid mode: 90
[2026-07-22 21:19:52.663] [info] [Gimbal] Diag: latency=0.00ms, serial_ok=yes
[2026-07-22 21:19:53.495] [info] [Gimbal] Diag: latency=0.00ms, serial_ok=yes
[2026-07-22 21:19:54.368] [info] [Gimbal] Diag: latency=0.00ms, serial_ok=yes
[2026-07-22 21:19:55.209] [info] [Gimbal] Diag: latency=0.00ms, serial_ok=yes
[2026-07-22 21:19:56.045] [info] [Gimbal] Diag: latency=0.00ms, serial_ok=yes
[2026-07-22 21:19:56.867] [info] [Gimbal] Diag: latency=0.00ms, serial_ok=yes
[2026-07-22 21:19:57.571] [debug] [MultiThreadDetector] queue is full!
[2026-07-22 21:19:57.682] [debug] [MultiThreadDetector] queue is full!
[2026-07-22 21:19:57.760] [debug] [MultiThreadDetector] queue is full!
[2026-07-22 21:19:57.829] [info] [Gimbal] Diag: latency=0.00ms, serial_ok=yes
[2026-07-22 21:19:58.027] [debug] [Target] r=0.081, l=-0.119
[2026-07-22 21:19:58.027] [debug] [Tracker] Target diverged!
[2026-07-22 21:19:58.719] [info] [Gimbal] Diag: latency=0.00ms, serial_ok=yes
[2026-07-22 21:19:59.559] [info] [Gimbal] Diag: latency=0.00ms, serial_ok=yes
[2026-07-22 21:20:00.178] [debug] [Aimer] Unsolvable trajectory0: 15.00 257.93 32.34
[2026-07-22 21:20:00.383] [info] [Gimbal] Diag: latency=0.00ms, serial_ok=yes
[2026-07-22 21:20:00.680] [debug] [Target] r=0.122, l=-0.078
[2026-07-22 21:20:00.680] [debug] [Tracker] Target diverged!
[2026-07-22 21:20:01.221] [info] [Gimbal] Diag: latency=0.00ms, serial_ok=yes
[2026-07-22 21:20:02.077] [info] [Gimbal] Diag: latency=0.00ms, serial_ok=yes
[2026-07-22 21:20:02.952] [info] [Gimbal] Diag: latency=0.00ms, serial_ok=yes
[2026-07-22 21:20:03.170] [debug] [MultiThreadDetector] queue is full!
[2026-07-22 21:20:03.262] [debug] [MultiThreadDetector] queue is full!
[2026-07-22 21:20:03.361] [debug] [MultiThreadDetector] queue is full!
[2026-07-22 21:20:03.444] [debug] [MultiThreadDetector] queue is full!
[2026-07-22 21:20:03.545] [debug] [MultiThreadDetector] queue is full!
[2026-07-22 21:20:03.644] [debug] [MultiThreadDetector] queue is full!
[2026-07-22 21:20:03.745] [debug] [MultiThreadDetector] queue is full!
[2026-07-22 21:20:03.870] [debug] [MultiThreadDetector] queue is full!
[2026-07-22 21:20:03.952] [info] [Gimbal] Diag: latency=0.00ms, serial_ok=yes
[2026-07-22 21:20:03.969] [debug] [MultiThreadDetector] queue is full!
[2026-07-22 21:20:04.034] [debug] [MultiThreadDetector] queue is full!
[2026-07-22 21:20:04.136] [debug] [MultiThreadDetector] queue is full!
[2026-07-22 21:20:04.232] [debug] [MultiThreadDetector] queue is full!
[2026-07-22 21:20:04.334] [debug] [MultiThreadDetector] queue is full!
[2026-07-22 21:20:04.411] [debug] [MultiThreadDetector] queue is full!
[2026-07-22 21:20:04.510] [debug] [MultiThreadDetector] queue is full!
[2026-07-22 21:20:04.577] [debug] [MultiThreadDetector] queue is full!
[2026-07-22 21:20:04.677] [debug] [MultiThreadDetector] queue is full!
[2026-07-22 21:20:04.774] [debug] [MultiThreadDetector] queue is full!
[2026-07-22 21:20:04.876] [debug] [MultiThreadDetector] queue is full!
[2026-07-22 21:20:04.953] [info] [Gimbal] Diag: latency=0.03ms, serial_ok=yes
[2026-07-22 21:20:04.955] [debug] [MultiThreadDetector] queue is full!
[2026-07-22 21:20:05.056] [debug] [MultiThreadDetector] queue is full!
[2026-07-22 21:20:05.127] [debug] [MultiThreadDetector] queue is full!
[2026-07-22 21:20:05.225] [debug] [MultiThreadDetector] queue is full!
[2026-07-22 21:20:05.327] [debug] [MultiThreadDetector] queue is full!
[2026-07-22 21:20:05.430] [debug] [MultiThreadDetector] queue is full!
[2026-07-22 21:20:05.499] [debug] [MultiThreadDetector] queue is full!
[2026-07-22 21:20:05.600] [debug] [MultiThreadDetector] queue is full!
[2026-07-22 21:20:05.674] [debug] [MultiThreadDetector] queue is full!
[2026-07-22 21:20:05.774] [debug] [MultiThreadDetector] queue is full!
[2026-07-22 21:20:05.872] [debug] [MultiThreadDetector] queue is full!
[2026-07-22 21:20:05.953] [info] [Gimbal] Diag: latency=0.00ms, serial_ok=yes
[2026-07-22 21:20:05.973] [debug] [MultiThreadDetector] queue is full!
[2026-07-22 21:20:06.043] [debug] [MultiThreadDetector] queue is full!
[2026-07-22 21:20:06.140] [debug] [MultiThreadDetector] queue is full!
[2026-07-22 21:20:06.207] [debug] [MultiThreadDetector] queue is full!
[2026-07-22 21:20:06.304] [debug] [MultiThreadDetector] queue is full!
[2026-07-22 21:20:06.402] [debug] [MultiThreadDetector] queue is full!
[2026-07-22 21:20:06.501] [debug] [MultiThreadDetector] queue is full!
[2026-07-22 21:20:06.577] [debug] [MultiThreadDetector] queue is full!
[2026-07-22 21:20:06.676] [debug] [MultiThreadDetector] queue is full!
[2026-07-22 21:20:06.740] [debug] [MultiThreadDetector] queue is full!
[2026-07-22 21:20:06.840] [debug] [MultiThreadDetector] queue is full!
[2026-07-22 21:20:06.939] [debug] [MultiThreadDetector] queue is full!
[2026-07-22 21:20:06.950] [info] [Gimbal] Diag: latency=0.00ms, serial_ok=yes
[2026-07-22 21:20:07.041] [debug] [MultiThreadDetector] queue is full!
[2026-07-22 21:20:07.127] [debug] [MultiThreadDetector] queue is full!
[2026-07-22 21:20:07.226] [debug] [MultiThreadDetector] queue is full!
[2026-07-22 21:20:07.292] [debug] [MultiThreadDetector] queue is full!
[2026-07-22 21:20:07.392] [debug] [MultiThreadDetector] queue is full!
[2026-07-22 21:20:07.496] [debug] [MultiThreadDetector] queue is full!
[2026-07-22 21:20:07.600] [debug] [MultiThreadDetector] queue is full!
[2026-07-22 21:20:07.667] [debug] [MultiThreadDetector] queue is full!
[2026-07-22 21:20:07.768] [debug] [MultiThreadDetector] queue is full!
[2026-07-22 21:20:07.844] [debug] [MultiThreadDetector] queue is full!
[2026-07-22 21:20:07.946] [debug] [MultiThreadDetector] queue is full!
[2026-07-22 21:20:07.951] [info] [Gimbal] Diag: latency=0.00ms, serial_ok=yes
[2026-07-22 21:20:08.048] [debug] [MultiThreadDetector] queue is full!
[2026-07-22 21:20:08.149] [debug] [MultiThreadDetector] queue is full!
[2026-07-22 21:20:08.223] [debug] [MultiThreadDetector] queue is full!
[2026-07-22 21:20:08.324] [debug] [MultiThreadDetector] queue is full!
[2026-07-22 21:20:08.390] [debug] [MultiThreadDetector] queue is full!
[2026-07-22 21:20:08.492] [debug] [MultiThreadDetector] queue is full!
[2026-07-22 21:20:08.591] [debug] [MultiThreadDetector] queue is full!
[2026-07-22 21:20:08.692] [debug] [MultiThreadDetector] queue is full!
[2026-07-22 21:20:08.763] [debug] [MultiThreadDetector] queue is full!
[2026-07-22 21:20:08.866] [debug] [MultiThreadDetector] queue is full!
[2026-07-22 21:20:08.931] [debug] [MultiThreadDetector] queue is full!
[2026-07-22 21:20:08.951] [info] [Gimbal] Diag: latency=0.00ms, serial_ok=yes
[2026-07-22 21:20:09.032] [debug] [MultiThreadDetector] queue is full!
[2026-07-22 21:20:09.132] [debug] [MultiThreadDetector] queue is full!
[2026-07-22 21:20:09.235] [debug] [MultiThreadDetector] queue is full!
[2026-07-22 21:20:09.320] [debug] [MultiThreadDetector] queue is full!
[2026-07-22 21:20:09.421] [debug] [MultiThreadDetector] queue is full!
[2026-07-22 21:20:09.496] [debug] [MultiThreadDetector] queue is full!
[2026-07-22 21:20:09.596] [debug] [MultiThreadDetector] queue is full!
[2026-07-22 21:20:09.693] [debug] [MultiThreadDetector] queue is full!
[2026-07-22 21:20:09.797] [debug] [MultiThreadDetector] queue is full!
[2026-07-22 21:20:09.874] [debug] [MultiThreadDetector] queue is full!
[2026-07-22 21:20:09.951] [info] [Gimbal] Diag: latency=0.00ms, serial_ok=yes
[2026-07-22 21:20:09.972] [debug] [MultiThreadDetector] queue is full!
[2026-07-22 21:20:10.043] [debug] [MultiThreadDetector] queue is full!
[2026-07-22 21:20:10.144] [debug] [MultiThreadDetector] queue is full!
[2026-07-22 21:20:10.244] [debug] [MultiThreadDetector] queue is full!
[2026-07-22 21:20:10.345] [debug] [MultiThreadDetector] queue is full!
[2026-07-22 21:20:10.435] [debug] [MultiThreadDetector] queue is full!
[2026-07-22 21:20:10.535] [debug] [MultiThreadDetector] queue is full!
[2026-07-22 21:20:10.616] [debug] [MultiThreadDetector] queue is full!
[2026-07-22 21:20:10.720] [debug] [MultiThreadDetector] queue is full!
[2026-07-22 21:20:10.818] [debug] [MultiThreadDetector] queue is full!
[2026-07-22 21:20:10.922] [debug] [MultiThreadDetector] queue is full!
[2026-07-22 21:20:10.951] [info] [Gimbal] Diag: latency=0.00ms, serial_ok=yes
[2026-07-22 21:20:11.034] [debug] [MultiThreadDetector] queue is full!
[2026-07-22 21:20:11.137] [debug] [MultiThreadDetector] queue is full!
[2026-07-22 21:20:11.233] [debug] [MultiThreadDetector] queue is full!
[2026-07-22 21:20:11.332] [debug] [MultiThreadDetector] queue is full!
[2026-07-22 21:20:11.430] [debug] [MultiThreadDetector] queue is full!
[2026-07-22 21:20:11.535] [debug] [MultiThreadDetector] queue is full!
[2026-07-22 21:20:11.618] [debug] [MultiThreadDetector] queue is full!
[2026-07-22 21:20:11.719] [debug] [MultiThreadDetector] queue is full!
[2026-07-22 21:20:11.803] [debug] [MultiThreadDetector] queue is full!
[2026-07-22 21:20:11.906] [debug] [MultiThreadDetector] queue is full!
[2026-07-22 21:20:11.952] [info] [Gimbal] Diag: latency=0.00ms, serial_ok=yes
[2026-07-22 21:20:12.010] [debug] [MultiThreadDetector] queue is full!
[2026-07-22 21:20:12.114] [debug] [MultiThreadDetector] queue is full!
[2026-07-22 21:20:12.203] [debug] [MultiThreadDetector] queue is full!
[2026-07-22 21:20:12.306] [debug] [MultiThreadDetector] queue is full!
[2026-07-22 21:20:12.384] [debug] [MultiThreadDetector] queue is full!
[2026-07-22 21:20:12.483] [debug] [MultiThreadDetector] queue is full!
[2026-07-22 21:20:12.580] [debug] [MultiThreadDetector] queue is full!
[2026-07-22 21:20:12.683] [debug] [MultiThreadDetector] queue is full!
[2026-07-22 21:20:12.773] [debug] [MultiThreadDetector] queue is full!
[2026-07-22 21:20:12.874] [debug] [MultiThreadDetector] queue is full!
[2026-07-22 21:20:12.952] [info] [Gimbal] Diag: latency=0.00ms, serial_ok=yes
[2026-07-22 21:20:12.966] [debug] [MultiThreadDetector] queue is full!
[2026-07-22 21:20:13.071] [debug] [MultiThreadDetector] queue is full!
[2026-07-22 21:20:13.169] [debug] [MultiThreadDetector] queue is full!
[2026-07-22 21:20:13.275] [debug] [MultiThreadDetector] queue is full!
[2026-07-22 21:20:13.366] [debug] [MultiThreadDetector] queue is full!
[2026-07-22 21:20:13.466] [debug] [MultiThreadDetector] queue is full!
[2026-07-22 21:20:13.540] [debug] [MultiThreadDetector] queue is full!
[2026-07-22 21:20:13.642] [debug] [MultiThreadDetector] queue is full!
[2026-07-22 21:20:13.749] [debug] [MultiThreadDetector] queue is full!
[2026-07-22 21:20:13.861] [debug] [MultiThreadDetector] queue is full!
[2026-07-22 21:20:13.936] [debug] [MultiThreadDetector] queue is full!
[2026-07-22 21:20:13.952] [info] [Gimbal] Diag: latency=0.00ms, serial_ok=yes
[2026-07-22 21:20:14.036] [debug] [MultiThreadDetector] queue is full!
[2026-07-22 21:20:14.113] [debug] [MultiThreadDetector] queue is full!
[2026-07-22 21:20:14.215] [debug] [MultiThreadDetector] queue is full!
[2026-07-22 21:20:14.314] [debug] [MultiThreadDetector] queue is full!
[2026-07-22 21:20:14.417] [debug] [MultiThreadDetector] queue is full!
[2026-07-22 21:20:14.515] [debug] [MultiThreadDetector] queue is full!
[2026-07-22 21:20:14.616] [debug] [MultiThreadDetector] queue is full!
[2026-07-22 21:20:14.689] [debug] [MultiThreadDetector] queue is full!
[2026-07-22 21:20:14.788] [debug] [MultiThreadDetector] queue is full!
[2026-07-22 21:20:14.886] [debug] [MultiThreadDetector] queue is full!
[2026-07-22 21:20:14.950] [info] [Gimbal] Diag: latency=0.00ms, serial_ok=yes
[2026-07-22 21:20:14.990] [debug] [MultiThreadDetector] queue is full!
[2026-07-22 21:20:15.060] [debug] [MultiThreadDetector] queue is full!
[2026-07-22 21:20:15.159] [debug] [MultiThreadDetector] queue is full!
[2026-07-22 21:20:15.263] [debug] [MultiThreadDetector] queue is full!
[2026-07-22 21:20:15.361] [debug] [MultiThreadDetector] queue is full!
[2026-07-22 21:20:15.463] [debug] [MultiThreadDetector] queue is full!
[2026-07-22 21:20:15.575] [debug] [MultiThreadDetector] queue is full!
[2026-07-22 21:20:15.648] [debug] [MultiThreadDetector] queue is full!
[2026-07-22 21:20:15.750] [debug] [MultiThreadDetector] queue is full!
[2026-07-22 21:20:15.840] [debug] [MultiThreadDetector] queue is full!
[2026-07-22 21:20:15.937] [debug] [MultiThreadDetector] queue is full!
[2026-07-22 21:20:15.950] [info] [Gimbal] Diag: latency=0.00ms, serial_ok=yes
[2026-07-22 21:20:16.036] [debug] [MultiThreadDetector] queue is full!
[2026-07-22 21:20:16.137] [debug] [MultiThreadDetector] queue is full!
[2026-07-22 21:20:16.248] [debug] [MultiThreadDetector] queue is full!
[2026-07-22 21:20:16.349] [debug] [MultiThreadDetector] queue is full!
[2026-07-22 21:20:16.429] [debug] [MultiThreadDetector] queue is full!
[2026-07-22 21:20:16.530] [debug] [MultiThreadDetector] queue is full!
[2026-07-22 21:20:16.630] [debug] [MultiThreadDetector] queue is full!
[2026-07-22 21:20:16.732] [debug] [MultiThreadDetector] queue is full!
[2026-07-22 21:20:16.800] [debug] [MultiThreadDetector] queue is full!
[2026-07-22 21:20:16.902] [debug] [MultiThreadDetector] queue is full!
[2026-07-22 21:20:16.950] [info] [Gimbal] Diag: latency=0.00ms, serial_ok=yes
[2026-07-22 21:20:16.966] [debug] [MultiThreadDetector] queue is full!
[2026-07-22 21:20:17.066] [debug] [MultiThreadDetector] queue is full!
[2026-07-22 21:20:17.166] [debug] [MultiThreadDetector] queue is full!
[2026-07-22 21:20:17.267] [debug] [MultiThreadDetector] queue is full!
[2026-07-22 21:20:17.335] [debug] [MultiThreadDetector] queue is full!
[2026-07-22 21:20:17.433] [debug] [MultiThreadDetector] queue is full!
[2026-07-22 21:20:17.515] [debug] [MultiThreadDetector] queue is full!
[2026-07-22 21:20:17.618] [debug] [MultiThreadDetector] queue is full!
[2026-07-22 21:20:17.723] [debug] [MultiThreadDetector] queue is full!
[2026-07-22 21:20:17.826] [debug] [MultiThreadDetector] queue is full!
[2026-07-22 21:20:17.944] [debug] [MultiThreadDetector] queue is full!
[2026-07-22 21:20:17.951] [info] [Gimbal] Diag: latency=0.00ms, serial_ok=yes
[2026-07-22 21:20:18.043] [debug] [MultiThreadDetector] queue is full!
[2026-07-22 21:20:18.150] [debug] [MultiThreadDetector] queue is full!
[2026-07-22 21:20:18.250] [debug] [MultiThreadDetector] queue is full!
[2026-07-22 21:20:18.348] [debug] [MultiThreadDetector] queue is full!
[2026-07-22 21:20:18.449] [debug] [MultiThreadDetector] queue is full!
[2026-07-22 21:20:18.522] [debug] [MultiThreadDetector] queue is full!
[2026-07-22 21:20:18.625] [debug] [MultiThreadDetector] queue is full!
[2026-07-22 21:20:18.693] [debug] [MultiThreadDetector] queue is full!
[2026-07-22 21:20:18.794] [debug] [MultiThreadDetector] queue is full!
[2026-07-22 21:20:18.891] [debug] [MultiThreadDetector] queue is full!
[2026-07-22 21:20:18.951] [info] [Gimbal] Diag: latency=0.02ms, serial_ok=yes
[2026-07-22 21:20:18.994] [debug] [MultiThreadDetector] queue is full!
[2026-07-22 21:20:19.062] [debug] [MultiThreadDetector] queue is full!
[2026-07-22 21:20:19.165] [debug] [MultiThreadDetector] queue is full!
[2026-07-22 21:20:19.230] [debug] [MultiThreadDetector] queue is full!
[2026-07-22 21:20:19.345] [debug] [MultiThreadDetector] queue is full!
[2026-07-22 21:20:19.442] [debug] [MultiThreadDetector] queue is full!
[2026-07-22 21:20:19.544] [debug] [MultiThreadDetector] queue is full!
[2026-07-22 21:20:19.614] [debug] [MultiThreadDetector] queue is full!
[2026-07-22 21:20:19.716] [debug] [MultiThreadDetector] queue is full!
[2026-07-22 21:20:19.784] [debug] [MultiThreadDetector] queue is full!
[2026-07-22 21:20:19.886] [debug] [MultiThreadDetector] queue is full!
[2026-07-22 21:20:19.951] [info] [Gimbal] Diag: latency=0.00ms, serial_ok=yes
[2026-07-22 21:20:19.988] [debug] [MultiThreadDetector] queue is full!
[2026-07-22 21:20:20.091] [debug] [MultiThreadDetector] queue is full!
[2026-07-22 21:20:20.172] [debug] [MultiThreadDetector] queue is full!
[2026-07-22 21:20:20.271] [debug] [MultiThreadDetector] queue is full!
[2026-07-22 21:20:20.342] [debug] [MultiThreadDetector] queue is full!
[2026-07-22 21:20:20.444] [debug] [MultiThreadDetector] queue is full!
[2026-07-22 21:20:20.544] [debug] [MultiThreadDetector] queue is full!
[2026-07-22 21:20:20.648] [debug] [MultiThreadDetector] queue is full!
[2026-07-22 21:20:20.753] [debug] [MultiThreadDetector] queue is full!
[2026-07-22 21:20:20.853] [debug] [MultiThreadDetector] queue is full!
[2026-07-22 21:20:20.920] [debug] [MultiThreadDetector] queue is full!
[2026-07-22 21:20:20.951] [info] [Gimbal] Diag: latency=0.00ms, serial_ok=yes
[2026-07-22 21:20:21.022] [debug] [MultiThreadDetector] queue is full!
[2026-07-22 21:20:21.121] [debug] [MultiThreadDetector] queue is full!
[2026-07-22 21:20:21.222] [debug] [MultiThreadDetector] queue is full!
[2026-07-22 21:20:21.329] [debug] [MultiThreadDetector] queue is full!
[2026-07-22 21:20:21.432] [debug] [MultiThreadDetector] queue is full!
[2026-07-22 21:20:21.498] [debug] [MultiThreadDetector] queue is full!
[2026-07-22 21:20:21.599] [debug] [MultiThreadDetector] queue is full!
[2026-07-22 21:20:21.697] [debug] [MultiThreadDetector] queue is full!
[2026-07-22 21:20:21.803] [debug] [MultiThreadDetector] queue is full!
[2026-07-22 21:20:21.878] [debug] [MultiThreadDetector] queue is full!
[2026-07-22 21:20:21.952] [info] [Gimbal] Diag: latency=0.00ms, serial_ok=yes
[2026-07-22 21:20:21.979] [debug] [MultiThreadDetector] queue is full!
[2026-07-22 21:20:22.053] [debug] [MultiThreadDetector] queue is full!
[2026-07-22 21:20:22.157] [debug] [MultiThreadDetector] queue is full!
[2026-07-22 21:20:22.255] [debug] [MultiThreadDetector] queue is full!
[2026-07-22 21:20:22.358] [debug] [MultiThreadDetector] queue is full!
[2026-07-22 21:20:22.428] [debug] [MultiThreadDetector] queue is full!
[2026-07-22 21:20:22.532] [debug] [MultiThreadDetector] queue is full!
[2026-07-22 21:20:22.604] [debug] [MultiThreadDetector] queue is full!
[2026-07-22 21:20:22.706] [debug] [MultiThreadDetector] queue is full!
[2026-07-22 21:20:22.806] [debug] [MultiThreadDetector] queue is full!
[2026-07-22 21:20:22.908] [debug] [MultiThreadDetector] queue is full!
[2026-07-22 21:20:22.949] [info] [Gimbal] Diag: latency=0.00ms, serial_ok=yes
[2026-07-22 21:20:22.980] [debug] [MultiThreadDetector] queue is full!
[2026-07-22 21:20:23.083] [debug] [MultiThreadDetector] queue is full!
[2026-07-22 21:20:23.149] [debug] [MultiThreadDetector] queue is full!
[2026-07-22 21:20:23.252] [debug] [MultiThreadDetector] queue is full!
[2026-07-22 21:20:23.350] [debug] [MultiThreadDetector] queue is full!
[2026-07-22 21:20:23.450] [debug] [MultiThreadDetector] queue is full!
[2026-07-22 21:20:23.571] [debug] [MultiThreadDetector] queue is full!
[2026-07-22 21:20:23.671] [debug] [MultiThreadDetector] queue is full!
[2026-07-22 21:20:23.737] [debug] [MultiThreadDetector] queue is full!
[2026-07-22 21:20:23.839] [debug] [MultiThreadDetector] queue is full!
[2026-07-22 21:20:23.939] [debug] [MultiThreadDetector] queue is full!
[2026-07-22 21:20:23.950] [info] [Gimbal] Diag: latency=0.00ms, serial_ok=yes
[2026-07-22 21:20:24.043] [debug] [MultiThreadDetector] queue is full!
[2026-07-22 21:20:24.123] [debug] [MultiThreadDetector] queue is full!
[2026-07-22 21:20:24.225] [debug] [MultiThreadDetector] queue is full!
[2026-07-22 21:20:24.291] [debug] [MultiThreadDetector] queue is full!
[2026-07-22 21:20:24.392] [debug] [MultiThreadDetector] queue is full!
[2026-07-22 21:20:24.490] [debug] [MultiThreadDetector] queue is full!
[2026-07-22 21:20:24.594] [debug] [MultiThreadDetector] queue is full!
[2026-07-22 21:20:24.674] [debug] [MultiThreadDetector] queue is full!
[2026-07-22 21:20:24.774] [debug] [MultiThreadDetector] queue is full!
[2026-07-22 21:20:24.846] [debug] [MultiThreadDetector] queue is full!
[2026-07-22 21:20:24.946] [debug] [MultiThreadDetector] queue is full!
[2026-07-22 21:20:24.950] [info] [Gimbal] Diag: latency=0.00ms, serial_ok=yes
[2026-07-22 21:20:25.046] [debug] [MultiThreadDetector] queue is full!
[2026-07-22 21:20:25.148] [debug] [MultiThreadDetector] queue is full!
[2026-07-22 21:20:25.241] [debug] [MultiThreadDetector] queue is full!
[2026-07-22 21:20:25.341] [debug] [MultiThreadDetector] queue is full!
[2026-07-22 21:20:25.406] [debug] [MultiThreadDetector] queue is full!
[2026-07-22 21:20:25.507] [debug] [MultiThreadDetector] queue is full!
[2026-07-22 21:20:25.608] [debug] [MultiThreadDetector] queue is full!
[2026-07-22 21:20:25.712] [debug] [MultiThreadDetector] queue is full!
[2026-07-22 21:20:25.780] [debug] [MultiThreadDetector] queue is full!
[2026-07-22 21:20:25.882] [debug] [MultiThreadDetector] queue is full!
[2026-07-22 21:20:25.950] [info] [Gimbal] Diag: latency=0.00ms, serial_ok=yes
[2026-07-22 21:20:25.953] [debug] [MultiThreadDetector] queue is full!
[2026-07-22 21:20:26.054] [debug] [MultiThreadDetector] queue is full!
[2026-07-22 21:20:26.152] [debug] [MultiThreadDetector] queue is full!
[2026-07-22 21:20:26.255] [debug] [MultiThreadDetector] queue is full!
[2026-07-22 21:20:26.335] [debug] [MultiThreadDetector] queue is full!
[2026-07-22 21:20:26.437] [debug] [MultiThreadDetector] queue is full!
[2026-07-22 21:20:26.508] [debug] [MultiThreadDetector] queue is full!
[2026-07-22 21:20:26.607] [debug] [MultiThreadDetector] queue is full!
[2026-07-22 21:20:26.706] [debug] [MultiThreadDetector] queue is full!
[2026-07-22 21:20:26.810] [debug] [MultiThreadDetector] queue is full!
[2026-07-22 21:20:26.890] [debug] [MultiThreadDetector] queue is full!
[2026-07-22 21:20:26.951] [info] [Gimbal] Diag: latency=0.00ms, serial_ok=yes
[2026-07-22 21:20:26.989] [debug] [MultiThreadDetector] queue is full!
[2026-07-22 21:20:27.071] [debug] [MultiThreadDetector] queue is full!
[2026-07-22 21:20:27.173] [debug] [MultiThreadDetector] queue is full!
[2026-07-22 21:20:27.274] [debug] [MultiThreadDetector] queue is full!
[2026-07-22 21:20:27.379] [debug] [MultiThreadDetector] queue is full!
[2026-07-22 21:20:27.456] [debug] [MultiThreadDetector] queue is full!
[2026-07-22 21:20:27.556] [debug] [MultiThreadDetector] queue is full!
[2026-07-22 21:20:27.621] [debug] [MultiThreadDetector] queue is full!
[2026-07-22 21:20:27.725] [debug] [MultiThreadDetector] queue is full!
[2026-07-22 21:20:27.825] [debug] [MultiThreadDetector] queue is full!
[2026-07-22 21:20:27.930] [debug] [MultiThreadDetector] queue is full!
[2026-07-22 21:20:27.951] [info] [Gimbal] Diag: latency=0.00ms, serial_ok=yes
[2026-07-22 21:20:28.032] [debug] [MultiThreadDetector] queue is full!
[2026-07-22 21:20:28.134] [debug] [MultiThreadDetector] queue is full!
[2026-07-22 21:20:28.201] [debug] [MultiThreadDetector] queue is full!
[2026-07-22 21:20:28.303] [debug] [MultiThreadDetector] queue is full!
[2026-07-22 21:20:28.403] [debug] [MultiThreadDetector] queue is full!
[2026-07-22 21:20:28.506] [debug] [MultiThreadDetector] queue is full!
[2026-07-22 21:20:28.580] [debug] [MultiThreadDetector] queue is full!
[2026-07-22 21:20:28.683] [debug] [MultiThreadDetector] queue is full!
[2026-07-22 21:20:28.754] [debug] [MultiThreadDetector] queue is full!
[2026-07-22 21:20:28.856] [debug] [MultiThreadDetector] queue is full!
[2026-07-22 21:20:28.951] [info] [Gimbal] Diag: latency=0.00ms, serial_ok=yes
[2026-07-22 21:20:28.958] [debug] [MultiThreadDetector] queue is full!
[2026-07-22 21:20:29.063] [debug] [MultiThreadDetector] queue is full!
[2026-07-22 21:20:29.158] [debug] [MultiThreadDetector] queue is full!
[2026-07-22 21:20:29.257] [debug] [MultiThreadDetector] queue is full!
[2026-07-22 21:20:29.332] [debug] [MultiThreadDetector] queue is full!
[2026-07-22 21:20:29.433] [debug] [MultiThreadDetector] queue is full!
[2026-07-22 21:20:29.534] [debug] [MultiThreadDetector] queue is full!
[2026-07-22 21:20:29.634] [debug] [MultiThreadDetector] queue is full!
[2026-07-22 21:20:29.702] [debug] [MultiThreadDetector] queue is full!
[2026-07-22 21:20:29.804] [debug] [MultiThreadDetector] queue is full!
[2026-07-22 21:20:29.885] [debug] [MultiThreadDetector] queue is full!
[2026-07-22 21:20:29.952] [info] [Gimbal] Diag: latency=0.00ms, serial_ok=yes
[2026-07-22 21:20:29.985] [debug] [MultiThreadDetector] queue is full!
[2026-07-22 21:20:30.088] [debug] [MultiThreadDetector] queue is full!
[2026-07-22 21:20:30.192] [debug] [MultiThreadDetector] queue is full!
[2026-07-22 21:20:30.262] [debug] [MultiThreadDetector] queue is full!
[2026-07-22 21:20:30.361] [debug] [MultiThreadDetector] queue is full!
[2026-07-22 21:20:30.428] [debug] [MultiThreadDetector] queue is full!
[2026-07-22 21:20:30.532] [debug] [MultiThreadDetector] queue is full!
[2026-07-22 21:20:30.630] [debug] [MultiThreadDetector] queue is full!
[2026-07-22 21:20:30.734] [debug] [MultiThreadDetector] queue is full!
[2026-07-22 21:20:30.834] [debug] [MultiThreadDetector] queue is full!
[2026-07-22 21:20:30.938] [debug] [MultiThreadDetector] queue is full!
[2026-07-22 21:20:30.949] [info] [Gimbal] Diag: latency=0.00ms, serial_ok=yes
[2026-07-22 21:20:31.004] [debug] [MultiThreadDetector] queue is full!
[2026-07-22 21:20:31.107] [debug] [MultiThreadDetector] queue is full!
[2026-07-22 21:20:31.205] [debug] [MultiThreadDetector] queue is full!
[2026-07-22 21:20:31.307] [debug] [MultiThreadDetector] queue is full!
[2026-07-22 21:20:31.380] [debug] [MultiThreadDetector] queue is full!
[2026-07-22 21:20:31.478] [debug] [MultiThreadDetector] queue is full!
[2026-07-22 21:20:31.545] [debug] [MultiThreadDetector] queue is full!
[2026-07-22 21:20:31.649] [debug] [MultiThreadDetector] queue is full!
[2026-07-22 21:20:31.749] [debug] [MultiThreadDetector] queue is full!
[2026-07-22 21:20:31.850] [debug] [MultiThreadDetector] queue is full!
[2026-07-22 21:20:31.922] [debug] [MultiThreadDetector] queue is full!
[2026-07-22 21:20:31.949] [info] [Gimbal] Diag: latency=0.00ms, serial_ok=yes
[2026-07-22 21:20:32.024] [debug] [MultiThreadDetector] queue is full!
[2026-07-22 21:20:32.089] [debug] [MultiThreadDetector] queue is full!
[2026-07-22 21:20:32.194] [debug] [MultiThreadDetector] queue is full!
[2026-07-22 21:20:32.293] [debug] [MultiThreadDetector] queue is full!
[2026-07-22 21:20:32.397] [debug] [MultiThreadDetector] queue is full!
[2026-07-22 21:20:32.478] [debug] [MultiThreadDetector] queue is full!
[2026-07-22 21:20:32.580] [debug] [MultiThreadDetector] queue is full!
[2026-07-22 21:20:32.651] [debug] [MultiThreadDetector] queue is full!
[2026-07-22 21:20:32.752] [debug] [MultiThreadDetector] queue is full!
[2026-07-22 21:20:32.852] [debug] [MultiThreadDetector] queue is full!
[2026-07-22 21:20:32.950] [info] [Gimbal] Diag: latency=0.00ms, serial_ok=yes
[2026-07-22 21:20:32.957] [debug] [MultiThreadDetector] queue is full!
[2026-07-22 21:20:33.031] [debug] [MultiThreadDetector] queue is full!
[2026-07-22 21:20:33.130] [debug] [MultiThreadDetector] queue is full!
[2026-07-22 21:20:33.198] [debug] [MultiThreadDetector] queue is full!
[2026-07-22 21:20:33.299] [debug] [MultiThreadDetector] queue is full!
[2026-07-22 21:20:33.398] [debug] [MultiThreadDetector] queue is full!
[2026-07-22 21:20:33.499] [debug] [MultiThreadDetector] queue is full!
[2026-07-22 21:20:33.576] [debug] [MultiThreadDetector] queue is full!
[2026-07-22 21:20:33.679] [debug] [MultiThreadDetector] queue is full!
[2026-07-22 21:20:33.746] [debug] [MultiThreadDetector] queue is full!
[2026-07-22 21:20:33.847] [debug] [MultiThreadDetector] queue is full!
[2026-07-22 21:20:33.946] [debug] [MultiThreadDetector] queue is full!
[2026-07-22 21:20:33.950] [info] [Gimbal] Diag: latency=0.00ms, serial_ok=yes
[2026-07-22 21:20:34.052] [debug] [MultiThreadDetector] queue is full!
[2026-07-22 21:20:34.132] [debug] [MultiThreadDetector] queue is full!
[2026-07-22 21:20:34.233] [debug] [MultiThreadDetector] queue is full!
[2026-07-22 21:20:34.303] [debug] [MultiThreadDetector] queue is full!
[2026-07-22 21:20:34.403] [debug] [MultiThreadDetector] queue is full!
[2026-07-22 21:20:34.501] [debug] [MultiThreadDetector] queue is full!
[2026-07-22 21:20:34.607] [debug] [MultiThreadDetector] queue is full!
[2026-07-22 21:20:34.702] [debug] [MultiThreadDetector] queue is full!
[2026-07-22 21:20:34.803] [debug] [MultiThreadDetector] queue is full!
[2026-07-22 21:20:34.877] [debug] [MultiThreadDetector] queue is full!
[2026-07-22 21:20:34.950] [info] [Gimbal] Diag: latency=0.00ms, serial_ok=yes
[2026-07-22 21:20:34.976] [debug] [MultiThreadDetector] queue is full!
[2026-07-22 21:20:35.075] [debug] [MultiThreadDetector] queue is full!
[2026-07-22 21:20:35.180] [debug] [MultiThreadDetector] queue is full!
[2026-07-22 21:20:35.261] [debug] [MultiThreadDetector] queue is full!
[2026-07-22 21:20:35.365] [debug] [MultiThreadDetector] queue is full!
[2026-07-22 21:20:35.435] [debug] [MultiThreadDetector] queue is full!
[2026-07-22 21:20:35.536] [debug] [MultiThreadDetector] queue is full!
[2026-07-22 21:20:35.635] [debug] [MultiThreadDetector] queue is full!
[2026-07-22 21:20:35.738] [debug] [MultiThreadDetector] queue is full!
[2026-07-22 21:20:35.818] [debug] [MultiThreadDetector] queue is full!
[2026-07-22 21:20:35.922] [debug] [MultiThreadDetector] queue is full!
[2026-07-22 21:20:35.950] [info] [Gimbal] Diag: latency=0.00ms, serial_ok=yes
[2026-07-22 21:20:35.990] [debug] [MultiThreadDetector] queue is full!
[2026-07-22 21:20:36.092] [debug] [MultiThreadDetector] queue is full!
[2026-07-22 21:20:36.191] [debug] [MultiThreadDetector] queue is full!
[2026-07-22 21:20:36.294] [debug] [MultiThreadDetector] queue is full!
[2026-07-22 21:20:36.375] [debug] [MultiThreadDetector] queue is full!
[2026-07-22 21:20:36.484] [debug] [MultiThreadDetector] queue is full!
[2026-07-22 21:20:36.554] [debug] [MultiThreadDetector] queue is full!
[2026-07-22 21:20:36.657] [debug] [MultiThreadDetector] queue is full!
[2026-07-22 21:20:36.756] [debug] [MultiThreadDetector] queue is full!
[2026-07-22 21:20:36.861] [debug] [MultiThreadDetector] queue is full!
[2026-07-22 21:20:36.929] [debug] [MultiThreadDetector] queue is full!
[2026-07-22 21:20:36.951] [info] [Gimbal] Diag: latency=0.00ms, serial_ok=yes
[2026-07-22 21:20:37.028] [debug] [MultiThreadDetector] queue is full!
[2026-07-22 21:20:37.116] [debug] [MultiThreadDetector] queue is full!
[2026-07-22 21:20:37.214] [debug] [MultiThreadDetector] queue is full!
[2026-07-22 21:20:37.313] [debug] [MultiThreadDetector] queue is full!
[2026-07-22 21:20:37.415] [debug] [MultiThreadDetector] queue is full!
[2026-07-22 21:20:37.482] [debug] [MultiThreadDetector] queue is full!
[2026-07-22 21:20:37.585] [debug] [MultiThreadDetector] queue is full!
[2026-07-22 21:20:37.660] [debug] [MultiThreadDetector] queue is full!
[2026-07-22 21:20:37.762] [debug] [MultiThreadDetector] queue is full!
[2026-07-22 21:20:37.861] [debug] [MultiThreadDetector] queue is full!
[2026-07-22 21:20:37.951] [info] [Gimbal] Diag: latency=0.00ms, serial_ok=yes
[2026-07-22 21:20:37.963] [debug] [MultiThreadDetector] queue is full!
[2026-07-22 21:20:38.033] [debug] [MultiThreadDetector] queue is full!
[2026-07-22 21:20:38.137] [debug] [MultiThreadDetector] queue is full!
[2026-07-22 21:20:38.225] [debug] [MultiThreadDetector] queue is full!
[2026-07-22 21:20:38.327] [debug] [MultiThreadDetector] queue is full!
[2026-07-22 21:20:38.424] [debug] [MultiThreadDetector] queue is full!
[2026-07-22 21:20:38.526] [debug] [MultiThreadDetector] queue is full!
[2026-07-22 21:20:38.610] [debug] [MultiThreadDetector] queue is full!
[2026-07-22 21:20:38.711] [debug] [MultiThreadDetector] queue is full!
[2026-07-22 21:20:38.787] [debug] [MultiThreadDetector] queue is full!
[2026-07-22 21:20:38.889] [debug] [MultiThreadDetector] queue is full!
[2026-07-22 21:20:38.948] [info] [Gimbal] Diag: latency=0.00ms, serial_ok=yes
[2026-07-22 21:20:38.989] [debug] [MultiThreadDetector] queue is full!
[2026-07-22 21:20:39.095] [debug] [MultiThreadDetector] queue is full!
[2026-07-22 21:20:39.170] [debug] [MultiThreadDetector] queue is full!
[2026-07-22 21:20:39.269] [debug] [MultiThreadDetector] queue is full!
[2026-07-22 21:20:39.355] [debug] [MultiThreadDetector] queue is full!
[2026-07-22 21:20:39.457] [debug] [MultiThreadDetector] queue is full!
[2026-07-22 21:20:39.556] [debug] [MultiThreadDetector] queue is full!
[2026-07-22 21:20:39.661] [debug] [MultiThreadDetector] queue is full!
[2026-07-22 21:20:39.737] [debug] [MultiThreadDetector] queue is full!
[2026-07-22 21:20:39.837] [debug] [MultiThreadDetector] queue is full!
[2026-07-22 21:20:39.912] [debug] [MultiThreadDetector] queue is full!
[2026-07-22 21:20:39.949] [info] [Gimbal] Diag: latency=0.00ms, serial_ok=yes
[2026-07-22 21:20:40.015] [debug] [MultiThreadDetector] queue is full!
[2026-07-22 21:20:40.115] [debug] [MultiThreadDetector] queue is full!
[2026-07-22 21:20:40.220] [debug] [MultiThreadDetector] queue is full!
[2026-07-22 21:20:40.292] [debug] [MultiThreadDetector] queue is full!
[2026-07-22 21:20:40.394] [debug] [MultiThreadDetector] queue is full!
[2026-07-22 21:20:40.460] [debug] [MultiThreadDetector] queue is full!
[2026-07-22 21:20:40.561] [debug] [MultiThreadDetector] queue is full!
[2026-07-22 21:20:40.660] [debug] [MultiThreadDetector] queue is full!
[2026-07-22 21:20:40.764] [debug] [MultiThreadDetector] queue is full!
[2026-07-22 21:20:40.841] [debug] [MultiThreadDetector] queue is full!
[2026-07-22 21:20:40.943] [debug] [MultiThreadDetector] queue is full!
[2026-07-22 21:20:40.949] [info] [Gimbal] Diag: latency=0.00ms, serial_ok=yes
[2026-07-22 21:20:41.009] [debug] [MultiThreadDetector] queue is full!
[2026-07-22 21:20:41.109] [debug] [MultiThreadDetector] queue is full!
[2026-07-22 21:20:41.206] [debug] [MultiThreadDetector] queue is full!
[2026-07-22 21:20:41.311] [debug] [MultiThreadDetector] queue is full!
[2026-07-22 21:20:41.383] [debug] [MultiThreadDetector] queue is full!
[2026-07-22 21:20:41.484] [debug] [MultiThreadDetector] queue is full!
[2026-07-22 21:20:41.556] [debug] [MultiThreadDetector] queue is full!
[2026-07-22 21:20:41.656] [debug] [MultiThreadDetector] queue is full!
[2026-07-22 21:20:41.755] [debug] [MultiThreadDetector] queue is full!
[2026-07-22 21:20:41.862] [debug] [MultiThreadDetector] queue is full!
[2026-07-22 21:20:41.941] [debug] [MultiThreadDetector] queue is full!
[2026-07-22 21:20:41.950] [info] [Gimbal] Diag: latency=0.00ms, serial_ok=yes
[2026-07-22 21:20:42.044] [debug] [MultiThreadDetector] queue is full!
[2026-07-22 21:20:42.112] [debug] [MultiThreadDetector] queue is full!
[2026-07-22 21:20:42.213] [debug] [MultiThreadDetector] queue is full!
[2026-07-22 21:20:42.314] [debug] [MultiThreadDetector] queue is full!
[2026-07-22 21:20:42.424] [debug] [MultiThreadDetector] queue is full!
[2026-07-22 21:20:42.498] [debug] [MultiThreadDetector] queue is full!
[2026-07-22 21:20:42.600] [debug] [MultiThreadDetector] queue is full!
[2026-07-22 21:20:42.667] [debug] [MultiThreadDetector] queue is full!
[2026-07-22 21:20:42.770] [debug] [MultiThreadDetector] queue is full!
[2026-07-22 21:20:42.869] [debug] [MultiThreadDetector] queue is full!
[2026-07-22 21:20:42.950] [info] [Gimbal] Diag: latency=0.00ms, serial_ok=yes
[2026-07-22 21:20:42.978] [debug] [MultiThreadDetector] queue is full!
[2026-07-22 21:20:43.061] [debug] [MultiThreadDetector] queue is full!
[2026-07-22 21:20:43.161] [debug] [MultiThreadDetector] queue is full!
[2026-07-22 21:20:43.232] [debug] [MultiThreadDetector] queue is full!
[2026-07-22 21:20:43.334] [debug] [MultiThreadDetector] queue is full!
[2026-07-22 21:20:43.435] [debug] [MultiThreadDetector] queue is full!
[2026-07-22 21:20:43.536] [debug] [MultiThreadDetector] queue is full!
[2026-07-22 21:20:43.608] [debug] [MultiThreadDetector] queue is full!
[2026-07-22 21:20:43.708] [debug] [MultiThreadDetector] queue is full!
[2026-07-22 21:20:43.775] [debug] [MultiThreadDetector] queue is full!
[2026-07-22 21:20:43.877] [debug] [MultiThreadDetector] queue is full!
[2026-07-22 21:20:43.950] [info] [Gimbal] Diag: latency=0.00ms, serial_ok=yes
[2026-07-22 21:20:43.977] [debug] [MultiThreadDetector] queue is full!
[2026-07-22 21:20:44.080] [debug] [MultiThreadDetector] queue is full!
[2026-07-22 21:20:44.170] [debug] [MultiThreadDetector] queue is full!
[2026-07-22 21:20:44.271] [debug] [MultiThreadDetector] queue is full!
[2026-07-22 21:20:44.346] [debug] [MultiThreadDetector] queue is full!
[2026-07-22 21:20:44.449] [debug] [MultiThreadDetector] queue is full!
[2026-07-22 21:20:44.551] [debug] [MultiThreadDetector] queue is full!
[2026-07-22 21:20:44.656] [debug] [MultiThreadDetector] queue is full!
[2026-07-22 21:20:44.727] [debug] [MultiThreadDetector] queue is full!
[2026-07-22 21:20:44.829] [debug] [MultiThreadDetector] queue is full!
[2026-07-22 21:20:44.900] [debug] [MultiThreadDetector] queue is full!
[2026-07-22 21:20:44.950] [info] [Gimbal] Diag: latency=0.00ms, serial_ok=yes
[2026-07-22 21:20:45.002] [debug] [MultiThreadDetector] queue is full!
[2026-07-22 21:20:45.101] [debug] [MultiThreadDetector] queue is full!
[2026-07-22 21:20:45.203] [debug] [MultiThreadDetector] queue is full!
[2026-07-22 21:20:45.309] [debug] [MultiThreadDetector] queue is full!
[2026-07-22 21:20:45.410] [debug] [MultiThreadDetector] queue is full!
[2026-07-22 21:20:45.480] [debug] [MultiThreadDetector] queue is full!
[2026-07-22 21:20:45.583] [debug] [MultiThreadDetector] queue is full!
[2026-07-22 21:20:45.682] [debug] [MultiThreadDetector] queue is full!
[2026-07-22 21:20:45.785] [debug] [MultiThreadDetector] queue is full!
[2026-07-22 21:20:45.877] [debug] [MultiThreadDetector] queue is full!
[2026-07-22 21:20:45.951] [info] [Gimbal] Diag: latency=0.00ms, serial_ok=yes
[2026-07-22 21:20:45.977] [debug] [MultiThreadDetector] queue is full!
[2026-07-22 21:20:46.043] [debug] [MultiThreadDetector] queue is full!
[2026-07-22 21:20:46.147] [debug] [MultiThreadDetector] queue is full!
[2026-07-22 21:20:46.245] [debug] [MultiThreadDetector] queue is full!
[2026-07-22 21:20:46.347] [debug] [MultiThreadDetector] queue is full!
[2026-07-22 21:20:46.420] [debug] [MultiThreadDetector] queue is full!
[2026-07-22 21:20:46.521] [debug] [MultiThreadDetector] queue is full!
[2026-07-22 21:20:46.586] [debug] [MultiThreadDetector] queue is full!
[2026-07-22 21:20:46.690] [debug] [MultiThreadDetector] queue is full!
[2026-07-22 21:20:46.788] [debug] [MultiThreadDetector] queue is full!
[2026-07-22 21:20:46.892] [debug] [MultiThreadDetector] queue is full!
[2026-07-22 21:20:46.948] [info] [Gimbal] Diag: latency=0.00ms, serial_ok=yes
[2026-07-22 21:20:46.988] [debug] [MultiThreadDetector] queue is full!
[2026-07-22 21:20:47.088] [debug] [MultiThreadDetector] queue is full!
[2026-07-22 21:20:47.158] [debug] [MultiThreadDetector] queue is full!
[2026-07-22 21:20:47.259] [debug] [MultiThreadDetector] queue is full!
[2026-07-22 21:20:47.357] [debug] [MultiThreadDetector] queue is full!
[2026-07-22 21:20:47.462] [debug] [MultiThreadDetector] queue is full!
[2026-07-22 21:20:47.549] [debug] [MultiThreadDetector] queue is full!
[2026-07-22 21:20:47.651] [debug] [MultiThreadDetector] queue is full!
[2026-07-22 21:20:47.733] [debug] [MultiThreadDetector] queue is full!
[2026-07-22 21:20:47.833] [debug] [MultiThreadDetector] queue is full!
[2026-07-22 21:20:47.933] [debug] [MultiThreadDetector] queue is full!
[2026-07-22 21:20:47.949] [info] [Gimbal] Diag: latency=0.00ms, serial_ok=yes
[2026-07-22 21:20:48.042] [debug] [MultiThreadDetector] queue is full!
[2026-07-22 21:20:48.149] [debug] [MultiThreadDetector] queue is full!
[2026-07-22 21:20:48.250] [debug] [MultiThreadDetector] queue is full!
[2026-07-22 21:20:48.320] [debug] [MultiThreadDetector] queue is full!
[2026-07-22 21:20:48.425] [debug] [MultiThreadDetector] queue is full!
[2026-07-22 21:20:48.528] [debug] [MultiThreadDetector] queue is full!
[2026-07-22 21:20:48.630] [debug] [MultiThreadDetector] queue is full!
[2026-07-22 21:20:48.729] [debug] [MultiThreadDetector] queue is full!
[2026-07-22 21:20:48.832] [debug] [MultiThreadDetector] queue is full!
[2026-07-22 21:20:48.899] [debug] [MultiThreadDetector] queue is full!
[2026-07-22 21:20:48.949] [info] [Gimbal] Diag: latency=0.00ms, serial_ok=yes
[2026-07-22 21:20:49.000] [debug] [MultiThreadDetector] queue is full!
[2026-07-22 21:20:49.098] [debug] [MultiThreadDetector] queue is full!
[2026-07-22 21:20:49.200] [debug] [MultiThreadDetector] queue is full!
[2026-07-22 21:20:49.267] [debug] [MultiThreadDetector] queue is full!
[2026-07-22 21:20:49.369] [debug] [MultiThreadDetector] queue is full!
[2026-07-22 21:20:49.434] [debug] [MultiThreadDetector] queue is full!
[2026-07-22 21:20:49.539] [debug] [MultiThreadDetector] queue is full!
[2026-07-22 21:20:49.637] [debug] [MultiThreadDetector] queue is full!
[2026-07-22 21:20:49.742] [debug] [MultiThreadDetector] queue is full!
[2026-07-22 21:20:49.817] [debug] [MultiThreadDetector] queue is full!
[2026-07-22 21:20:49.920] [debug] [MultiThreadDetector] queue is full!
[2026-07-22 21:20:49.949] [info] [Gimbal] Diag: latency=0.00ms, serial_ok=yes
[2026-07-22 21:20:49.986] [debug] [MultiThreadDetector] queue is full!
[2026-07-22 21:20:50.086] [debug] [MultiThreadDetector] queue is full!
[2026-07-22 21:20:50.184] [debug] [MultiThreadDetector] queue is full!
[2026-07-22 21:20:50.284] [debug] [MultiThreadDetector] queue is full!
[2026-07-22 21:20:50.357] [debug] [MultiThreadDetector] queue is full!
[2026-07-22 21:20:50.461] [debug] [MultiThreadDetector] queue is full!
[2026-07-22 21:20:50.526] [debug] [MultiThreadDetector] queue is full!
[2026-07-22 21:20:50.625] [debug] [MultiThreadDetector] queue is full!
[2026-07-22 21:20:50.722] [debug] [MultiThreadDetector] queue is full!
[2026-07-22 21:20:50.823] [debug] [MultiThreadDetector] queue is full!
[2026-07-22 21:20:50.905] [debug] [MultiThreadDetector] queue is full!
[2026-07-22 21:20:50.949] [info] [Gimbal] Diag: latency=0.00ms, serial_ok=yes
[2026-07-22 21:20:51.007] [debug] [MultiThreadDetector] queue is full!
[2026-07-22 21:20:51.082] [debug] [MultiThreadDetector] queue is full!
[2026-07-22 21:20:51.185] [debug] [MultiThreadDetector] queue is full!
[2026-07-22 21:20:51.284] [debug] [MultiThreadDetector] queue is full!
[2026-07-22 21:20:51.385] [debug] [MultiThreadDetector] queue is full!
[2026-07-22 21:20:51.485] [debug] [MultiThreadDetector] queue is full!
[2026-07-22 21:20:51.584] [debug] [MultiThreadDetector] queue is full!
[2026-07-22 21:20:51.650] [debug] [MultiThreadDetector] queue is full!
[2026-07-22 21:20:51.753] [debug] [MultiThreadDetector] queue is full!
[2026-07-22 21:20:51.855] [debug] [MultiThreadDetector] queue is full!
[2026-07-22 21:20:51.950] [info] [Gimbal] Diag: latency=0.00ms, serial_ok=yes
[2026-07-22 21:20:51.960] [debug] [MultiThreadDetector] queue is full!
[2026-07-22 21:20:52.040] [debug] [MultiThreadDetector] queue is full!
[2026-07-22 21:20:52.138] [debug] [MultiThreadDetector] queue is full!
[2026-07-22 21:20:52.204] [debug] [MultiThreadDetector] queue is full!
[2026-07-22 21:20:52.306] [debug] [MultiThreadDetector] queue is full!
[2026-07-22 21:20:52.404] [debug] [MultiThreadDetector] queue is full!
[2026-07-22 21:20:52.507] [debug] [MultiThreadDetector] queue is full!
[2026-07-22 21:20:52.608] [debug] [MultiThreadDetector] queue is full!
[2026-07-22 21:20:52.708] [debug] [MultiThreadDetector] queue is full!
[2026-07-22 21:20:52.773] [debug] [MultiThreadDetector] queue is full!
[2026-07-22 21:20:52.873] [debug] [MultiThreadDetector] queue is full!
[2026-07-22 21:20:52.950] [info] [Gimbal] Diag: latency=0.00ms, serial_ok=yes
[2026-07-22 21:20:52.978] [debug] [MultiThreadDetector] queue is full!
[2026-07-22 21:20:53.087] [debug] [MultiThreadDetector] queue is full!
[2026-07-22 21:20:53.162] [debug] [MultiThreadDetector] queue is full!
[2026-07-22 21:20:53.263] [debug] [MultiThreadDetector] queue is full!
[2026-07-22 21:20:53.332] [debug] [MultiThreadDetector] queue is full!
[2026-07-22 21:20:53.436] [debug] [MultiThreadDetector] queue is full!
[2026-07-22 21:20:53.533] [debug] [MultiThreadDetector] queue is full!
[2026-07-22 21:20:53.637] [debug] [MultiThreadDetector] queue is full!
[2026-07-22 21:20:53.713] [debug] [MultiThreadDetector] queue is full!
[2026-07-22 21:20:53.815] [debug] [MultiThreadDetector] queue is full!
[2026-07-22 21:20:53.892] [debug] [MultiThreadDetector] queue is full!
[2026-07-22 21:20:53.950] [info] [Gimbal] Diag: latency=0.00ms, serial_ok=yes
[2026-07-22 21:20:53.992] [debug] [MultiThreadDetector] queue is full!
[2026-07-22 21:20:54.091] [debug] [MultiThreadDetector] queue is full!
[2026-07-22 21:20:54.197] [debug] [MultiThreadDetector] queue is full!
[2026-07-22 21:20:54.291] [debug] [MultiThreadDetector] queue is full!
[2026-07-22 21:20:54.389] [debug] [MultiThreadDetector] queue is full!
[2026-07-22 21:20:54.454] [debug] [MultiThreadDetector] queue is full!
[2026-07-22 21:20:54.554] [debug] [MultiThreadDetector] queue is full!
[2026-07-22 21:20:54.653] [debug] [MultiThreadDetector] queue is full!
[2026-07-22 21:20:54.757] [debug] [MultiThreadDetector] queue is full!
[2026-07-22 21:20:54.831] [debug] [MultiThreadDetector] queue is full!
[2026-07-22 21:20:54.932] [debug] [MultiThreadDetector] queue is full!
[2026-07-22 21:20:54.948] [info] [Gimbal] Diag: latency=0.00ms, serial_ok=yes
[2026-07-22 21:20:55.004] [debug] [MultiThreadDetector] queue is full!
[2026-07-22 21:20:55.108] [debug] [MultiThreadDetector] queue is full!
[2026-07-22 21:20:55.207] [debug] [MultiThreadDetector] queue is full!
[2026-07-22 21:20:55.312] [debug] [MultiThreadDetector] queue is full!
[2026-07-22 21:20:55.414] [debug] [MultiThreadDetector] queue is full!
[2026-07-22 21:20:55.514] [debug] [MultiThreadDetector] queue is full!
[2026-07-22 21:20:55.579] [debug] [MultiThreadDetector] queue is full!
[2026-07-22 21:20:55.681] [debug] [MultiThreadDetector] queue is full!
[2026-07-22 21:20:55.782] [debug] [MultiThreadDetector] queue is full!
[2026-07-22 21:20:55.886] [debug] [MultiThreadDetector] queue is full!
[2026-07-22 21:20:55.948] [info] [Gimbal] Diag: latency=0.00ms, serial_ok=yes
[2026-07-22 21:20:55.969] [debug] [MultiThreadDetector] queue is full!
[2026-07-22 21:20:56.070] [debug] [MultiThreadDetector] queue is full!
[2026-07-22 21:20:56.140] [debug] [MultiThreadDetector] queue is full!
[2026-07-22 21:20:56.240] [debug] [MultiThreadDetector] queue is full!
[2026-07-22 21:20:56.339] [debug] [MultiThreadDetector] queue is full!
[2026-07-22 21:20:56.442] [debug] [MultiThreadDetector] queue is full!
[2026-07-22 21:20:56.558] [debug] [MultiThreadDetector] queue is full!
[2026-07-22 21:20:56.659] [debug] [MultiThreadDetector] queue is full!
[2026-07-22 21:20:56.728] [debug] [MultiThreadDetector] queue is full!
[2026-07-22 21:20:56.827] [debug] [MultiThreadDetector] queue is full!
[2026-07-22 21:20:56.927] [debug] [MultiThreadDetector] queue is full!
[2026-07-22 21:20:56.948] [info] [Gimbal] Diag: latency=0.00ms, serial_ok=yes
[2026-07-22 21:20:57.031] [debug] [MultiThreadDetector] queue is full!
[2026-07-22 21:20:57.101] [debug] [MultiThreadDetector] queue is full!
[2026-07-22 21:20:57.204] [debug] [MultiThreadDetector] queue is full!
[2026-07-22 21:20:57.272] [debug] [MultiThreadDetector] queue is full!
[2026-07-22 21:20:57.375] [debug] [MultiThreadDetector] queue is full!
[2026-07-22 21:20:57.475] [debug] [MultiThreadDetector] queue is full!
[2026-07-22 21:20:57.576] [debug] [MultiThreadDetector] queue is full!
[2026-07-22 21:20:57.662] [debug] [MultiThreadDetector] queue is full!
[2026-07-22 21:20:57.763] [debug] [MultiThreadDetector] queue is full!
[2026-07-22 21:20:57.852] [debug] [MultiThreadDetector] queue is full!
[2026-07-22 21:20:57.949] [info] [Gimbal] Diag: latency=0.00ms, serial_ok=yes
[2026-07-22 21:20:57.955] [debug] [MultiThreadDetector] queue is full!
[2026-07-22 21:20:58.052] [debug] [MultiThreadDetector] queue is full!
[2026-07-22 21:20:58.159] [debug] [MultiThreadDetector] queue is full!
[2026-07-22 21:20:58.229] [debug] [MultiThreadDetector] queue is full!
[2026-07-22 21:20:58.331] [debug] [MultiThreadDetector] queue is full!
[2026-07-22 21:20:58.410] [debug] [MultiThreadDetector] queue is full!
[2026-07-22 21:20:58.513] [debug] [MultiThreadDetector] queue is full!
[2026-07-22 21:20:58.612] [debug] [MultiThreadDetector] queue is full!
[2026-07-22 21:20:58.714] [debug] [MultiThreadDetector] queue is full!
[2026-07-22 21:20:58.792] [debug] [MultiThreadDetector] queue is full!
[2026-07-22 21:20:58.895] [debug] [MultiThreadDetector] queue is full!
[2026-07-22 21:20:58.949] [info] [Gimbal] Diag: latency=0.00ms, serial_ok=yes
[2026-07-22 21:20:58.973] [debug] [MultiThreadDetector] queue is full!
[2026-07-22 21:20:59.073] [debug] [MultiThreadDetector] queue is full!
[2026-07-22 21:20:59.174] [debug] [MultiThreadDetector] queue is full!
[2026-07-22 21:20:59.275] [debug] [MultiThreadDetector] queue is full!
[2026-07-22 21:20:59.352] [debug] [MultiThreadDetector] queue is full!
[2026-07-22 21:20:59.452] [debug] [MultiThreadDetector] queue is full!
[2026-07-22 21:20:59.522] [debug] [MultiThreadDetector] queue is full!
[2026-07-22 21:20:59.621] [debug] [MultiThreadDetector] queue is full!
[2026-07-22 21:20:59.719] [debug] [MultiThreadDetector] queue is full!
[2026-07-22 21:20:59.820] [debug] [MultiThreadDetector] queue is full!
[2026-07-22 21:20:59.899] [debug] [MultiThreadDetector] queue is full!
[2026-07-22 21:20:59.949] [info] [Gimbal] Diag: latency=0.00ms, serial_ok=yes
[2026-07-22 21:21:00.004] [debug] [MultiThreadDetector] queue is full!
[2026-07-22 21:21:00.072] [debug] [MultiThreadDetector] queue is full!
[2026-07-22 21:21:00.172] [debug] [MultiThreadDetector] queue is full!
[2026-07-22 21:21:00.270] [debug] [MultiThreadDetector] queue is full!
[2026-07-22 21:21:00.374] [debug] [MultiThreadDetector] queue is full!
[2026-07-22 21:21:00.454] [debug] [MultiThreadDetector] queue is full!
[2026-07-22 21:21:00.557] [debug] [MultiThreadDetector] queue is full!
[2026-07-22 21:21:00.631] [debug] [MultiThreadDetector] queue is full!
[2026-07-22 21:21:00.729] [debug] [MultiThreadDetector] queue is full!
[2026-07-22 21:21:00.827] [debug] [MultiThreadDetector] queue is full!
[2026-07-22 21:21:00.927] [debug] [MultiThreadDetector] queue is full!
[2026-07-22 21:21:00.949] [info] [Gimbal] Diag: latency=0.00ms, serial_ok=yes
[2026-07-22 21:21:00.998] [debug] [MultiThreadDetector] queue is full!
[2026-07-22 21:21:01.099] [debug] [MultiThreadDetector] queue is full!
[2026-07-22 21:21:01.175] [debug] [MultiThreadDetector] queue is full!
[2026-07-22 21:21:01.273] [debug] [MultiThreadDetector] queue is full!
[2026-07-22 21:21:01.372] [debug] [MultiThreadDetector] queue is full!
[2026-07-22 21:21:01.475] [debug] [MultiThreadDetector] queue is full!
[2026-07-22 21:21:01.581] [debug] [MultiThreadDetector] queue is full!
[2026-07-22 21:21:01.680] [debug] [MultiThreadDetector] queue is full!
[2026-07-22 21:21:01.755] [debug] [MultiThreadDetector] queue is full!
[2026-07-22 21:21:01.856] [debug] [MultiThreadDetector] queue is full!
[2026-07-22 21:21:01.950] [info] [Gimbal] Diag: latency=0.00ms, serial_ok=yes
[2026-07-22 21:21:01.954] [debug] [MultiThreadDetector] queue is full!
[2026-07-22 21:21:02.055] [debug] [MultiThreadDetector] queue is full!
[2026-07-22 21:21:02.126] [debug] [MultiThreadDetector] queue is full!
[2026-07-22 21:21:02.225] [debug] [MultiThreadDetector] queue is full!
[2026-07-22 21:21:02.292] [debug] [MultiThreadDetector] queue is full!
[2026-07-22 21:21:02.393] [debug] [MultiThreadDetector] queue is full!
[2026-07-22 21:21:02.492] [debug] [MultiThreadDetector] queue is full!
[2026-07-22 21:21:02.595] [debug] [MultiThreadDetector] queue is full!
[2026-07-22 21:21:02.677] [debug] [MultiThreadDetector] queue is full!
[2026-07-22 21:21:02.780] [debug] [MultiThreadDetector] queue is full!
[2026-07-22 21:21:02.845] [debug] [MultiThreadDetector] queue is full!
[2026-07-22 21:21:02.946] [debug] [MultiThreadDetector] queue is full!
[2026-07-22 21:21:02.947] [info] [Gimbal] Diag: latency=0.00ms, serial_ok=yes
[2026-07-22 21:21:03.045] [debug] [MultiThreadDetector] queue is full!
[2026-07-22 21:21:03.146] [debug] [MultiThreadDetector] queue is full!
[2026-07-22 21:21:03.217] [debug] [MultiThreadDetector] queue is full!
[2026-07-22 21:21:03.323] [debug] [MultiThreadDetector] queue is full!
[2026-07-22 21:21:03.401] [debug] [MultiThreadDetector] queue is full!
[2026-07-22 21:21:03.504] [debug] [MultiThreadDetector] queue is full!
[2026-07-22 21:21:03.601] [debug] [MultiThreadDetector] queue is full!
[2026-07-22 21:21:03.702] [debug] [MultiThreadDetector] queue is full!
[2026-07-22 21:21:03.794] [debug] [MultiThreadDetector] queue is full!
[2026-07-22 21:21:03.893] [debug] [MultiThreadDetector] queue is full!
[2026-07-22 21:21:03.947] [info] [Gimbal] Diag: latency=0.00ms, serial_ok=yes
[2026-07-22 21:21:03.960] [debug] [MultiThreadDetector] queue is full!
[2026-07-22 21:21:04.061] [debug] [MultiThreadDetector] queue is full!
[2026-07-22 21:21:04.162] [debug] [MultiThreadDetector] queue is full!
[2026-07-22 21:21:04.263] [debug] [MultiThreadDetector] queue is full!
[2026-07-22 21:21:04.331] [debug] [MultiThreadDetector] queue is full!
[2026-07-22 21:21:04.433] [debug] [MultiThreadDetector] queue is full!
[2026-07-22 21:21:04.499] [debug] [MultiThreadDetector] queue is full!
[2026-07-22 21:21:04.604] [debug] [MultiThreadDetector] queue is full!
[2026-07-22 21:21:04.702] [debug] [MultiThreadDetector] queue is full!
[2026-07-22 21:21:04.803] [debug] [MultiThreadDetector] queue is full!
[2026-07-22 21:21:04.877] [debug] [MultiThreadDetector] queue is full!
[2026-07-22 21:21:04.948] [info] [Gimbal] Diag: latency=0.00ms, serial_ok=yes
[2026-07-22 21:21:04.981] [debug] [MultiThreadDetector] queue is full!
[2026-07-22 21:21:05.055] [debug] [MultiThreadDetector] queue is full!
[2026-07-22 21:21:05.155] [debug] [MultiThreadDetector] queue is full!
[2026-07-22 21:21:05.255] [debug] [MultiThreadDetector] queue is full!
[2026-07-22 21:21:05.357] [debug] [MultiThreadDetector] queue is full!
[2026-07-22 21:21:05.433] [debug] [MultiThreadDetector] queue is full!
[2026-07-22 21:21:05.535] [debug] [MultiThreadDetector] queue is full!
[2026-07-22 21:21:05.611] [debug] [MultiThreadDetector] queue is full!
[2026-07-22 21:21:05.713] [debug] [MultiThreadDetector] queue is full!
[2026-07-22 21:21:05.812] [debug] [MultiThreadDetector] queue is full!
[2026-07-22 21:21:05.913] [debug] [MultiThreadDetector] queue is full!
[2026-07-22 21:21:05.948] [info] [Gimbal] Diag: latency=0.00ms, serial_ok=yes
[2026-07-22 21:21:05.998] [debug] [MultiThreadDetector] queue is full!
[2026-07-22 21:21:06.097] [debug] [MultiThreadDetector] queue is full!
[2026-07-22 21:21:06.179] [debug] [MultiThreadDetector] queue is full!
[2026-07-22 21:21:06.277] [debug] [MultiThreadDetector] queue is full!
[2026-07-22 21:21:06.375] [debug] [MultiThreadDetector] queue is full!
[2026-07-22 21:21:06.479] [debug] [MultiThreadDetector] queue is full!
[2026-07-22 21:21:06.550] [debug] [MultiThreadDetector] queue is full!
[2026-07-22 21:21:06.649] [debug] [MultiThreadDetector] queue is full!
[2026-07-22 21:21:06.718] [debug] [MultiThreadDetector] queue is full!
[2026-07-22 21:21:06.816] [debug] [MultiThreadDetector] queue is full!
[2026-07-22 21:21:06.914] [debug] [MultiThreadDetector] queue is full!
[2026-07-22 21:21:06.948] [info] [Gimbal] Diag: latency=0.00ms, serial_ok=yes
[2026-07-22 21:21:07.019] [debug] [MultiThreadDetector] queue is full!
[2026-07-22 21:21:07.098] [debug] [MultiThreadDetector] queue is full!
[2026-07-22 21:21:07.199] [debug] [MultiThreadDetector] queue is full!
[2026-07-22 21:21:07.264] [debug] [MultiThreadDetector] queue is full!
[2026-07-22 21:21:07.362] [debug] [MultiThreadDetector] queue is full!
[2026-07-22 21:21:07.460] [debug] [MultiThreadDetector] queue is full!
[2026-07-22 21:21:07.563] [debug] [MultiThreadDetector] queue is full!
[2026-07-22 21:21:07.635] [debug] [MultiThreadDetector] queue is full!
[2026-07-22 21:21:07.734] [debug] [MultiThreadDetector] queue is full!
[2026-07-22 21:21:07.802] [debug] [MultiThreadDetector] queue is full!
[2026-07-22 21:21:07.904] [debug] [MultiThreadDetector] queue is full!
[2026-07-22 21:21:07.949] [info] [Gimbal] Diag: latency=0.00ms, serial_ok=yes
[2026-07-22 21:21:08.001] [debug] [MultiThreadDetector] queue is full!
[2026-07-22 21:21:08.107] [debug] [MultiThreadDetector] queue is full!
[2026-07-22 21:21:08.180] [debug] [MultiThreadDetector] queue is full!
[2026-07-22 21:21:08.279] [debug] [MultiThreadDetector] queue is full!
[2026-07-22 21:21:08.345] [debug] [MultiThreadDetector] queue is full!
[2026-07-22 21:21:08.444] [debug] [MultiThreadDetector] queue is full!
[2026-07-22 21:21:08.541] [debug] [MultiThreadDetector] queue is full!
[2026-07-22 21:21:08.644] [debug] [MultiThreadDetector] queue is full!
[2026-07-22 21:21:08.721] [debug] [MultiThreadDetector] queue is full!
[2026-07-22 21:21:08.822] [debug] [MultiThreadDetector] queue is full!
[2026-07-22 21:21:08.891] [debug] [MultiThreadDetector] queue is full!
[2026-07-22 21:21:08.949] [info] [Gimbal] Diag: latency=0.00ms, serial_ok=yes
[2026-07-22 21:21:08.991] [debug] [MultiThreadDetector] queue is full!
[2026-07-22 21:21:09.089] [debug] [MultiThreadDetector] queue is full!
[2026-07-22 21:21:09.192] [debug] [MultiThreadDetector] queue is full!
[2026-07-22 21:21:09.264] [debug] [MultiThreadDetector] queue is full!
[2026-07-22 21:21:09.365] [debug] [MultiThreadDetector] queue is full!
[2026-07-22 21:21:09.485] [debug] [MultiThreadDetector] queue is full!
[2026-07-22 21:21:09.585] [debug] [MultiThreadDetector] queue is full!
[2026-07-22 21:21:09.683] [debug] [MultiThreadDetector] queue is full!
[2026-07-22 21:21:09.786] [debug] [MultiThreadDetector] queue is full!
[2026-07-22 21:21:09.860] [debug] [MultiThreadDetector] queue is full!
[2026-07-22 21:21:09.949] [info] [Gimbal] Diag: latency=0.00ms, serial_ok=yes
[2026-07-22 21:21:09.958] [debug] [MultiThreadDetector] queue is full!
[2026-07-22 21:21:10.025] [debug] [MultiThreadDetector] queue is full!
[2026-07-22 21:21:10.126] [debug] [MultiThreadDetector] queue is full!
[2026-07-22 21:21:10.226] [debug] [MultiThreadDetector] queue is full!
[2026-07-22 21:21:10.338] [debug] [MultiThreadDetector] queue is full!
[2026-07-22 21:21:10.413] [debug] [MultiThreadDetector] queue is full!
[2026-07-22 21:21:10.513] [debug] [MultiThreadDetector] queue is full!
[2026-07-22 21:21:10.605] [debug] [MultiThreadDetector] queue is full!
[2026-07-22 21:21:10.706] [debug] [MultiThreadDetector] queue is full!
[2026-07-22 21:21:10.804] [debug] [MultiThreadDetector] queue is full!
[2026-07-22 21:21:10.912] [debug] [MultiThreadDetector] queue is full!
[2026-07-22 21:21:10.947] [info] [Gimbal] Diag: latency=0.00ms, serial_ok=yes
[2026-07-22 21:21:10.988] [debug] [MultiThreadDetector] queue is full!
[2026-07-22 21:21:11.088] [debug] [MultiThreadDetector] queue is full!
[2026-07-22 21:21:11.153] [debug] [MultiThreadDetector] queue is full!
[2026-07-22 21:21:11.257] [debug] [MultiThreadDetector] queue is full!
[2026-07-22 21:21:11.357] [debug] [MultiThreadDetector] queue is full!
[2026-07-22 21:21:11.461] [debug] [MultiThreadDetector] queue is full!
[2026-07-22 21:21:11.528] [debug] [MultiThreadDetector] queue is full!
[2026-07-22 21:21:11.628] [debug] [MultiThreadDetector] queue is full!
[2026-07-22 21:21:11.694] [debug] [MultiThreadDetector] queue is full!
[2026-07-22 21:21:11.796] [debug] [MultiThreadDetector] queue is full!
[2026-07-22 21:21:11.897] [debug] [MultiThreadDetector] queue is full!
[2026-07-22 21:21:11.947] [info] [Gimbal] Diag: latency=0.00ms, serial_ok=yes
[2026-07-22 21:21:12.001] [debug] [MultiThreadDetector] queue is full!
[2026-07-22 21:21:12.072] [debug] [MultiThreadDetector] queue is full!
[2026-07-22 21:21:12.174] [debug] [MultiThreadDetector] queue is full!
[2026-07-22 21:21:12.241] [debug] [MultiThreadDetector] queue is full!
[2026-07-22 21:21:12.340] [debug] [MultiThreadDetector] queue is full!
[2026-07-22 21:21:12.440] [debug] [MultiThreadDetector] queue is full!
[2026-07-22 21:21:12.548] [debug] [MultiThreadDetector] queue is full!
[2026-07-22 21:21:12.616] [debug] [MultiThreadDetector] queue is full!
[2026-07-22 21:21:12.718] [debug] [MultiThreadDetector] queue is full!
[2026-07-22 21:21:12.788] [debug] [MultiThreadDetector] queue is full!
[2026-07-22 21:21:12.890] [debug] [MultiThreadDetector] queue is full!
[2026-07-22 21:21:12.947] [info] [Gimbal] Diag: latency=0.00ms, serial_ok=yes
[2026-07-22 21:21:12.993] [debug] [MultiThreadDetector] queue is full!
[2026-07-22 21:21:13.093] [debug] [MultiThreadDetector] queue is full!
[2026-07-22 21:21:13.164] [debug] [MultiThreadDetector] queue is full!
[2026-07-22 21:21:13.265] [debug] [MultiThreadDetector] queue is full!
[2026-07-22 21:21:13.340] [debug] [MultiThreadDetector] queue is full!
[2026-07-22 21:21:13.437] [debug] [MultiThreadDetector] queue is full!
[2026-07-22 21:21:13.534] [debug] [MultiThreadDetector] queue is full!
[2026-07-22 21:21:13.636] [debug] [MultiThreadDetector] queue is full!
[2026-07-22 21:21:13.703] [debug] [MultiThreadDetector] queue is full!
[2026-07-22 21:21:13.802] [debug] [MultiThreadDetector] queue is full!
[2026-07-22 21:21:13.876] [debug] [MultiThreadDetector] queue is full!
[2026-07-22 21:21:13.948] [info] [Gimbal] Diag: latency=0.00ms, serial_ok=yes
[2026-07-22 21:21:13.974] [debug] [MultiThreadDetector] queue is full!
[2026-07-22 21:21:14.073] [debug] [MultiThreadDetector] queue is full!
[2026-07-22 21:21:14.175] [debug] [MultiThreadDetector] queue is full!
[2026-07-22 21:21:14.246] [debug] [MultiThreadDetector] queue is full!
[2026-07-22 21:21:14.346] [debug] [MultiThreadDetector] queue is full!
[2026-07-22 21:21:14.411] [debug] [MultiThreadDetector] queue is full!
[2026-07-22 21:21:14.509] [debug] [MultiThreadDetector] queue is full!
[2026-07-22 21:21:14.606] [debug] [MultiThreadDetector] queue is full!
[2026-07-22 21:21:14.707] [debug] [MultiThreadDetector] queue is full!
[2026-07-22 21:21:14.780] [debug] [MultiThreadDetector] queue is full!
[2026-07-22 21:21:14.881] [debug] [MultiThreadDetector] queue is full!
[2026-07-22 21:21:14.947] [debug] [MultiThreadDetector] queue is full!
[2026-07-22 21:21:14.948] [info] [Gimbal] Diag: latency=0.00ms, serial_ok=yes
[2026-07-22 21:21:15.045] [debug] [MultiThreadDetector] queue is full!
[2026-07-22 21:21:15.145] [debug] [MultiThreadDetector] queue is full!
[2026-07-22 21:21:15.245] [debug] [MultiThreadDetector] queue is full!
[2026-07-22 21:21:15.332] [debug] [MultiThreadDetector] queue is full!
[2026-07-22 21:21:15.430] [debug] [MultiThreadDetector] queue is full!
[2026-07-22 21:21:15.498] [debug] [MultiThreadDetector] queue is full!
[2026-07-22 21:21:15.597] [debug] [MultiThreadDetector] queue is full!
[2026-07-22 21:21:15.694] [debug] [MultiThreadDetector] queue is full!
[2026-07-22 21:21:15.795] [debug] [MultiThreadDetector] queue is full!
[2026-07-22 21:21:15.863] [debug] [MultiThreadDetector] queue is full!
[2026-07-22 21:21:15.948] [info] [Gimbal] Diag: latency=0.00ms, serial_ok=yes
[2026-07-22 21:21:15.964] [debug] [MultiThreadDetector] queue is full!
[2026-07-22 21:21:16.034] [debug] [MultiThreadDetector] queue is full!
[2026-07-22 21:21:16.139] [debug] [MultiThreadDetector] queue is full!
[2026-07-22 21:21:16.247] [debug] [MultiThreadDetector] queue is full!
[2026-07-22 21:21:16.351] [debug] [MultiThreadDetector] queue is full!
[2026-07-22 21:21:16.426] [debug] [MultiThreadDetector] queue is full!
[2026-07-22 21:21:16.528] [debug] [MultiThreadDetector] queue is full!
[2026-07-22 21:21:16.595] [debug] [MultiThreadDetector] queue is full!
[2026-07-22 21:21:16.694] [debug] [MultiThreadDetector] queue is full!
[2026-07-22 21:21:16.796] [debug] [MultiThreadDetector] queue is full!
[2026-07-22 21:21:16.902] [debug] [MultiThreadDetector] queue is full!
[2026-07-22 21:21:16.948] [info] [Gimbal] Diag: latency=0.00ms, serial_ok=yes
[2026-07-22 21:21:16.974] [debug] [MultiThreadDetector] queue is full!
[2026-07-22 21:21:17.075] [debug] [MultiThreadDetector] queue is full!
[2026-07-22 21:21:17.176] [debug] [MultiThreadDetector] queue is full!
[2026-07-22 21:21:17.280] [debug] [MultiThreadDetector] queue is full!
[2026-07-22 21:21:17.379] [debug] [MultiThreadDetector] queue is full!
[2026-07-22 21:21:17.486] [debug] [MultiThreadDetector] queue is full!
[2026-07-22 21:21:17.572] [debug] [MultiThreadDetector] queue is full!
[2026-07-22 21:21:17.671] [debug] [MultiThreadDetector] queue is full!
[2026-07-22 21:21:17.761] [debug] [MultiThreadDetector] queue is full!
[2026-07-22 21:21:17.865] [debug] [MultiThreadDetector] queue is full!
[2026-07-22 21:21:17.949] [info] [Gimbal] Diag: latency=0.00ms, serial_ok=yes
[2026-07-22 21:21:17.968] [debug] [MultiThreadDetector] queue is full!
[2026-07-22 21:21:18.072] [debug] [MultiThreadDetector] queue is full!
[2026-07-22 21:21:18.138] [debug] [MultiThreadDetector] queue is full!
[2026-07-22 21:21:18.237] [debug] [MultiThreadDetector] queue is full!
[2026-07-22 21:21:18.310] [debug] [MultiThreadDetector] queue is full!
[2026-07-22 21:21:18.413] [debug] [MultiThreadDetector] queue is full!
[2026-07-22 21:21:18.510] [debug] [MultiThreadDetector] queue is full!
[2026-07-22 21:21:18.610] [debug] [MultiThreadDetector] queue is full!
[2026-07-22 21:21:18.682] [debug] [MultiThreadDetector] queue is full!
[2026-07-22 21:21:18.784] [debug] [MultiThreadDetector] queue is full!
[2026-07-22 21:21:18.891] [debug] [MultiThreadDetector] queue is full!
[2026-07-22 21:21:18.946] [info] [Gimbal] Diag: latency=0.00ms, serial_ok=yes
[2026-07-22 21:21:18.990] [debug] [MultiThreadDetector] queue is full!
[2026-07-22 21:21:19.088] [debug] [MultiThreadDetector] queue is full!
[2026-07-22 21:21:19.189] [debug] [MultiThreadDetector] queue is full!
[2026-07-22 21:21:19.256] [debug] [MultiThreadDetector] queue is full!
[2026-07-22 21:21:19.356] [debug] [MultiThreadDetector] queue is full!
[2026-07-22 21:21:19.430] [debug] [MultiThreadDetector] queue is full!
[2026-07-22 21:21:19.527] [debug] [MultiThreadDetector] queue is full!
[2026-07-22 21:21:19.624] [debug] [MultiThreadDetector] queue is full!
[2026-07-22 21:21:19.727] [debug] [MultiThreadDetector] queue is full!
[2026-07-22 21:21:19.810] [debug] [MultiThreadDetector] queue is full!
[2026-07-22 21:21:19.911] [debug] [MultiThreadDetector] queue is full!
[2026-07-22 21:21:19.947] [info] [Gimbal] Diag: latency=0.00ms, serial_ok=yes
