[2026-07-01 18:23:24.374] [info] [0] yolo: 210.7ms, tracker: 0.0ms, aimer: 0.0ms
[2026-07-01 18:23:24.428] [info] [1] yolo: 8.4ms, tracker: 0.6ms, aimer: 0.0ms
[2026-07-01 18:23:24.441] [info] [2] yolo: 8.6ms, tracker: 0.0ms, aimer: 0.0ms
[2026-07-01 18:23:24.489] [info] [3] yolo: 10.4ms, tracker: 0.5ms, aimer: 0.0ms
[2026-07-01 18:23:24.537] [info] [4] yolo: 10.0ms, tracker: 0.6ms, aimer: 0.0ms
[2026-07-01 18:23:24.581] [info] [5] yolo: 10.9ms, tracker: 0.6ms, aimer: 0.0ms
[2026-07-01 18:23:24.625] [info] [6] yolo: 8.8ms, tracker: 0.7ms, aimer: 0.0ms
[2026-07-01 18:23:24.671] [info] [7] yolo: 9.8ms, tracker: 0.5ms, aimer: 0.0ms
[2026-07-01 18:23:24.716] [info] [8] yolo: 9.4ms, tracker: 0.6ms, aimer: 0.0ms
[2026-07-01 18:23:24.760] [info] [9] yolo: 9.1ms, tracker: 0.6ms, aimer: 0.0ms
[2026-07-01 18:23:24.804] [info] [10] yolo: 10.0ms, tracker: 0.5ms, aimer: 0.0ms
[2026-07-01 18:23:24.845] [info] [11] yolo: 6.1ms, tracker: 1.0ms, aimer: 0.1ms
[2026-07-01 18:23:24.892] [info] [12] yolo: 9.9ms, tracker: 0.7ms, aimer: 0.0ms
[2026-07-01 18:23:24.934] [info] [13] yolo: 6.6ms, tracker: 0.7ms, aimer: 0.0ms
[2026-07-01 18:23:24.978] [info] [14] yolo: 9.1ms, tracker: 0.6ms, aimer: 0.0ms
[2026-07-01 18:23:25.019] [info] [15] yolo: 6.2ms, tracker: 0.9ms, aimer: 0.0ms
[2026-07-01 18:23:25.066] [info] [16] yolo: 11.5ms, tracker: 0.5ms, aimer: 0.0ms
[2026-07-01 18:23:25.111] [info] [17] yolo: 10.3ms, tracker: 0.5ms, aimer: 0.0ms
[2026-07-01 18:23:25.159] [info] [18] yolo: 12.7ms, tracker: 0.5ms, aimer: 0.0ms
[2026-07-01 18:23:25.203] [info] [19] yolo: 9.0ms, tracker: 0.6ms, aimer: 0.0ms
[2026-07-01 18:23:25.247] [info] [20] yolo: 8.8ms, tracker: 0.5ms, aimer: 0.0ms
[2026-07-01 18:23:25.293] [info] [21] yolo: 9.6ms, tracker: 0.5ms, aimer: 0.0ms
[2026-07-01 18:23:25.338] [info] [22] yolo: 10.8ms, tracker: 0.5ms, aimer: 0.0ms
[2026-07-01 18:23:25.384] [info] [23] yolo: 10.1ms, tracker: 0.5ms, aimer: 0.0ms
[2026-07-01 18:23:25.429] [info] [24] yolo: 9.6ms, tracker: 0.7ms, aimer: 0.0ms
[2026-07-01 18:23:25.476] [info] [25] yolo: 10.8ms, tracker: 0.6ms, aimer: 0.0ms
[2026-07-01 18:23:25.520] [info] [26] yolo: 9.2ms, tracker: 0.6ms, aimer: 0.0ms
[2026-07-01 18:23:25.566] [info] [27] yolo: 10.3ms, tracker: 0.5ms, aimer: 0.0ms
[2026-07-01 18:23:25.613] [info] [28] yolo: 9.4ms, tracker: 0.5ms, aimer: 0.0ms
[2026-07-01 18:23:25.658] [info] [29] yolo: 10.9ms, tracker: 0.5ms, aimer: 0.0ms
[2026-07-01 18:23:25.705] [debug] [Target] r=0.044, l=0.000
[2026-07-01 18:23:25.705] [debug] [Tracker] Target diverged!
[2026-07-01 18:23:25.705] [info] [30] yolo: 10.3ms, tracker: 0.5ms, aimer: 0.0ms
[2026-07-01 18:23:25.748] [info] [31] yolo: 9.7ms, tracker: 0.5ms, aimer: 0.0ms
[2026-07-01 18:23:25.795] [info] [32] yolo: 11.4ms, tracker: 0.6ms, aimer: 0.0ms
[2026-07-01 18:23:25.837] [info] [33] yolo: 6.2ms, tracker: 0.9ms, aimer: 0.0ms
[2026-07-01 18:23:25.885] [info] [34] yolo: 10.5ms, tracker: 0.6ms, aimer: 0.0ms
[2026-07-01 18:23:25.934] [info] [35] yolo: 13.5ms, tracker: 0.5ms, aimer: 0.0ms
[2026-07-01 18:23:25.979] [info] [36] yolo: 10.3ms, tracker: 0.6ms, aimer: 0.0ms
[2026-07-01 18:23:26.023] [info] [37] yolo: 10.2ms, tracker: 0.5ms, aimer: 0.0ms
[2026-07-01 18:23:26.068] [info] [38] yolo: 10.8ms, tracker: 0.5ms, aimer: 0.0ms
[2026-07-01 18:23:26.111] [info] [39] yolo: 9.0ms, tracker: 0.5ms, aimer: 0.0ms
[2026-07-01 18:23:26.158] [info] [40] yolo: 11.4ms, tracker: 0.5ms, aimer: 0.0ms
[2026-07-01 18:23:26.202] [info] [41] yolo: 6.4ms, tracker: 1.0ms, aimer: 0.1ms
[2026-07-01 18:23:26.245] [info] [42] yolo: 6.3ms, tracker: 0.0ms, aimer: 0.1ms
[2026-07-01 18:23:26.292] [info] [43] yolo: 8.7ms, tracker: 0.5ms, aimer: 0.0ms
[2026-07-01 18:23:26.338] [info] [44] yolo: 11.8ms, tracker: 0.6ms, aimer: 0.0ms
[2026-07-01 18:23:26.384] [info] [45] yolo: 9.5ms, tracker: 0.5ms, aimer: 0.0ms
[2026-07-01 18:23:26.425] [info] [46] yolo: 6.0ms, tracker: 1.0ms, aimer: 0.1ms
[2026-07-01 18:23:26.470] [info] [47] yolo: 10.2ms, tracker: 0.7ms, aimer: 0.0ms
[2026-07-01 18:23:26.515] [info] [48] yolo: 10.6ms, tracker: 0.8ms, aimer: 0.0ms
[2026-07-01 18:23:26.559] [info] [49] yolo: 9.3ms, tracker: 0.5ms, aimer: 0.0ms
[2026-07-01 18:23:26.604] [info] [50] yolo: 10.2ms, tracker: 0.5ms, aimer: 0.0ms
[2026-07-01 18:23:26.648] [info] [51] yolo: 10.8ms, tracker: 0.0ms, aimer: 0.0ms
[2026-07-01 18:23:26.692] [info] [52] yolo: 10.1ms, tracker: 0.5ms, aimer: 0.0ms
[2026-07-01 18:23:26.735] [info] [53] yolo: 9.7ms, tracker: 0.0ms, aimer: 0.0ms
[2026-07-01 18:23:26.779] [info] [54] yolo: 10.4ms, tracker: 0.0ms, aimer: 0.0ms
[2026-07-01 18:23:26.821] [info] [55] yolo: 7.2ms, tracker: 0.0ms, aimer: 0.0ms
[2026-07-01 18:23:26.866] [info] [56] yolo: 10.8ms, tracker: 0.0ms, aimer: 0.0ms
[2026-07-01 18:23:26.908] [info] [57] yolo: 8.0ms, tracker: 0.0ms, aimer: 0.0ms
[2026-07-01 18:23:26.950] [info] [58] yolo: 8.2ms, tracker: 0.0ms, aimer: 0.0ms
[2026-07-01 18:23:26.993] [info] [59] yolo: 7.6ms, tracker: 0.0ms, aimer: 0.0ms
[2026-07-01 18:23:27.038] [info] [60] yolo: 8.8ms, tracker: 0.5ms, aimer: 0.0ms
[2026-07-01 18:23:27.079] [info] [61] yolo: 5.4ms, tracker: 0.0ms, aimer: 0.1ms
[2026-07-01 18:23:27.121] [debug] [Target] r=0.042, l=0.000
[2026-07-01 18:23:27.121] [debug] [Tracker] Target diverged!
[2026-07-01 18:23:27.121] [info] [62] yolo: 7.1ms, tracker: 0.5ms, aimer: 0.0ms
[2026-07-01 18:23:27.164] [info] [63] yolo: 10.6ms, tracker: 0.4ms, aimer: 0.0ms
[2026-07-01 18:23:27.207] [info] [64] yolo: 9.5ms, tracker: 0.5ms, aimer: 0.0ms
[2026-07-01 18:23:27.249] [info] [65] yolo: 7.3ms, tracker: 0.0ms, aimer: 0.0ms
[2026-07-01 18:23:27.295] [info] [66] yolo: 9.3ms, tracker: 0.4ms, aimer: 0.0ms
[2026-07-01 18:23:27.336] [info] [67] yolo: 6.1ms, tracker: 0.0ms, aimer: 0.0ms
[2026-07-01 18:23:27.380] [info] [68] yolo: 9.7ms, tracker: 0.5ms, aimer: 0.0ms
[2026-07-01 18:23:27.418] [info] [69] yolo: 4.6ms, tracker: 0.0ms, aimer: 0.0ms
[2026-07-01 18:23:27.461] [info] [70] yolo: 9.4ms, tracker: 0.0ms, aimer: 0.0ms
[2026-07-01 18:23:27.503] [info] [71] yolo: 9.6ms, tracker: 0.5ms, aimer: 0.0ms
[2026-07-01 18:23:27.543] [info] [72] yolo: 5.3ms, tracker: 0.0ms, aimer: 0.0ms
[2026-07-01 18:23:27.585] [info] [73] yolo: 5.8ms, tracker: 0.8ms, aimer: 0.1ms
[2026-07-01 18:23:27.630] [info] [74] yolo: 9.2ms, tracker: 0.5ms, aimer: 0.0ms
[2026-07-01 18:23:27.673] [info] [75] yolo: 7.4ms, tracker: 0.6ms, aimer: 0.0ms
[2026-07-01 18:23:27.716] [info] [76] yolo: 10.1ms, tracker: 0.5ms, aimer: 0.0ms
[2026-07-01 18:23:27.761] [info] [77] yolo: 10.9ms, tracker: 0.4ms, aimer: 0.0ms
[2026-07-01 18:23:27.807] [info] [78] yolo: 10.7ms, tracker: 0.5ms, aimer: 0.0ms
[2026-07-01 18:23:27.852] [info] [79] yolo: 10.1ms, tracker: 0.5ms, aimer: 0.0ms
[2026-07-01 18:23:27.896] [info] [80] yolo: 9.4ms, tracker: 0.5ms, aimer: 0.0ms
[2026-07-01 18:23:27.938] [info] [81] yolo: 9.0ms, tracker: 0.0ms, aimer: 0.0ms
[2026-07-01 18:23:27.982] [info] [82] yolo: 8.2ms, tracker: 0.0ms, aimer: 0.0ms
[2026-07-01 18:23:28.021] [info] [83] yolo: 5.2ms, tracker: 0.0ms, aimer: 0.1ms
[2026-07-01 18:23:28.065] [info] [84] yolo: 9.3ms, tracker: 0.0ms, aimer: 0.0ms
[2026-07-01 18:23:28.110] [info] [85] yolo: 10.0ms, tracker: 0.0ms, aimer: 0.0ms
[2026-07-01 18:23:28.151] [info] [86] yolo: 5.6ms, tracker: 0.0ms, aimer: 0.1ms
[2026-07-01 18:23:28.195] [info] [87] yolo: 9.4ms, tracker: 0.0ms, aimer: 0.0ms
[2026-07-01 18:23:28.239] [info] [88] yolo: 8.9ms, tracker: 0.0ms, aimer: 0.0ms
[2026-07-01 18:23:28.284] [info] [89] yolo: 9.7ms, tracker: 0.0ms, aimer: 0.0ms
[2026-07-01 18:23:28.328] [info] [90] yolo: 10.0ms, tracker: 0.0ms, aimer: 0.0ms
[2026-07-01 18:23:28.367] [info] [91] yolo: 5.8ms, tracker: 0.0ms, aimer: 0.0ms
[2026-07-01 18:23:28.412] [info] [92] yolo: 9.9ms, tracker: 0.0ms, aimer: 0.0ms
[2026-07-01 18:23:28.455] [info] [93] yolo: 9.0ms, tracker: 0.0ms, aimer: 0.0ms
[2026-07-01 18:23:28.755] [info] [94] yolo: 9.2ms, tracker: 0.5ms, aimer: 0.0ms
[2026-07-01 18:23:28.798] [info] [95] yolo: 9.1ms, tracker: 0.0ms, aimer: 0.0ms
[2026-07-01 18:23:28.840] [debug] [Target] r=0.325, l=-0.275
[2026-07-01 18:23:28.840] [debug] [Tracker] Target diverged!
[2026-07-01 18:23:28.840] [info] [96] yolo: 6.2ms, tracker: 0.7ms, aimer: 0.0ms
[2026-07-01 18:23:28.880] [info] [97] yolo: 5.7ms, tracker: 0.7ms, aimer: 0.1ms
[2026-07-01 18:23:28.920] [info] [98] yolo: 6.7ms, tracker: 0.5ms, aimer: 0.0ms
[2026-07-01 18:23:28.963] [info] [99] yolo: 9.3ms, tracker: 0.0ms, aimer: 0.0ms
[2026-07-01 18:23:29.004] [info] [100] yolo: 6.2ms, tracker: 0.0ms, aimer: 0.0ms
[2026-07-01 18:23:29.045] [info] [101] yolo: 8.1ms, tracker: 0.0ms, aimer: 0.0ms
[2026-07-01 18:23:29.089] [info] [102] yolo: 6.7ms, tracker: 0.5ms, aimer: 0.0ms
[2026-07-01 18:23:29.136] [info] [103] yolo: 10.0ms, tracker: 0.0ms, aimer: 0.0ms
[2026-07-01 18:23:29.178] [info] [104] yolo: 6.5ms, tracker: 1.0ms, aimer: 0.1ms
[2026-07-01 18:23:29.220] [info] [105] yolo: 7.6ms, tracker: 0.0ms, aimer: 0.0ms
[2026-07-01 18:23:29.264] [info] [106] yolo: 8.9ms, tracker: 0.5ms, aimer: 0.0ms
[2026-07-01 18:23:29.309] [info] [107] yolo: 11.1ms, tracker: 0.5ms, aimer: 0.0ms
[2026-07-01 18:23:29.356] [info] [108] yolo: 9.9ms, tracker: 0.0ms, aimer: 0.0ms
[2026-07-01 18:23:29.398] [info] [109] yolo: 7.8ms, tracker: 0.4ms, aimer: 0.0ms
[2026-07-01 18:23:29.442] [info] [110] yolo: 8.0ms, tracker: 0.5ms, aimer: 0.0ms
[2026-07-01 18:23:29.488] [info] [111] yolo: 9.3ms, tracker: 0.7ms, aimer: 0.0ms
[2026-07-01 18:23:29.532] [info] [112] yolo: 10.1ms, tracker: 0.0ms, aimer: 0.0ms
[2026-07-01 18:23:29.582] [info] [113] yolo: 5.6ms, tracker: 0.0ms, aimer: 0.0ms
[2026-07-01 18:23:29.624] [info] [114] yolo: 8.1ms, tracker: 0.4ms, aimer: 0.0ms
[2026-07-01 18:23:29.669] [info] [115] yolo: 10.7ms, tracker: 0.5ms, aimer: 0.0ms
[2026-07-01 18:23:29.710] [info] [116] yolo: 6.0ms, tracker: 0.0ms, aimer: 0.0ms
[2026-07-01 18:23:29.757] [info] [117] yolo: 10.9ms, tracker: 0.5ms, aimer: 0.0ms
[2026-07-01 18:23:29.804] [info] [118] yolo: 9.8ms, tracker: 0.6ms, aimer: 0.0ms
[2026-07-01 18:23:29.849] [info] [119] yolo: 10.3ms, tracker: 0.6ms, aimer: 0.0ms
[2026-07-01 18:23:29.890] [info] [120] yolo: 8.3ms, tracker: 0.0ms, aimer: 0.0ms
[2026-07-01 18:23:29.935] [info] [121] yolo: 8.1ms, tracker: 0.7ms, aimer: 0.1ms
[2026-07-01 18:23:29.980] [info] [122] yolo: 9.6ms, tracker: 0.0ms, aimer: 0.0ms
[2026-07-01 18:23:30.024] [info] [123] yolo: 9.6ms, tracker: 0.5ms, aimer: 0.0ms
[2026-07-01 18:23:30.068] [info] [124] yolo: 9.8ms, tracker: 0.6ms, aimer: 0.0ms
[2026-07-01 18:23:30.112] [info] [125] yolo: 10.0ms, tracker: 0.0ms, aimer: 0.0ms
[2026-07-01 18:23:30.154] [info] [126] yolo: 7.1ms, tracker: 1.0ms, aimer: 0.1ms
[2026-07-01 18:23:30.196] [info] [127] yolo: 5.9ms, tracker: 0.0ms, aimer: 0.0ms
[2026-07-01 18:23:30.241] [info] [128] yolo: 8.5ms, tracker: 0.5ms, aimer: 0.0ms
[2026-07-01 18:23:30.285] [info] [129] yolo: 6.6ms, tracker: 1.0ms, aimer: 0.1ms
[2026-07-01 18:23:30.328] [info] [130] yolo: 7.0ms, tracker: 0.5ms, aimer: 0.0ms
[2026-07-01 18:23:30.374] [info] [131] yolo: 8.6ms, tracker: 0.5ms, aimer: 0.0ms
[2026-07-01 18:23:30.416] [info] [132] yolo: 8.3ms, tracker: 0.0ms, aimer: 0.0ms
[2026-07-01 18:23:30.458] [info] [133] yolo: 7.2ms, tracker: 1.0ms, aimer: 0.1ms
[2026-07-01 18:23:30.505] [info] [134] yolo: 9.2ms, tracker: 0.5ms, aimer: 0.0ms
[2026-07-01 18:23:30.548] [info] [135] yolo: 7.2ms, tracker: 0.9ms, aimer: 0.0ms
[2026-07-01 18:23:30.590] [info] [136] yolo: 7.7ms, tracker: 0.0ms, aimer: 0.0ms
[2026-07-01 18:23:30.639] [info] [137] yolo: 10.0ms, tracker: 0.5ms, aimer: 0.0ms
[2026-07-01 18:23:30.685] [info] [138] yolo: 10.2ms, tracker: 0.5ms, aimer: 0.0ms
[2026-07-01 18:23:30.729] [warning] [Tracker] Large dt: 0.167s
[2026-07-01 18:23:30.730] [info] [139] yolo: 10.9ms, tracker: 0.6ms, aimer: 0.0ms
[2026-07-01 18:23:30.770] [info] [140] yolo: 5.9ms, tracker: 0.0ms, aimer: 0.0ms
[2026-07-01 18:23:30.811] [info] [141] yolo: 6.7ms, tracker: 1.0ms, aimer: 0.1ms
[2026-07-01 18:23:30.853] [info] [142] yolo: 7.2ms, tracker: 0.0ms, aimer: 0.0ms
[2026-07-01 18:23:30.901] [info] [143] yolo: 10.2ms, tracker: 0.8ms, aimer: 0.1ms
[2026-07-01 18:23:30.947] [info] [144] yolo: 9.5ms, tracker: 0.5ms, aimer: 0.0ms
[2026-07-01 18:23:30.990] [info] [145] yolo: 6.8ms, tracker: 0.9ms, aimer: 0.0ms
[2026-07-01 18:23:31.037] [info] [146] yolo: 9.7ms, tracker: 0.5ms, aimer: 0.0ms
[2026-07-01 18:23:31.076] [info] [147] yolo: 6.0ms, tracker: 0.7ms, aimer: 0.0ms
[2026-07-01 18:23:31.119] [debug] [Target] r=0.067, l=-0.132
[2026-07-01 18:23:31.119] [debug] [Tracker] Target diverged!
[2026-07-01 18:23:31.119] [info] [148] yolo: 7.9ms, tracker: 0.6ms, aimer: 0.0ms
[2026-07-01 18:23:31.161] [info] [149] yolo: 8.3ms, tracker: 0.7ms, aimer: 0.0ms
[2026-07-01 18:23:31.205] [debug] [Target] r=0.119, l=-0.081
[2026-07-01 18:23:31.205] [debug] [Tracker] Target diverged!
[2026-07-01 18:23:31.205] [info] [150] yolo: 8.5ms, tracker: 0.6ms, aimer: 0.0ms
[2026-07-01 18:23:31.250] [info] [151] yolo: 7.4ms, tracker: 0.7ms, aimer: 0.0ms
[2026-07-01 18:23:31.296] [info] [152] yolo: 9.8ms, tracker: 0.7ms, aimer: 0.0ms
[2026-07-01 18:23:31.336] [warning] [Tracker] Large dt: 26.099s
[2026-07-01 18:23:31.337] [info] [153] yolo: 5.8ms, tracker: 0.9ms, aimer: 0.1ms
[2026-07-01 18:23:31.385] [info] [154] yolo: 11.0ms, tracker: 0.6ms, aimer: 0.0ms
[2026-07-01 18:23:31.425] [info] [155] yolo: 5.2ms, tracker: 0.0ms, aimer: 0.0ms
[2026-07-01 18:23:31.470] [info] [156] yolo: 9.2ms, tracker: 0.5ms, aimer: 0.0ms
[2026-07-01 18:23:31.511] [info] [157] yolo: 7.6ms, tracker: 0.5ms, aimer: 0.0ms
[2026-07-01 18:23:31.559] [info] [158] yolo: 10.1ms, tracker: 0.6ms, aimer: 0.0ms
[2026-07-01 18:23:31.606] [info] [159] yolo: 9.6ms, tracker: 0.0ms, aimer: 0.0ms
[2026-07-01 18:23:31.652] [info] [160] yolo: 7.6ms, tracker: 0.0ms, aimer: 0.0ms
[2026-07-01 18:23:31.696] [info] [161] yolo: 8.9ms, tracker: 0.6ms, aimer: 0.0ms
[2026-07-01 18:23:31.743] [info] [162] yolo: 10.3ms, tracker: 0.6ms, aimer: 0.0ms
[2026-07-01 18:23:31.790] [info] [163] yolo: 9.2ms, tracker: 0.6ms, aimer: 0.0ms
[2026-07-01 18:23:31.837] [info] [164] yolo: 8.0ms, tracker: 0.5ms, aimer: 0.0ms
[2026-07-01 18:23:31.878] [info] [165] yolo: 6.9ms, tracker: 0.7ms, aimer: 0.0ms
[2026-07-01 18:23:31.924] [info] [166] yolo: 8.3ms, tracker: 0.5ms, aimer: 0.0ms
[2026-07-01 18:23:31.965] [info] [167] yolo: 6.0ms, tracker: 1.2ms, aimer: 0.1ms
[2026-07-01 18:23:32.008] [info] [168] yolo: 6.9ms, tracker: 0.9ms, aimer: 0.0ms
[2026-07-01 18:23:32.050] [info] [169] yolo: 8.2ms, tracker: 0.8ms, aimer: 0.0ms
[2026-07-01 18:23:32.096] [info] [170] yolo: 9.0ms, tracker: 0.5ms, aimer: 0.0ms
[2026-07-01 18:23:32.139] [info] [171] yolo: 8.5ms, tracker: 0.0ms, aimer: 0.0ms
[2026-07-01 18:23:32.180] [info] [172] yolo: 5.7ms, tracker: 1.1ms, aimer: 0.1ms
[2026-07-01 18:23:32.226] [info] [173] yolo: 11.1ms, tracker: 0.6ms, aimer: 0.0ms
[2026-07-01 18:23:32.267] [info] [174] yolo: 6.8ms, tracker: 0.0ms, aimer: 0.0ms
[2026-07-01 18:23:32.309] [info] [175] yolo: 6.9ms, tracker: 0.7ms, aimer: 0.0ms
[2026-07-01 18:23:32.352] [info] [176] yolo: 9.4ms, tracker: 0.6ms, aimer: 0.0ms
[2026-07-01 18:23:32.396] [info] [177] yolo: 10.2ms, tracker: 0.5ms, aimer: 0.0ms
[2026-07-01 18:23:32.441] [info] [178] yolo: 10.8ms, tracker: 0.5ms, aimer: 0.0ms
[2026-07-01 18:23:32.488] [info] [179] yolo: 9.4ms, tracker: 0.5ms, aimer: 0.0ms
[2026-07-01 18:23:32.534] [info] [180] yolo: 10.6ms, tracker: 0.5ms, aimer: 0.0ms
[2026-07-01 18:23:32.578] [info] [181] yolo: 9.4ms, tracker: 0.0ms, aimer: 0.0ms
[2026-07-01 18:23:32.624] [info] [182] yolo: 10.4ms, tracker: 0.6ms, aimer: 0.0ms
[2026-07-01 18:23:32.671] [info] [183] yolo: 10.1ms, tracker: 0.5ms, aimer: 0.0ms
[2026-07-01 18:23:32.717] [info] [184] yolo: 9.8ms, tracker: 0.5ms, aimer: 0.0ms
[2026-07-01 18:23:32.765] [info] [185] yolo: 9.3ms, tracker: 0.9ms, aimer: 0.0ms
[2026-07-01 18:23:32.809] [info] [186] yolo: 8.7ms, tracker: 0.6ms, aimer: 0.0ms
[2026-07-01 18:23:32.856] [info] [187] yolo: 8.9ms, tracker: 0.6ms, aimer: 0.0ms
[2026-07-01 18:23:32.902] [info] [188] yolo: 8.8ms, tracker: 0.9ms, aimer: 0.0ms
[2026-07-01 18:23:32.950] [info] [189] yolo: 9.3ms, tracker: 0.6ms, aimer: 0.0ms
[2026-07-01 18:23:32.997] [info] [190] yolo: 8.1ms, tracker: 0.7ms, aimer: 0.0ms
[2026-07-01 18:23:33.038] [info] [191] yolo: 7.1ms, tracker: 0.9ms, aimer: 0.0ms
[2026-07-01 18:23:33.085] [info] [192] yolo: 7.1ms, tracker: 1.2ms, aimer: 0.1ms
[2026-07-01 18:23:33.129] [info] [193] yolo: 8.2ms, tracker: 0.7ms, aimer: 0.0ms
[2026-07-01 18:23:33.171] [info] [194] yolo: 8.0ms, tracker: 1.0ms, aimer: 0.1ms
[2026-07-01 18:23:33.217] [info] [195] yolo: 10.5ms, tracker: 0.7ms, aimer: 0.0ms
[2026-07-01 18:23:33.263] [info] [196] yolo: 10.3ms, tracker: 0.5ms, aimer: 0.0ms
[2026-07-01 18:23:33.309] [info] [197] yolo: 10.5ms, tracker: 0.6ms, aimer: 0.0ms
[2026-07-01 18:23:33.353] [info] [198] yolo: 10.1ms, tracker: 0.6ms, aimer: 0.0ms
[2026-07-01 18:23:33.393] [info] [199] yolo: 6.2ms, tracker: 1.1ms, aimer: 0.1ms
[2026-07-01 18:23:33.440] [info] [200] yolo: 9.4ms, tracker: 0.6ms, aimer: 0.0ms
[2026-07-01 18:23:33.485] [info] [201] yolo: 10.3ms, tracker: 0.6ms, aimer: 0.0ms
[2026-07-01 18:23:33.529] [info] [202] yolo: 8.5ms, tracker: 0.6ms, aimer: 0.0ms
[2026-07-01 18:23:33.574] [info] [203] yolo: 10.9ms, tracker: 0.5ms, aimer: 0.0ms
[2026-07-01 18:23:33.619] [info] [204] yolo: 10.2ms, tracker: 0.6ms, aimer: 0.0ms
[2026-07-01 18:23:33.666] [info] [205] yolo: 10.4ms, tracker: 0.9ms, aimer: 0.0ms
[2026-07-01 18:23:33.712] [info] [206] yolo: 11.6ms, tracker: 0.6ms, aimer: 0.0ms
[2026-07-01 18:23:33.761] [info] [207] yolo: 7.9ms, tracker: 0.7ms, aimer: 0.0ms
[2026-07-01 18:23:33.804] [info] [208] yolo: 10.2ms, tracker: 0.0ms, aimer: 0.0ms
[2026-07-01 18:23:33.849] [info] [209] yolo: 10.4ms, tracker: 0.6ms, aimer: 0.0ms
[2026-07-01 18:23:33.893] [info] [210] yolo: 6.6ms, tracker: 1.2ms, aimer: 0.1ms
[2026-07-01 18:23:33.943] [info] [211] yolo: 12.2ms, tracker: 1.0ms, aimer: 0.1ms
[2026-07-01 18:23:33.988] [info] [212] yolo: 9.3ms, tracker: 0.5ms, aimer: 0.0ms
[2026-07-01 18:23:34.029] [info] [213] yolo: 6.6ms, tracker: 1.0ms, aimer: 0.1ms
[2026-07-01 18:23:34.075] [info] [214] yolo: 11.0ms, tracker: 0.0ms, aimer: 0.0ms
[2026-07-01 18:23:34.120] [info] [215] yolo: 10.2ms, tracker: 0.0ms, aimer: 0.0ms
[2026-07-01 18:23:34.166] [info] [216] yolo: 10.8ms, tracker: 0.6ms, aimer: 0.0ms
[2026-07-01 18:23:34.211] [info] [217] yolo: 10.4ms, tracker: 0.0ms, aimer: 0.1ms
[2026-07-01 18:23:34.253] [info] [218] yolo: 6.6ms, tracker: 0.0ms, aimer: 0.1ms
[2026-07-01 18:23:34.299] [info] [219] yolo: 9.6ms, tracker: 0.0ms, aimer: 0.0ms
[2026-07-01 18:23:34.344] [info] [220] yolo: 9.3ms, tracker: 0.0ms, aimer: 0.0ms
[2026-07-01 18:23:34.386] [info] [221] yolo: 8.4ms, tracker: 0.0ms, aimer: 0.1ms
[2026-07-01 18:23:34.431] [info] [222] yolo: 9.2ms, tracker: 0.0ms, aimer: 0.0ms
[2026-07-01 18:23:34.475] [info] [223] yolo: 9.5ms, tracker: 0.0ms, aimer: 0.0ms
[2026-07-01 18:23:34.517] [info] [224] yolo: 5.8ms, tracker: 1.0ms, aimer: 0.1ms
[2026-07-01 18:23:34.561] [info] [225] yolo: 8.0ms, tracker: 0.7ms, aimer: 0.0ms
[2026-07-01 18:23:34.607] [info] [226] yolo: 10.6ms, tracker: 0.5ms, aimer: 0.0ms
[2026-07-01 18:23:34.649] [info] [227] yolo: 5.7ms, tracker: 1.1ms, aimer: 0.1ms
[2026-07-01 18:23:34.693] [info] [228] yolo: 6.3ms, tracker: 1.1ms, aimer: 0.0ms
[2026-07-01 18:23:34.739] [info] [229] yolo: 7.9ms, tracker: 1.0ms, aimer: 0.0ms
[2026-07-01 18:23:34.785] [info] [230] yolo: 10.3ms, tracker: 0.6ms, aimer: 0.0ms
[2026-07-01 18:23:34.828] [info] [231] yolo: 10.5ms, tracker: 0.0ms, aimer: 0.0ms
[2026-07-01 18:23:34.871] [info] [232] yolo: 9.3ms, tracker: 0.0ms, aimer: 0.1ms
[2026-07-01 18:23:34.918] [info] [233] yolo: 9.1ms, tracker: 0.6ms, aimer: 0.0ms
[2026-07-01 18:23:34.962] [info] [234] yolo: 9.6ms, tracker: 0.6ms, aimer: 0.0ms
[2026-07-01 18:23:35.008] [info] [235] yolo: 11.5ms, tracker: 0.0ms, aimer: 0.0ms
[2026-07-01 18:23:35.054] [info] [236] yolo: 9.2ms, tracker: 0.5ms, aimer: 0.0ms
[2026-07-01 18:23:35.103] [info] [237] yolo: 10.7ms, tracker: 0.6ms, aimer: 0.0ms
[2026-07-01 18:23:35.149] [info] [238] yolo: 9.5ms, tracker: 0.6ms, aimer: 0.0ms
[2026-07-01 18:23:35.192] [info] [239] yolo: 9.2ms, tracker: 0.8ms, aimer: 0.0ms
[2026-07-01 18:23:35.236] [info] [240] yolo: 8.7ms, tracker: 0.6ms, aimer: 0.0ms
[2026-07-01 18:23:35.277] [info] [241] yolo: 6.0ms, tracker: 1.0ms, aimer: 0.1ms
[2026-07-01 18:23:35.320] [info] [242] yolo: 8.2ms, tracker: 0.0ms, aimer: 0.0ms
[2026-07-01 18:23:35.363] [info] [243] yolo: 8.6ms, tracker: 0.0ms, aimer: 0.0ms
[2026-07-01 18:23:35.409] [info] [244] yolo: 10.7ms, tracker: 0.8ms, aimer: 0.0ms
[2026-07-01 18:23:35.453] [info] [245] yolo: 5.9ms, tracker: 0.8ms, aimer: 0.0ms
[2026-07-01 18:23:35.493] [info] [246] yolo: 5.8ms, tracker: 0.8ms, aimer: 0.0ms
[2026-07-01 18:23:35.538] [info] [247] yolo: 7.6ms, tracker: 0.0ms, aimer: 0.1ms
[2026-07-01 18:23:35.585] [info] [248] yolo: 9.9ms, tracker: 0.6ms, aimer: 0.0ms
[2026-07-01 18:23:35.630] [info] [249] yolo: 9.8ms, tracker: 0.5ms, aimer: 0.0ms
[2026-07-01 18:23:35.675] [info] [250] yolo: 10.2ms, tracker: 0.6ms, aimer: 0.0ms
[2026-07-01 18:23:35.717] [info] [251] yolo: 6.9ms, tracker: 0.0ms, aimer: 0.0ms
[2026-07-01 18:23:35.762] [info] [252] yolo: 9.5ms, tracker: 0.5ms, aimer: 0.0ms
[2026-07-01 18:23:35.804] [info] [253] yolo: 7.8ms, tracker: 0.0ms, aimer: 0.0ms
[2026-07-01 18:23:35.848] [info] [254] yolo: 8.6ms, tracker: 1.0ms, aimer: 0.1ms
[2026-07-01 18:23:35.889] [info] [255] yolo: 5.8ms, tracker: 1.1ms, aimer: 0.1ms
[2026-07-01 18:23:35.933] [info] [256] yolo: 5.6ms, tracker: 1.1ms, aimer: 0.1ms
[2026-07-01 18:23:35.976] [info] [257] yolo: 7.3ms, tracker: 0.6ms, aimer: 0.0ms
[2026-07-01 18:23:36.020] [info] [258] yolo: 9.6ms, tracker: 0.0ms, aimer: 0.0ms
[2026-07-01 18:23:36.063] [info] [259] yolo: 9.1ms, tracker: 0.0ms, aimer: 0.1ms
[2026-07-01 18:23:36.109] [info] [260] yolo: 10.6ms, tracker: 0.5ms, aimer: 0.0ms
[2026-07-01 18:23:36.156] [info] [261] yolo: 9.8ms, tracker: 0.6ms, aimer: 0.0ms
[2026-07-01 18:23:36.200] [info] [262] yolo: 9.7ms, tracker: 0.6ms, aimer: 0.0ms
[2026-07-01 18:23:36.242] [info] [263] yolo: 6.8ms, tracker: 1.2ms, aimer: 0.1ms
[2026-07-01 18:23:36.285] [info] [264] yolo: 5.9ms, tracker: 1.0ms, aimer: 0.1ms
[2026-07-01 18:23:36.328] [info] [265] yolo: 8.0ms, tracker: 0.0ms, aimer: 0.0ms
[2026-07-01 18:23:36.374] [info] [266] yolo: 10.8ms, tracker: 0.7ms, aimer: 0.0ms
[2026-07-01 18:23:36.418] [info] [267] yolo: 8.6ms, tracker: 0.6ms, aimer: 0.0ms
[2026-07-01 18:23:36.461] [info] [268] yolo: 8.7ms, tracker: 0.5ms, aimer: 0.0ms
[2026-07-01 18:23:36.506] [info] [269] yolo: 9.5ms, tracker: 0.6ms, aimer: 0.0ms
[2026-07-01 18:23:36.552] [info] [270] yolo: 8.3ms, tracker: 1.1ms, aimer: 0.1ms
[2026-07-01 18:23:36.593] [info] [271] yolo: 6.6ms, tracker: 0.9ms, aimer: 0.0ms
[2026-07-01 18:23:36.641] [info] [272] yolo: 10.4ms, tracker: 0.5ms, aimer: 0.0ms
[2026-07-01 18:23:36.689] [info] [273] yolo: 10.0ms, tracker: 0.6ms, aimer: 0.0ms
[2026-07-01 18:23:36.734] [info] [274] yolo: 11.5ms, tracker: 0.5ms, aimer: 0.0ms
[2026-07-01 18:23:36.776] [info] [275] yolo: 6.3ms, tracker: 1.1ms, aimer: 0.1ms
[2026-07-01 18:23:36.822] [info] [276] yolo: 11.8ms, tracker: 0.5ms, aimer: 0.0ms
[2026-07-01 18:23:36.866] [info] [277] yolo: 9.4ms, tracker: 0.0ms, aimer: 0.0ms
[2026-07-01 18:23:36.908] [info] [278] yolo: 8.4ms, tracker: 0.0ms, aimer: 0.1ms
[2026-07-01 18:23:36.956] [info] [279] yolo: 9.5ms, tracker: 0.0ms, aimer: 0.0ms
[2026-07-01 18:23:37.005] [info] [280] yolo: 10.4ms, tracker: 0.0ms, aimer: 0.0ms
[2026-07-01 18:23:37.053] [info] [281] yolo: 10.4ms, tracker: 0.0ms, aimer: 0.0ms
[2026-07-01 18:23:37.097] [info] [282] yolo: 10.5ms, tracker: 0.0ms, aimer: 0.0ms
[2026-07-01 18:23:37.145] [info] [283] yolo: 10.6ms, tracker: 0.6ms, aimer: 0.0ms
[2026-07-01 18:23:37.193] [info] [284] yolo: 10.2ms, tracker: 0.5ms, aimer: 0.0ms
[2026-07-01 18:23:37.241] [info] [285] yolo: 9.8ms, tracker: 0.5ms, aimer: 0.0ms
[2026-07-01 18:23:37.284] [info] [286] yolo: 9.6ms, tracker: 0.6ms, aimer: 0.0ms
[2026-07-01 18:23:37.327] [info] [287] yolo: 8.7ms, tracker: 0.7ms, aimer: 0.0ms
[2026-07-01 18:23:37.368] [info] [288] yolo: 5.7ms, tracker: 0.0ms, aimer: 0.1ms
[2026-07-01 18:23:37.411] [info] [289] yolo: 7.4ms, tracker: 0.0ms, aimer: 0.0ms
[2026-07-01 18:23:37.456] [info] [290] yolo: 10.7ms, tracker: 0.0ms, aimer: 0.0ms
[2026-07-01 18:23:37.499] [info] [291] yolo: 9.4ms, tracker: 0.0ms, aimer: 0.0ms
[2026-07-01 18:23:37.542] [info] [292] yolo: 8.7ms, tracker: 0.0ms, aimer: 0.0ms
[2026-07-01 18:23:37.587] [info] [293] yolo: 7.8ms, tracker: 0.6ms, aimer: 0.0ms
[2026-07-01 18:23:37.632] [info] [294] yolo: 10.0ms, tracker: 0.0ms, aimer: 0.0ms
[2026-07-01 18:23:37.678] [info] [295] yolo: 11.2ms, tracker: 0.6ms, aimer: 0.0ms
[2026-07-01 18:23:37.723] [info] [296] yolo: 10.3ms, tracker: 0.6ms, aimer: 0.0ms
[2026-07-01 18:23:37.765] [info] [297] yolo: 6.4ms, tracker: 0.0ms, aimer: 0.1ms
[2026-07-01 18:23:37.810] [info] [298] yolo: 9.1ms, tracker: 0.6ms, aimer: 0.0ms
[2026-07-01 18:23:37.853] [info] [299] yolo: 6.8ms, tracker: 0.0ms, aimer: 0.1ms
[2026-07-01 18:23:37.899] [info] [300] yolo: 8.7ms, tracker: 0.0ms, aimer: 0.1ms
[2026-07-01 18:23:37.944] [info] [301] yolo: 10.1ms, tracker: 0.5ms, aimer: 0.0ms
[2026-07-01 18:23:37.985] [info] [302] yolo: 6.3ms, tracker: 0.0ms, aimer: 0.0ms
[2026-07-01 18:23:38.027] [info] [303] yolo: 6.9ms, tracker: 0.0ms, aimer: 0.1ms
[2026-07-01 18:23:38.071] [info] [304] yolo: 10.8ms, tracker: 0.0ms, aimer: 0.0ms
[2026-07-01 18:23:38.112] [info] [305] yolo: 7.0ms, tracker: 0.0ms, aimer: 0.1ms
[2026-07-01 18:23:38.154] [info] [306] yolo: 7.6ms, tracker: 0.0ms, aimer: 0.1ms
[2026-07-01 18:23:38.197] [info] [307] yolo: 6.5ms, tracker: 0.0ms, aimer: 0.1ms
[2026-07-01 18:23:38.245] [info] [308] yolo: 10.9ms, tracker: 0.0ms, aimer: 0.0ms
[2026-07-01 18:23:38.291] [info] [309] yolo: 8.5ms, tracker: 0.0ms, aimer: 0.1ms
[2026-07-01 18:23:38.334] [info] [310] yolo: 8.2ms, tracker: 0.0ms, aimer: 0.1ms
[2026-07-01 18:23:38.378] [info] [311] yolo: 9.7ms, tracker: 0.0ms, aimer: 0.0ms
[2026-07-01 18:23:38.420] [info] [312] yolo: 8.4ms, tracker: 0.0ms, aimer: 0.1ms
[2026-07-01 18:23:38.463] [info] [313] yolo: 9.1ms, tracker: 0.0ms, aimer: 0.1ms
[2026-07-01 18:23:38.506] [info] [314] yolo: 7.9ms, tracker: 0.0ms, aimer: 0.0ms
[2026-07-01 18:23:38.552] [info] [315] yolo: 10.2ms, tracker: 0.0ms, aimer: 0.0ms
[2026-07-01 18:23:38.592] [info] [316] yolo: 6.3ms, tracker: 0.0ms, aimer: 0.0ms
[2026-07-01 18:23:38.632] [info] [317] yolo: 6.2ms, tracker: 0.0ms, aimer: 0.0ms
[2026-07-01 18:23:38.676] [info] [318] yolo: 9.0ms, tracker: 0.5ms, aimer: 0.0ms
[2026-07-01 18:23:38.719] [info] [319] yolo: 8.5ms, tracker: 0.0ms, aimer: 0.0ms
[2026-07-01 18:23:38.760] [info] [320] yolo: 8.6ms, tracker: 0.0ms, aimer: 0.0ms
[2026-07-01 18:23:38.803] [info] [321] yolo: 8.9ms, tracker: 0.0ms, aimer: 0.0ms
[2026-07-01 18:23:38.848] [info] [322] yolo: 10.2ms, tracker: 0.0ms, aimer: 0.0ms
[2026-07-01 18:23:38.892] [info] [323] yolo: 9.9ms, tracker: 0.0ms, aimer: 0.0ms
[2026-07-01 18:23:38.935] [info] [324] yolo: 9.5ms, tracker: 0.0ms, aimer: 0.0ms
[2026-07-01 18:23:38.981] [info] [325] yolo: 10.6ms, tracker: 0.0ms, aimer: 0.0ms
[2026-07-01 18:23:39.020] [info] [326] yolo: 6.5ms, tracker: 0.0ms, aimer: 0.0ms
[2026-07-01 18:23:39.067] [info] [327] yolo: 10.5ms, tracker: 0.0ms, aimer: 0.0ms
[2026-07-01 18:23:39.113] [info] [328] yolo: 10.0ms, tracker: 0.0ms, aimer: 0.0ms
[2026-07-01 18:23:39.159] [info] [329] yolo: 13.1ms, tracker: 0.0ms, aimer: 0.0ms
[2026-07-01 18:23:39.203] [info] [330] yolo: 8.9ms, tracker: 0.0ms, aimer: 0.0ms
[2026-07-01 18:23:39.245] [info] [331] yolo: 6.8ms, tracker: 0.0ms, aimer: 0.0ms
[2026-07-01 18:23:39.291] [info] [332] yolo: 9.1ms, tracker: 0.0ms, aimer: 0.0ms
[2026-07-01 18:23:39.336] [info] [333] yolo: 10.0ms, tracker: 0.0ms, aimer: 0.0ms
[2026-07-01 18:23:39.381] [info] [334] yolo: 10.4ms, tracker: 0.0ms, aimer: 0.0ms
[2026-07-01 18:23:39.421] [info] [335] yolo: 7.0ms, tracker: 0.0ms, aimer: 0.0ms
[2026-07-01 18:23:39.467] [info] [336] yolo: 9.9ms, tracker: 0.0ms, aimer: 0.0ms
[2026-07-01 18:23:39.508] [info] [337] yolo: 7.9ms, tracker: 0.0ms, aimer: 0.0ms
[2026-07-01 18:23:39.553] [info] [338] yolo: 9.7ms, tracker: 0.0ms, aimer: 0.0ms
[2026-07-01 18:23:39.596] [info] [339] yolo: 9.4ms, tracker: 0.0ms, aimer: 0.0ms
[2026-07-01 18:23:39.640] [info] [340] yolo: 9.8ms, tracker: 0.0ms, aimer: 0.0ms
[2026-07-01 18:23:39.685] [info] [341] yolo: 11.0ms, tracker: 0.0ms, aimer: 0.0ms
[2026-07-01 18:23:39.730] [info] [342] yolo: 10.2ms, tracker: 0.0ms, aimer: 0.0ms
[2026-07-01 18:23:39.772] [info] [343] yolo: 7.4ms, tracker: 0.5ms, aimer: 0.0ms
[2026-07-01 18:23:39.813] [info] [344] yolo: 6.3ms, tracker: 1.1ms, aimer: 0.1ms
[2026-07-01 18:23:39.858] [info] [345] yolo: 8.9ms, tracker: 0.7ms, aimer: 0.0ms
[2026-07-01 18:23:39.903] [info] [346] yolo: 8.3ms, tracker: 0.6ms, aimer: 0.0ms
[2026-07-01 18:23:39.947] [info] [347] yolo: 8.1ms, tracker: 0.6ms, aimer: 0.0ms
[2026-07-01 18:23:39.993] [info] [348] yolo: 10.2ms, tracker: 0.6ms, aimer: 0.0ms
[2026-07-01 18:23:40.034] [info] [349] yolo: 6.8ms, tracker: 2.0ms, aimer: 0.1ms
[2026-07-01 18:23:40.079] [info] [350] yolo: 10.8ms, tracker: 0.5ms, aimer: 0.0ms
[2026-07-01 18:23:40.126] [info] [351] yolo: 11.6ms, tracker: 0.7ms, aimer: 0.0ms
[2026-07-01 18:23:40.170] [debug] [Target] r=0.563, l=0.000
[2026-07-01 18:23:40.170] [debug] [Tracker] Target diverged!
[2026-07-01 18:23:40.170] [info] [352] yolo: 9.5ms, tracker: 1.0ms, aimer: 0.0ms
[2026-07-01 18:23:40.215] [info] [353] yolo: 10.8ms, tracker: 0.6ms, aimer: 0.0ms
[2026-07-01 18:23:40.260] [info] [354] yolo: 9.8ms, tracker: 0.0ms, aimer: 0.0ms
[2026-07-01 18:23:40.302] [info] [355] yolo: 7.9ms, tracker: 0.0ms, aimer: 0.0ms
[2026-07-01 18:23:40.346] [info] [356] yolo: 8.7ms, tracker: 0.0ms, aimer: 0.0ms
[2026-07-01 18:23:40.390] [info] [357] yolo: 7.2ms, tracker: 0.7ms, aimer: 0.1ms
[2026-07-01 18:23:40.436] [info] [358] yolo: 9.1ms, tracker: 1.0ms, aimer: 0.0ms
[2026-07-01 18:23:40.481] [info] [359] yolo: 11.1ms, tracker: 0.0ms, aimer: 0.0ms
[2026-07-01 18:23:40.526] [info] [360] yolo: 9.5ms, tracker: 0.6ms, aimer: 0.0ms
[2026-07-01 18:23:40.570] [info] [361] yolo: 8.6ms, tracker: 0.6ms, aimer: 0.0ms
[2026-07-01 18:23:40.610] [info] [362] yolo: 6.0ms, tracker: 0.7ms, aimer: 0.0ms
[2026-07-01 18:23:40.656] [info] [363] yolo: 9.7ms, tracker: 0.6ms, aimer: 0.0ms
[2026-07-01 18:23:40.700] [info] [364] yolo: 10.0ms, tracker: 0.5ms, aimer: 0.0ms
[2026-07-01 18:23:40.746] [info] [365] yolo: 10.7ms, tracker: 0.5ms, aimer: 0.0ms
[2026-07-01 18:23:40.791] [info] [366] yolo: 7.8ms, tracker: 0.6ms, aimer: 0.0ms
[2026-07-01 18:23:40.836] [info] [367] yolo: 8.9ms, tracker: 0.5ms, aimer: 0.0ms
[2026-07-01 18:23:40.876] [info] [368] yolo: 6.1ms, tracker: 0.9ms, aimer: 0.1ms
[2026-07-01 18:23:40.922] [info] [369] yolo: 11.5ms, tracker: 0.6ms, aimer: 0.0ms
[2026-07-01 18:23:40.969] [info] [370] yolo: 12.2ms, tracker: 0.6ms, aimer: 0.0ms
[2026-07-01 18:23:41.014] [info] [371] yolo: 11.6ms, tracker: 0.5ms, aimer: 0.0ms
[2026-07-01 18:23:41.055] [info] [372] yolo: 5.4ms, tracker: 1.1ms, aimer: 0.1ms
[2026-07-01 18:23:41.100] [info] [373] yolo: 9.9ms, tracker: 0.9ms, aimer: 0.1ms
[2026-07-01 18:23:41.145] [info] [374] yolo: 10.8ms, tracker: 0.6ms, aimer: 0.0ms
[2026-07-01 18:23:41.192] [info] [375] yolo: 9.4ms, tracker: 0.0ms, aimer: 0.0ms
[2026-07-01 18:23:41.236] [info] [376] yolo: 10.2ms, tracker: 0.6ms, aimer: 0.0ms
[2026-07-01 18:23:41.278] [info] [377] yolo: 6.9ms, tracker: 1.2ms, aimer: 0.0ms
[2026-07-01 18:23:41.322] [info] [378] yolo: 9.6ms, tracker: 0.5ms, aimer: 0.0ms
[2026-07-01 18:23:41.367] [info] [379] yolo: 10.5ms, tracker: 0.5ms, aimer: 0.0ms
[2026-07-01 18:23:41.411] [info] [380] yolo: 10.4ms, tracker: 0.9ms, aimer: 0.0ms
[2026-07-01 18:23:41.454] [info] [381] yolo: 7.5ms, tracker: 1.0ms, aimer: 0.0ms
[2026-07-01 18:23:41.502] [info] [382] yolo: 11.4ms, tracker: 0.6ms, aimer: 0.0ms
[2026-07-01 18:23:41.546] [info] [383] yolo: 6.6ms, tracker: 1.3ms, aimer: 0.0ms
[2026-07-01 18:23:41.589] [warning] [Tracker] Large dt: 0.153s
[2026-07-01 18:23:41.589] [info] [384] yolo: 7.8ms, tracker: 0.5ms, aimer: 0.0ms
[2026-07-01 18:23:41.634] [info] [385] yolo: 8.9ms, tracker: 0.4ms, aimer: 0.0ms
[2026-07-01 18:23:41.677] [info] [386] yolo: 8.5ms, tracker: 0.6ms, aimer: 0.0ms
[2026-07-01 18:23:41.720] [info] [387] yolo: 8.8ms, tracker: 0.5ms, aimer: 0.0ms
[2026-07-01 18:23:41.763] [info] [388] yolo: 8.7ms, tracker: 0.5ms, aimer: 0.0ms
[2026-07-01 18:23:41.804] [info] [389] yolo: 9.1ms, tracker: 0.0ms, aimer: 0.0ms
[2026-07-01 18:23:41.847] [info] [390] yolo: 9.1ms, tracker: 0.0ms, aimer: 0.0ms
[2026-07-01 18:23:41.892] [info] [391] yolo: 10.1ms, tracker: 0.4ms, aimer: 0.0ms
[2026-07-01 18:23:41.935] [info] [392] yolo: 9.3ms, tracker: 0.5ms, aimer: 0.0ms
[2026-07-01 18:23:41.978] [info] [393] yolo: 8.7ms, tracker: 0.0ms, aimer: 0.0ms
[2026-07-01 18:23:42.021] [info] [394] yolo: 9.0ms, tracker: 0.5ms, aimer: 0.0ms
[2026-07-01 18:23:42.063] [info] [395] yolo: 9.0ms, tracker: 0.5ms, aimer: 0.0ms
[2026-07-01 18:23:42.104] [info] [396] yolo: 6.4ms, tracker: 0.6ms, aimer: 0.0ms
[2026-07-01 18:23:42.146] [info] [397] yolo: 8.2ms, tracker: 0.5ms, aimer: 0.0ms
[2026-07-01 18:23:42.191] [info] [398] yolo: 8.4ms, tracker: 0.8ms, aimer: 0.0ms
[2026-07-01 18:23:42.234] [info] [399] yolo: 7.6ms, tracker: 0.9ms, aimer: 0.0ms
[2026-07-01 18:23:42.279] [info] [400] yolo: 10.1ms, tracker: 0.8ms, aimer: 0.0ms
[2026-07-01 18:23:42.324] [info] [401] yolo: 9.5ms, tracker: 0.9ms, aimer: 0.0ms
[2026-07-01 18:23:42.366] [info] [402] yolo: 7.8ms, tracker: 0.9ms, aimer: 0.0ms
[2026-07-01 18:23:42.409] [info] [403] yolo: 8.8ms, tracker: 0.4ms, aimer: 0.0ms
[2026-07-01 18:23:42.454] [info] [404] yolo: 7.9ms, tracker: 0.6ms, aimer: 0.0ms
[2026-07-01 18:23:42.499] [info] [405] yolo: 9.6ms, tracker: 0.5ms, aimer: 0.0ms
[2026-07-01 18:23:42.543] [info] [406] yolo: 9.1ms, tracker: 0.5ms, aimer: 0.0ms
[2026-07-01 18:23:42.585] [info] [407] yolo: 7.2ms, tracker: 0.5ms, aimer: 0.0ms
[2026-07-01 18:23:42.629] [info] [408] yolo: 9.3ms, tracker: 0.5ms, aimer: 0.0ms
[2026-07-01 18:23:42.675] [info] [409] yolo: 10.3ms, tracker: 0.4ms, aimer: 0.0ms
[2026-07-01 18:23:42.713] [info] [410] yolo: 5.3ms, tracker: 0.0ms, aimer: 0.1ms
