[2026-07-02 11:11:20.943] [info] [0] yolo: 134.3ms, tracker: 0.0ms, aimer: 0.0ms
[2026-07-02 11:11:20.997] [info] [1] yolo: 8.3ms, tracker: 0.5ms, aimer: 0.0ms
[2026-07-02 11:11:21.010] [info] [2] yolo: 8.4ms, tracker: 0.0ms, aimer: 0.0ms
[2026-07-02 11:11:21.052] [info] [3] yolo: 8.5ms, tracker: 0.5ms, aimer: 0.0ms
[2026-07-02 11:11:21.095] [info] [4] yolo: 10.2ms, tracker: 0.5ms, aimer: 0.0ms
[2026-07-02 11:11:21.137] [info] [5] yolo: 8.2ms, tracker: 0.5ms, aimer: 0.0ms
[2026-07-02 11:11:21.185] [info] [6] yolo: 10.9ms, tracker: 0.5ms, aimer: 0.0ms
[2026-07-02 11:11:21.230] [info] [7] yolo: 9.1ms, tracker: 0.5ms, aimer: 0.0ms
[2026-07-02 11:11:21.272] [info] [8] yolo: 7.1ms, tracker: 0.5ms, aimer: 0.0ms
[2026-07-02 11:11:21.314] [info] [9] yolo: 8.1ms, tracker: 0.5ms, aimer: 0.0ms
[2026-07-02 11:11:21.356] [info] [10] yolo: 8.9ms, tracker: 0.5ms, aimer: 0.0ms
[2026-07-02 11:11:21.396] [info] [11] yolo: 6.2ms, tracker: 0.8ms, aimer: 0.0ms
[2026-07-02 11:11:21.439] [info] [12] yolo: 10.1ms, tracker: 0.5ms, aimer: 0.0ms
[2026-07-02 11:11:21.484] [info] [13] yolo: 9.9ms, tracker: 0.4ms, aimer: 0.0ms
[2026-07-02 11:11:21.527] [info] [14] yolo: 9.7ms, tracker: 0.4ms, aimer: 0.0ms
[2026-07-02 11:11:21.571] [info] [15] yolo: 10.3ms, tracker: 0.5ms, aimer: 0.0ms
[2026-07-02 11:11:21.615] [info] [16] yolo: 9.8ms, tracker: 0.5ms, aimer: 0.0ms
[2026-07-02 11:11:21.655] [info] [17] yolo: 5.4ms, tracker: 0.9ms, aimer: 0.0ms
[2026-07-02 11:11:21.698] [info] [18] yolo: 8.8ms, tracker: 0.5ms, aimer: 0.0ms
[2026-07-02 11:11:21.738] [info] [19] yolo: 6.1ms, tracker: 0.5ms, aimer: 0.0ms
[2026-07-02 11:11:21.778] [info] [20] yolo: 4.7ms, tracker: 0.6ms, aimer: 0.1ms
[2026-07-02 11:11:21.821] [info] [21] yolo: 5.4ms, tracker: 0.7ms, aimer: 0.0ms
[2026-07-02 11:11:21.867] [info] [22] yolo: 9.8ms, tracker: 0.5ms, aimer: 0.0ms
[2026-07-02 11:11:21.911] [info] [23] yolo: 10.0ms, tracker: 0.5ms, aimer: 0.0ms
[2026-07-02 11:11:21.954] [info] [24] yolo: 6.9ms, tracker: 0.5ms, aimer: 0.0ms
[2026-07-02 11:11:21.996] [info] [25] yolo: 8.4ms, tracker: 0.5ms, aimer: 0.0ms
[2026-07-02 11:11:22.041] [info] [26] yolo: 7.5ms, tracker: 0.6ms, aimer: 0.0ms
[2026-07-02 11:11:22.084] [info] [27] yolo: 6.1ms, tracker: 0.9ms, aimer: 0.1ms
[2026-07-02 11:11:22.132] [info] [28] yolo: 9.5ms, tracker: 0.5ms, aimer: 0.0ms
[2026-07-02 11:11:22.181] [info] [29] yolo: 10.1ms, tracker: 0.5ms, aimer: 0.0ms
[2026-07-02 11:11:22.227] [debug] [Target] r=0.044, l=0.000
[2026-07-02 11:11:22.227] [debug] [Tracker] Target diverged!
[2026-07-02 11:11:22.227] [info] [30] yolo: 9.0ms, tracker: 0.6ms, aimer: 0.0ms
[2026-07-02 11:11:22.270] [info] [31] yolo: 8.7ms, tracker: 0.4ms, aimer: 0.0ms
[2026-07-02 11:11:22.314] [info] [32] yolo: 8.2ms, tracker: 0.5ms, aimer: 0.0ms
[2026-07-02 11:11:22.353] [info] [33] yolo: 5.6ms, tracker: 0.7ms, aimer: 0.0ms
[2026-07-02 11:11:22.396] [info] [34] yolo: 8.2ms, tracker: 0.5ms, aimer: 0.0ms
[2026-07-02 11:11:22.439] [info] [35] yolo: 10.2ms, tracker: 0.5ms, aimer: 0.0ms
[2026-07-02 11:11:22.482] [info] [36] yolo: 9.3ms, tracker: 0.5ms, aimer: 0.0ms
[2026-07-02 11:11:22.526] [info] [37] yolo: 8.1ms, tracker: 0.5ms, aimer: 0.0ms
[2026-07-02 11:11:22.573] [info] [38] yolo: 11.7ms, tracker: 0.5ms, aimer: 0.0ms
[2026-07-02 11:11:22.618] [info] [39] yolo: 8.4ms, tracker: 0.5ms, aimer: 0.0ms
[2026-07-02 11:11:22.663] [info] [40] yolo: 9.9ms, tracker: 0.5ms, aimer: 0.0ms
[2026-07-02 11:11:22.707] [info] [41] yolo: 9.3ms, tracker: 0.5ms, aimer: 0.0ms
[2026-07-02 11:11:22.751] [info] [42] yolo: 9.3ms, tracker: 0.0ms, aimer: 0.0ms
[2026-07-02 11:11:22.794] [info] [43] yolo: 8.7ms, tracker: 0.5ms, aimer: 0.0ms
[2026-07-02 11:11:22.836] [info] [44] yolo: 6.0ms, tracker: 0.9ms, aimer: 0.0ms
[2026-07-02 11:11:22.880] [info] [45] yolo: 7.1ms, tracker: 0.8ms, aimer: 0.0ms
[2026-07-02 11:11:22.924] [info] [46] yolo: 6.5ms, tracker: 0.5ms, aimer: 0.0ms
[2026-07-02 11:11:22.971] [info] [47] yolo: 9.8ms, tracker: 0.4ms, aimer: 0.0ms
[2026-07-02 11:11:23.015] [info] [48] yolo: 8.7ms, tracker: 0.5ms, aimer: 0.0ms
[2026-07-02 11:11:23.061] [info] [49] yolo: 11.6ms, tracker: 0.5ms, aimer: 0.0ms
[2026-07-02 11:11:23.104] [info] [50] yolo: 9.2ms, tracker: 0.5ms, aimer: 0.0ms
[2026-07-02 11:11:23.145] [info] [51] yolo: 7.8ms, tracker: 0.0ms, aimer: 0.0ms
[2026-07-02 11:11:23.188] [info] [52] yolo: 9.0ms, tracker: 0.5ms, aimer: 0.0ms
[2026-07-02 11:11:23.235] [info] [53] yolo: 9.4ms, tracker: 0.0ms, aimer: 0.0ms
[2026-07-02 11:11:23.276] [info] [54] yolo: 6.6ms, tracker: 0.0ms, aimer: 0.1ms
[2026-07-02 11:11:23.320] [info] [55] yolo: 6.9ms, tracker: 0.0ms, aimer: 0.0ms
[2026-07-02 11:11:23.361] [info] [56] yolo: 8.6ms, tracker: 0.0ms, aimer: 0.0ms
[2026-07-02 11:11:23.403] [info] [57] yolo: 8.3ms, tracker: 0.0ms, aimer: 0.0ms
[2026-07-02 11:11:23.446] [info] [58] yolo: 9.0ms, tracker: 0.0ms, aimer: 0.0ms
[2026-07-02 11:11:23.491] [info] [59] yolo: 9.9ms, tracker: 0.0ms, aimer: 0.0ms
[2026-07-02 11:11:23.532] [info] [60] yolo: 6.1ms, tracker: 1.3ms, aimer: 0.1ms
[2026-07-02 11:11:23.577] [info] [61] yolo: 7.9ms, tracker: 0.0ms, aimer: 0.0ms
[2026-07-02 11:11:23.620] [debug] [Target] r=0.042, l=0.000
[2026-07-02 11:11:23.620] [debug] [Tracker] Target diverged!
[2026-07-02 11:11:23.620] [info] [62] yolo: 5.7ms, tracker: 1.1ms, aimer: 0.0ms
[2026-07-02 11:11:23.663] [info] [63] yolo: 9.2ms, tracker: 0.9ms, aimer: 0.1ms
[2026-07-02 11:11:23.707] [info] [64] yolo: 8.3ms, tracker: 1.0ms, aimer: 0.0ms
[2026-07-02 11:11:23.751] [info] [65] yolo: 9.6ms, tracker: 0.0ms, aimer: 0.0ms
[2026-07-02 11:11:23.798] [info] [66] yolo: 11.7ms, tracker: 0.6ms, aimer: 0.0ms
[2026-07-02 11:11:23.841] [info] [67] yolo: 9.3ms, tracker: 0.0ms, aimer: 0.0ms
[2026-07-02 11:11:23.888] [info] [68] yolo: 10.1ms, tracker: 0.5ms, aimer: 0.0ms
[2026-07-02 11:11:23.931] [info] [69] yolo: 10.4ms, tracker: 0.0ms, aimer: 0.0ms
[2026-07-02 11:11:23.975] [info] [70] yolo: 9.4ms, tracker: 0.0ms, aimer: 0.0ms
[2026-07-02 11:11:24.018] [info] [71] yolo: 8.3ms, tracker: 0.4ms, aimer: 0.0ms
[2026-07-02 11:11:24.062] [info] [72] yolo: 8.9ms, tracker: 0.0ms, aimer: 0.0ms
[2026-07-02 11:11:24.104] [info] [73] yolo: 8.9ms, tracker: 0.4ms, aimer: 0.0ms
[2026-07-02 11:11:24.145] [info] [74] yolo: 6.9ms, tracker: 0.5ms, aimer: 0.0ms
[2026-07-02 11:11:24.192] [info] [75] yolo: 10.4ms, tracker: 0.5ms, aimer: 0.0ms
[2026-07-02 11:11:24.238] [info] [76] yolo: 10.6ms, tracker: 0.5ms, aimer: 0.0ms
[2026-07-02 11:11:24.285] [info] [77] yolo: 10.4ms, tracker: 0.4ms, aimer: 0.0ms
[2026-07-02 11:11:24.331] [info] [78] yolo: 9.5ms, tracker: 0.5ms, aimer: 0.0ms
[2026-07-02 11:11:24.371] [info] [79] yolo: 4.9ms, tracker: 0.6ms, aimer: 0.0ms
[2026-07-02 11:11:24.416] [info] [80] yolo: 10.1ms, tracker: 0.5ms, aimer: 0.0ms
[2026-07-02 11:11:24.458] [info] [81] yolo: 8.7ms, tracker: 0.0ms, aimer: 0.0ms
[2026-07-02 11:11:24.501] [info] [82] yolo: 7.7ms, tracker: 0.0ms, aimer: 0.0ms
[2026-07-02 11:11:24.542] [info] [83] yolo: 7.4ms, tracker: 0.0ms, aimer: 0.0ms
[2026-07-02 11:11:24.582] [info] [84] yolo: 5.4ms, tracker: 0.0ms, aimer: 0.1ms
[2026-07-02 11:11:24.622] [info] [85] yolo: 5.0ms, tracker: 0.0ms, aimer: 0.1ms
[2026-07-02 11:11:24.665] [info] [86] yolo: 8.8ms, tracker: 0.0ms, aimer: 0.0ms
[2026-07-02 11:11:24.706] [info] [87] yolo: 6.9ms, tracker: 0.0ms, aimer: 0.0ms
[2026-07-02 11:11:24.751] [info] [88] yolo: 9.6ms, tracker: 0.0ms, aimer: 0.0ms
[2026-07-02 11:11:24.795] [info] [89] yolo: 9.9ms, tracker: 0.0ms, aimer: 0.0ms
[2026-07-02 11:11:24.839] [info] [90] yolo: 9.7ms, tracker: 0.0ms, aimer: 0.0ms
[2026-07-02 11:11:24.881] [info] [91] yolo: 7.4ms, tracker: 0.0ms, aimer: 0.0ms
[2026-07-02 11:11:24.924] [info] [92] yolo: 7.7ms, tracker: 0.0ms, aimer: 0.1ms
[2026-07-02 11:11:24.966] [info] [93] yolo: 5.5ms, tracker: 0.0ms, aimer: 0.1ms
[2026-07-02 11:11:25.275] [info] [94] yolo: 8.9ms, tracker: 0.4ms, aimer: 0.0ms
[2026-07-02 11:11:25.320] [info] [95] yolo: 11.2ms, tracker: 0.0ms, aimer: 0.1ms
[2026-07-02 11:11:25.368] [debug] [Target] r=0.325, l=-0.275
[2026-07-02 11:11:25.368] [debug] [Tracker] Target diverged!
[2026-07-02 11:11:25.368] [info] [96] yolo: 10.7ms, tracker: 0.4ms, aimer: 0.0ms
[2026-07-02 11:11:25.411] [info] [97] yolo: 9.6ms, tracker: 0.5ms, aimer: 0.0ms
[2026-07-02 11:11:25.456] [info] [98] yolo: 10.4ms, tracker: 0.5ms, aimer: 0.0ms
[2026-07-02 11:11:25.498] [info] [99] yolo: 9.3ms, tracker: 0.0ms, aimer: 0.0ms
[2026-07-02 11:11:25.542] [info] [100] yolo: 9.2ms, tracker: 0.0ms, aimer: 0.0ms
[2026-07-02 11:11:25.586] [info] [101] yolo: 8.1ms, tracker: 0.0ms, aimer: 0.0ms
[2026-07-02 11:11:25.633] [info] [102] yolo: 11.1ms, tracker: 0.4ms, aimer: 0.0ms
[2026-07-02 11:11:25.679] [info] [103] yolo: 9.5ms, tracker: 0.0ms, aimer: 0.0ms
[2026-07-02 11:11:25.724] [info] [104] yolo: 9.9ms, tracker: 0.4ms, aimer: 0.0ms
[2026-07-02 11:11:25.767] [info] [105] yolo: 9.4ms, tracker: 0.0ms, aimer: 0.0ms
[2026-07-02 11:11:25.812] [info] [106] yolo: 10.3ms, tracker: 0.5ms, aimer: 0.0ms
[2026-07-02 11:11:25.857] [info] [107] yolo: 9.5ms, tracker: 0.5ms, aimer: 0.0ms
[2026-07-02 11:11:25.899] [info] [108] yolo: 7.5ms, tracker: 0.0ms, aimer: 0.0ms
[2026-07-02 11:11:25.940] [info] [109] yolo: 6.7ms, tracker: 0.5ms, aimer: 0.0ms
[2026-07-02 11:11:25.983] [info] [110] yolo: 9.2ms, tracker: 0.5ms, aimer: 0.0ms
[2026-07-02 11:11:26.025] [info] [111] yolo: 7.8ms, tracker: 0.5ms, aimer: 0.0ms
[2026-07-02 11:11:26.068] [info] [112] yolo: 6.6ms, tracker: 0.0ms, aimer: 0.0ms
[2026-07-02 11:11:26.111] [info] [113] yolo: 9.6ms, tracker: 0.0ms, aimer: 0.0ms
[2026-07-02 11:11:26.154] [info] [114] yolo: 9.1ms, tracker: 0.5ms, aimer: 0.0ms
[2026-07-02 11:11:26.194] [info] [115] yolo: 5.8ms, tracker: 0.9ms, aimer: 0.0ms
[2026-07-02 11:11:26.236] [info] [116] yolo: 9.5ms, tracker: 0.0ms, aimer: 0.0ms
[2026-07-02 11:11:26.278] [info] [117] yolo: 8.0ms, tracker: 0.5ms, aimer: 0.0ms
[2026-07-02 11:11:26.321] [info] [118] yolo: 7.7ms, tracker: 0.5ms, aimer: 0.0ms
[2026-07-02 11:11:26.366] [info] [119] yolo: 8.6ms, tracker: 0.5ms, aimer: 0.0ms
[2026-07-02 11:11:26.408] [info] [120] yolo: 9.5ms, tracker: 0.0ms, aimer: 0.0ms
[2026-07-02 11:11:26.450] [info] [121] yolo: 8.5ms, tracker: 0.5ms, aimer: 0.0ms
[2026-07-02 11:11:26.491] [info] [122] yolo: 7.9ms, tracker: 0.0ms, aimer: 0.0ms
[2026-07-02 11:11:26.534] [info] [123] yolo: 8.4ms, tracker: 0.4ms, aimer: 0.0ms
[2026-07-02 11:11:26.579] [info] [124] yolo: 9.5ms, tracker: 0.5ms, aimer: 0.0ms
[2026-07-02 11:11:26.621] [info] [125] yolo: 8.5ms, tracker: 0.0ms, aimer: 0.0ms
[2026-07-02 11:11:26.663] [info] [126] yolo: 5.7ms, tracker: 0.6ms, aimer: 0.0ms
[2026-07-02 11:11:26.706] [info] [127] yolo: 8.2ms, tracker: 0.0ms, aimer: 0.0ms
[2026-07-02 11:11:26.749] [info] [128] yolo: 9.8ms, tracker: 0.4ms, aimer: 0.0ms
[2026-07-02 11:11:26.792] [info] [129] yolo: 8.2ms, tracker: 0.4ms, aimer: 0.0ms
[2026-07-02 11:11:26.832] [info] [130] yolo: 6.0ms, tracker: 0.6ms, aimer: 0.0ms
[2026-07-02 11:11:26.875] [info] [131] yolo: 9.9ms, tracker: 0.5ms, aimer: 0.0ms
[2026-07-02 11:11:26.916] [info] [132] yolo: 7.4ms, tracker: 0.0ms, aimer: 0.0ms
[2026-07-02 11:11:26.957] [info] [133] yolo: 5.2ms, tracker: 0.5ms, aimer: 0.0ms
[2026-07-02 11:11:26.998] [info] [134] yolo: 6.8ms, tracker: 0.5ms, aimer: 0.0ms
[2026-07-02 11:11:27.043] [info] [135] yolo: 9.7ms, tracker: 0.4ms, aimer: 0.0ms
[2026-07-02 11:11:27.085] [info] [136] yolo: 8.0ms, tracker: 0.0ms, aimer: 0.0ms
[2026-07-02 11:11:27.131] [info] [137] yolo: 9.3ms, tracker: 0.4ms, aimer: 0.0ms
[2026-07-02 11:11:27.173] [info] [138] yolo: 7.5ms, tracker: 0.5ms, aimer: 0.0ms
[2026-07-02 11:11:27.220] [warning] [Tracker] Large dt: 0.167s
[2026-07-02 11:11:27.220] [info] [139] yolo: 9.9ms, tracker: 0.5ms, aimer: 0.0ms
[2026-07-02 11:11:27.258] [info] [140] yolo: 5.2ms, tracker: 0.0ms, aimer: 0.0ms
[2026-07-02 11:11:27.303] [info] [141] yolo: 9.5ms, tracker: 0.5ms, aimer: 0.0ms
[2026-07-02 11:11:27.345] [info] [142] yolo: 8.8ms, tracker: 0.0ms, aimer: 0.0ms
[2026-07-02 11:11:27.387] [info] [143] yolo: 7.4ms, tracker: 0.6ms, aimer: 0.0ms
[2026-07-02 11:11:27.431] [info] [144] yolo: 9.6ms, tracker: 0.5ms, aimer: 0.0ms
[2026-07-02 11:11:27.475] [info] [145] yolo: 9.5ms, tracker: 0.5ms, aimer: 0.0ms
[2026-07-02 11:11:27.520] [info] [146] yolo: 10.8ms, tracker: 0.5ms, aimer: 0.0ms
[2026-07-02 11:11:27.559] [info] [147] yolo: 5.5ms, tracker: 0.6ms, aimer: 0.0ms
[2026-07-02 11:11:27.604] [debug] [Target] r=0.067, l=-0.132
[2026-07-02 11:11:27.604] [debug] [Tracker] Target diverged!
[2026-07-02 11:11:27.604] [info] [148] yolo: 11.1ms, tracker: 0.5ms, aimer: 0.0ms
[2026-07-02 11:11:27.646] [info] [149] yolo: 8.6ms, tracker: 0.4ms, aimer: 0.0ms
[2026-07-02 11:11:27.684] [debug] [Target] r=0.119, l=-0.081
[2026-07-02 11:11:27.684] [debug] [Tracker] Target diverged!
[2026-07-02 11:11:27.684] [info] [150] yolo: 5.2ms, tracker: 0.8ms, aimer: 0.0ms
[2026-07-02 11:11:27.731] [info] [151] yolo: 9.9ms, tracker: 0.5ms, aimer: 0.0ms
[2026-07-02 11:11:27.774] [info] [152] yolo: 9.3ms, tracker: 0.5ms, aimer: 0.0ms
[2026-07-02 11:11:27.817] [warning] [Tracker] Large dt: 26.099s
[2026-07-02 11:11:27.818] [info] [153] yolo: 8.7ms, tracker: 0.5ms, aimer: 0.0ms
[2026-07-02 11:11:27.861] [info] [154] yolo: 7.9ms, tracker: 0.5ms, aimer: 0.0ms
[2026-07-02 11:11:27.900] [info] [155] yolo: 5.4ms, tracker: 0.0ms, aimer: 0.0ms
[2026-07-02 11:11:27.945] [info] [156] yolo: 10.5ms, tracker: 0.4ms, aimer: 0.0ms
[2026-07-02 11:11:27.989] [info] [157] yolo: 9.7ms, tracker: 0.5ms, aimer: 0.0ms
[2026-07-02 11:11:28.035] [info] [158] yolo: 9.9ms, tracker: 0.5ms, aimer: 0.0ms
[2026-07-02 11:11:28.078] [info] [159] yolo: 9.2ms, tracker: 0.0ms, aimer: 0.0ms
[2026-07-02 11:11:28.122] [info] [160] yolo: 9.3ms, tracker: 0.0ms, aimer: 0.0ms
[2026-07-02 11:11:28.163] [info] [161] yolo: 5.7ms, tracker: 0.7ms, aimer: 0.1ms
[2026-07-02 11:11:28.202] [info] [162] yolo: 5.7ms, tracker: 0.6ms, aimer: 0.0ms
[2026-07-02 11:11:28.247] [info] [163] yolo: 9.8ms, tracker: 0.4ms, aimer: 0.0ms
[2026-07-02 11:11:28.289] [info] [164] yolo: 8.2ms, tracker: 0.5ms, aimer: 0.0ms
[2026-07-02 11:11:28.333] [info] [165] yolo: 8.0ms, tracker: 0.5ms, aimer: 0.0ms
[2026-07-02 11:11:28.378] [info] [166] yolo: 9.1ms, tracker: 0.5ms, aimer: 0.0ms
[2026-07-02 11:11:28.420] [info] [167] yolo: 6.4ms, tracker: 0.5ms, aimer: 0.0ms
[2026-07-02 11:11:28.467] [info] [168] yolo: 10.1ms, tracker: 0.4ms, aimer: 0.0ms
[2026-07-02 11:11:28.510] [info] [169] yolo: 8.6ms, tracker: 0.5ms, aimer: 0.0ms
[2026-07-02 11:11:28.554] [info] [170] yolo: 10.6ms, tracker: 0.4ms, aimer: 0.0ms
[2026-07-02 11:11:28.596] [info] [171] yolo: 9.0ms, tracker: 0.0ms, aimer: 0.0ms
[2026-07-02 11:11:28.639] [info] [172] yolo: 9.6ms, tracker: 0.5ms, aimer: 0.0ms
[2026-07-02 11:11:28.683] [info] [173] yolo: 9.5ms, tracker: 0.5ms, aimer: 0.0ms
[2026-07-02 11:11:28.723] [info] [174] yolo: 6.8ms, tracker: 0.0ms, aimer: 0.0ms
[2026-07-02 11:11:28.766] [info] [175] yolo: 8.6ms, tracker: 0.5ms, aimer: 0.0ms
[2026-07-02 11:11:28.810] [info] [176] yolo: 10.5ms, tracker: 0.5ms, aimer: 0.0ms
[2026-07-02 11:11:28.851] [info] [177] yolo: 6.9ms, tracker: 0.7ms, aimer: 0.0ms
[2026-07-02 11:11:28.892] [info] [178] yolo: 6.9ms, tracker: 0.7ms, aimer: 0.0ms
[2026-07-02 11:11:28.937] [info] [179] yolo: 9.5ms, tracker: 0.5ms, aimer: 0.0ms
[2026-07-02 11:11:28.983] [info] [180] yolo: 9.7ms, tracker: 0.5ms, aimer: 0.0ms
[2026-07-02 11:11:29.026] [info] [181] yolo: 8.1ms, tracker: 0.0ms, aimer: 0.0ms
[2026-07-02 11:11:29.072] [info] [182] yolo: 9.5ms, tracker: 0.5ms, aimer: 0.0ms
[2026-07-02 11:11:29.114] [info] [183] yolo: 8.0ms, tracker: 0.5ms, aimer: 0.0ms
[2026-07-02 11:11:29.157] [info] [184] yolo: 9.5ms, tracker: 0.5ms, aimer: 0.0ms
[2026-07-02 11:11:29.201] [info] [185] yolo: 9.6ms, tracker: 0.5ms, aimer: 0.0ms
[2026-07-02 11:11:29.244] [info] [186] yolo: 9.2ms, tracker: 0.6ms, aimer: 0.0ms
[2026-07-02 11:11:29.286] [info] [187] yolo: 6.2ms, tracker: 0.5ms, aimer: 0.0ms
[2026-07-02 11:11:29.332] [info] [188] yolo: 10.0ms, tracker: 0.5ms, aimer: 0.0ms
[2026-07-02 11:11:29.376] [info] [189] yolo: 9.8ms, tracker: 0.5ms, aimer: 0.0ms
[2026-07-02 11:11:29.418] [info] [190] yolo: 8.8ms, tracker: 0.5ms, aimer: 0.0ms
[2026-07-02 11:11:29.462] [info] [191] yolo: 8.6ms, tracker: 0.6ms, aimer: 0.0ms
[2026-07-02 11:11:29.505] [info] [192] yolo: 9.1ms, tracker: 0.5ms, aimer: 0.0ms
[2026-07-02 11:11:29.547] [info] [193] yolo: 8.2ms, tracker: 0.5ms, aimer: 0.0ms
[2026-07-02 11:11:29.587] [info] [194] yolo: 5.5ms, tracker: 0.9ms, aimer: 0.0ms
[2026-07-02 11:11:29.632] [info] [195] yolo: 11.0ms, tracker: 0.5ms, aimer: 0.0ms
[2026-07-02 11:11:29.671] [info] [196] yolo: 6.2ms, tracker: 0.6ms, aimer: 0.0ms
[2026-07-02 11:11:29.714] [info] [197] yolo: 9.1ms, tracker: 0.5ms, aimer: 0.0ms
[2026-07-02 11:11:29.756] [info] [198] yolo: 6.3ms, tracker: 0.5ms, aimer: 0.0ms
[2026-07-02 11:11:29.800] [info] [199] yolo: 11.1ms, tracker: 0.5ms, aimer: 0.0ms
[2026-07-02 11:11:29.844] [info] [200] yolo: 8.5ms, tracker: 0.5ms, aimer: 0.0ms
[2026-07-02 11:11:29.886] [info] [201] yolo: 8.6ms, tracker: 0.5ms, aimer: 0.0ms
[2026-07-02 11:11:29.927] [info] [202] yolo: 5.0ms, tracker: 0.9ms, aimer: 0.0ms
[2026-07-02 11:11:29.969] [info] [203] yolo: 7.3ms, tracker: 0.5ms, aimer: 0.0ms
[2026-07-02 11:11:30.012] [info] [204] yolo: 6.3ms, tracker: 0.8ms, aimer: 0.0ms
[2026-07-02 11:11:30.052] [info] [205] yolo: 6.4ms, tracker: 0.7ms, aimer: 0.0ms
[2026-07-02 11:11:30.092] [info] [206] yolo: 6.4ms, tracker: 0.6ms, aimer: 0.0ms
[2026-07-02 11:11:30.131] [info] [207] yolo: 6.1ms, tracker: 0.5ms, aimer: 0.0ms
[2026-07-02 11:11:30.172] [info] [208] yolo: 7.5ms, tracker: 0.0ms, aimer: 0.0ms
[2026-07-02 11:11:30.215] [info] [209] yolo: 6.1ms, tracker: 0.5ms, aimer: 0.0ms
[2026-07-02 11:11:30.258] [info] [210] yolo: 8.7ms, tracker: 0.5ms, aimer: 0.0ms
[2026-07-02 11:11:30.297] [info] [211] yolo: 5.5ms, tracker: 0.8ms, aimer: 0.0ms
[2026-07-02 11:11:30.339] [info] [212] yolo: 6.2ms, tracker: 0.8ms, aimer: 0.0ms
[2026-07-02 11:11:30.382] [info] [213] yolo: 9.3ms, tracker: 0.5ms, aimer: 0.0ms
[2026-07-02 11:11:30.427] [info] [214] yolo: 9.7ms, tracker: 0.0ms, aimer: 0.0ms
[2026-07-02 11:11:30.473] [info] [215] yolo: 11.9ms, tracker: 0.0ms, aimer: 0.0ms
[2026-07-02 11:11:30.518] [info] [216] yolo: 8.2ms, tracker: 0.5ms, aimer: 0.0ms
[2026-07-02 11:11:30.561] [info] [217] yolo: 7.7ms, tracker: 0.0ms, aimer: 0.0ms
[2026-07-02 11:11:30.606] [info] [218] yolo: 10.4ms, tracker: 0.0ms, aimer: 0.0ms
[2026-07-02 11:11:30.648] [info] [219] yolo: 9.1ms, tracker: 0.0ms, aimer: 0.0ms
[2026-07-02 11:11:30.687] [info] [220] yolo: 6.1ms, tracker: 0.0ms, aimer: 0.1ms
[2026-07-02 11:11:30.730] [info] [221] yolo: 8.8ms, tracker: 0.0ms, aimer: 0.0ms
[2026-07-02 11:11:30.774] [info] [222] yolo: 9.4ms, tracker: 0.0ms, aimer: 0.0ms
[2026-07-02 11:11:30.819] [info] [223] yolo: 9.5ms, tracker: 0.0ms, aimer: 0.0ms
[2026-07-02 11:11:30.863] [info] [224] yolo: 10.1ms, tracker: 0.5ms, aimer: 0.0ms
[2026-07-02 11:11:30.905] [info] [225] yolo: 7.4ms, tracker: 0.5ms, aimer: 0.0ms
[2026-07-02 11:11:30.949] [info] [226] yolo: 8.6ms, tracker: 1.0ms, aimer: 0.1ms
[2026-07-02 11:11:30.993] [info] [227] yolo: 9.1ms, tracker: 0.6ms, aimer: 0.0ms
[2026-07-02 11:11:31.035] [info] [228] yolo: 6.5ms, tracker: 1.0ms, aimer: 0.1ms
[2026-07-02 11:11:31.080] [info] [229] yolo: 10.0ms, tracker: 0.6ms, aimer: 0.0ms
[2026-07-02 11:11:31.124] [info] [230] yolo: 10.1ms, tracker: 0.6ms, aimer: 0.0ms
[2026-07-02 11:11:31.167] [info] [231] yolo: 9.4ms, tracker: 0.0ms, aimer: 0.0ms
[2026-07-02 11:11:31.209] [info] [232] yolo: 7.2ms, tracker: 0.0ms, aimer: 0.1ms
[2026-07-02 11:11:31.254] [info] [233] yolo: 10.5ms, tracker: 0.6ms, aimer: 0.0ms
[2026-07-02 11:11:31.298] [info] [234] yolo: 8.5ms, tracker: 0.6ms, aimer: 0.0ms
[2026-07-02 11:11:31.342] [info] [235] yolo: 9.4ms, tracker: 0.0ms, aimer: 0.0ms
[2026-07-02 11:11:31.389] [info] [236] yolo: 11.3ms, tracker: 0.7ms, aimer: 0.0ms
[2026-07-02 11:11:31.437] [info] [237] yolo: 11.3ms, tracker: 0.7ms, aimer: 0.0ms
[2026-07-02 11:11:31.486] [info] [238] yolo: 12.0ms, tracker: 0.6ms, aimer: 0.0ms
[2026-07-02 11:11:31.532] [info] [239] yolo: 9.4ms, tracker: 1.0ms, aimer: 0.0ms
[2026-07-02 11:11:31.575] [info] [240] yolo: 9.2ms, tracker: 0.7ms, aimer: 0.0ms
[2026-07-02 11:11:31.621] [info] [241] yolo: 11.4ms, tracker: 0.6ms, aimer: 0.0ms
[2026-07-02 11:11:31.667] [info] [242] yolo: 9.9ms, tracker: 0.0ms, aimer: 0.0ms
[2026-07-02 11:11:31.711] [info] [243] yolo: 9.5ms, tracker: 0.0ms, aimer: 0.0ms
[2026-07-02 11:11:31.753] [info] [244] yolo: 7.0ms, tracker: 1.1ms, aimer: 0.1ms
[2026-07-02 11:11:31.798] [info] [245] yolo: 10.0ms, tracker: 0.6ms, aimer: 0.0ms
[2026-07-02 11:11:31.843] [info] [246] yolo: 10.7ms, tracker: 0.6ms, aimer: 0.0ms
[2026-07-02 11:11:31.886] [info] [247] yolo: 8.1ms, tracker: 0.0ms, aimer: 0.0ms
[2026-07-02 11:11:31.931] [info] [248] yolo: 8.3ms, tracker: 0.7ms, aimer: 0.0ms
[2026-07-02 11:11:31.975] [info] [249] yolo: 8.5ms, tracker: 0.6ms, aimer: 0.0ms
[2026-07-02 11:11:32.021] [info] [250] yolo: 10.6ms, tracker: 0.6ms, aimer: 0.0ms
[2026-07-02 11:11:32.066] [info] [251] yolo: 7.7ms, tracker: 0.0ms, aimer: 0.0ms
[2026-07-02 11:11:32.110] [info] [252] yolo: 10.4ms, tracker: 0.5ms, aimer: 0.0ms
[2026-07-02 11:11:32.155] [info] [253] yolo: 10.9ms, tracker: 0.0ms, aimer: 0.0ms
[2026-07-02 11:11:32.198] [info] [254] yolo: 7.9ms, tracker: 0.5ms, aimer: 0.0ms
[2026-07-02 11:11:32.241] [info] [255] yolo: 9.5ms, tracker: 0.6ms, aimer: 0.0ms
[2026-07-02 11:11:32.289] [info] [256] yolo: 11.1ms, tracker: 0.5ms, aimer: 0.0ms
[2026-07-02 11:11:32.335] [info] [257] yolo: 9.6ms, tracker: 0.6ms, aimer: 0.0ms
[2026-07-02 11:11:32.376] [info] [258] yolo: 5.9ms, tracker: 0.0ms, aimer: 0.1ms
[2026-07-02 11:11:32.419] [info] [259] yolo: 9.3ms, tracker: 0.0ms, aimer: 0.0ms
[2026-07-02 11:11:32.464] [info] [260] yolo: 10.5ms, tracker: 0.8ms, aimer: 0.0ms
[2026-07-02 11:11:32.509] [info] [261] yolo: 9.3ms, tracker: 0.9ms, aimer: 0.0ms
[2026-07-02 11:11:32.552] [info] [262] yolo: 6.4ms, tracker: 1.2ms, aimer: 0.1ms
[2026-07-02 11:11:32.593] [info] [263] yolo: 6.9ms, tracker: 0.8ms, aimer: 0.0ms
[2026-07-02 11:11:32.635] [info] [264] yolo: 6.4ms, tracker: 1.1ms, aimer: 0.1ms
[2026-07-02 11:11:32.675] [info] [265] yolo: 5.4ms, tracker: 0.0ms, aimer: 0.1ms
[2026-07-02 11:11:32.724] [info] [266] yolo: 10.3ms, tracker: 0.6ms, aimer: 0.0ms
[2026-07-02 11:11:32.769] [info] [267] yolo: 11.3ms, tracker: 0.5ms, aimer: 0.0ms
[2026-07-02 11:11:32.813] [info] [268] yolo: 7.7ms, tracker: 0.3ms, aimer: 0.0ms
[2026-07-02 11:11:32.856] [info] [269] yolo: 8.5ms, tracker: 0.6ms, aimer: 0.0ms
[2026-07-02 11:11:32.903] [info] [270] yolo: 11.3ms, tracker: 0.7ms, aimer: 0.0ms
[2026-07-02 11:11:32.949] [info] [271] yolo: 11.7ms, tracker: 0.5ms, aimer: 0.0ms
[2026-07-02 11:11:32.995] [info] [272] yolo: 11.8ms, tracker: 0.5ms, aimer: 0.0ms
[2026-07-02 11:11:33.040] [info] [273] yolo: 9.9ms, tracker: 0.5ms, aimer: 0.0ms
[2026-07-02 11:11:33.081] [info] [274] yolo: 6.2ms, tracker: 1.1ms, aimer: 0.1ms
[2026-07-02 11:11:33.126] [info] [275] yolo: 8.4ms, tracker: 0.6ms, aimer: 0.0ms
[2026-07-02 11:11:33.172] [info] [276] yolo: 9.4ms, tracker: 0.5ms, aimer: 0.0ms
[2026-07-02 11:11:33.211] [info] [277] yolo: 5.6ms, tracker: 0.0ms, aimer: 0.1ms
[2026-07-02 11:11:33.256] [info] [278] yolo: 10.5ms, tracker: 0.0ms, aimer: 0.0ms
[2026-07-02 11:11:33.300] [info] [279] yolo: 10.8ms, tracker: 0.0ms, aimer: 0.0ms
[2026-07-02 11:11:33.343] [info] [280] yolo: 7.8ms, tracker: 0.0ms, aimer: 0.0ms
[2026-07-02 11:11:33.387] [info] [281] yolo: 9.3ms, tracker: 0.0ms, aimer: 0.0ms
[2026-07-02 11:11:33.433] [info] [282] yolo: 11.4ms, tracker: 0.0ms, aimer: 0.0ms
[2026-07-02 11:11:33.477] [info] [283] yolo: 7.1ms, tracker: 0.6ms, aimer: 0.0ms
[2026-07-02 11:11:33.521] [info] [284] yolo: 6.4ms, tracker: 0.7ms, aimer: 0.0ms
[2026-07-02 11:11:33.567] [info] [285] yolo: 9.3ms, tracker: 0.6ms, aimer: 0.0ms
[2026-07-02 11:11:33.609] [info] [286] yolo: 6.6ms, tracker: 1.0ms, aimer: 0.0ms
[2026-07-02 11:11:33.650] [info] [287] yolo: 6.2ms, tracker: 0.8ms, aimer: 0.0ms
[2026-07-02 11:11:33.697] [info] [288] yolo: 11.7ms, tracker: 0.0ms, aimer: 0.0ms
[2026-07-02 11:11:33.742] [info] [289] yolo: 10.8ms, tracker: 0.0ms, aimer: 0.1ms
[2026-07-02 11:11:33.787] [info] [290] yolo: 8.9ms, tracker: 0.0ms, aimer: 0.0ms
[2026-07-02 11:11:33.830] [info] [291] yolo: 7.7ms, tracker: 0.0ms, aimer: 0.1ms
[2026-07-02 11:11:33.874] [info] [292] yolo: 8.3ms, tracker: 0.0ms, aimer: 0.1ms
[2026-07-02 11:11:33.921] [info] [293] yolo: 10.4ms, tracker: 0.6ms, aimer: 0.0ms
[2026-07-02 11:11:33.967] [info] [294] yolo: 9.2ms, tracker: 0.0ms, aimer: 0.0ms
[2026-07-02 11:11:34.009] [info] [295] yolo: 7.2ms, tracker: 0.7ms, aimer: 0.0ms
[2026-07-02 11:11:34.052] [info] [296] yolo: 8.6ms, tracker: 0.5ms, aimer: 0.0ms
[2026-07-02 11:11:34.093] [info] [297] yolo: 6.8ms, tracker: 0.0ms, aimer: 0.1ms
[2026-07-02 11:11:34.135] [info] [298] yolo: 7.1ms, tracker: 0.6ms, aimer: 0.0ms
[2026-07-02 11:11:34.176] [info] [299] yolo: 7.1ms, tracker: 0.0ms, aimer: 0.0ms
[2026-07-02 11:11:34.218] [info] [300] yolo: 8.8ms, tracker: 0.0ms, aimer: 0.0ms
[2026-07-02 11:11:34.265] [info] [301] yolo: 10.9ms, tracker: 0.5ms, aimer: 0.0ms
[2026-07-02 11:11:34.306] [info] [302] yolo: 7.2ms, tracker: 0.0ms, aimer: 0.0ms
[2026-07-02 11:11:34.348] [info] [303] yolo: 7.4ms, tracker: 0.0ms, aimer: 0.0ms
[2026-07-02 11:11:34.393] [info] [304] yolo: 10.1ms, tracker: 0.0ms, aimer: 0.0ms
[2026-07-02 11:11:34.435] [info] [305] yolo: 8.7ms, tracker: 0.0ms, aimer: 0.0ms
[2026-07-02 11:11:34.478] [info] [306] yolo: 9.1ms, tracker: 0.0ms, aimer: 0.0ms
[2026-07-02 11:11:34.521] [info] [307] yolo: 8.6ms, tracker: 0.0ms, aimer: 0.0ms
[2026-07-02 11:11:34.565] [info] [308] yolo: 7.9ms, tracker: 0.0ms, aimer: 0.0ms
[2026-07-02 11:11:34.604] [info] [309] yolo: 5.5ms, tracker: 0.0ms, aimer: 0.1ms
[2026-07-02 11:11:34.646] [info] [310] yolo: 7.6ms, tracker: 0.0ms, aimer: 0.0ms
[2026-07-02 11:11:34.688] [info] [311] yolo: 6.8ms, tracker: 0.0ms, aimer: 0.0ms
[2026-07-02 11:11:34.731] [info] [312] yolo: 9.4ms, tracker: 0.0ms, aimer: 0.0ms
[2026-07-02 11:11:34.772] [info] [313] yolo: 7.3ms, tracker: 0.0ms, aimer: 0.0ms
[2026-07-02 11:11:34.818] [info] [314] yolo: 8.6ms, tracker: 0.0ms, aimer: 0.0ms
[2026-07-02 11:11:34.860] [info] [315] yolo: 7.0ms, tracker: 0.0ms, aimer: 0.0ms
[2026-07-02 11:11:34.904] [info] [316] yolo: 10.1ms, tracker: 0.0ms, aimer: 0.0ms
[2026-07-02 11:11:34.946] [info] [317] yolo: 9.7ms, tracker: 0.0ms, aimer: 0.0ms
[2026-07-02 11:11:34.991] [info] [318] yolo: 8.9ms, tracker: 0.4ms, aimer: 0.0ms
[2026-07-02 11:11:35.031] [info] [319] yolo: 6.2ms, tracker: 0.0ms, aimer: 0.0ms
[2026-07-02 11:11:35.074] [info] [320] yolo: 9.4ms, tracker: 0.0ms, aimer: 0.0ms
[2026-07-02 11:11:35.114] [info] [321] yolo: 5.6ms, tracker: 0.0ms, aimer: 0.0ms
[2026-07-02 11:11:35.159] [info] [322] yolo: 9.8ms, tracker: 0.0ms, aimer: 0.0ms
[2026-07-02 11:11:35.202] [info] [323] yolo: 8.7ms, tracker: 0.0ms, aimer: 0.0ms
[2026-07-02 11:11:35.245] [info] [324] yolo: 9.5ms, tracker: 0.0ms, aimer: 0.0ms
[2026-07-02 11:11:35.285] [info] [325] yolo: 5.8ms, tracker: 0.0ms, aimer: 0.0ms
[2026-07-02 11:11:35.330] [info] [326] yolo: 8.9ms, tracker: 0.0ms, aimer: 0.0ms
[2026-07-02 11:11:35.374] [info] [327] yolo: 9.4ms, tracker: 0.0ms, aimer: 0.0ms
[2026-07-02 11:11:35.415] [info] [328] yolo: 6.2ms, tracker: 0.0ms, aimer: 0.0ms
[2026-07-02 11:11:35.459] [info] [329] yolo: 9.1ms, tracker: 0.0ms, aimer: 0.0ms
[2026-07-02 11:11:35.502] [info] [330] yolo: 9.7ms, tracker: 0.0ms, aimer: 0.0ms
[2026-07-02 11:11:35.545] [info] [331] yolo: 8.5ms, tracker: 0.0ms, aimer: 0.0ms
[2026-07-02 11:11:35.587] [info] [332] yolo: 8.4ms, tracker: 0.0ms, aimer: 0.0ms
[2026-07-02 11:11:35.627] [info] [333] yolo: 5.6ms, tracker: 0.0ms, aimer: 0.0ms
[2026-07-02 11:11:35.669] [info] [334] yolo: 8.6ms, tracker: 0.0ms, aimer: 0.0ms
[2026-07-02 11:11:35.715] [info] [335] yolo: 9.6ms, tracker: 0.0ms, aimer: 0.0ms
[2026-07-02 11:11:35.758] [info] [336] yolo: 8.9ms, tracker: 0.0ms, aimer: 0.0ms
[2026-07-02 11:11:35.800] [info] [337] yolo: 9.0ms, tracker: 0.0ms, aimer: 0.0ms
[2026-07-02 11:11:35.841] [info] [338] yolo: 8.6ms, tracker: 0.0ms, aimer: 0.0ms
[2026-07-02 11:11:35.885] [info] [339] yolo: 8.1ms, tracker: 0.0ms, aimer: 0.0ms
[2026-07-02 11:11:35.929] [info] [340] yolo: 7.0ms, tracker: 0.0ms, aimer: 0.0ms
[2026-07-02 11:11:35.970] [info] [341] yolo: 5.1ms, tracker: 0.0ms, aimer: 0.0ms
[2026-07-02 11:11:36.014] [info] [342] yolo: 9.5ms, tracker: 0.0ms, aimer: 0.0ms
[2026-07-02 11:11:36.057] [info] [343] yolo: 7.9ms, tracker: 0.4ms, aimer: 0.0ms
[2026-07-02 11:11:36.102] [info] [344] yolo: 9.9ms, tracker: 0.5ms, aimer: 0.0ms
[2026-07-02 11:11:36.146] [info] [345] yolo: 10.3ms, tracker: 0.5ms, aimer: 0.0ms
[2026-07-02 11:11:36.188] [info] [346] yolo: 6.7ms, tracker: 0.7ms, aimer: 0.0ms
[2026-07-02 11:11:36.233] [info] [347] yolo: 7.5ms, tracker: 0.5ms, aimer: 0.0ms
[2026-07-02 11:11:36.278] [info] [348] yolo: 9.0ms, tracker: 0.5ms, aimer: 0.0ms
[2026-07-02 11:11:36.321] [info] [349] yolo: 6.7ms, tracker: 1.2ms, aimer: 0.0ms
[2026-07-02 11:11:36.367] [info] [350] yolo: 9.3ms, tracker: 0.5ms, aimer: 0.0ms
[2026-07-02 11:11:36.407] [info] [351] yolo: 5.9ms, tracker: 0.5ms, aimer: 0.0ms
[2026-07-02 11:11:36.452] [info] [352] yolo: 10.5ms, tracker: 0.9ms, aimer: 0.0ms
[2026-07-02 11:11:36.495] [info] [353] yolo: 10.3ms, tracker: 0.0ms, aimer: 0.0ms
[2026-07-02 11:11:36.538] [debug] [Target] r=0.184, l=-0.201
[2026-07-02 11:11:36.538] [debug] [Tracker] Target diverged!
[2026-07-02 11:11:36.538] [info] [354] yolo: 9.0ms, tracker: 0.5ms, aimer: 0.0ms
[2026-07-02 11:11:36.582] [info] [355] yolo: 9.7ms, tracker: 0.0ms, aimer: 0.0ms
[2026-07-02 11:11:36.624] [info] [356] yolo: 7.7ms, tracker: 0.0ms, aimer: 0.0ms
[2026-07-02 11:11:36.668] [info] [357] yolo: 10.6ms, tracker: 0.4ms, aimer: 0.0ms
[2026-07-02 11:11:36.709] [info] [358] yolo: 7.6ms, tracker: 0.8ms, aimer: 0.0ms
[2026-07-02 11:11:36.752] [info] [359] yolo: 9.2ms, tracker: 0.0ms, aimer: 0.0ms
[2026-07-02 11:11:36.795] [info] [360] yolo: 8.9ms, tracker: 0.5ms, aimer: 0.0ms
[2026-07-02 11:11:36.839] [info] [361] yolo: 9.1ms, tracker: 0.5ms, aimer: 0.0ms
[2026-07-02 11:11:36.883] [info] [362] yolo: 8.7ms, tracker: 0.5ms, aimer: 0.0ms
[2026-07-02 11:11:36.924] [info] [363] yolo: 5.9ms, tracker: 0.8ms, aimer: 0.0ms
[2026-07-02 11:11:36.964] [info] [364] yolo: 6.8ms, tracker: 0.5ms, aimer: 0.0ms
[2026-07-02 11:11:37.006] [info] [365] yolo: 8.9ms, tracker: 0.5ms, aimer: 0.0ms
[2026-07-02 11:11:37.048] [info] [366] yolo: 7.5ms, tracker: 0.5ms, aimer: 0.0ms
[2026-07-02 11:11:37.093] [info] [367] yolo: 9.2ms, tracker: 0.5ms, aimer: 0.0ms
[2026-07-02 11:11:37.136] [info] [368] yolo: 8.2ms, tracker: 0.5ms, aimer: 0.0ms
[2026-07-02 11:11:37.178] [info] [369] yolo: 8.8ms, tracker: 0.5ms, aimer: 0.0ms
[2026-07-02 11:11:37.220] [info] [370] yolo: 6.8ms, tracker: 0.5ms, aimer: 0.0ms
[2026-07-02 11:11:37.262] [info] [371] yolo: 9.4ms, tracker: 0.4ms, aimer: 0.0ms
[2026-07-02 11:11:37.307] [info] [372] yolo: 9.5ms, tracker: 0.5ms, aimer: 0.0ms
[2026-07-02 11:11:37.350] [info] [373] yolo: 9.2ms, tracker: 0.5ms, aimer: 0.0ms
[2026-07-02 11:11:37.394] [info] [374] yolo: 9.0ms, tracker: 0.5ms, aimer: 0.0ms
[2026-07-02 11:11:37.438] [info] [375] yolo: 9.6ms, tracker: 0.0ms, aimer: 0.0ms
[2026-07-02 11:11:37.482] [info] [376] yolo: 8.7ms, tracker: 0.5ms, aimer: 0.0ms
[2026-07-02 11:11:37.524] [info] [377] yolo: 5.7ms, tracker: 1.3ms, aimer: 0.0ms
[2026-07-02 11:11:37.564] [info] [378] yolo: 6.0ms, tracker: 1.0ms, aimer: 0.1ms
[2026-07-02 11:11:37.609] [info] [379] yolo: 10.1ms, tracker: 0.4ms, aimer: 0.0ms
[2026-07-02 11:11:37.653] [info] [380] yolo: 8.7ms, tracker: 0.9ms, aimer: 0.0ms
[2026-07-02 11:11:37.696] [info] [381] yolo: 7.9ms, tracker: 0.8ms, aimer: 0.0ms
[2026-07-02 11:11:37.736] [info] [382] yolo: 6.7ms, tracker: 0.5ms, aimer: 0.0ms
[2026-07-02 11:11:37.785] [info] [383] yolo: 10.6ms, tracker: 0.9ms, aimer: 0.0ms
[2026-07-02 11:11:37.828] [warning] [Tracker] Large dt: 0.153s
[2026-07-02 11:11:37.829] [info] [384] yolo: 7.9ms, tracker: 0.5ms, aimer: 0.0ms
[2026-07-02 11:11:37.877] [info] [385] yolo: 10.7ms, tracker: 0.6ms, aimer: 0.0ms
[2026-07-02 11:11:37.921] [info] [386] yolo: 7.6ms, tracker: 0.5ms, aimer: 0.0ms
[2026-07-02 11:11:37.969] [info] [387] yolo: 10.0ms, tracker: 0.8ms, aimer: 0.0ms
[2026-07-02 11:11:38.015] [info] [388] yolo: 9.6ms, tracker: 0.6ms, aimer: 0.0ms
[2026-07-02 11:11:38.060] [info] [389] yolo: 9.5ms, tracker: 0.0ms, aimer: 0.0ms
[2026-07-02 11:11:38.103] [info] [390] yolo: 9.3ms, tracker: 0.0ms, aimer: 0.1ms
[2026-07-02 11:11:38.147] [info] [391] yolo: 8.9ms, tracker: 0.7ms, aimer: 0.0ms
[2026-07-02 11:11:38.192] [info] [392] yolo: 10.2ms, tracker: 0.6ms, aimer: 0.0ms
[2026-07-02 11:11:38.237] [info] [393] yolo: 10.1ms, tracker: 0.0ms, aimer: 0.0ms
[2026-07-02 11:11:38.285] [info] [394] yolo: 10.3ms, tracker: 0.6ms, aimer: 0.0ms
[2026-07-02 11:11:38.331] [info] [395] yolo: 9.3ms, tracker: 0.6ms, aimer: 0.0ms
[2026-07-02 11:11:38.375] [info] [396] yolo: 8.7ms, tracker: 0.8ms, aimer: 0.0ms
[2026-07-02 11:11:38.421] [info] [397] yolo: 10.6ms, tracker: 0.6ms, aimer: 0.0ms
[2026-07-02 11:11:38.467] [info] [398] yolo: 8.4ms, tracker: 1.0ms, aimer: 0.0ms
[2026-07-02 11:11:38.512] [info] [399] yolo: 9.2ms, tracker: 1.2ms, aimer: 0.0ms
[2026-07-02 11:11:38.555] [info] [400] yolo: 9.5ms, tracker: 1.0ms, aimer: 0.0ms
[2026-07-02 11:11:38.601] [info] [401] yolo: 10.4ms, tracker: 1.0ms, aimer: 0.0ms
[2026-07-02 11:11:38.646] [info] [402] yolo: 9.2ms, tracker: 0.9ms, aimer: 0.0ms
[2026-07-02 11:11:38.689] [info] [403] yolo: 9.4ms, tracker: 0.6ms, aimer: 0.0ms
[2026-07-02 11:11:38.736] [info] [404] yolo: 9.5ms, tracker: 0.5ms, aimer: 0.0ms
[2026-07-02 11:11:38.781] [info] [405] yolo: 10.6ms, tracker: 0.7ms, aimer: 0.0ms
[2026-07-02 11:11:38.827] [info] [406] yolo: 9.0ms, tracker: 0.5ms, aimer: 0.0ms
[2026-07-02 11:11:38.870] [info] [407] yolo: 7.6ms, tracker: 0.7ms, aimer: 0.0ms
[2026-07-02 11:11:38.916] [info] [408] yolo: 9.9ms, tracker: 0.5ms, aimer: 0.0ms
[2026-07-02 11:11:38.958] [info] [409] yolo: 8.2ms, tracker: 0.5ms, aimer: 0.0ms
[2026-07-02 11:11:38.997] [info] [410] yolo: 6.2ms, tracker: 0.0ms, aimer: 0.1ms
[2026-07-02 11:11:39.040] [info] [411] yolo: 8.6ms, tracker: 0.0ms, aimer: 0.0ms
[2026-07-02 11:11:39.086] [info] [412] yolo: 8.5ms, tracker: 0.5ms, aimer: 0.0ms
[2026-07-02 11:11:39.131] [info] [413] yolo: 9.3ms, tracker: 0.0ms, aimer: 0.0ms
[2026-07-02 11:11:39.173] [info] [414] yolo: 6.6ms, tracker: 1.1ms, aimer: 0.1ms
[2026-07-02 11:11:39.218] [info] [415] yolo: 8.4ms, tracker: 0.7ms, aimer: 0.0ms
[2026-07-02 11:11:39.260] [info] [416] yolo: 5.3ms, tracker: 1.1ms, aimer: 0.1ms
[2026-07-02 11:11:39.304] [info] [417] yolo: 9.9ms, tracker: 0.6ms, aimer: 0.0ms
[2026-07-02 11:11:39.347] [info] [418] yolo: 7.4ms, tracker: 0.0ms, aimer: 0.1ms
[2026-07-02 11:11:39.390] [info] [419] yolo: 8.0ms, tracker: 1.0ms, aimer: 0.1ms
[2026-07-02 11:11:39.436] [info] [420] yolo: 9.3ms, tracker: 1.0ms, aimer: 0.0ms
[2026-07-02 11:11:39.480] [info] [421] yolo: 9.0ms, tracker: 1.1ms, aimer: 0.0ms
[2026-07-02 11:11:39.527] [info] [422] yolo: 12.6ms, tracker: 0.6ms, aimer: 0.0ms
[2026-07-02 11:11:39.574] [info] [423] yolo: 11.7ms, tracker: 1.1ms, aimer: 0.0ms
[2026-07-02 11:11:39.618] [info] [424] yolo: 8.5ms, tracker: 0.7ms, aimer: 0.0ms
[2026-07-02 11:11:39.663] [info] [425] yolo: 8.7ms, tracker: 0.6ms, aimer: 0.0ms
[2026-07-02 11:11:39.709] [info] [426] yolo: 10.4ms, tracker: 0.8ms, aimer: 0.0ms
[2026-07-02 11:11:39.756] [info] [427] yolo: 11.7ms, tracker: 0.0ms, aimer: 0.0ms
[2026-07-02 11:11:39.800] [info] [428] yolo: 9.6ms, tracker: 0.6ms, aimer: 0.0ms
[2026-07-02 11:11:39.845] [info] [429] yolo: 10.6ms, tracker: 0.7ms, aimer: 0.0ms
[2026-07-02 11:11:39.888] [info] [430] yolo: 9.1ms, tracker: 0.0ms, aimer: 0.0ms
[2026-07-02 11:11:39.933] [info] [431] yolo: 10.1ms, tracker: 0.7ms, aimer: 0.0ms
[2026-07-02 11:11:39.981] [info] [432] yolo: 10.2ms, tracker: 0.9ms, aimer: 0.0ms
[2026-07-02 11:11:40.025] [info] [433] yolo: 7.1ms, tracker: 1.0ms, aimer: 0.1ms
[2026-07-02 11:11:40.072] [info] [434] yolo: 10.4ms, tracker: 0.6ms, aimer: 0.0ms
[2026-07-02 11:11:40.116] [info] [435] yolo: 9.6ms, tracker: 0.8ms, aimer: 0.0ms
[2026-07-02 11:11:40.159] [info] [436] yolo: 6.1ms, tracker: 1.8ms, aimer: 0.1ms
[2026-07-02 11:11:40.203] [info] [437] yolo: 9.0ms, tracker: 1.0ms, aimer: 0.0ms
[2026-07-02 11:11:40.246] [info] [438] yolo: 8.5ms, tracker: 0.5ms, aimer: 0.0ms
[2026-07-02 11:11:40.292] [info] [439] yolo: 11.9ms, tracker: 0.6ms, aimer: 0.0ms
[2026-07-02 11:11:40.334] [info] [440] yolo: 9.0ms, tracker: 0.0ms, aimer: 0.0ms
[2026-07-02 11:11:40.376] [info] [441] yolo: 5.7ms, tracker: 1.1ms, aimer: 0.1ms
[2026-07-02 11:11:40.425] [info] [442] yolo: 10.7ms, tracker: 0.5ms, aimer: 0.0ms
[2026-07-02 11:11:40.472] [info] [443] yolo: 10.4ms, tracker: 0.5ms, aimer: 0.0ms
[2026-07-02 11:11:40.515] [info] [444] yolo: 9.3ms, tracker: 0.6ms, aimer: 0.0ms
[2026-07-02 11:11:40.559] [info] [445] yolo: 9.2ms, tracker: 0.5ms, aimer: 0.0ms
[2026-07-02 11:11:40.603] [info] [446] yolo: 10.4ms, tracker: 0.0ms, aimer: 0.0ms
[2026-07-02 11:11:40.644] [info] [447] yolo: 7.1ms, tracker: 0.0ms, aimer: 0.0ms
[2026-07-02 11:11:40.685] [info] [448] yolo: 8.6ms, tracker: 0.0ms, aimer: 0.1ms
[2026-07-02 11:11:40.728] [info] [449] yolo: 6.6ms, tracker: 0.5ms, aimer: 0.0ms
[2026-07-02 11:11:40.771] [info] [450] yolo: 10.2ms, tracker: 0.0ms, aimer: 0.0ms
[2026-07-02 11:11:40.816] [info] [451] yolo: 10.7ms, tracker: 0.4ms, aimer: 0.0ms
[2026-07-02 11:11:40.860] [info] [452] yolo: 8.4ms, tracker: 0.5ms, aimer: 0.0ms
[2026-07-02 11:11:40.903] [info] [453] yolo: 10.2ms, tracker: 0.0ms, aimer: 0.0ms
[2026-07-02 11:11:40.948] [info] [454] yolo: 11.2ms, tracker: 0.0ms, aimer: 0.0ms
[2026-07-02 11:11:40.990] [info] [455] yolo: 9.2ms, tracker: 0.0ms, aimer: 0.0ms
[2026-07-02 11:11:41.033] [info] [456] yolo: 7.5ms, tracker: 0.0ms, aimer: 0.0ms
[2026-07-02 11:11:41.079] [info] [457] yolo: 10.0ms, tracker: 0.0ms, aimer: 0.0ms
[2026-07-02 11:11:41.121] [info] [458] yolo: 8.1ms, tracker: 0.0ms, aimer: 0.0ms
[2026-07-02 11:11:41.167] [info] [459] yolo: 10.0ms, tracker: 0.0ms, aimer: 0.1ms
[2026-07-02 11:11:41.211] [info] [460] yolo: 9.6ms, tracker: 0.0ms, aimer: 0.0ms
[2026-07-02 11:11:41.254] [info] [461] yolo: 9.2ms, tracker: 0.0ms, aimer: 0.1ms
[2026-07-02 11:11:41.298] [info] [462] yolo: 8.8ms, tracker: 0.0ms, aimer: 0.1ms
[2026-07-02 11:11:41.343] [warning] [Tracker] Large dt: 1.021s
[2026-07-02 11:11:41.343] [info] [463] yolo: 9.7ms, tracker: 0.6ms, aimer: 0.0ms
[2026-07-02 11:11:41.388] [info] [464] yolo: 9.9ms, tracker: 0.6ms, aimer: 0.0ms
[2026-07-02 11:11:41.430] [info] [465] yolo: 8.2ms, tracker: 0.7ms, aimer: 0.0ms
[2026-07-02 11:11:41.475] [info] [466] yolo: 8.9ms, tracker: 0.6ms, aimer: 0.0ms
[2026-07-02 11:11:41.521] [info] [467] yolo: 11.2ms, tracker: 0.5ms, aimer: 0.0ms
[2026-07-02 11:11:41.568] [info] [468] yolo: 10.0ms, tracker: 0.7ms, aimer: 0.0ms
[2026-07-02 11:11:41.616] [info] [469] yolo: 10.2ms, tracker: 0.8ms, aimer: 0.0ms
[2026-07-02 11:11:41.662] [info] [470] yolo: 10.5ms, tracker: 0.6ms, aimer: 0.0ms
[2026-07-02 11:11:41.709] [info] [471] yolo: 10.6ms, tracker: 1.0ms, aimer: 0.0ms
[2026-07-02 11:11:41.756] [info] [472] yolo: 11.0ms, tracker: 1.0ms, aimer: 0.0ms
[2026-07-02 11:11:41.801] [info] [473] yolo: 10.1ms, tracker: 0.8ms, aimer: 0.1ms
[2026-07-02 11:11:41.842] [info] [474] yolo: 5.9ms, tracker: 1.2ms, aimer: 0.1ms
[2026-07-02 11:11:41.893] [info] [475] yolo: 14.4ms, tracker: 1.1ms, aimer: 0.0ms
[2026-07-02 11:11:41.938] [info] [476] yolo: 7.7ms, tracker: 1.9ms, aimer: 0.1ms
[2026-07-02 11:11:41.983] [info] [477] yolo: 9.0ms, tracker: 0.8ms, aimer: 0.1ms
[2026-07-02 11:11:42.026] [info] [478] yolo: 8.7ms, tracker: 0.6ms, aimer: 0.0ms
[2026-07-02 11:11:42.068] [info] [479] yolo: 5.7ms, tracker: 1.0ms, aimer: 0.1ms
[2026-07-02 11:11:42.113] [info] [480] yolo: 7.9ms, tracker: 0.0ms, aimer: 0.1ms
[2026-07-02 11:11:42.157] [info] [481] yolo: 9.8ms, tracker: 0.0ms, aimer: 0.1ms
[2026-07-02 11:11:42.198] [info] [482] yolo: 6.8ms, tracker: 0.6ms, aimer: 0.0ms
[2026-07-02 11:11:42.245] [info] [483] yolo: 11.3ms, tracker: 0.0ms, aimer: 0.0ms
