[2026-07-22 23:36:06.008] [warning] [Gimbal] Configured com_port '/dev/gimbal' not found, fallback to '/dev/ttyUSB0'.
[2026-07-22 23:36:06.110] [info] [Gimbal] read_thread started.
[2026-07-22 23:36:06.110] [info] [Gimbal] First q received.
[2026-07-22 23:36:07.010] [info] [Gimbal] Diag: latency=0.00ms, serial_ok=yes
[2026-07-22 23:36:07.380] [info] [SimpleTracker] Entering main loop.
[2026-07-22 23:36:07.402] [warning] [SimpleTracker] Gimbal in IDLE mode, overriding to AUTO_AIM
[2026-07-22 23:36:07.531] [warning] [SimpleTracker] Gimbal in IDLE mode, overriding to AUTO_AIM
[2026-07-22 23:36:07.538] [warning] [SimpleTracker] Gimbal in IDLE mode, overriding to AUTO_AIM
[2026-07-22 23:36:07.601] [warning] [SimpleTracker] Gimbal in IDLE mode, overriding to AUTO_AIM
[2026-07-22 23:36:07.668] [warning] [SimpleTracker] Gimbal in IDLE mode, overriding to AUTO_AIM
[2026-07-22 23:36:07.734] [warning] [SimpleTracker] Gimbal in IDLE mode, overriding to AUTO_AIM
[2026-07-22 23:36:07.800] [warning] [SimpleTracker] Gimbal in IDLE mode, overriding to AUTO_AIM
[2026-07-22 23:36:07.868] [warning] [SimpleTracker] Gimbal in IDLE mode, overriding to AUTO_AIM
[2026-07-22 23:36:07.934] [warning] [SimpleTracker] Gimbal in IDLE mode, overriding to AUTO_AIM
[2026-07-22 23:36:07.951] [info] [Gimbal] Diag: latency=0.00ms, serial_ok=yes
[2026-07-22 23:36:08.002] [warning] [SimpleTracker] Gimbal in IDLE mode, overriding to AUTO_AIM
[2026-07-22 23:36:08.068] [warning] [SimpleTracker] Gimbal in IDLE mode, overriding to AUTO_AIM
[2026-07-22 23:36:08.134] [warning] [SimpleTracker] Gimbal in IDLE mode, overriding to AUTO_AIM
[2026-07-22 23:36:08.201] [warning] [SimpleTracker] Gimbal in IDLE mode, overriding to AUTO_AIM
[2026-07-22 23:36:08.268] [warning] [SimpleTracker] Gimbal in IDLE mode, overriding to AUTO_AIM
[2026-07-22 23:36:08.334] [warning] [SimpleTracker] Gimbal in IDLE mode, overriding to AUTO_AIM
[2026-07-22 23:36:08.401] [warning] [SimpleTracker] Gimbal in IDLE mode, overriding to AUTO_AIM
[2026-07-22 23:36:08.467] [warning] [SimpleTracker] Gimbal in IDLE mode, overriding to AUTO_AIM
[2026-07-22 23:36:08.534] [warning] [SimpleTracker] Gimbal in IDLE mode, overriding to AUTO_AIM
[2026-07-22 23:36:08.601] [warning] [SimpleTracker] Gimbal in IDLE mode, overriding to AUTO_AIM
[2026-07-22 23:36:08.667] [warning] [SimpleTracker] Gimbal in IDLE mode, overriding to AUTO_AIM
[2026-07-22 23:36:08.734] [warning] [SimpleTracker] Gimbal in IDLE mode, overriding to AUTO_AIM
[2026-07-22 23:36:08.791] [info] [Gimbal] Diag: latency=0.00ms, serial_ok=yes
[2026-07-22 23:36:08.801] [warning] [SimpleTracker] Gimbal in IDLE mode, overriding to AUTO_AIM
[2026-07-22 23:36:08.867] [warning] [SimpleTracker] Gimbal in IDLE mode, overriding to AUTO_AIM
[2026-07-22 23:36:08.934] [warning] [SimpleTracker] Gimbal in IDLE mode, overriding to AUTO_AIM
[2026-07-22 23:36:09.000] [warning] [SimpleTracker] Gimbal in IDLE mode, overriding to AUTO_AIM
[2026-07-22 23:36:09.067] [warning] [SimpleTracker] Gimbal in IDLE mode, overriding to AUTO_AIM
[2026-07-22 23:36:09.134] [warning] [SimpleTracker] Gimbal in IDLE mode, overriding to AUTO_AIM
[2026-07-22 23:36:09.201] [warning] [SimpleTracker] Gimbal in IDLE mode, overriding to AUTO_AIM
[2026-07-22 23:36:09.267] [warning] [SimpleTracker] Gimbal in IDLE mode, overriding to AUTO_AIM
[2026-07-22 23:36:09.334] [warning] [SimpleTracker] Gimbal in IDLE mode, overriding to AUTO_AIM
[2026-07-22 23:36:09.401] [warning] [SimpleTracker] Gimbal in IDLE mode, overriding to AUTO_AIM
[2026-07-22 23:36:09.467] [warning] [SimpleTracker] Gimbal in IDLE mode, overriding to AUTO_AIM
[2026-07-22 23:36:09.533] [warning] [SimpleTracker] Gimbal in IDLE mode, overriding to AUTO_AIM
[2026-07-22 23:36:09.600] [warning] [SimpleTracker] Gimbal in IDLE mode, overriding to AUTO_AIM
[2026-07-22 23:36:09.632] [info] [Gimbal] Diag: latency=0.00ms, serial_ok=yes
[2026-07-22 23:36:09.667] [warning] [SimpleTracker] Gimbal in IDLE mode, overriding to AUTO_AIM
[2026-07-22 23:36:09.734] [warning] [SimpleTracker] Gimbal in IDLE mode, overriding to AUTO_AIM
[2026-07-22 23:36:09.801] [warning] [SimpleTracker] Gimbal in IDLE mode, overriding to AUTO_AIM
[2026-07-22 23:36:09.868] [warning] [SimpleTracker] Gimbal in IDLE mode, overriding to AUTO_AIM
[2026-07-22 23:36:09.934] [warning] [SimpleTracker] Gimbal in IDLE mode, overriding to AUTO_AIM
[2026-07-22 23:36:10.000] [warning] [SimpleTracker] Gimbal in IDLE mode, overriding to AUTO_AIM
[2026-07-22 23:36:10.067] [warning] [SimpleTracker] Gimbal in IDLE mode, overriding to AUTO_AIM
[2026-07-22 23:36:10.134] [warning] [SimpleTracker] Gimbal in IDLE mode, overriding to AUTO_AIM
[2026-07-22 23:36:10.201] [warning] [SimpleTracker] Gimbal in IDLE mode, overriding to AUTO_AIM
[2026-07-22 23:36:10.267] [warning] [SimpleTracker] Gimbal in IDLE mode, overriding to AUTO_AIM
[2026-07-22 23:36:10.334] [warning] [SimpleTracker] Gimbal in IDLE mode, overriding to AUTO_AIM
[2026-07-22 23:36:10.401] [warning] [SimpleTracker] Gimbal in IDLE mode, overriding to AUTO_AIM
[2026-07-22 23:36:10.467] [warning] [SimpleTracker] Gimbal in IDLE mode, overriding to AUTO_AIM
[2026-07-22 23:36:10.477] [info] [Gimbal] Diag: latency=0.00ms, serial_ok=yes
[2026-07-22 23:36:10.534] [warning] [SimpleTracker] Gimbal in IDLE mode, overriding to AUTO_AIM
[2026-07-22 23:36:10.601] [warning] [SimpleTracker] Gimbal in IDLE mode, overriding to AUTO_AIM
[2026-07-22 23:36:10.667] [warning] [SimpleTracker] Gimbal in IDLE mode, overriding to AUTO_AIM
[2026-07-22 23:36:10.735] [warning] [SimpleTracker] Gimbal in IDLE mode, overriding to AUTO_AIM
[2026-07-22 23:36:10.801] [warning] [SimpleTracker] Gimbal in IDLE mode, overriding to AUTO_AIM
[2026-07-22 23:36:10.867] [warning] [SimpleTracker] Gimbal in IDLE mode, overriding to AUTO_AIM
[2026-07-22 23:36:10.935] [warning] [SimpleTracker] Gimbal in IDLE mode, overriding to AUTO_AIM
[2026-07-22 23:36:11.001] [warning] [SimpleTracker] Gimbal in IDLE mode, overriding to AUTO_AIM
[2026-07-22 23:36:11.067] [warning] [SimpleTracker] Gimbal in IDLE mode, overriding to AUTO_AIM
[2026-07-22 23:36:11.134] [warning] [SimpleTracker] Gimbal in IDLE mode, overriding to AUTO_AIM
[2026-07-22 23:36:11.201] [warning] [SimpleTracker] Gimbal in IDLE mode, overriding to AUTO_AIM
[2026-07-22 23:36:11.267] [warning] [SimpleTracker] Gimbal in IDLE mode, overriding to AUTO_AIM
[2026-07-22 23:36:11.317] [info] [Gimbal] Diag: latency=0.00ms, serial_ok=yes
[2026-07-22 23:36:11.334] [warning] [SimpleTracker] Gimbal in IDLE mode, overriding to AUTO_AIM
[2026-07-22 23:36:11.400] [warning] [SimpleTracker] Gimbal in IDLE mode, overriding to AUTO_AIM
[2026-07-22 23:36:11.467] [warning] [SimpleTracker] Gimbal in IDLE mode, overriding to AUTO_AIM
[2026-07-22 23:36:11.534] [warning] [SimpleTracker] Gimbal in IDLE mode, overriding to AUTO_AIM
[2026-07-22 23:36:11.600] [warning] [SimpleTracker] Gimbal in IDLE mode, overriding to AUTO_AIM
[2026-07-22 23:36:11.667] [warning] [SimpleTracker] Gimbal in IDLE mode, overriding to AUTO_AIM
[2026-07-22 23:36:11.734] [warning] [SimpleTracker] Gimbal in IDLE mode, overriding to AUTO_AIM
[2026-07-22 23:36:11.800] [warning] [SimpleTracker] Gimbal in IDLE mode, overriding to AUTO_AIM
[2026-07-22 23:36:11.867] [warning] [SimpleTracker] Gimbal in IDLE mode, overriding to AUTO_AIM
[2026-07-22 23:36:11.935] [warning] [SimpleTracker] Gimbal in IDLE mode, overriding to AUTO_AIM
[2026-07-22 23:36:12.001] [warning] [SimpleTracker] Gimbal in IDLE mode, overriding to AUTO_AIM
[2026-07-22 23:36:12.067] [warning] [SimpleTracker] Gimbal in IDLE mode, overriding to AUTO_AIM
[2026-07-22 23:36:12.134] [warning] [SimpleTracker] Gimbal in IDLE mode, overriding to AUTO_AIM
[2026-07-22 23:36:12.170] [info] [Gimbal] Diag: latency=0.00ms, serial_ok=yes
[2026-07-22 23:36:12.201] [warning] [SimpleTracker] Gimbal in IDLE mode, overriding to AUTO_AIM
[2026-07-22 23:36:12.267] [warning] [SimpleTracker] Gimbal in IDLE mode, overriding to AUTO_AIM
[2026-07-22 23:36:12.334] [warning] [SimpleTracker] Gimbal in IDLE mode, overriding to AUTO_AIM
[2026-07-22 23:36:12.400] [warning] [SimpleTracker] Gimbal in IDLE mode, overriding to AUTO_AIM
[2026-07-22 23:36:12.467] [warning] [SimpleTracker] Gimbal in IDLE mode, overriding to AUTO_AIM
[2026-07-22 23:36:12.534] [warning] [SimpleTracker] Gimbal in IDLE mode, overriding to AUTO_AIM
[2026-07-22 23:36:12.601] [warning] [SimpleTracker] Gimbal in IDLE mode, overriding to AUTO_AIM
[2026-07-22 23:36:12.667] [warning] [SimpleTracker] Gimbal in IDLE mode, overriding to AUTO_AIM
[2026-07-22 23:36:12.734] [warning] [SimpleTracker] Gimbal in IDLE mode, overriding to AUTO_AIM
[2026-07-22 23:36:12.800] [warning] [SimpleTracker] Gimbal in IDLE mode, overriding to AUTO_AIM
[2026-07-22 23:36:12.867] [warning] [SimpleTracker] Gimbal in IDLE mode, overriding to AUTO_AIM
[2026-07-22 23:36:12.934] [warning] [SimpleTracker] Gimbal in IDLE mode, overriding to AUTO_AIM
[2026-07-22 23:36:13.000] [warning] [SimpleTracker] Gimbal in IDLE mode, overriding to AUTO_AIM
[2026-07-22 23:36:13.018] [info] [Gimbal] Diag: latency=0.00ms, serial_ok=yes
[2026-07-22 23:36:13.067] [warning] [SimpleTracker] Gimbal in IDLE mode, overriding to AUTO_AIM
[2026-07-22 23:36:13.134] [warning] [SimpleTracker] Gimbal in IDLE mode, overriding to AUTO_AIM
[2026-07-22 23:36:13.200] [warning] [SimpleTracker] Gimbal in IDLE mode, overriding to AUTO_AIM
[2026-07-22 23:36:13.267] [warning] [SimpleTracker] Gimbal in IDLE mode, overriding to AUTO_AIM
[2026-07-22 23:36:13.334] [warning] [SimpleTracker] Gimbal in IDLE mode, overriding to AUTO_AIM
[2026-07-22 23:36:13.400] [warning] [SimpleTracker] Gimbal in IDLE mode, overriding to AUTO_AIM
[2026-07-22 23:36:13.467] [warning] [SimpleTracker] Gimbal in IDLE mode, overriding to AUTO_AIM
[2026-07-22 23:36:13.534] [warning] [SimpleTracker] Gimbal in IDLE mode, overriding to AUTO_AIM
[2026-07-22 23:36:13.600] [warning] [SimpleTracker] Gimbal in IDLE mode, overriding to AUTO_AIM
[2026-07-22 23:36:13.668] [warning] [SimpleTracker] Gimbal in IDLE mode, overriding to AUTO_AIM
[2026-07-22 23:36:13.734] [warning] [SimpleTracker] Gimbal in IDLE mode, overriding to AUTO_AIM
[2026-07-22 23:36:13.801] [warning] [SimpleTracker] Gimbal in IDLE mode, overriding to AUTO_AIM
[2026-07-22 23:36:13.865] [info] [Gimbal] Diag: latency=0.00ms, serial_ok=yes
[2026-07-22 23:36:13.867] [warning] [SimpleTracker] Gimbal in IDLE mode, overriding to AUTO_AIM
[2026-07-22 23:36:13.934] [warning] [SimpleTracker] Gimbal in IDLE mode, overriding to AUTO_AIM
[2026-07-22 23:36:14.000] [warning] [SimpleTracker] Gimbal in IDLE mode, overriding to AUTO_AIM
[2026-07-22 23:36:14.068] [warning] [SimpleTracker] Gimbal in IDLE mode, overriding to AUTO_AIM
[2026-07-22 23:36:14.134] [warning] [SimpleTracker] Gimbal in IDLE mode, overriding to AUTO_AIM
[2026-07-22 23:36:14.200] [warning] [SimpleTracker] Gimbal in IDLE mode, overriding to AUTO_AIM
[2026-07-22 23:36:14.267] [warning] [SimpleTracker] Gimbal in IDLE mode, overriding to AUTO_AIM
[2026-07-22 23:36:14.334] [warning] [SimpleTracker] Gimbal in IDLE mode, overriding to AUTO_AIM
[2026-07-22 23:36:14.400] [warning] [SimpleTracker] Gimbal in IDLE mode, overriding to AUTO_AIM
[2026-07-22 23:36:14.467] [warning] [SimpleTracker] Gimbal in IDLE mode, overriding to AUTO_AIM
[2026-07-22 23:36:14.534] [warning] [SimpleTracker] Gimbal in IDLE mode, overriding to AUTO_AIM
[2026-07-22 23:36:14.600] [warning] [SimpleTracker] Gimbal in IDLE mode, overriding to AUTO_AIM
[2026-07-22 23:36:14.667] [warning] [SimpleTracker] Gimbal in IDLE mode, overriding to AUTO_AIM
[2026-07-22 23:36:14.708] [info] [Gimbal] Diag: latency=0.01ms, serial_ok=yes
[2026-07-22 23:36:14.734] [warning] [SimpleTracker] Gimbal in IDLE mode, overriding to AUTO_AIM
[2026-07-22 23:36:14.801] [warning] [SimpleTracker] Gimbal in IDLE mode, overriding to AUTO_AIM
[2026-07-22 23:36:14.867] [warning] [SimpleTracker] Gimbal in IDLE mode, overriding to AUTO_AIM
[2026-07-22 23:36:14.934] [warning] [SimpleTracker] Gimbal in IDLE mode, overriding to AUTO_AIM
[2026-07-22 23:36:15.000] [warning] [SimpleTracker] Gimbal in IDLE mode, overriding to AUTO_AIM
[2026-07-22 23:36:15.067] [warning] [SimpleTracker] Gimbal in IDLE mode, overriding to AUTO_AIM
[2026-07-22 23:36:15.134] [warning] [SimpleTracker] Gimbal in IDLE mode, overriding to AUTO_AIM
[2026-07-22 23:36:15.200] [warning] [SimpleTracker] Gimbal in IDLE mode, overriding to AUTO_AIM
[2026-07-22 23:36:15.267] [warning] [SimpleTracker] Gimbal in IDLE mode, overriding to AUTO_AIM
[2026-07-22 23:36:15.334] [warning] [SimpleTracker] Gimbal in IDLE mode, overriding to AUTO_AIM
[2026-07-22 23:36:15.401] [warning] [SimpleTracker] Gimbal in IDLE mode, overriding to AUTO_AIM
[2026-07-22 23:36:15.467] [warning] [SimpleTracker] Gimbal in IDLE mode, overriding to AUTO_AIM
[2026-07-22 23:36:15.534] [warning] [SimpleTracker] Gimbal in IDLE mode, overriding to AUTO_AIM
[2026-07-22 23:36:15.552] [info] [Gimbal] Diag: latency=0.01ms, serial_ok=yes
[2026-07-22 23:36:15.600] [warning] [SimpleTracker] Gimbal in IDLE mode, overriding to AUTO_AIM
[2026-07-22 23:36:15.667] [warning] [SimpleTracker] Gimbal in IDLE mode, overriding to AUTO_AIM
[2026-07-22 23:36:15.733] [warning] [SimpleTracker] Gimbal in IDLE mode, overriding to AUTO_AIM
[2026-07-22 23:36:15.800] [warning] [SimpleTracker] Gimbal in IDLE mode, overriding to AUTO_AIM
[2026-07-22 23:36:15.867] [warning] [SimpleTracker] Gimbal in IDLE mode, overriding to AUTO_AIM
[2026-07-22 23:36:15.933] [warning] [SimpleTracker] Gimbal in IDLE mode, overriding to AUTO_AIM
[2026-07-22 23:36:16.000] [warning] [SimpleTracker] Gimbal in IDLE mode, overriding to AUTO_AIM
[2026-07-22 23:36:16.067] [warning] [SimpleTracker] Gimbal in IDLE mode, overriding to AUTO_AIM
[2026-07-22 23:36:16.133] [warning] [SimpleTracker] Gimbal in IDLE mode, overriding to AUTO_AIM
[2026-07-22 23:36:16.200] [warning] [SimpleTracker] Gimbal in IDLE mode, overriding to AUTO_AIM
[2026-07-22 23:36:16.267] [warning] [SimpleTracker] Gimbal in IDLE mode, overriding to AUTO_AIM
[2026-07-22 23:36:16.334] [warning] [SimpleTracker] Gimbal in IDLE mode, overriding to AUTO_AIM
[2026-07-22 23:36:16.393] [info] [Gimbal] Diag: latency=0.00ms, serial_ok=yes
[2026-07-22 23:36:16.400] [warning] [SimpleTracker] Gimbal in IDLE mode, overriding to AUTO_AIM
[2026-07-22 23:36:16.467] [warning] [SimpleTracker] Gimbal in IDLE mode, overriding to AUTO_AIM
[2026-07-22 23:36:16.534] [warning] [SimpleTracker] Gimbal in IDLE mode, overriding to AUTO_AIM
[2026-07-22 23:36:16.600] [warning] [SimpleTracker] Gimbal in IDLE mode, overriding to AUTO_AIM
[2026-07-22 23:36:16.667] [warning] [SimpleTracker] Gimbal in IDLE mode, overriding to AUTO_AIM
[2026-07-22 23:36:16.734] [warning] [SimpleTracker] Gimbal in IDLE mode, overriding to AUTO_AIM
[2026-07-22 23:36:16.801] [warning] [SimpleTracker] Gimbal in IDLE mode, overriding to AUTO_AIM
[2026-07-22 23:36:16.867] [warning] [SimpleTracker] Gimbal in IDLE mode, overriding to AUTO_AIM
[2026-07-22 23:36:16.934] [warning] [SimpleTracker] Gimbal in IDLE mode, overriding to AUTO_AIM
[2026-07-22 23:36:17.000] [warning] [SimpleTracker] Gimbal in IDLE mode, overriding to AUTO_AIM
[2026-07-22 23:36:17.067] [warning] [SimpleTracker] Gimbal in IDLE mode, overriding to AUTO_AIM
[2026-07-22 23:36:17.080] [warning] [Gimbal] Invalid mode: 90
[2026-07-22 23:36:17.134] [warning] [SimpleTracker] Gimbal in IDLE mode, overriding to AUTO_AIM
[2026-07-22 23:36:17.200] [warning] [SimpleTracker] Gimbal in IDLE mode, overriding to AUTO_AIM
[2026-07-22 23:36:17.240] [info] [Gimbal] Diag: latency=0.00ms, serial_ok=yes
[2026-07-22 23:36:17.267] [warning] [SimpleTracker] Gimbal in IDLE mode, overriding to AUTO_AIM
[2026-07-22 23:36:17.333] [warning] [SimpleTracker] Gimbal in IDLE mode, overriding to AUTO_AIM
[2026-07-22 23:36:17.348] [warning] [Gimbal] Invalid mode: 90
[2026-07-22 23:36:17.400] [warning] [SimpleTracker] Gimbal in IDLE mode, overriding to AUTO_AIM
[2026-07-22 23:36:17.467] [warning] [SimpleTracker] Gimbal in IDLE mode, overriding to AUTO_AIM
[2026-07-22 23:36:17.533] [warning] [SimpleTracker] Gimbal in IDLE mode, overriding to AUTO_AIM
[2026-07-22 23:36:17.601] [warning] [SimpleTracker] Gimbal in IDLE mode, overriding to AUTO_AIM
[2026-07-22 23:36:17.667] [warning] [SimpleTracker] Gimbal in IDLE mode, overriding to AUTO_AIM
[2026-07-22 23:36:17.733] [warning] [SimpleTracker] Gimbal in IDLE mode, overriding to AUTO_AIM
[2026-07-22 23:36:17.800] [warning] [SimpleTracker] Gimbal in IDLE mode, overriding to AUTO_AIM
[2026-07-22 23:36:17.867] [warning] [SimpleTracker] Gimbal in IDLE mode, overriding to AUTO_AIM
[2026-07-22 23:36:17.933] [warning] [SimpleTracker] Gimbal in IDLE mode, overriding to AUTO_AIM
[2026-07-22 23:36:18.001] [warning] [SimpleTracker] Gimbal in IDLE mode, overriding to AUTO_AIM
[2026-07-22 23:36:18.067] [warning] [SimpleTracker] Gimbal in IDLE mode, overriding to AUTO_AIM
[2026-07-22 23:36:18.083] [info] [Gimbal] Diag: latency=0.00ms, serial_ok=yes
[2026-07-22 23:36:18.133] [warning] [SimpleTracker] Gimbal in IDLE mode, overriding to AUTO_AIM
[2026-07-22 23:36:18.200] [warning] [SimpleTracker] Gimbal in IDLE mode, overriding to AUTO_AIM
[2026-07-22 23:36:18.267] [warning] [SimpleTracker] Gimbal in IDLE mode, overriding to AUTO_AIM
[2026-07-22 23:36:18.334] [warning] [SimpleTracker] Gimbal in IDLE mode, overriding to AUTO_AIM
[2026-07-22 23:36:18.401] [warning] [SimpleTracker] Gimbal in IDLE mode, overriding to AUTO_AIM
[2026-07-22 23:36:18.467] [warning] [SimpleTracker] Gimbal in IDLE mode, overriding to AUTO_AIM
[2026-07-22 23:36:18.533] [warning] [SimpleTracker] Gimbal in IDLE mode, overriding to AUTO_AIM
[2026-07-22 23:36:18.600] [warning] [SimpleTracker] Gimbal in IDLE mode, overriding to AUTO_AIM
[2026-07-22 23:36:18.667] [warning] [SimpleTracker] Gimbal in IDLE mode, overriding to AUTO_AIM
[2026-07-22 23:36:18.733] [warning] [SimpleTracker] Gimbal in IDLE mode, overriding to AUTO_AIM
[2026-07-22 23:36:18.800] [warning] [SimpleTracker] Gimbal in IDLE mode, overriding to AUTO_AIM
[2026-07-22 23:36:18.867] [warning] [SimpleTracker] Gimbal in IDLE mode, overriding to AUTO_AIM
[2026-07-22 23:36:18.924] [info] [Gimbal] Diag: latency=0.00ms, serial_ok=yes
[2026-07-22 23:36:18.933] [warning] [SimpleTracker] Gimbal in IDLE mode, overriding to AUTO_AIM
[2026-07-22 23:36:19.000] [warning] [SimpleTracker] Gimbal in IDLE mode, overriding to AUTO_AIM
[2026-07-22 23:36:19.067] [warning] [SimpleTracker] Gimbal in IDLE mode, overriding to AUTO_AIM
[2026-07-22 23:36:19.133] [warning] [SimpleTracker] Gimbal in IDLE mode, overriding to AUTO_AIM
[2026-07-22 23:36:19.200] [warning] [SimpleTracker] Gimbal in IDLE mode, overriding to AUTO_AIM
[2026-07-22 23:36:19.267] [warning] [SimpleTracker] Gimbal in IDLE mode, overriding to AUTO_AIM
[2026-07-22 23:36:19.333] [warning] [SimpleTracker] Gimbal in IDLE mode, overriding to AUTO_AIM
[2026-07-22 23:36:19.400] [warning] [SimpleTracker] Gimbal in IDLE mode, overriding to AUTO_AIM
[2026-07-22 23:36:19.467] [warning] [SimpleTracker] Gimbal in IDLE mode, overriding to AUTO_AIM
[2026-07-22 23:36:19.534] [warning] [SimpleTracker] Gimbal in IDLE mode, overriding to AUTO_AIM
[2026-07-22 23:36:19.600] [warning] [SimpleTracker] Gimbal in IDLE mode, overriding to AUTO_AIM
[2026-07-22 23:36:19.667] [warning] [SimpleTracker] Gimbal in IDLE mode, overriding to AUTO_AIM
[2026-07-22 23:36:19.733] [warning] [SimpleTracker] Gimbal in IDLE mode, overriding to AUTO_AIM
[2026-07-22 23:36:19.758] [info] [Gimbal] Diag: latency=0.00ms, serial_ok=yes
[2026-07-22 23:36:19.800] [warning] [SimpleTracker] Gimbal in IDLE mode, overriding to AUTO_AIM
[2026-07-22 23:36:19.866] [warning] [SimpleTracker] Gimbal in IDLE mode, overriding to AUTO_AIM
[2026-07-22 23:36:19.933] [warning] [SimpleTracker] Gimbal in IDLE mode, overriding to AUTO_AIM
[2026-07-22 23:36:20.000] [warning] [SimpleTracker] Gimbal in IDLE mode, overriding to AUTO_AIM
[2026-07-22 23:36:20.067] [warning] [SimpleTracker] Gimbal in IDLE mode, overriding to AUTO_AIM
[2026-07-22 23:36:20.133] [warning] [SimpleTracker] Gimbal in IDLE mode, overriding to AUTO_AIM
[2026-07-22 23:36:20.200] [warning] [SimpleTracker] Gimbal in IDLE mode, overriding to AUTO_AIM
[2026-07-22 23:36:20.267] [warning] [SimpleTracker] Gimbal in IDLE mode, overriding to AUTO_AIM
[2026-07-22 23:36:20.333] [warning] [SimpleTracker] Gimbal in IDLE mode, overriding to AUTO_AIM
[2026-07-22 23:36:20.400] [warning] [SimpleTracker] Gimbal in IDLE mode, overriding to AUTO_AIM
[2026-07-22 23:36:20.467] [warning] [SimpleTracker] Gimbal in IDLE mode, overriding to AUTO_AIM
[2026-07-22 23:36:20.533] [warning] [SimpleTracker] Gimbal in IDLE mode, overriding to AUTO_AIM
[2026-07-22 23:36:20.601] [warning] [SimpleTracker] Gimbal in IDLE mode, overriding to AUTO_AIM
[2026-07-22 23:36:20.606] [info] [Gimbal] Diag: latency=0.00ms, serial_ok=yes
[2026-07-22 23:36:20.667] [warning] [SimpleTracker] Gimbal in IDLE mode, overriding to AUTO_AIM
[2026-07-22 23:36:20.733] [warning] [SimpleTracker] Gimbal in IDLE mode, overriding to AUTO_AIM
[2026-07-22 23:36:20.801] [warning] [SimpleTracker] Gimbal in IDLE mode, overriding to AUTO_AIM
[2026-07-22 23:36:20.867] [warning] [SimpleTracker] Gimbal in IDLE mode, overriding to AUTO_AIM
[2026-07-22 23:36:20.933] [warning] [SimpleTracker] Gimbal in IDLE mode, overriding to AUTO_AIM
[2026-07-22 23:36:21.000] [warning] [SimpleTracker] Gimbal in IDLE mode, overriding to AUTO_AIM
[2026-07-22 23:36:21.067] [warning] [SimpleTracker] Gimbal in IDLE mode, overriding to AUTO_AIM
[2026-07-22 23:36:21.133] [warning] [SimpleTracker] Gimbal in IDLE mode, overriding to AUTO_AIM
[2026-07-22 23:36:21.200] [warning] [SimpleTracker] Gimbal in IDLE mode, overriding to AUTO_AIM
[2026-07-22 23:36:21.267] [warning] [SimpleTracker] Gimbal in IDLE mode, overriding to AUTO_AIM
[2026-07-22 23:36:21.333] [warning] [SimpleTracker] Gimbal in IDLE mode, overriding to AUTO_AIM
[2026-07-22 23:36:21.400] [warning] [SimpleTracker] Gimbal in IDLE mode, overriding to AUTO_AIM
[2026-07-22 23:36:21.463] [info] [Gimbal] Diag: latency=0.02ms, serial_ok=yes
[2026-07-22 23:36:21.466] [warning] [SimpleTracker] Gimbal in IDLE mode, overriding to AUTO_AIM
[2026-07-22 23:36:21.534] [warning] [SimpleTracker] Gimbal in IDLE mode, overriding to AUTO_AIM
[2026-07-22 23:36:21.600] [warning] [SimpleTracker] Gimbal in IDLE mode, overriding to AUTO_AIM
[2026-07-22 23:36:21.666] [warning] [SimpleTracker] Gimbal in IDLE mode, overriding to AUTO_AIM
[2026-07-22 23:36:21.733] [warning] [SimpleTracker] Gimbal in IDLE mode, overriding to AUTO_AIM
[2026-07-22 23:36:21.800] [warning] [SimpleTracker] Gimbal in IDLE mode, overriding to AUTO_AIM
[2026-07-22 23:36:21.866] [warning] [SimpleTracker] Gimbal in IDLE mode, overriding to AUTO_AIM
[2026-07-22 23:36:21.933] [warning] [SimpleTracker] Gimbal in IDLE mode, overriding to AUTO_AIM
[2026-07-22 23:36:22.000] [warning] [SimpleTracker] Gimbal in IDLE mode, overriding to AUTO_AIM
[2026-07-22 23:36:22.066] [warning] [SimpleTracker] Gimbal in IDLE mode, overriding to AUTO_AIM
[2026-07-22 23:36:22.133] [warning] [SimpleTracker] Gimbal in IDLE mode, overriding to AUTO_AIM
[2026-07-22 23:36:22.200] [warning] [SimpleTracker] Gimbal in IDLE mode, overriding to AUTO_AIM
[2026-07-22 23:36:22.267] [warning] [SimpleTracker] Gimbal in IDLE mode, overriding to AUTO_AIM
[2026-07-22 23:36:22.320] [info] [Gimbal] Diag: latency=0.00ms, serial_ok=yes
[2026-07-22 23:36:22.333] [warning] [SimpleTracker] Gimbal in IDLE mode, overriding to AUTO_AIM
[2026-07-22 23:36:22.400] [warning] [SimpleTracker] Gimbal in IDLE mode, overriding to AUTO_AIM
[2026-07-22 23:36:22.467] [warning] [SimpleTracker] Gimbal in IDLE mode, overriding to AUTO_AIM
[2026-07-22 23:36:22.533] [warning] [SimpleTracker] Gimbal in IDLE mode, overriding to AUTO_AIM
[2026-07-22 23:36:22.600] [warning] [SimpleTracker] Gimbal in IDLE mode, overriding to AUTO_AIM
[2026-07-22 23:36:22.667] [warning] [SimpleTracker] Gimbal in IDLE mode, overriding to AUTO_AIM
[2026-07-22 23:36:22.733] [warning] [SimpleTracker] Gimbal in IDLE mode, overriding to AUTO_AIM
[2026-07-22 23:36:22.800] [warning] [SimpleTracker] Gimbal in IDLE mode, overriding to AUTO_AIM
[2026-07-22 23:36:22.866] [warning] [SimpleTracker] Gimbal in IDLE mode, overriding to AUTO_AIM
[2026-07-22 23:36:22.933] [warning] [SimpleTracker] Gimbal in IDLE mode, overriding to AUTO_AIM
[2026-07-22 23:36:23.000] [warning] [SimpleTracker] Gimbal in IDLE mode, overriding to AUTO_AIM
[2026-07-22 23:36:23.067] [warning] [SimpleTracker] Gimbal in IDLE mode, overriding to AUTO_AIM
[2026-07-22 23:36:23.133] [warning] [SimpleTracker] Gimbal in IDLE mode, overriding to AUTO_AIM
[2026-07-22 23:36:23.158] [info] [Gimbal] Diag: latency=0.00ms, serial_ok=yes
[2026-07-22 23:36:23.199] [warning] [SimpleTracker] Gimbal in IDLE mode, overriding to AUTO_AIM
[2026-07-22 23:36:23.266] [warning] [SimpleTracker] Gimbal in IDLE mode, overriding to AUTO_AIM
[2026-07-22 23:36:23.334] [warning] [SimpleTracker] Gimbal in IDLE mode, overriding to AUTO_AIM
[2026-07-22 23:36:23.399] [warning] [SimpleTracker] Gimbal in IDLE mode, overriding to AUTO_AIM
[2026-07-22 23:36:23.466] [warning] [SimpleTracker] Gimbal in IDLE mode, overriding to AUTO_AIM
[2026-07-22 23:36:23.533] [warning] [SimpleTracker] Gimbal in IDLE mode, overriding to AUTO_AIM
[2026-07-22 23:36:23.600] [warning] [SimpleTracker] Gimbal in IDLE mode, overriding to AUTO_AIM
[2026-07-22 23:36:23.666] [warning] [SimpleTracker] Gimbal in IDLE mode, overriding to AUTO_AIM
[2026-07-22 23:36:23.733] [warning] [SimpleTracker] Gimbal in IDLE mode, overriding to AUTO_AIM
[2026-07-22 23:36:23.800] [warning] [SimpleTracker] Gimbal in IDLE mode, overriding to AUTO_AIM
[2026-07-22 23:36:23.866] [warning] [SimpleTracker] Gimbal in IDLE mode, overriding to AUTO_AIM
[2026-07-22 23:36:23.933] [warning] [SimpleTracker] Gimbal in IDLE mode, overriding to AUTO_AIM
[2026-07-22 23:36:24.000] [warning] [SimpleTracker] Gimbal in IDLE mode, overriding to AUTO_AIM
[2026-07-22 23:36:24.004] [info] [Gimbal] Diag: latency=0.00ms, serial_ok=yes
[2026-07-22 23:36:24.067] [warning] [SimpleTracker] Gimbal in IDLE mode, overriding to AUTO_AIM
[2026-07-22 23:36:24.133] [warning] [SimpleTracker] Gimbal in IDLE mode, overriding to AUTO_AIM
[2026-07-22 23:36:24.200] [warning] [SimpleTracker] Gimbal in IDLE mode, overriding to AUTO_AIM
[2026-07-22 23:36:24.266] [warning] [SimpleTracker] Gimbal in IDLE mode, overriding to AUTO_AIM
[2026-07-22 23:36:24.333] [warning] [SimpleTracker] Gimbal in IDLE mode, overriding to AUTO_AIM
[2026-07-22 23:36:24.400] [warning] [SimpleTracker] Gimbal in IDLE mode, overriding to AUTO_AIM
[2026-07-22 23:36:24.467] [warning] [SimpleTracker] Gimbal in IDLE mode, overriding to AUTO_AIM
[2026-07-22 23:36:24.533] [warning] [SimpleTracker] Gimbal in IDLE mode, overriding to AUTO_AIM
[2026-07-22 23:36:24.600] [warning] [SimpleTracker] Gimbal in IDLE mode, overriding to AUTO_AIM
[2026-07-22 23:36:24.666] [warning] [SimpleTracker] Gimbal in IDLE mode, overriding to AUTO_AIM
[2026-07-22 23:36:24.733] [warning] [SimpleTracker] Gimbal in IDLE mode, overriding to AUTO_AIM
[2026-07-22 23:36:24.800] [warning] [SimpleTracker] Gimbal in IDLE mode, overriding to AUTO_AIM
[2026-07-22 23:36:24.841] [info] [Gimbal] Diag: latency=0.02ms, serial_ok=yes
[2026-07-22 23:36:24.866] [warning] [SimpleTracker] Gimbal in IDLE mode, overriding to AUTO_AIM
[2026-07-22 23:36:24.933] [warning] [SimpleTracker] Gimbal in IDLE mode, overriding to AUTO_AIM
[2026-07-22 23:36:25.000] [warning] [SimpleTracker] Gimbal in IDLE mode, overriding to AUTO_AIM
[2026-07-22 23:36:25.066] [warning] [SimpleTracker] Gimbal in IDLE mode, overriding to AUTO_AIM
[2026-07-22 23:36:25.133] [warning] [SimpleTracker] Gimbal in IDLE mode, overriding to AUTO_AIM
[2026-07-22 23:36:25.200] [warning] [SimpleTracker] Gimbal in IDLE mode, overriding to AUTO_AIM
[2026-07-22 23:36:25.266] [warning] [SimpleTracker] Gimbal in IDLE mode, overriding to AUTO_AIM
[2026-07-22 23:36:25.333] [warning] [SimpleTracker] Gimbal in IDLE mode, overriding to AUTO_AIM
[2026-07-22 23:36:25.400] [warning] [SimpleTracker] Gimbal in IDLE mode, overriding to AUTO_AIM
[2026-07-22 23:36:25.467] [warning] [SimpleTracker] Gimbal in IDLE mode, overriding to AUTO_AIM
[2026-07-22 23:36:25.533] [warning] [SimpleTracker] Gimbal in IDLE mode, overriding to AUTO_AIM
[2026-07-22 23:36:25.546] [warning] [Gimbal] Invalid mode: 90
[2026-07-22 23:36:25.600] [warning] [SimpleTracker] Gimbal in IDLE mode, overriding to AUTO_AIM
[2026-07-22 23:36:25.667] [warning] [SimpleTracker] Gimbal in IDLE mode, overriding to AUTO_AIM
[2026-07-22 23:36:25.671] [info] [Gimbal] Diag: latency=0.00ms, serial_ok=yes
[2026-07-22 23:36:25.733] [warning] [SimpleTracker] Gimbal in IDLE mode, overriding to AUTO_AIM
[2026-07-22 23:36:25.800] [warning] [SimpleTracker] Gimbal in IDLE mode, overriding to AUTO_AIM
[2026-07-22 23:36:25.866] [warning] [SimpleTracker] Gimbal in IDLE mode, overriding to AUTO_AIM
[2026-07-22 23:36:25.933] [warning] [SimpleTracker] Gimbal in IDLE mode, overriding to AUTO_AIM
[2026-07-22 23:36:26.000] [warning] [SimpleTracker] Gimbal in IDLE mode, overriding to AUTO_AIM
[2026-07-22 23:36:26.066] [warning] [SimpleTracker] Gimbal in IDLE mode, overriding to AUTO_AIM
[2026-07-22 23:36:26.133] [warning] [SimpleTracker] Gimbal in IDLE mode, overriding to AUTO_AIM
[2026-07-22 23:36:26.200] [warning] [SimpleTracker] Gimbal in IDLE mode, overriding to AUTO_AIM
[2026-07-22 23:36:26.267] [warning] [SimpleTracker] Gimbal in IDLE mode, overriding to AUTO_AIM
[2026-07-22 23:36:26.333] [warning] [SimpleTracker] Gimbal in IDLE mode, overriding to AUTO_AIM
[2026-07-22 23:36:26.399] [warning] [SimpleTracker] Gimbal in IDLE mode, overriding to AUTO_AIM
[2026-07-22 23:36:26.466] [warning] [SimpleTracker] Gimbal in IDLE mode, overriding to AUTO_AIM
[2026-07-22 23:36:26.522] [info] [Gimbal] Diag: latency=0.00ms, serial_ok=yes
[2026-07-22 23:36:26.533] [warning] [SimpleTracker] Gimbal in IDLE mode, overriding to AUTO_AIM
[2026-07-22 23:36:26.600] [warning] [SimpleTracker] Gimbal in IDLE mode, overriding to AUTO_AIM
[2026-07-22 23:36:26.666] [warning] [SimpleTracker] Gimbal in IDLE mode, overriding to AUTO_AIM
[2026-07-22 23:36:26.733] [warning] [SimpleTracker] Gimbal in IDLE mode, overriding to AUTO_AIM
[2026-07-22 23:36:26.800] [warning] [SimpleTracker] Gimbal in IDLE mode, overriding to AUTO_AIM
[2026-07-22 23:36:26.866] [warning] [SimpleTracker] Gimbal in IDLE mode, overriding to AUTO_AIM
[2026-07-22 23:36:26.933] [warning] [SimpleTracker] Gimbal in IDLE mode, overriding to AUTO_AIM
[2026-07-22 23:36:27.000] [warning] [SimpleTracker] Gimbal in IDLE mode, overriding to AUTO_AIM
[2026-07-22 23:36:27.066] [warning] [SimpleTracker] Gimbal in IDLE mode, overriding to AUTO_AIM
[2026-07-22 23:36:27.133] [warning] [SimpleTracker] Gimbal in IDLE mode, overriding to AUTO_AIM
[2026-07-22 23:36:27.200] [warning] [SimpleTracker] Gimbal in IDLE mode, overriding to AUTO_AIM
[2026-07-22 23:36:27.267] [warning] [SimpleTracker] Gimbal in IDLE mode, overriding to AUTO_AIM
[2026-07-22 23:36:27.333] [warning] [SimpleTracker] Gimbal in IDLE mode, overriding to AUTO_AIM
[2026-07-22 23:36:27.378] [info] [Gimbal] Diag: latency=0.00ms, serial_ok=yes
[2026-07-22 23:36:27.399] [warning] [SimpleTracker] Gimbal in IDLE mode, overriding to AUTO_AIM
[2026-07-22 23:36:27.466] [warning] [SimpleTracker] Gimbal in IDLE mode, overriding to AUTO_AIM
[2026-07-22 23:36:27.533] [warning] [SimpleTracker] Gimbal in IDLE mode, overriding to AUTO_AIM
[2026-07-22 23:36:27.600] [warning] [SimpleTracker] Gimbal in IDLE mode, overriding to AUTO_AIM
[2026-07-22 23:36:27.666] [warning] [SimpleTracker] Gimbal in IDLE mode, overriding to AUTO_AIM
[2026-07-22 23:36:27.733] [warning] [SimpleTracker] Gimbal in IDLE mode, overriding to AUTO_AIM
[2026-07-22 23:36:27.800] [warning] [SimpleTracker] Gimbal in IDLE mode, overriding to AUTO_AIM
[2026-07-22 23:36:27.867] [warning] [SimpleTracker] Gimbal in IDLE mode, overriding to AUTO_AIM
[2026-07-22 23:36:27.933] [warning] [SimpleTracker] Gimbal in IDLE mode, overriding to AUTO_AIM
[2026-07-22 23:36:27.999] [warning] [SimpleTracker] Gimbal in IDLE mode, overriding to AUTO_AIM
[2026-07-22 23:36:28.066] [warning] [SimpleTracker] Gimbal in IDLE mode, overriding to AUTO_AIM
[2026-07-22 23:36:28.133] [warning] [SimpleTracker] Gimbal in IDLE mode, overriding to AUTO_AIM
[2026-07-22 23:36:28.199] [warning] [SimpleTracker] Gimbal in IDLE mode, overriding to AUTO_AIM
[2026-07-22 23:36:28.222] [info] [Gimbal] Diag: latency=0.00ms, serial_ok=yes
[2026-07-22 23:36:28.266] [warning] [SimpleTracker] Gimbal in IDLE mode, overriding to AUTO_AIM
[2026-07-22 23:36:28.333] [warning] [SimpleTracker] Gimbal in IDLE mode, overriding to AUTO_AIM
[2026-07-22 23:36:28.400] [warning] [SimpleTracker] Gimbal in IDLE mode, overriding to AUTO_AIM
[2026-07-22 23:36:28.467] [warning] [SimpleTracker] Gimbal in IDLE mode, overriding to AUTO_AIM
[2026-07-22 23:36:28.533] [warning] [SimpleTracker] Gimbal in IDLE mode, overriding to AUTO_AIM
[2026-07-22 23:36:28.600] [warning] [SimpleTracker] Gimbal in IDLE mode, overriding to AUTO_AIM
[2026-07-22 23:36:28.666] [warning] [SimpleTracker] Gimbal in IDLE mode, overriding to AUTO_AIM
[2026-07-22 23:36:28.733] [warning] [SimpleTracker] Gimbal in IDLE mode, overriding to AUTO_AIM
[2026-07-22 23:36:28.799] [warning] [SimpleTracker] Gimbal in IDLE mode, overriding to AUTO_AIM
[2026-07-22 23:36:28.866] [warning] [SimpleTracker] Gimbal in IDLE mode, overriding to AUTO_AIM
[2026-07-22 23:36:28.933] [warning] [SimpleTracker] Gimbal in IDLE mode, overriding to AUTO_AIM
[2026-07-22 23:36:29.000] [warning] [SimpleTracker] Gimbal in IDLE mode, overriding to AUTO_AIM
[2026-07-22 23:36:29.061] [info] [Gimbal] Diag: latency=0.00ms, serial_ok=yes
[2026-07-22 23:36:29.067] [warning] [SimpleTracker] Gimbal in IDLE mode, overriding to AUTO_AIM
[2026-07-22 23:36:29.133] [warning] [SimpleTracker] Gimbal in IDLE mode, overriding to AUTO_AIM
[2026-07-22 23:36:29.200] [warning] [SimpleTracker] Gimbal in IDLE mode, overriding to AUTO_AIM
[2026-07-22 23:36:29.266] [warning] [SimpleTracker] Gimbal in IDLE mode, overriding to AUTO_AIM
[2026-07-22 23:36:29.333] [warning] [SimpleTracker] Gimbal in IDLE mode, overriding to AUTO_AIM
[2026-07-22 23:36:29.399] [warning] [SimpleTracker] Gimbal in IDLE mode, overriding to AUTO_AIM
[2026-07-22 23:36:29.466] [warning] [SimpleTracker] Gimbal in IDLE mode, overriding to AUTO_AIM
[2026-07-22 23:36:29.533] [warning] [SimpleTracker] Gimbal in IDLE mode, overriding to AUTO_AIM
[2026-07-22 23:36:29.600] [warning] [SimpleTracker] Gimbal in IDLE mode, overriding to AUTO_AIM
[2026-07-22 23:36:29.666] [warning] [SimpleTracker] Gimbal in IDLE mode, overriding to AUTO_AIM
[2026-07-22 23:36:29.733] [warning] [SimpleTracker] Gimbal in IDLE mode, overriding to AUTO_AIM
[2026-07-22 23:36:29.799] [warning] [SimpleTracker] Gimbal in IDLE mode, overriding to AUTO_AIM
[2026-07-22 23:36:29.866] [warning] [SimpleTracker] Gimbal in IDLE mode, overriding to AUTO_AIM
[2026-07-22 23:36:29.901] [info] [Gimbal] Diag: latency=0.00ms, serial_ok=yes
[2026-07-22 23:36:29.933] [warning] [SimpleTracker] Gimbal in IDLE mode, overriding to AUTO_AIM
[2026-07-22 23:36:29.999] [warning] [SimpleTracker] Gimbal in IDLE mode, overriding to AUTO_AIM
[2026-07-22 23:36:30.011] [warning] [Gimbal] Invalid mode: 90
[2026-07-22 23:36:30.066] [warning] [SimpleTracker] Gimbal in IDLE mode, overriding to AUTO_AIM
[2026-07-22 23:36:30.133] [warning] [SimpleTracker] Gimbal in IDLE mode, overriding to AUTO_AIM
[2026-07-22 23:36:30.199] [warning] [SimpleTracker] Gimbal in IDLE mode, overriding to AUTO_AIM
[2026-07-22 23:36:30.266] [warning] [SimpleTracker] Gimbal in IDLE mode, overriding to AUTO_AIM
[2026-07-22 23:36:30.333] [warning] [SimpleTracker] Gimbal in IDLE mode, overriding to AUTO_AIM
[2026-07-22 23:36:30.399] [warning] [SimpleTracker] Gimbal in IDLE mode, overriding to AUTO_AIM
[2026-07-22 23:36:30.467] [warning] [SimpleTracker] Gimbal in IDLE mode, overriding to AUTO_AIM
[2026-07-22 23:36:30.533] [warning] [SimpleTracker] Gimbal in IDLE mode, overriding to AUTO_AIM
[2026-07-22 23:36:30.600] [warning] [SimpleTracker] Gimbal in IDLE mode, overriding to AUTO_AIM
[2026-07-22 23:36:30.666] [warning] [SimpleTracker] Gimbal in IDLE mode, overriding to AUTO_AIM
[2026-07-22 23:36:30.733] [warning] [SimpleTracker] Gimbal in IDLE mode, overriding to AUTO_AIM
[2026-07-22 23:36:30.736] [info] [Gimbal] Diag: latency=0.00ms, serial_ok=yes
[2026-07-22 23:36:30.799] [warning] [SimpleTracker] Gimbal in IDLE mode, overriding to AUTO_AIM
[2026-07-22 23:36:30.866] [warning] [SimpleTracker] Gimbal in IDLE mode, overriding to AUTO_AIM
[2026-07-22 23:36:30.933] [warning] [SimpleTracker] Gimbal in IDLE mode, overriding to AUTO_AIM
[2026-07-22 23:36:31.000] [warning] [SimpleTracker] Gimbal in IDLE mode, overriding to AUTO_AIM
[2026-07-22 23:36:31.066] [warning] [SimpleTracker] Gimbal in IDLE mode, overriding to AUTO_AIM
[2026-07-22 23:36:31.133] [warning] [SimpleTracker] Gimbal in IDLE mode, overriding to AUTO_AIM
[2026-07-22 23:36:31.200] [warning] [SimpleTracker] Gimbal in IDLE mode, overriding to AUTO_AIM
[2026-07-22 23:36:31.266] [warning] [SimpleTracker] Gimbal in IDLE mode, overriding to AUTO_AIM
[2026-07-22 23:36:31.332] [warning] [SimpleTracker] Gimbal in IDLE mode, overriding to AUTO_AIM
[2026-07-22 23:36:31.399] [warning] [SimpleTracker] Gimbal in IDLE mode, overriding to AUTO_AIM
[2026-07-22 23:36:31.466] [warning] [SimpleTracker] Gimbal in IDLE mode, overriding to AUTO_AIM
[2026-07-22 23:36:31.532] [warning] [SimpleTracker] Gimbal in IDLE mode, overriding to AUTO_AIM
[2026-07-22 23:36:31.586] [info] [Gimbal] Diag: latency=0.00ms, serial_ok=yes
[2026-07-22 23:36:31.599] [warning] [SimpleTracker] Gimbal in IDLE mode, overriding to AUTO_AIM
[2026-07-22 23:36:31.666] [warning] [SimpleTracker] Gimbal in IDLE mode, overriding to AUTO_AIM
[2026-07-22 23:36:31.733] [warning] [SimpleTracker] Gimbal in IDLE mode, overriding to AUTO_AIM
[2026-07-22 23:36:31.799] [warning] [SimpleTracker] Gimbal in IDLE mode, overriding to AUTO_AIM
[2026-07-22 23:36:31.866] [warning] [SimpleTracker] Gimbal in IDLE mode, overriding to AUTO_AIM
[2026-07-22 23:36:31.932] [warning] [SimpleTracker] Gimbal in IDLE mode, overriding to AUTO_AIM
[2026-07-22 23:36:32.000] [warning] [SimpleTracker] Gimbal in IDLE mode, overriding to AUTO_AIM
[2026-07-22 23:36:32.066] [warning] [SimpleTracker] Gimbal in IDLE mode, overriding to AUTO_AIM
[2026-07-22 23:36:32.133] [warning] [SimpleTracker] Gimbal in IDLE mode, overriding to AUTO_AIM
[2026-07-22 23:36:32.199] [warning] [SimpleTracker] Gimbal in IDLE mode, overriding to AUTO_AIM
[2026-07-22 23:36:32.266] [warning] [SimpleTracker] Gimbal in IDLE mode, overriding to AUTO_AIM
[2026-07-22 23:36:32.332] [warning] [SimpleTracker] Gimbal in IDLE mode, overriding to AUTO_AIM
[2026-07-22 23:36:32.399] [warning] [SimpleTracker] Gimbal in IDLE mode, overriding to AUTO_AIM
[2026-07-22 23:36:32.432] [info] [Gimbal] Diag: latency=0.00ms, serial_ok=yes
[2026-07-22 23:36:32.466] [warning] [SimpleTracker] Gimbal in IDLE mode, overriding to AUTO_AIM
[2026-07-22 23:36:32.532] [warning] [SimpleTracker] Gimbal in IDLE mode, overriding to AUTO_AIM
[2026-07-22 23:36:32.600] [warning] [SimpleTracker] Gimbal in IDLE mode, overriding to AUTO_AIM
[2026-07-22 23:36:32.666] [warning] [SimpleTracker] Gimbal in IDLE mode, overriding to AUTO_AIM
[2026-07-22 23:36:32.733] [warning] [SimpleTracker] Gimbal in IDLE mode, overriding to AUTO_AIM
[2026-07-22 23:36:32.799] [warning] [SimpleTracker] Gimbal in IDLE mode, overriding to AUTO_AIM
[2026-07-22 23:36:32.866] [warning] [SimpleTracker] Gimbal in IDLE mode, overriding to AUTO_AIM
[2026-07-22 23:36:32.933] [warning] [SimpleTracker] Gimbal in IDLE mode, overriding to AUTO_AIM
[2026-07-22 23:36:32.999] [warning] [SimpleTracker] Gimbal in IDLE mode, overriding to AUTO_AIM
[2026-07-22 23:36:33.066] [warning] [SimpleTracker] Gimbal in IDLE mode, overriding to AUTO_AIM
[2026-07-22 23:36:33.132] [warning] [SimpleTracker] Gimbal in IDLE mode, overriding to AUTO_AIM
[2026-07-22 23:36:33.199] [warning] [SimpleTracker] Gimbal in IDLE mode, overriding to AUTO_AIM
[2026-07-22 23:36:33.266] [warning] [SimpleTracker] Gimbal in IDLE mode, overriding to AUTO_AIM
[2026-07-22 23:36:33.286] [info] [Gimbal] Diag: latency=0.00ms, serial_ok=yes
[2026-07-22 23:36:33.333] [warning] [SimpleTracker] Gimbal in IDLE mode, overriding to AUTO_AIM
[2026-07-22 23:36:33.399] [warning] [SimpleTracker] Gimbal in IDLE mode, overriding to AUTO_AIM
[2026-07-22 23:36:33.466] [warning] [SimpleTracker] Gimbal in IDLE mode, overriding to AUTO_AIM
[2026-07-22 23:36:33.532] [warning] [SimpleTracker] Gimbal in IDLE mode, overriding to AUTO_AIM
[2026-07-22 23:36:33.599] [warning] [SimpleTracker] Gimbal in IDLE mode, overriding to AUTO_AIM
[2026-07-22 23:36:33.665] [warning] [SimpleTracker] Gimbal in IDLE mode, overriding to AUTO_AIM
[2026-07-22 23:36:33.732] [warning] [SimpleTracker] Gimbal in IDLE mode, overriding to AUTO_AIM
[2026-07-22 23:36:33.799] [warning] [SimpleTracker] Gimbal in IDLE mode, overriding to AUTO_AIM
[2026-07-22 23:36:33.866] [warning] [SimpleTracker] Gimbal in IDLE mode, overriding to AUTO_AIM
[2026-07-22 23:36:33.933] [warning] [SimpleTracker] Gimbal in IDLE mode, overriding to AUTO_AIM
[2026-07-22 23:36:33.999] [warning] [SimpleTracker] Gimbal in IDLE mode, overriding to AUTO_AIM
[2026-07-22 23:36:34.066] [warning] [SimpleTracker] Gimbal in IDLE mode, overriding to AUTO_AIM
[2026-07-22 23:36:34.132] [warning] [SimpleTracker] Gimbal in IDLE mode, overriding to AUTO_AIM
[2026-07-22 23:36:34.137] [info] [Gimbal] Diag: latency=0.00ms, serial_ok=yes
[2026-07-22 23:36:34.199] [warning] [SimpleTracker] Gimbal in IDLE mode, overriding to AUTO_AIM
[2026-07-22 23:36:34.266] [warning] [SimpleTracker] Gimbal in IDLE mode, overriding to AUTO_AIM
[2026-07-22 23:36:34.332] [warning] [SimpleTracker] Gimbal in IDLE mode, overriding to AUTO_AIM
[2026-07-22 23:36:34.399] [warning] [SimpleTracker] Gimbal in IDLE mode, overriding to AUTO_AIM
[2026-07-22 23:36:34.466] [warning] [SimpleTracker] Gimbal in IDLE mode, overriding to AUTO_AIM
[2026-07-22 23:36:34.532] [warning] [SimpleTracker] Gimbal in IDLE mode, overriding to AUTO_AIM
[2026-07-22 23:36:34.599] [warning] [SimpleTracker] Gimbal in IDLE mode, overriding to AUTO_AIM
[2026-07-22 23:36:34.666] [warning] [SimpleTracker] Gimbal in IDLE mode, overriding to AUTO_AIM
[2026-07-22 23:36:34.733] [warning] [SimpleTracker] Gimbal in IDLE mode, overriding to AUTO_AIM
[2026-07-22 23:36:34.799] [warning] [SimpleTracker] Gimbal in IDLE mode, overriding to AUTO_AIM
[2026-07-22 23:36:34.866] [warning] [SimpleTracker] Gimbal in IDLE mode, overriding to AUTO_AIM
[2026-07-22 23:36:34.933] [warning] [SimpleTracker] Gimbal in IDLE mode, overriding to AUTO_AIM
[2026-07-22 23:36:34.981] [info] [Gimbal] Diag: latency=0.00ms, serial_ok=yes
[2026-07-22 23:36:34.999] [warning] [SimpleTracker] Gimbal in IDLE mode, overriding to AUTO_AIM
[2026-07-22 23:36:35.066] [warning] [SimpleTracker] Gimbal in IDLE mode, overriding to AUTO_AIM
[2026-07-22 23:36:35.132] [warning] [SimpleTracker] Gimbal in IDLE mode, overriding to AUTO_AIM
[2026-07-22 23:36:35.199] [warning] [SimpleTracker] Gimbal in IDLE mode, overriding to AUTO_AIM
[2026-07-22 23:36:35.266] [warning] [SimpleTracker] Gimbal in IDLE mode, overriding to AUTO_AIM
[2026-07-22 23:36:35.333] [warning] [SimpleTracker] Gimbal in IDLE mode, overriding to AUTO_AIM
[2026-07-22 23:36:35.400] [warning] [SimpleTracker] Gimbal in IDLE mode, overriding to AUTO_AIM
[2026-07-22 23:36:35.466] [warning] [SimpleTracker] Gimbal in IDLE mode, overriding to AUTO_AIM
[2026-07-22 23:36:35.533] [warning] [SimpleTracker] Gimbal in IDLE mode, overriding to AUTO_AIM
[2026-07-22 23:36:35.599] [warning] [SimpleTracker] Gimbal in IDLE mode, overriding to AUTO_AIM
[2026-07-22 23:36:35.666] [warning] [SimpleTracker] Gimbal in IDLE mode, overriding to AUTO_AIM
[2026-07-22 23:36:35.732] [warning] [SimpleTracker] Gimbal in IDLE mode, overriding to AUTO_AIM
[2026-07-22 23:36:35.799] [warning] [SimpleTracker] Gimbal in IDLE mode, overriding to AUTO_AIM
[2026-07-22 23:36:35.827] [info] [Gimbal] Diag: latency=0.00ms, serial_ok=yes
[2026-07-22 23:36:35.865] [warning] [SimpleTracker] Gimbal in IDLE mode, overriding to AUTO_AIM
[2026-07-22 23:36:35.933] [warning] [SimpleTracker] Gimbal in IDLE mode, overriding to AUTO_AIM
[2026-07-22 23:36:35.999] [warning] [SimpleTracker] Gimbal in IDLE mode, overriding to AUTO_AIM
[2026-07-22 23:36:36.066] [warning] [SimpleTracker] Gimbal in IDLE mode, overriding to AUTO_AIM
[2026-07-22 23:36:36.132] [warning] [SimpleTracker] Gimbal in IDLE mode, overriding to AUTO_AIM
[2026-07-22 23:36:36.199] [warning] [SimpleTracker] Gimbal in IDLE mode, overriding to AUTO_AIM
[2026-07-22 23:36:36.266] [warning] [SimpleTracker] Gimbal in IDLE mode, overriding to AUTO_AIM
[2026-07-22 23:36:36.332] [warning] [SimpleTracker] Gimbal in IDLE mode, overriding to AUTO_AIM
[2026-07-22 23:36:36.399] [warning] [SimpleTracker] Gimbal in IDLE mode, overriding to AUTO_AIM
[2026-07-22 23:36:36.466] [warning] [SimpleTracker] Gimbal in IDLE mode, overriding to AUTO_AIM
[2026-07-22 23:36:36.533] [warning] [SimpleTracker] Gimbal in IDLE mode, overriding to AUTO_AIM
[2026-07-22 23:36:36.599] [warning] [SimpleTracker] Gimbal in IDLE mode, overriding to AUTO_AIM
[2026-07-22 23:36:36.666] [warning] [SimpleTracker] Gimbal in IDLE mode, overriding to AUTO_AIM
[2026-07-22 23:36:36.668] [info] [Gimbal] Diag: latency=0.00ms, serial_ok=yes
[2026-07-22 23:36:36.733] [warning] [SimpleTracker] Gimbal in IDLE mode, overriding to AUTO_AIM
[2026-07-22 23:36:36.799] [warning] [SimpleTracker] Gimbal in IDLE mode, overriding to AUTO_AIM
[2026-07-22 23:36:36.866] [warning] [SimpleTracker] Gimbal in IDLE mode, overriding to AUTO_AIM
[2026-07-22 23:36:36.932] [warning] [SimpleTracker] Gimbal in IDLE mode, overriding to AUTO_AIM
[2026-07-22 23:36:36.999] [warning] [SimpleTracker] Gimbal in IDLE mode, overriding to AUTO_AIM
[2026-07-22 23:36:37.065] [warning] [SimpleTracker] Gimbal in IDLE mode, overriding to AUTO_AIM
[2026-07-22 23:36:37.132] [warning] [SimpleTracker] Gimbal in IDLE mode, overriding to AUTO_AIM
[2026-07-22 23:36:37.199] [warning] [SimpleTracker] Gimbal in IDLE mode, overriding to AUTO_AIM
[2026-07-22 23:36:37.266] [warning] [SimpleTracker] Gimbal in IDLE mode, overriding to AUTO_AIM
[2026-07-22 23:36:37.333] [warning] [SimpleTracker] Gimbal in IDLE mode, overriding to AUTO_AIM
[2026-07-22 23:36:37.399] [warning] [SimpleTracker] Gimbal in IDLE mode, overriding to AUTO_AIM
[2026-07-22 23:36:37.466] [warning] [SimpleTracker] Gimbal in IDLE mode, overriding to AUTO_AIM
[2026-07-22 23:36:37.512] [info] [Gimbal] Diag: latency=0.00ms, serial_ok=yes
[2026-07-22 23:36:37.532] [warning] [SimpleTracker] Gimbal in IDLE mode, overriding to AUTO_AIM
[2026-07-22 23:36:37.599] [warning] [SimpleTracker] Gimbal in IDLE mode, overriding to AUTO_AIM
[2026-07-22 23:36:37.666] [warning] [SimpleTracker] Gimbal in IDLE mode, overriding to AUTO_AIM
[2026-07-22 23:36:37.732] [warning] [SimpleTracker] Gimbal in IDLE mode, overriding to AUTO_AIM
[2026-07-22 23:36:37.798] [warning] [SimpleTracker] Gimbal in IDLE mode, overriding to AUTO_AIM
[2026-07-22 23:36:37.865] [warning] [SimpleTracker] Gimbal in IDLE mode, overriding to AUTO_AIM
[2026-07-22 23:36:37.932] [warning] [SimpleTracker] Gimbal in IDLE mode, overriding to AUTO_AIM
[2026-07-22 23:36:37.999] [warning] [SimpleTracker] Gimbal in IDLE mode, overriding to AUTO_AIM
[2026-07-22 23:36:38.065] [warning] [SimpleTracker] Gimbal in IDLE mode, overriding to AUTO_AIM
[2026-07-22 23:36:38.132] [warning] [SimpleTracker] Gimbal in IDLE mode, overriding to AUTO_AIM
[2026-07-22 23:36:38.199] [warning] [SimpleTracker] Gimbal in IDLE mode, overriding to AUTO_AIM
[2026-07-22 23:36:38.266] [warning] [SimpleTracker] Gimbal in IDLE mode, overriding to AUTO_AIM
[2026-07-22 23:36:38.332] [warning] [SimpleTracker] Gimbal in IDLE mode, overriding to AUTO_AIM
[2026-07-22 23:36:38.341] [info] [Gimbal] Diag: latency=0.00ms, serial_ok=yes
[2026-07-22 23:36:38.399] [warning] [SimpleTracker] Gimbal in IDLE mode, overriding to AUTO_AIM
[2026-07-22 23:36:38.414] [warning] [Gimbal] Invalid mode: 90
[2026-07-22 23:36:38.465] [warning] [SimpleTracker] Gimbal in IDLE mode, overriding to AUTO_AIM
[2026-07-22 23:36:38.532] [warning] [SimpleTracker] Gimbal in IDLE mode, overriding to AUTO_AIM
[2026-07-22 23:36:38.599] [warning] [SimpleTracker] Gimbal in IDLE mode, overriding to AUTO_AIM
[2026-07-22 23:36:38.665] [warning] [SimpleTracker] Gimbal in IDLE mode, overriding to AUTO_AIM
[2026-07-22 23:36:38.732] [warning] [SimpleTracker] Gimbal in IDLE mode, overriding to AUTO_AIM
[2026-07-22 23:36:38.799] [warning] [SimpleTracker] Gimbal in IDLE mode, overriding to AUTO_AIM
[2026-07-22 23:36:38.866] [warning] [SimpleTracker] Gimbal in IDLE mode, overriding to AUTO_AIM
[2026-07-22 23:36:38.932] [warning] [SimpleTracker] Gimbal in IDLE mode, overriding to AUTO_AIM
[2026-07-22 23:36:38.999] [warning] [SimpleTracker] Gimbal in IDLE mode, overriding to AUTO_AIM
[2026-07-22 23:36:39.065] [warning] [SimpleTracker] Gimbal in IDLE mode, overriding to AUTO_AIM
[2026-07-22 23:36:39.132] [warning] [SimpleTracker] Gimbal in IDLE mode, overriding to AUTO_AIM
[2026-07-22 23:36:39.172] [info] [Gimbal] Diag: latency=0.00ms, serial_ok=yes
[2026-07-22 23:36:39.199] [warning] [SimpleTracker] Gimbal in IDLE mode, overriding to AUTO_AIM
[2026-07-22 23:36:39.266] [warning] [SimpleTracker] Gimbal in IDLE mode, overriding to AUTO_AIM
[2026-07-22 23:36:39.332] [warning] [SimpleTracker] Gimbal in IDLE mode, overriding to AUTO_AIM
[2026-07-22 23:36:39.399] [warning] [SimpleTracker] Gimbal in IDLE mode, overriding to AUTO_AIM
[2026-07-22 23:36:39.466] [warning] [SimpleTracker] Gimbal in IDLE mode, overriding to AUTO_AIM
[2026-07-22 23:36:39.533] [warning] [SimpleTracker] Gimbal in IDLE mode, overriding to AUTO_AIM
[2026-07-22 23:36:39.599] [warning] [SimpleTracker] Gimbal in IDLE mode, overriding to AUTO_AIM
[2026-07-22 23:36:39.665] [warning] [SimpleTracker] Gimbal in IDLE mode, overriding to AUTO_AIM
[2026-07-22 23:36:39.733] [warning] [SimpleTracker] Gimbal in IDLE mode, overriding to AUTO_AIM
[2026-07-22 23:36:39.799] [warning] [SimpleTracker] Gimbal in IDLE mode, overriding to AUTO_AIM
[2026-07-22 23:36:39.866] [warning] [SimpleTracker] Gimbal in IDLE mode, overriding to AUTO_AIM
[2026-07-22 23:36:39.932] [warning] [SimpleTracker] Gimbal in IDLE mode, overriding to AUTO_AIM
[2026-07-22 23:36:39.999] [warning] [SimpleTracker] Gimbal in IDLE mode, overriding to AUTO_AIM
[2026-07-22 23:36:40.020] [info] [Gimbal] Diag: latency=0.00ms, serial_ok=yes
[2026-07-22 23:36:40.066] [warning] [SimpleTracker] Gimbal in IDLE mode, overriding to AUTO_AIM
[2026-07-22 23:36:40.132] [warning] [SimpleTracker] Gimbal in IDLE mode, overriding to AUTO_AIM
[2026-07-22 23:36:40.199] [warning] [SimpleTracker] Gimbal in IDLE mode, overriding to AUTO_AIM
[2026-07-22 23:36:40.265] [warning] [SimpleTracker] Gimbal in IDLE mode, overriding to AUTO_AIM
[2026-07-22 23:36:40.332] [warning] [SimpleTracker] Gimbal in IDLE mode, overriding to AUTO_AIM
[2026-07-22 23:36:40.399] [warning] [SimpleTracker] Gimbal in IDLE mode, overriding to AUTO_AIM
[2026-07-22 23:36:40.465] [warning] [SimpleTracker] Gimbal in IDLE mode, overriding to AUTO_AIM
[2026-07-22 23:36:40.532] [warning] [SimpleTracker] Gimbal in IDLE mode, overriding to AUTO_AIM
[2026-07-22 23:36:40.599] [warning] [SimpleTracker] Gimbal in IDLE mode, overriding to AUTO_AIM
[2026-07-22 23:36:40.666] [warning] [SimpleTracker] Gimbal in IDLE mode, overriding to AUTO_AIM
[2026-07-22 23:36:40.732] [warning] [SimpleTracker] Gimbal in IDLE mode, overriding to AUTO_AIM
[2026-07-22 23:36:40.799] [warning] [SimpleTracker] Gimbal in IDLE mode, overriding to AUTO_AIM
[2026-07-22 23:36:40.865] [warning] [SimpleTracker] Gimbal in IDLE mode, overriding to AUTO_AIM
[2026-07-22 23:36:40.867] [info] [Gimbal] Diag: latency=0.00ms, serial_ok=yes
[2026-07-22 23:36:40.932] [warning] [SimpleTracker] Gimbal in IDLE mode, overriding to AUTO_AIM
[2026-07-22 23:36:40.999] [warning] [SimpleTracker] Gimbal in IDLE mode, overriding to AUTO_AIM
[2026-07-22 23:36:41.065] [warning] [SimpleTracker] Gimbal in IDLE mode, overriding to AUTO_AIM
[2026-07-22 23:36:41.132] [warning] [SimpleTracker] Gimbal in IDLE mode, overriding to AUTO_AIM
[2026-07-22 23:36:41.199] [warning] [SimpleTracker] Gimbal in IDLE mode, overriding to AUTO_AIM
[2026-07-22 23:36:41.266] [warning] [SimpleTracker] Gimbal in IDLE mode, overriding to AUTO_AIM
[2026-07-22 23:36:41.332] [warning] [SimpleTracker] Gimbal in IDLE mode, overriding to AUTO_AIM
[2026-07-22 23:36:41.399] [warning] [SimpleTracker] Gimbal in IDLE mode, overriding to AUTO_AIM
[2026-07-22 23:36:41.465] [warning] [SimpleTracker] Gimbal in IDLE mode, overriding to AUTO_AIM
[2026-07-22 23:36:41.532] [warning] [SimpleTracker] Gimbal in IDLE mode, overriding to AUTO_AIM
[2026-07-22 23:36:41.599] [warning] [SimpleTracker] Gimbal in IDLE mode, overriding to AUTO_AIM
[2026-07-22 23:36:41.665] [warning] [SimpleTracker] Gimbal in IDLE mode, overriding to AUTO_AIM
[2026-07-22 23:36:41.701] [info] [Gimbal] Diag: latency=0.00ms, serial_ok=yes
[2026-07-22 23:36:41.732] [warning] [SimpleTracker] Gimbal in IDLE mode, overriding to AUTO_AIM
[2026-07-22 23:36:41.799] [warning] [SimpleTracker] Gimbal in IDLE mode, overriding to AUTO_AIM
[2026-07-22 23:36:41.866] [warning] [SimpleTracker] Gimbal in IDLE mode, overriding to AUTO_AIM
[2026-07-22 23:36:41.932] [warning] [SimpleTracker] Gimbal in IDLE mode, overriding to AUTO_AIM
[2026-07-22 23:36:41.999] [warning] [SimpleTracker] Gimbal in IDLE mode, overriding to AUTO_AIM
[2026-07-22 23:36:42.066] [warning] [SimpleTracker] Gimbal in IDLE mode, overriding to AUTO_AIM
[2026-07-22 23:36:42.132] [warning] [SimpleTracker] Gimbal in IDLE mode, overriding to AUTO_AIM
[2026-07-22 23:36:42.199] [warning] [SimpleTracker] Gimbal in IDLE mode, overriding to AUTO_AIM
[2026-07-22 23:36:42.266] [warning] [SimpleTracker] Gimbal in IDLE mode, overriding to AUTO_AIM
[2026-07-22 23:36:42.332] [warning] [SimpleTracker] Gimbal in IDLE mode, overriding to AUTO_AIM
[2026-07-22 23:36:42.399] [warning] [SimpleTracker] Gimbal in IDLE mode, overriding to AUTO_AIM
[2026-07-22 23:36:42.466] [warning] [SimpleTracker] Gimbal in IDLE mode, overriding to AUTO_AIM
[2026-07-22 23:36:42.532] [warning] [SimpleTracker] Gimbal in IDLE mode, overriding to AUTO_AIM
[2026-07-22 23:36:42.542] [info] [Gimbal] Diag: latency=0.00ms, serial_ok=yes
[2026-07-22 23:36:42.599] [warning] [SimpleTracker] Gimbal in IDLE mode, overriding to AUTO_AIM
[2026-07-22 23:36:42.666] [warning] [SimpleTracker] Gimbal in IDLE mode, overriding to AUTO_AIM
[2026-07-22 23:36:42.732] [warning] [SimpleTracker] Gimbal in IDLE mode, overriding to AUTO_AIM
[2026-07-22 23:36:42.799] [warning] [SimpleTracker] Gimbal in IDLE mode, overriding to AUTO_AIM
[2026-07-22 23:36:42.865] [warning] [SimpleTracker] Gimbal in IDLE mode, overriding to AUTO_AIM
[2026-07-22 23:36:42.932] [warning] [SimpleTracker] Gimbal in IDLE mode, overriding to AUTO_AIM
[2026-07-22 23:36:42.999] [warning] [SimpleTracker] Gimbal in IDLE mode, overriding to AUTO_AIM
[2026-07-22 23:36:43.066] [warning] [SimpleTracker] Gimbal in IDLE mode, overriding to AUTO_AIM
[2026-07-22 23:36:43.132] [warning] [SimpleTracker] Gimbal in IDLE mode, overriding to AUTO_AIM
[2026-07-22 23:36:43.199] [warning] [SimpleTracker] Gimbal in IDLE mode, overriding to AUTO_AIM
[2026-07-22 23:36:43.265] [warning] [SimpleTracker] Gimbal in IDLE mode, overriding to AUTO_AIM
[2026-07-22 23:36:43.332] [warning] [SimpleTracker] Gimbal in IDLE mode, overriding to AUTO_AIM
[2026-07-22 23:36:43.394] [info] [Gimbal] Diag: latency=0.00ms, serial_ok=yes
[2026-07-22 23:36:43.399] [warning] [SimpleTracker] Gimbal in IDLE mode, overriding to AUTO_AIM
[2026-07-22 23:36:43.466] [warning] [SimpleTracker] Gimbal in IDLE mode, overriding to AUTO_AIM
[2026-07-22 23:36:43.532] [warning] [SimpleTracker] Gimbal in IDLE mode, overriding to AUTO_AIM
[2026-07-22 23:36:43.599] [warning] [SimpleTracker] Gimbal in IDLE mode, overriding to AUTO_AIM
[2026-07-22 23:36:43.665] [warning] [SimpleTracker] Gimbal in IDLE mode, overriding to AUTO_AIM
[2026-07-22 23:36:43.732] [warning] [SimpleTracker] Gimbal in IDLE mode, overriding to AUTO_AIM
[2026-07-22 23:36:43.798] [warning] [SimpleTracker] Gimbal in IDLE mode, overriding to AUTO_AIM
[2026-07-22 23:36:43.865] [warning] [SimpleTracker] Gimbal in IDLE mode, overriding to AUTO_AIM
[2026-07-22 23:36:43.932] [warning] [SimpleTracker] Gimbal in IDLE mode, overriding to AUTO_AIM
[2026-07-22 23:36:43.999] [warning] [SimpleTracker] Gimbal in IDLE mode, overriding to AUTO_AIM
[2026-07-22 23:36:44.065] [warning] [SimpleTracker] Gimbal in IDLE mode, overriding to AUTO_AIM
[2026-07-22 23:36:44.132] [warning] [SimpleTracker] Gimbal in IDLE mode, overriding to AUTO_AIM
[2026-07-22 23:36:44.199] [warning] [SimpleTracker] Gimbal in IDLE mode, overriding to AUTO_AIM
[2026-07-22 23:36:44.226] [info] [Gimbal] Diag: latency=0.00ms, serial_ok=yes
[2026-07-22 23:36:44.266] [warning] [SimpleTracker] Gimbal in IDLE mode, overriding to AUTO_AIM
[2026-07-22 23:36:44.332] [warning] [SimpleTracker] Gimbal in IDLE mode, overriding to AUTO_AIM
[2026-07-22 23:36:44.399] [warning] [SimpleTracker] Gimbal in IDLE mode, overriding to AUTO_AIM
[2026-07-22 23:36:44.465] [warning] [SimpleTracker] Gimbal in IDLE mode, overriding to AUTO_AIM
[2026-07-22 23:36:44.532] [warning] [SimpleTracker] Gimbal in IDLE mode, overriding to AUTO_AIM
[2026-07-22 23:36:44.598] [warning] [SimpleTracker] Gimbal in IDLE mode, overriding to AUTO_AIM
[2026-07-22 23:36:44.666] [warning] [SimpleTracker] Gimbal in IDLE mode, overriding to AUTO_AIM
[2026-07-22 23:36:44.732] [warning] [SimpleTracker] Gimbal in IDLE mode, overriding to AUTO_AIM
[2026-07-22 23:36:44.799] [warning] [SimpleTracker] Gimbal in IDLE mode, overriding to AUTO_AIM
[2026-07-22 23:36:44.865] [warning] [SimpleTracker] Gimbal in IDLE mode, overriding to AUTO_AIM
[2026-07-22 23:36:44.932] [warning] [SimpleTracker] Gimbal in IDLE mode, overriding to AUTO_AIM
[2026-07-22 23:36:44.999] [warning] [SimpleTracker] Gimbal in IDLE mode, overriding to AUTO_AIM
[2026-07-22 23:36:45.065] [warning] [SimpleTracker] Gimbal in IDLE mode, overriding to AUTO_AIM
[2026-07-22 23:36:45.081] [info] [Gimbal] Diag: latency=0.00ms, serial_ok=yes
[2026-07-22 23:36:45.132] [warning] [SimpleTracker] Gimbal in IDLE mode, overriding to AUTO_AIM
[2026-07-22 23:36:45.198] [warning] [SimpleTracker] Gimbal in IDLE mode, overriding to AUTO_AIM
[2026-07-22 23:36:45.265] [warning] [SimpleTracker] Gimbal in IDLE mode, overriding to AUTO_AIM
[2026-07-22 23:36:45.332] [warning] [SimpleTracker] Gimbal in IDLE mode, overriding to AUTO_AIM
[2026-07-22 23:36:45.399] [warning] [SimpleTracker] Gimbal in IDLE mode, overriding to AUTO_AIM
[2026-07-22 23:36:45.465] [warning] [SimpleTracker] Gimbal in IDLE mode, overriding to AUTO_AIM
[2026-07-22 23:36:45.532] [warning] [SimpleTracker] Gimbal in IDLE mode, overriding to AUTO_AIM
[2026-07-22 23:36:45.598] [warning] [SimpleTracker] Gimbal in IDLE mode, overriding to AUTO_AIM
[2026-07-22 23:36:45.665] [warning] [SimpleTracker] Gimbal in IDLE mode, overriding to AUTO_AIM
[2026-07-22 23:36:45.732] [warning] [SimpleTracker] Gimbal in IDLE mode, overriding to AUTO_AIM
[2026-07-22 23:36:45.798] [warning] [SimpleTracker] Gimbal in IDLE mode, overriding to AUTO_AIM
[2026-07-22 23:36:45.865] [warning] [SimpleTracker] Gimbal in IDLE mode, overriding to AUTO_AIM
[2026-07-22 23:36:45.919] [info] [Gimbal] Diag: latency=0.00ms, serial_ok=yes
[2026-07-22 23:36:45.932] [warning] [SimpleTracker] Gimbal in IDLE mode, overriding to AUTO_AIM
[2026-07-22 23:36:45.999] [warning] [SimpleTracker] Gimbal in IDLE mode, overriding to AUTO_AIM
[2026-07-22 23:36:46.065] [warning] [SimpleTracker] Gimbal in IDLE mode, overriding to AUTO_AIM
[2026-07-22 23:36:46.132] [warning] [SimpleTracker] Gimbal in IDLE mode, overriding to AUTO_AIM
[2026-07-22 23:36:46.198] [warning] [SimpleTracker] Gimbal in IDLE mode, overriding to AUTO_AIM
[2026-07-22 23:36:46.265] [warning] [SimpleTracker] Gimbal in IDLE mode, overriding to AUTO_AIM
[2026-07-22 23:36:46.332] [warning] [SimpleTracker] Gimbal in IDLE mode, overriding to AUTO_AIM
[2026-07-22 23:36:46.398] [warning] [SimpleTracker] Gimbal in IDLE mode, overriding to AUTO_AIM
[2026-07-22 23:36:46.465] [warning] [SimpleTracker] Gimbal in IDLE mode, overriding to AUTO_AIM
[2026-07-22 23:36:46.532] [warning] [SimpleTracker] Gimbal in IDLE mode, overriding to AUTO_AIM
[2026-07-22 23:36:46.599] [warning] [SimpleTracker] Gimbal in IDLE mode, overriding to AUTO_AIM
[2026-07-22 23:36:46.666] [warning] [SimpleTracker] Gimbal in IDLE mode, overriding to AUTO_AIM
[2026-07-22 23:36:46.732] [warning] [SimpleTracker] Gimbal in IDLE mode, overriding to AUTO_AIM
[2026-07-22 23:36:46.761] [info] [Gimbal] Diag: latency=0.00ms, serial_ok=yes
[2026-07-22 23:36:46.798] [warning] [SimpleTracker] Gimbal in IDLE mode, overriding to AUTO_AIM
[2026-07-22 23:36:46.865] [warning] [SimpleTracker] Gimbal in IDLE mode, overriding to AUTO_AIM
[2026-07-22 23:36:46.932] [warning] [SimpleTracker] Gimbal in IDLE mode, overriding to AUTO_AIM
[2026-07-22 23:36:46.998] [warning] [SimpleTracker] Gimbal in IDLE mode, overriding to AUTO_AIM
[2026-07-22 23:36:47.065] [warning] [SimpleTracker] Gimbal in IDLE mode, overriding to AUTO_AIM
[2026-07-22 23:36:47.131] [warning] [SimpleTracker] Gimbal in IDLE mode, overriding to AUTO_AIM
[2026-07-22 23:36:47.198] [warning] [SimpleTracker] Gimbal in IDLE mode, overriding to AUTO_AIM
[2026-07-22 23:36:47.265] [warning] [SimpleTracker] Gimbal in IDLE mode, overriding to AUTO_AIM
[2026-07-22 23:36:47.332] [warning] [SimpleTracker] Gimbal in IDLE mode, overriding to AUTO_AIM
[2026-07-22 23:36:47.399] [warning] [SimpleTracker] Gimbal in IDLE mode, overriding to AUTO_AIM
[2026-07-22 23:36:47.465] [warning] [SimpleTracker] Gimbal in IDLE mode, overriding to AUTO_AIM
[2026-07-22 23:36:47.532] [warning] [SimpleTracker] Gimbal in IDLE mode, overriding to AUTO_AIM
[2026-07-22 23:36:47.598] [warning] [SimpleTracker] Gimbal in IDLE mode, overriding to AUTO_AIM
[2026-07-22 23:36:47.603] [info] [Gimbal] Diag: latency=0.00ms, serial_ok=yes
[2026-07-22 23:36:47.665] [warning] [SimpleTracker] Gimbal in IDLE mode, overriding to AUTO_AIM
[2026-07-22 23:36:47.732] [warning] [SimpleTracker] Gimbal in IDLE mode, overriding to AUTO_AIM
[2026-07-22 23:36:47.798] [warning] [SimpleTracker] Gimbal in IDLE mode, overriding to AUTO_AIM
[2026-07-22 23:36:47.865] [warning] [SimpleTracker] Gimbal in IDLE mode, overriding to AUTO_AIM
[2026-07-22 23:36:47.932] [warning] [SimpleTracker] Gimbal in IDLE mode, overriding to AUTO_AIM
[2026-07-22 23:36:47.999] [warning] [SimpleTracker] Gimbal in IDLE mode, overriding to AUTO_AIM
[2026-07-22 23:36:48.065] [warning] [SimpleTracker] Gimbal in IDLE mode, overriding to AUTO_AIM
[2026-07-22 23:36:48.132] [warning] [SimpleTracker] Gimbal in IDLE mode, overriding to AUTO_AIM
[2026-07-22 23:36:48.198] [warning] [SimpleTracker] Gimbal in IDLE mode, overriding to AUTO_AIM
[2026-07-22 23:36:48.265] [warning] [SimpleTracker] Gimbal in IDLE mode, overriding to AUTO_AIM
[2026-07-22 23:36:48.332] [warning] [SimpleTracker] Gimbal in IDLE mode, overriding to AUTO_AIM
[2026-07-22 23:36:48.398] [warning] [SimpleTracker] Gimbal in IDLE mode, overriding to AUTO_AIM
[2026-07-22 23:36:48.452] [info] [Gimbal] Diag: latency=0.00ms, serial_ok=yes
[2026-07-22 23:36:48.465] [warning] [SimpleTracker] Gimbal in IDLE mode, overriding to AUTO_AIM
[2026-07-22 23:36:48.532] [warning] [SimpleTracker] Gimbal in IDLE mode, overriding to AUTO_AIM
[2026-07-22 23:36:48.598] [warning] [SimpleTracker] Gimbal in IDLE mode, overriding to AUTO_AIM
[2026-07-22 23:36:48.665] [warning] [SimpleTracker] Gimbal in IDLE mode, overriding to AUTO_AIM
[2026-07-22 23:36:48.732] [warning] [SimpleTracker] Gimbal in IDLE mode, overriding to AUTO_AIM
[2026-07-22 23:36:48.798] [warning] [SimpleTracker] Gimbal in IDLE mode, overriding to AUTO_AIM
[2026-07-22 23:36:48.865] [warning] [SimpleTracker] Gimbal in IDLE mode, overriding to AUTO_AIM
[2026-07-22 23:36:48.931] [warning] [SimpleTracker] Gimbal in IDLE mode, overriding to AUTO_AIM
[2026-07-22 23:36:48.998] [warning] [SimpleTracker] Gimbal in IDLE mode, overriding to AUTO_AIM
[2026-07-22 23:36:49.065] [warning] [SimpleTracker] Gimbal in IDLE mode, overriding to AUTO_AIM
[2026-07-22 23:36:49.132] [warning] [SimpleTracker] Gimbal in IDLE mode, overriding to AUTO_AIM
[2026-07-22 23:36:49.198] [warning] [SimpleTracker] Gimbal in IDLE mode, overriding to AUTO_AIM
[2026-07-22 23:36:49.265] [warning] [SimpleTracker] Gimbal in IDLE mode, overriding to AUTO_AIM
[2026-07-22 23:36:49.306] [info] [Gimbal] Diag: latency=0.00ms, serial_ok=yes
[2026-07-22 23:36:49.331] [warning] [SimpleTracker] Gimbal in IDLE mode, overriding to AUTO_AIM
[2026-07-22 23:36:49.398] [warning] [SimpleTracker] Gimbal in IDLE mode, overriding to AUTO_AIM
[2026-07-22 23:36:49.465] [warning] [SimpleTracker] Gimbal in IDLE mode, overriding to AUTO_AIM
[2026-07-22 23:36:49.531] [warning] [SimpleTracker] Gimbal in IDLE mode, overriding to AUTO_AIM
[2026-07-22 23:36:49.598] [warning] [SimpleTracker] Gimbal in IDLE mode, overriding to AUTO_AIM
[2026-07-22 23:36:49.665] [warning] [SimpleTracker] Gimbal in IDLE mode, overriding to AUTO_AIM
[2026-07-22 23:36:49.732] [warning] [SimpleTracker] Gimbal in IDLE mode, overriding to AUTO_AIM
[2026-07-22 23:36:49.799] [warning] [SimpleTracker] Gimbal in IDLE mode, overriding to AUTO_AIM
[2026-07-22 23:36:49.865] [warning] [SimpleTracker] Gimbal in IDLE mode, overriding to AUTO_AIM
[2026-07-22 23:36:49.931] [warning] [SimpleTracker] Gimbal in IDLE mode, overriding to AUTO_AIM
[2026-07-22 23:36:49.998] [warning] [SimpleTracker] Gimbal in IDLE mode, overriding to AUTO_AIM
[2026-07-22 23:36:50.065] [warning] [SimpleTracker] Gimbal in IDLE mode, overriding to AUTO_AIM
[2026-07-22 23:36:50.132] [warning] [SimpleTracker] Gimbal in IDLE mode, overriding to AUTO_AIM
[2026-07-22 23:36:50.149] [info] [Gimbal] Diag: latency=0.00ms, serial_ok=yes
[2026-07-22 23:36:50.198] [warning] [SimpleTracker] Gimbal in IDLE mode, overriding to AUTO_AIM
[2026-07-22 23:36:50.265] [warning] [SimpleTracker] Gimbal in IDLE mode, overriding to AUTO_AIM
[2026-07-22 23:36:50.331] [warning] [SimpleTracker] Gimbal in IDLE mode, overriding to AUTO_AIM
[2026-07-22 23:36:50.398] [warning] [SimpleTracker] Gimbal in IDLE mode, overriding to AUTO_AIM
[2026-07-22 23:36:50.465] [warning] [SimpleTracker] Gimbal in IDLE mode, overriding to AUTO_AIM
[2026-07-22 23:36:50.531] [warning] [SimpleTracker] Gimbal in IDLE mode, overriding to AUTO_AIM
[2026-07-22 23:36:50.598] [warning] [SimpleTracker] Gimbal in IDLE mode, overriding to AUTO_AIM
[2026-07-22 23:36:50.665] [warning] [SimpleTracker] Gimbal in IDLE mode, overriding to AUTO_AIM
[2026-07-22 23:36:50.731] [warning] [SimpleTracker] Gimbal in IDLE mode, overriding to AUTO_AIM
[2026-07-22 23:36:50.798] [warning] [SimpleTracker] Gimbal in IDLE mode, overriding to AUTO_AIM
[2026-07-22 23:36:50.864] [warning] [SimpleTracker] Gimbal in IDLE mode, overriding to AUTO_AIM
[2026-07-22 23:36:50.932] [warning] [SimpleTracker] Gimbal in IDLE mode, overriding to AUTO_AIM
[2026-07-22 23:36:50.984] [info] [Gimbal] Diag: latency=0.00ms, serial_ok=yes
[2026-07-22 23:36:50.998] [warning] [SimpleTracker] Gimbal in IDLE mode, overriding to AUTO_AIM
[2026-07-22 23:36:51.065] [warning] [SimpleTracker] Gimbal in IDLE mode, overriding to AUTO_AIM
[2026-07-22 23:36:51.131] [warning] [SimpleTracker] Gimbal in IDLE mode, overriding to AUTO_AIM
[2026-07-22 23:36:51.198] [warning] [SimpleTracker] Gimbal in IDLE mode, overriding to AUTO_AIM
[2026-07-22 23:36:51.265] [warning] [SimpleTracker] Gimbal in IDLE mode, overriding to AUTO_AIM
[2026-07-22 23:36:51.331] [warning] [SimpleTracker] Gimbal in IDLE mode, overriding to AUTO_AIM
[2026-07-22 23:36:51.399] [warning] [SimpleTracker] Gimbal in IDLE mode, overriding to AUTO_AIM
[2026-07-22 23:36:51.465] [warning] [SimpleTracker] Gimbal in IDLE mode, overriding to AUTO_AIM
[2026-07-22 23:36:51.472] [info] [SimpleTracker] Shutdown.
[2026-07-22 23:36:51.690] [info] [Gimbal] read_thread stopped.
