[2026-07-22 21:22:55.010] [info] [DesktopGimbal] Opening gimbal serial...
[2026-07-22 21:22:55.010] [warning] [Gimbal] Configured com_port '/dev/gimbal' not found, fallback to '/dev/ttyUSB0'.
[2026-07-22 21:22:55.112] [info] [Gimbal] read_thread started.
[2026-07-22 21:22:55.112] [info] [Gimbal] First q received.
[2026-07-22 21:22:55.112] [info] [DesktopGimbal] Opening camera...
[2026-07-22 21:22:56.012] [info] [Gimbal] Diag: latency=0.00ms, serial_ok=yes
[2026-07-22 21:22:57.012] [info] [Gimbal] Diag: latency=0.00ms, serial_ok=yes
[2026-07-22 21:22:57.047] [info] [MultiThreadDetector] initialized !
[2026-07-22 21:22:57.048] [info] [DesktopGimbal] Entering main loop.
[2026-07-22 21:22:57.929] [info] [Gimbal] Diag: latency=0.00ms, serial_ok=yes
[2026-07-22 21:22:58.764] [info] [Gimbal] Diag: latency=0.00ms, serial_ok=yes
[2026-07-22 21:22:59.596] [info] [Gimbal] Diag: latency=0.00ms, serial_ok=yes
[2026-07-22 21:23:00.426] [info] [Gimbal] Diag: latency=0.00ms, serial_ok=yes
[2026-07-22 21:23:01.266] [info] [Gimbal] Diag: latency=0.00ms, serial_ok=yes
[2026-07-22 21:23:02.110] [info] [Gimbal] Diag: latency=0.00ms, serial_ok=yes
[2026-07-22 21:23:02.950] [info] [Gimbal] Diag: latency=0.00ms, serial_ok=yes
[2026-07-22 21:23:03.804] [info] [Gimbal] Diag: latency=0.00ms, serial_ok=yes
[2026-07-22 21:23:04.643] [info] [Gimbal] Diag: latency=0.00ms, serial_ok=yes
[2026-07-22 21:23:05.477] [info] [Gimbal] Diag: latency=0.00ms, serial_ok=yes
[2026-07-22 21:23:06.323] [info] [Gimbal] Diag: latency=0.00ms, serial_ok=yes
[2026-07-22 21:23:07.162] [info] [Gimbal] Diag: latency=0.00ms, serial_ok=yes
[2026-07-22 21:23:08.000] [info] [Gimbal] Diag: latency=0.00ms, serial_ok=yes
[2026-07-22 21:23:08.845] [info] [Gimbal] Diag: latency=0.00ms, serial_ok=yes
[2026-07-22 21:23:09.692] [info] [Gimbal] Diag: latency=0.00ms, serial_ok=yes
[2026-07-22 21:23:10.526] [info] [Gimbal] Diag: latency=0.00ms, serial_ok=yes
[2026-07-22 21:23:11.362] [info] [Gimbal] Diag: latency=0.00ms, serial_ok=yes
[2026-07-22 21:23:11.621] [warning] [Gimbal] Invalid mode: 90
[2026-07-22 21:23:12.204] [info] [Gimbal] Diag: latency=0.00ms, serial_ok=yes
[2026-07-22 21:23:13.035] [info] [Gimbal] Diag: latency=0.00ms, serial_ok=yes
[2026-07-22 21:23:13.875] [info] [Gimbal] Diag: latency=0.00ms, serial_ok=yes
[2026-07-22 21:23:14.650] [warning] [Gimbal] Invalid mode: 90
[2026-07-22 21:23:14.713] [info] [Gimbal] Diag: latency=0.00ms, serial_ok=yes
[2026-07-22 21:23:15.557] [info] [Gimbal] Diag: latency=0.00ms, serial_ok=yes
[2026-07-22 21:23:16.390] [info] [Gimbal] Diag: latency=0.00ms, serial_ok=yes
[2026-07-22 21:23:17.228] [info] [Gimbal] Diag: latency=0.00ms, serial_ok=yes
[2026-07-22 21:23:17.786] [warning] [Gimbal] Invalid mode: 90
[2026-07-22 21:23:18.058] [info] [Gimbal] Diag: latency=0.00ms, serial_ok=yes
[2026-07-22 21:23:18.899] [info] [Gimbal] Diag: latency=0.00ms, serial_ok=yes
[2026-07-22 21:23:19.749] [info] [Gimbal] Diag: latency=0.00ms, serial_ok=yes
[2026-07-22 21:23:20.256] [warning] [Gimbal] Invalid mode: 90
[2026-07-22 21:23:20.599] [info] [Gimbal] Diag: latency=0.00ms, serial_ok=yes
[2026-07-22 21:23:21.435] [info] [Gimbal] Diag: latency=0.00ms, serial_ok=yes
[2026-07-22 21:23:22.269] [info] [Gimbal] Diag: latency=0.00ms, serial_ok=yes
[2026-07-22 21:23:22.426] [warning] [Gimbal] Invalid mode: 90
[2026-07-22 21:23:23.106] [info] [Gimbal] Diag: latency=0.00ms, serial_ok=yes
[2026-07-22 21:23:23.944] [info] [Gimbal] Diag: latency=0.00ms, serial_ok=yes
[2026-07-22 21:23:24.784] [info] [Gimbal] Diag: latency=0.00ms, serial_ok=yes
[2026-07-22 21:23:25.623] [info] [Gimbal] Diag: latency=0.00ms, serial_ok=yes
[2026-07-22 21:23:25.789] [warning] [Gimbal] Invalid mode: 90
[2026-07-22 21:23:26.469] [info] [Gimbal] Diag: latency=0.00ms, serial_ok=yes
[2026-07-22 21:23:27.302] [info] [Gimbal] Diag: latency=0.00ms, serial_ok=yes
[2026-07-22 21:23:28.139] [info] [Gimbal] Diag: latency=0.00ms, serial_ok=yes
[2026-07-22 21:23:28.976] [info] [Gimbal] Diag: latency=0.00ms, serial_ok=yes
[2026-07-22 21:23:29.811] [info] [Gimbal] Diag: latency=0.00ms, serial_ok=yes
[2026-07-22 21:23:30.663] [info] [Gimbal] Diag: latency=0.00ms, serial_ok=yes
[2026-07-22 21:23:31.500] [info] [Gimbal] Diag: latency=0.00ms, serial_ok=yes
[2026-07-22 21:23:32.339] [info] [Gimbal] Diag: latency=0.00ms, serial_ok=yes
[2026-07-22 21:23:32.660] [warning] [Gimbal] Invalid mode: 90
[2026-07-22 21:23:33.182] [info] [Gimbal] Diag: latency=0.00ms, serial_ok=yes
[2026-07-22 21:23:34.019] [info] [Gimbal] Diag: latency=0.00ms, serial_ok=yes
[2026-07-22 21:23:34.871] [info] [Gimbal] Diag: latency=0.00ms, serial_ok=yes
[2026-07-22 21:23:35.721] [info] [Gimbal] Diag: latency=0.00ms, serial_ok=yes
[2026-07-22 21:23:36.555] [info] [Gimbal] Diag: latency=0.00ms, serial_ok=yes
[2026-07-22 21:23:37.405] [info] [Gimbal] Diag: latency=0.00ms, serial_ok=yes
[2026-07-22 21:23:38.243] [info] [Gimbal] Diag: latency=0.00ms, serial_ok=yes
[2026-07-22 21:23:39.087] [info] [Gimbal] Diag: latency=0.00ms, serial_ok=yes
[2026-07-22 21:23:39.918] [info] [Gimbal] Diag: latency=0.00ms, serial_ok=yes
[2026-07-22 21:23:40.752] [info] [Gimbal] Diag: latency=0.00ms, serial_ok=yes
[2026-07-22 21:23:41.590] [info] [Gimbal] Diag: latency=0.00ms, serial_ok=yes
[2026-07-22 21:23:42.438] [info] [Gimbal] Diag: latency=0.00ms, serial_ok=yes
[2026-07-22 21:23:43.270] [info] [Gimbal] Diag: latency=0.00ms, serial_ok=yes
[2026-07-22 21:23:44.105] [info] [Gimbal] Diag: latency=0.00ms, serial_ok=yes
[2026-07-22 21:23:44.950] [info] [Gimbal] Diag: latency=0.00ms, serial_ok=yes
[2026-07-22 21:23:45.796] [info] [Gimbal] Diag: latency=0.00ms, serial_ok=yes
[2026-07-22 21:23:46.641] [info] [Gimbal] Diag: latency=0.00ms, serial_ok=yes
[2026-07-22 21:23:47.498] [info] [Gimbal] Diag: latency=0.00ms, serial_ok=yes
[2026-07-22 21:23:48.334] [info] [Gimbal] Diag: latency=0.00ms, serial_ok=yes
[2026-07-22 21:23:49.169] [info] [Gimbal] Diag: latency=0.00ms, serial_ok=yes
[2026-07-22 21:23:49.994] [info] [Gimbal] Diag: latency=0.00ms, serial_ok=yes
[2026-07-22 21:23:50.839] [info] [Gimbal] Diag: latency=0.00ms, serial_ok=yes
[2026-07-22 21:23:51.670] [info] [Gimbal] Diag: latency=0.00ms, serial_ok=yes
[2026-07-22 21:23:52.510] [info] [Gimbal] Diag: latency=0.00ms, serial_ok=yes
[2026-07-22 21:23:53.353] [info] [Gimbal] Diag: latency=0.00ms, serial_ok=yes
[2026-07-22 21:23:54.192] [info] [Gimbal] Diag: latency=0.00ms, serial_ok=yes
[2026-07-22 21:23:55.025] [info] [Gimbal] Diag: latency=0.00ms, serial_ok=yes
[2026-07-22 21:23:55.871] [info] [Gimbal] Diag: latency=0.00ms, serial_ok=yes
[2026-07-22 21:23:56.710] [info] [Gimbal] Diag: latency=0.00ms, serial_ok=yes
[2026-07-22 21:23:57.543] [info] [Gimbal] Diag: latency=0.00ms, serial_ok=yes
[2026-07-22 21:23:57.638] [warning] [Gimbal] Invalid mode: 90
[2026-07-22 21:23:58.382] [info] [Gimbal] Diag: latency=0.00ms, serial_ok=yes
[2026-07-22 21:23:59.213] [info] [Gimbal] Diag: latency=0.00ms, serial_ok=yes
[2026-07-22 21:24:00.067] [info] [Gimbal] Diag: latency=0.00ms, serial_ok=yes
[2026-07-22 21:24:00.906] [info] [Gimbal] Diag: latency=0.00ms, serial_ok=yes
[2026-07-22 21:24:01.734] [info] [Gimbal] Diag: latency=0.00ms, serial_ok=yes
[2026-07-22 21:24:02.572] [info] [Gimbal] Diag: latency=0.00ms, serial_ok=yes
[2026-07-22 21:24:03.422] [info] [Gimbal] Diag: latency=0.00ms, serial_ok=yes
[2026-07-22 21:24:04.258] [info] [Gimbal] Diag: latency=0.00ms, serial_ok=yes
[2026-07-22 21:24:04.980] [warning] [Gimbal] Invalid mode: 90
[2026-07-22 21:24:05.104] [info] [Gimbal] Diag: latency=0.00ms, serial_ok=yes
[2026-07-22 21:24:05.951] [info] [Gimbal] Diag: latency=0.00ms, serial_ok=yes
[2026-07-22 21:24:06.789] [info] [Gimbal] Diag: latency=0.00ms, serial_ok=yes
[2026-07-22 21:24:07.624] [info] [Gimbal] Diag: latency=0.00ms, serial_ok=yes
[2026-07-22 21:24:08.470] [info] [Gimbal] Diag: latency=0.00ms, serial_ok=yes
[2026-07-22 21:24:09.310] [info] [Gimbal] Diag: latency=0.00ms, serial_ok=yes
[2026-07-22 21:24:10.142] [info] [Gimbal] Diag: latency=0.00ms, serial_ok=yes
[2026-07-22 21:24:10.976] [info] [Gimbal] Diag: latency=0.00ms, serial_ok=yes
[2026-07-22 21:24:11.820] [info] [Gimbal] Diag: latency=0.00ms, serial_ok=yes
[2026-07-22 21:24:12.657] [info] [Gimbal] Diag: latency=0.00ms, serial_ok=yes
[2026-07-22 21:24:13.497] [info] [Gimbal] Diag: latency=0.00ms, serial_ok=yes
[2026-07-22 21:24:14.330] [info] [Gimbal] Diag: latency=0.00ms, serial_ok=yes
[2026-07-22 21:24:15.179] [info] [Gimbal] Diag: latency=0.00ms, serial_ok=yes
[2026-07-22 21:24:16.016] [info] [Gimbal] Diag: latency=0.00ms, serial_ok=yes
[2026-07-22 21:24:16.859] [info] [Gimbal] Diag: latency=0.00ms, serial_ok=yes
[2026-07-22 21:24:17.699] [info] [Gimbal] Diag: latency=0.00ms, serial_ok=yes
[2026-07-22 21:24:18.529] [info] [Gimbal] Diag: latency=0.00ms, serial_ok=yes
[2026-07-22 21:24:19.376] [info] [Gimbal] Diag: latency=0.00ms, serial_ok=yes
[2026-07-22 21:24:20.221] [info] [Gimbal] Diag: latency=0.00ms, serial_ok=yes
[2026-07-22 21:24:21.049] [info] [Gimbal] Diag: latency=0.00ms, serial_ok=yes
[2026-07-22 21:24:21.890] [info] [Gimbal] Diag: latency=0.00ms, serial_ok=yes
[2026-07-22 21:24:22.740] [info] [Gimbal] Diag: latency=0.00ms, serial_ok=yes
[2026-07-22 21:24:23.576] [info] [Gimbal] Diag: latency=0.00ms, serial_ok=yes
[2026-07-22 21:24:24.410] [info] [Gimbal] Diag: latency=0.00ms, serial_ok=yes
[2026-07-22 21:24:25.255] [info] [Gimbal] Diag: latency=0.00ms, serial_ok=yes
[2026-07-22 21:24:26.093] [info] [Gimbal] Diag: latency=0.00ms, serial_ok=yes
[2026-07-22 21:24:26.937] [info] [Gimbal] Diag: latency=0.00ms, serial_ok=yes
[2026-07-22 21:24:27.772] [info] [Gimbal] Diag: latency=0.00ms, serial_ok=yes
[2026-07-22 21:24:28.604] [info] [Gimbal] Diag: latency=0.00ms, serial_ok=yes
[2026-07-22 21:24:29.449] [info] [Gimbal] Diag: latency=0.00ms, serial_ok=yes
[2026-07-22 21:24:30.285] [info] [Gimbal] Diag: latency=0.00ms, serial_ok=yes
[2026-07-22 21:24:31.131] [info] [Gimbal] Diag: latency=0.00ms, serial_ok=yes
[2026-07-22 21:24:31.971] [info] [Gimbal] Diag: latency=0.00ms, serial_ok=yes
[2026-07-22 21:24:32.817] [info] [Gimbal] Diag: latency=0.00ms, serial_ok=yes
[2026-07-22 21:24:33.659] [info] [Gimbal] Diag: latency=0.00ms, serial_ok=yes
[2026-07-22 21:24:34.497] [info] [Gimbal] Diag: latency=0.00ms, serial_ok=yes
[2026-07-22 21:24:35.336] [info] [Gimbal] Diag: latency=0.00ms, serial_ok=yes
[2026-07-22 21:24:36.173] [info] [Gimbal] Diag: latency=0.00ms, serial_ok=yes
[2026-07-22 21:24:37.021] [info] [Gimbal] Diag: latency=0.00ms, serial_ok=yes
[2026-07-22 21:24:37.867] [info] [Gimbal] Diag: latency=0.00ms, serial_ok=yes
[2026-07-22 21:24:38.717] [info] [Gimbal] Diag: latency=0.00ms, serial_ok=yes
[2026-07-22 21:24:39.554] [info] [Gimbal] Diag: latency=0.00ms, serial_ok=yes
[2026-07-22 21:24:40.395] [info] [Gimbal] Diag: latency=0.00ms, serial_ok=yes
[2026-07-22 21:24:41.228] [info] [Gimbal] Diag: latency=0.00ms, serial_ok=yes
[2026-07-22 21:24:41.881] [warning] [Gimbal] Invalid mode: 90
[2026-07-22 21:24:42.063] [info] [Gimbal] Diag: latency=0.00ms, serial_ok=yes
[2026-07-22 21:24:42.590] [warning] [Gimbal] Invalid mode: 90
[2026-07-22 21:24:42.888] [info] [Gimbal] Diag: latency=0.00ms, serial_ok=yes
[2026-07-22 21:24:43.711] [info] [Gimbal] Diag: latency=0.00ms, serial_ok=yes
[2026-07-22 21:24:44.550] [info] [Gimbal] Diag: latency=0.00ms, serial_ok=yes
[2026-07-22 21:24:45.396] [info] [Gimbal] Diag: latency=0.00ms, serial_ok=yes
[2026-07-22 21:24:46.238] [info] [Gimbal] Diag: latency=0.00ms, serial_ok=yes
[2026-07-22 21:24:47.082] [info] [Gimbal] Diag: latency=0.00ms, serial_ok=yes
[2026-07-22 21:24:47.924] [info] [Gimbal] Diag: latency=0.00ms, serial_ok=yes
[2026-07-22 21:24:48.755] [info] [Gimbal] Diag: latency=0.00ms, serial_ok=yes
[2026-07-22 21:24:49.601] [info] [Gimbal] Diag: latency=0.00ms, serial_ok=yes
[2026-07-22 21:24:50.448] [info] [Gimbal] Diag: latency=0.00ms, serial_ok=yes
[2026-07-22 21:24:51.292] [info] [Gimbal] Diag: latency=0.00ms, serial_ok=yes
[2026-07-22 21:24:52.118] [info] [Gimbal] Diag: latency=0.00ms, serial_ok=yes
[2026-07-22 21:24:52.852] [warning] [Gimbal] Invalid mode: 90
[2026-07-22 21:24:52.956] [info] [Gimbal] Diag: latency=0.00ms, serial_ok=yes
[2026-07-22 21:24:53.795] [info] [Gimbal] Diag: latency=0.00ms, serial_ok=yes
[2026-07-22 21:24:54.637] [info] [Gimbal] Diag: latency=0.00ms, serial_ok=yes
[2026-07-22 21:24:55.480] [info] [Gimbal] Diag: latency=0.00ms, serial_ok=yes
[2026-07-22 21:24:56.319] [info] [Gimbal] Diag: latency=0.00ms, serial_ok=yes
[2026-07-22 21:24:57.167] [info] [Gimbal] Diag: latency=0.00ms, serial_ok=yes
[2026-07-22 21:24:58.015] [info] [Gimbal] Diag: latency=0.00ms, serial_ok=yes
[2026-07-22 21:24:58.860] [info] [Gimbal] Diag: latency=0.00ms, serial_ok=yes
[2026-07-22 21:24:59.696] [info] [Gimbal] Diag: latency=0.00ms, serial_ok=yes
[2026-07-22 21:25:00.537] [info] [Gimbal] Diag: latency=0.00ms, serial_ok=yes
[2026-07-22 21:25:01.375] [info] [Gimbal] Diag: latency=0.00ms, serial_ok=yes
[2026-07-22 21:25:02.227] [info] [Gimbal] Diag: latency=0.00ms, serial_ok=yes
[2026-07-22 21:25:03.058] [info] [Gimbal] Diag: latency=0.00ms, serial_ok=yes
[2026-07-22 21:25:03.898] [info] [Gimbal] Diag: latency=0.00ms, serial_ok=yes
[2026-07-22 21:25:04.736] [info] [Gimbal] Diag: latency=0.00ms, serial_ok=yes
[2026-07-22 21:25:05.594] [info] [Gimbal] Diag: latency=0.00ms, serial_ok=yes
[2026-07-22 21:25:06.435] [info] [Gimbal] Diag: latency=0.00ms, serial_ok=yes
[2026-07-22 21:25:07.274] [info] [Gimbal] Diag: latency=0.00ms, serial_ok=yes
[2026-07-22 21:25:08.092] [info] [Gimbal] Diag: latency=0.00ms, serial_ok=yes
[2026-07-22 21:25:08.942] [info] [Gimbal] Diag: latency=0.00ms, serial_ok=yes
[2026-07-22 21:25:09.775] [info] [Gimbal] Diag: latency=0.00ms, serial_ok=yes
[2026-07-22 21:25:10.619] [info] [Gimbal] Diag: latency=0.00ms, serial_ok=yes
[2026-07-22 21:25:11.471] [info] [Gimbal] Diag: latency=0.00ms, serial_ok=yes
[2026-07-22 21:25:12.316] [info] [Gimbal] Diag: latency=0.00ms, serial_ok=yes
[2026-07-22 21:25:13.152] [info] [Gimbal] Diag: latency=0.00ms, serial_ok=yes
[2026-07-22 21:25:13.980] [info] [Gimbal] Diag: latency=0.00ms, serial_ok=yes
[2026-07-22 21:25:14.820] [info] [Gimbal] Diag: latency=0.00ms, serial_ok=yes
[2026-07-22 21:25:15.659] [info] [Gimbal] Diag: latency=0.00ms, serial_ok=yes
[2026-07-22 21:25:16.495] [info] [Gimbal] Diag: latency=0.00ms, serial_ok=yes
[2026-07-22 21:25:17.325] [info] [Gimbal] Diag: latency=0.00ms, serial_ok=yes
[2026-07-22 21:25:18.156] [info] [Gimbal] Diag: latency=0.00ms, serial_ok=yes
[2026-07-22 21:25:18.990] [info] [Gimbal] Diag: latency=0.00ms, serial_ok=yes
[2026-07-22 21:25:19.820] [info] [Gimbal] Diag: latency=0.00ms, serial_ok=yes
[2026-07-22 21:25:20.654] [info] [Gimbal] Diag: latency=0.00ms, serial_ok=yes
[2026-07-22 21:25:21.500] [info] [Gimbal] Diag: latency=0.00ms, serial_ok=yes
[2026-07-22 21:25:22.347] [info] [Gimbal] Diag: latency=0.00ms, serial_ok=yes
[2026-07-22 21:25:23.187] [info] [Gimbal] Diag: latency=0.00ms, serial_ok=yes
[2026-07-22 21:25:24.024] [info] [Gimbal] Diag: latency=0.00ms, serial_ok=yes
[2026-07-22 21:25:24.856] [info] [Gimbal] Diag: latency=0.00ms, serial_ok=yes
[2026-07-22 21:25:25.715] [info] [Gimbal] Diag: latency=0.00ms, serial_ok=yes
[2026-07-22 21:25:26.564] [info] [Gimbal] Diag: latency=0.00ms, serial_ok=yes
[2026-07-22 21:25:27.405] [info] [Gimbal] Diag: latency=0.00ms, serial_ok=yes
[2026-07-22 21:25:28.246] [info] [Gimbal] Diag: latency=0.00ms, serial_ok=yes
[2026-07-22 21:25:29.082] [info] [Gimbal] Diag: latency=0.00ms, serial_ok=yes
[2026-07-22 21:25:29.924] [info] [Gimbal] Diag: latency=0.00ms, serial_ok=yes
[2026-07-22 21:25:30.760] [info] [Gimbal] Diag: latency=0.00ms, serial_ok=yes
[2026-07-22 21:25:31.497] [warning] [Gimbal] Invalid mode: 90
[2026-07-22 21:25:31.614] [info] [Gimbal] Diag: latency=0.00ms, serial_ok=yes
[2026-07-22 21:25:32.447] [info] [Gimbal] Diag: latency=0.00ms, serial_ok=yes
[2026-07-22 21:25:33.282] [info] [Gimbal] Diag: latency=0.00ms, serial_ok=yes
[2026-07-22 21:25:34.119] [info] [Gimbal] Diag: latency=0.00ms, serial_ok=yes
[2026-07-22 21:25:34.963] [info] [Gimbal] Diag: latency=0.00ms, serial_ok=yes
[2026-07-22 21:25:35.807] [info] [Gimbal] Diag: latency=0.00ms, serial_ok=yes
[2026-07-22 21:25:36.633] [info] [Gimbal] Diag: latency=0.00ms, serial_ok=yes
[2026-07-22 21:25:37.033] [warning] [Gimbal] Invalid mode: 90
[2026-07-22 21:25:37.465] [info] [Gimbal] Diag: latency=0.00ms, serial_ok=yes
[2026-07-22 21:25:38.311] [info] [Gimbal] Diag: latency=0.00ms, serial_ok=yes
[2026-07-22 21:25:39.153] [info] [Gimbal] Diag: latency=0.00ms, serial_ok=yes
[2026-07-22 21:25:39.984] [info] [Gimbal] Diag: latency=0.00ms, serial_ok=yes
[2026-07-22 21:25:40.822] [info] [Gimbal] Diag: latency=0.00ms, serial_ok=yes
[2026-07-22 21:25:41.661] [info] [Gimbal] Diag: latency=0.00ms, serial_ok=yes
[2026-07-22 21:25:41.993] [warning] [Gimbal] Invalid mode: 90
[2026-07-22 21:25:42.507] [info] [Gimbal] Diag: latency=0.00ms, serial_ok=yes
[2026-07-22 21:25:43.006] [warning] [Gimbal] Invalid mode: 90
[2026-07-22 21:25:43.350] [info] [Gimbal] Diag: latency=0.00ms, serial_ok=yes
[2026-07-22 21:25:43.595] [warning] [Gimbal] Invalid mode: 90
[2026-07-22 21:25:44.181] [info] [Gimbal] Diag: latency=0.00ms, serial_ok=yes
[2026-07-22 21:25:45.032] [info] [Gimbal] Diag: latency=0.00ms, serial_ok=yes
[2026-07-22 21:25:45.889] [info] [Gimbal] Diag: latency=0.00ms, serial_ok=yes
[2026-07-22 21:25:46.721] [info] [Gimbal] Diag: latency=0.00ms, serial_ok=yes
[2026-07-22 21:25:47.566] [info] [Gimbal] Diag: latency=0.00ms, serial_ok=yes
[2026-07-22 21:25:48.413] [info] [Gimbal] Diag: latency=0.00ms, serial_ok=yes
[2026-07-22 21:25:49.260] [info] [Gimbal] Diag: latency=0.00ms, serial_ok=yes
[2026-07-22 21:25:50.108] [info] [Gimbal] Diag: latency=0.00ms, serial_ok=yes
[2026-07-22 21:25:50.946] [info] [Gimbal] Diag: latency=0.00ms, serial_ok=yes
[2026-07-22 21:25:51.012] [warning] [Gimbal] Invalid mode: 90
[2026-07-22 21:25:51.779] [info] [Gimbal] Diag: latency=0.00ms, serial_ok=yes
[2026-07-22 21:25:52.300] [warning] [Gimbal] Invalid mode: 90
[2026-07-22 21:25:52.610] [info] [Gimbal] Diag: latency=0.00ms, serial_ok=yes
[2026-07-22 21:25:53.451] [info] [Gimbal] Diag: latency=0.00ms, serial_ok=yes
[2026-07-22 21:25:54.275] [info] [Gimbal] Diag: latency=0.00ms, serial_ok=yes
[2026-07-22 21:25:55.118] [info] [Gimbal] Diag: latency=0.00ms, serial_ok=yes
[2026-07-22 21:25:55.957] [info] [Gimbal] Diag: latency=0.00ms, serial_ok=yes
[2026-07-22 21:25:56.800] [info] [Gimbal] Diag: latency=0.00ms, serial_ok=yes
[2026-07-22 21:25:57.638] [info] [Gimbal] Diag: latency=0.00ms, serial_ok=yes
[2026-07-22 21:25:58.493] [info] [Gimbal] Diag: latency=0.00ms, serial_ok=yes
[2026-07-22 21:25:59.323] [info] [Gimbal] Diag: latency=0.00ms, serial_ok=yes
[2026-07-22 21:26:00.164] [info] [Gimbal] Diag: latency=0.00ms, serial_ok=yes
[2026-07-22 21:26:00.798] [warning] [Gimbal] Invalid mode: 90
[2026-07-22 21:26:00.995] [info] [Gimbal] Diag: latency=0.00ms, serial_ok=yes
[2026-07-22 21:26:01.198] [warning] [Gimbal] Invalid mode: 90
[2026-07-22 21:26:01.597] [warning] [Gimbal] Invalid mode: 90
[2026-07-22 21:26:01.854] [info] [Gimbal] Diag: latency=0.00ms, serial_ok=yes
[2026-07-22 21:26:02.697] [info] [Gimbal] Diag: latency=0.00ms, serial_ok=yes
[2026-07-22 21:26:03.101] [warning] [Gimbal] Invalid mode: 90
[2026-07-22 21:26:03.537] [info] [Gimbal] Diag: latency=0.00ms, serial_ok=yes
[2026-07-22 21:26:04.070] [warning] [Gimbal] Invalid mode: 90
[2026-07-22 21:26:04.367] [info] [Gimbal] Diag: latency=0.00ms, serial_ok=yes
[2026-07-22 21:26:05.212] [info] [Gimbal] Diag: latency=0.00ms, serial_ok=yes
[2026-07-22 21:26:06.050] [info] [Gimbal] Diag: latency=0.00ms, serial_ok=yes
[2026-07-22 21:26:06.400] [warning] [Gimbal] Invalid mode: 90
[2026-07-22 21:26:06.880] [info] [Gimbal] Diag: latency=0.00ms, serial_ok=yes
[2026-07-22 21:26:07.713] [info] [Gimbal] Diag: latency=0.00ms, serial_ok=yes
[2026-07-22 21:26:08.547] [info] [Gimbal] Diag: latency=0.00ms, serial_ok=yes
[2026-07-22 21:26:09.386] [info] [Gimbal] Diag: latency=0.00ms, serial_ok=yes
[2026-07-22 21:26:10.226] [info] [Gimbal] Diag: latency=0.00ms, serial_ok=yes
[2026-07-22 21:26:11.072] [info] [Gimbal] Diag: latency=0.00ms, serial_ok=yes
[2026-07-22 21:26:11.897] [info] [Gimbal] Diag: latency=0.00ms, serial_ok=yes
[2026-07-22 21:26:12.741] [info] [Gimbal] Diag: latency=0.00ms, serial_ok=yes
[2026-07-22 21:26:13.423] [warning] [Gimbal] Invalid mode: 90
[2026-07-22 21:26:13.582] [info] [Gimbal] Diag: latency=0.00ms, serial_ok=yes
[2026-07-22 21:26:14.430] [info] [Gimbal] Diag: latency=0.00ms, serial_ok=yes
[2026-07-22 21:26:14.711] [warning] [Gimbal] Invalid mode: 90
[2026-07-22 21:26:15.261] [info] [Gimbal] Diag: latency=0.00ms, serial_ok=yes
[2026-07-22 21:26:16.104] [info] [Gimbal] Diag: latency=0.00ms, serial_ok=yes
[2026-07-22 21:26:16.941] [info] [Gimbal] Diag: latency=0.00ms, serial_ok=yes
[2026-07-22 21:26:17.785] [info] [Gimbal] Diag: latency=0.00ms, serial_ok=yes
[2026-07-22 21:26:18.630] [info] [Gimbal] Diag: latency=0.00ms, serial_ok=yes
[2026-07-22 21:26:19.471] [info] [Gimbal] Diag: latency=0.00ms, serial_ok=yes
[2026-07-22 21:26:20.313] [info] [Gimbal] Diag: latency=0.00ms, serial_ok=yes
[2026-07-22 21:26:21.155] [info] [Gimbal] Diag: latency=0.00ms, serial_ok=yes
[2026-07-22 21:26:22.003] [info] [Gimbal] Diag: latency=0.00ms, serial_ok=yes
[2026-07-22 21:26:22.844] [info] [Gimbal] Diag: latency=0.00ms, serial_ok=yes
[2026-07-22 21:26:23.686] [info] [Gimbal] Diag: latency=0.00ms, serial_ok=yes
[2026-07-22 21:26:24.532] [info] [Gimbal] Diag: latency=0.00ms, serial_ok=yes
[2026-07-22 21:26:25.381] [info] [Gimbal] Diag: latency=0.00ms, serial_ok=yes
[2026-07-22 21:26:26.215] [warning] [Gimbal] Invalid mode: 90
[2026-07-22 21:26:26.224] [info] [Gimbal] Diag: latency=0.00ms, serial_ok=yes
[2026-07-22 21:26:26.241] [warning] [Gimbal] Invalid mode: 90
[2026-07-22 21:26:27.064] [info] [Gimbal] Diag: latency=0.00ms, serial_ok=yes
[2026-07-22 21:26:27.902] [info] [Gimbal] Diag: latency=0.00ms, serial_ok=yes
[2026-07-22 21:26:28.752] [info] [Gimbal] Diag: latency=0.00ms, serial_ok=yes
[2026-07-22 21:26:29.593] [info] [Gimbal] Diag: latency=0.00ms, serial_ok=yes
[2026-07-22 21:26:30.430] [info] [Gimbal] Diag: latency=0.00ms, serial_ok=yes
[2026-07-22 21:26:31.268] [info] [Gimbal] Diag: latency=0.00ms, serial_ok=yes
[2026-07-22 21:26:32.114] [info] [Gimbal] Diag: latency=0.00ms, serial_ok=yes
[2026-07-22 21:26:32.948] [info] [Gimbal] Diag: latency=0.00ms, serial_ok=yes
[2026-07-22 21:26:33.780] [info] [Gimbal] Diag: latency=0.00ms, serial_ok=yes
[2026-07-22 21:26:34.623] [info] [Gimbal] Diag: latency=0.00ms, serial_ok=yes
[2026-07-22 21:26:35.475] [info] [Gimbal] Diag: latency=0.00ms, serial_ok=yes
[2026-07-22 21:26:35.817] [warning] [Gimbal] Invalid mode: 90
[2026-07-22 21:26:36.313] [info] [Gimbal] Diag: latency=0.00ms, serial_ok=yes
[2026-07-22 21:26:37.144] [info] [Gimbal] Diag: latency=0.00ms, serial_ok=yes
[2026-07-22 21:26:37.417] [warning] [Gimbal] Invalid mode: 90
[2026-07-22 21:26:37.981] [info] [Gimbal] Diag: latency=0.00ms, serial_ok=yes
[2026-07-22 21:26:38.813] [info] [Gimbal] Diag: latency=0.00ms, serial_ok=yes
[2026-07-22 21:26:39.507] [warning] [Gimbal] Invalid mode: 90
[2026-07-22 21:26:39.654] [info] [Gimbal] Diag: latency=0.00ms, serial_ok=yes
[2026-07-22 21:26:40.216] [warning] [Gimbal] Invalid mode: 90
[2026-07-22 21:26:40.486] [info] [Gimbal] Diag: latency=0.00ms, serial_ok=yes
[2026-07-22 21:26:41.333] [info] [Gimbal] Diag: latency=0.00ms, serial_ok=yes
[2026-07-22 21:26:42.191] [info] [Gimbal] Diag: latency=0.00ms, serial_ok=yes
[2026-07-22 21:26:42.312] [warning] [Gimbal] Invalid mode: 90
[2026-07-22 21:26:43.038] [info] [Gimbal] Diag: latency=0.00ms, serial_ok=yes
[2026-07-22 21:26:43.203] [warning] [Gimbal] Invalid mode: 90
[2026-07-22 21:26:43.873] [info] [Gimbal] Diag: latency=0.00ms, serial_ok=yes
[2026-07-22 21:26:44.723] [info] [Gimbal] Diag: latency=0.00ms, serial_ok=yes
[2026-07-22 21:26:45.565] [info] [Gimbal] Diag: latency=0.00ms, serial_ok=yes
[2026-07-22 21:26:45.605] [warning] [Gimbal] Invalid mode: 90
[2026-07-22 21:26:46.404] [info] [Gimbal] Diag: latency=0.00ms, serial_ok=yes
[2026-07-22 21:26:47.251] [info] [Gimbal] Diag: latency=0.00ms, serial_ok=yes
[2026-07-22 21:26:47.509] [warning] [Gimbal] Invalid mode: 90
[2026-07-22 21:26:48.094] [info] [Gimbal] Diag: latency=0.00ms, serial_ok=yes
[2026-07-22 21:26:48.143] [warning] [Gimbal] Invalid mode: 90
[2026-07-22 21:26:48.933] [info] [Gimbal] Diag: latency=0.00ms, serial_ok=yes
[2026-07-22 21:26:49.779] [info] [Gimbal] Diag: latency=0.00ms, serial_ok=yes
[2026-07-22 21:26:50.625] [info] [Gimbal] Diag: latency=0.00ms, serial_ok=yes
[2026-07-22 21:26:51.474] [info] [Gimbal] Diag: latency=0.00ms, serial_ok=yes
[2026-07-22 21:26:51.512] [warning] [Gimbal] Invalid mode: 90
[2026-07-22 21:26:51.843] [warning] [Gimbal] Invalid mode: 90
[2026-07-22 21:26:52.318] [info] [Gimbal] Diag: latency=0.00ms, serial_ok=yes
[2026-07-22 21:26:52.546] [warning] [Gimbal] Invalid mode: 90
[2026-07-22 21:26:53.060] [warning] [Gimbal] Invalid mode: 90
[2026-07-22 21:26:53.140] [info] [Gimbal] Diag: latency=0.00ms, serial_ok=yes
[2026-07-22 21:26:53.972] [info] [Gimbal] Diag: latency=0.00ms, serial_ok=yes
[2026-07-22 21:26:54.246] [warning] [Gimbal] Invalid mode: 90
[2026-07-22 21:26:54.642] [warning] [Gimbal] Invalid mode: 90
[2026-07-22 21:26:54.817] [info] [Gimbal] Diag: latency=0.00ms, serial_ok=yes
[2026-07-22 21:26:55.653] [info] [Gimbal] Diag: latency=0.00ms, serial_ok=yes
[2026-07-22 21:26:56.146] [warning] [Gimbal] Invalid mode: 90
[2026-07-22 21:26:56.488] [info] [Gimbal] Diag: latency=0.00ms, serial_ok=yes
[2026-07-22 21:26:57.325] [info] [Gimbal] Diag: latency=0.00ms, serial_ok=yes
[2026-07-22 21:26:58.152] [info] [Gimbal] Diag: latency=0.00ms, serial_ok=yes
[2026-07-22 21:26:59.005] [info] [Gimbal] Diag: latency=0.00ms, serial_ok=yes
[2026-07-22 21:26:59.838] [info] [Gimbal] Diag: latency=0.00ms, serial_ok=yes
[2026-07-22 21:27:00.683] [info] [Gimbal] Diag: latency=0.00ms, serial_ok=yes
[2026-07-22 21:27:01.512] [info] [Gimbal] Diag: latency=0.00ms, serial_ok=yes
[2026-07-22 21:27:02.348] [info] [Gimbal] Diag: latency=0.00ms, serial_ok=yes
[2026-07-22 21:27:03.183] [info] [Gimbal] Diag: latency=0.00ms, serial_ok=yes
[2026-07-22 21:27:04.016] [info] [Gimbal] Diag: latency=0.00ms, serial_ok=yes
[2026-07-22 21:27:04.874] [info] [Gimbal] Diag: latency=0.00ms, serial_ok=yes
[2026-07-22 21:27:05.712] [info] [Gimbal] Diag: latency=0.00ms, serial_ok=yes
[2026-07-22 21:27:06.561] [info] [Gimbal] Diag: latency=0.00ms, serial_ok=yes
[2026-07-22 21:27:07.394] [info] [Gimbal] Diag: latency=0.00ms, serial_ok=yes
[2026-07-22 21:27:08.240] [info] [Gimbal] Diag: latency=0.00ms, serial_ok=yes
[2026-07-22 21:27:09.070] [info] [Gimbal] Diag: latency=0.00ms, serial_ok=yes
[2026-07-22 21:27:09.623] [warning] [Gimbal] Invalid mode: 90
[2026-07-22 21:27:09.915] [info] [Gimbal] Diag: latency=0.00ms, serial_ok=yes
[2026-07-22 21:27:10.769] [info] [Gimbal] Diag: latency=0.00ms, serial_ok=yes
[2026-07-22 21:27:11.619] [info] [Gimbal] Diag: latency=0.00ms, serial_ok=yes
[2026-07-22 21:27:12.458] [info] [Gimbal] Diag: latency=0.00ms, serial_ok=yes
[2026-07-22 21:27:13.305] [info] [Gimbal] Diag: latency=0.00ms, serial_ok=yes
[2026-07-22 21:27:14.141] [info] [Gimbal] Diag: latency=0.00ms, serial_ok=yes
[2026-07-22 21:27:14.973] [info] [Gimbal] Diag: latency=0.00ms, serial_ok=yes
[2026-07-22 21:27:15.816] [info] [Gimbal] Diag: latency=0.00ms, serial_ok=yes
[2026-07-22 21:27:16.670] [info] [Gimbal] Diag: latency=0.00ms, serial_ok=yes
[2026-07-22 21:27:16.713] [warning] [Gimbal] Invalid mode: 90
[2026-07-22 21:27:17.517] [info] [Gimbal] Diag: latency=0.00ms, serial_ok=yes
[2026-07-22 21:27:18.222] [warning] [Gimbal] Invalid mode: 90
[2026-07-22 21:27:18.351] [info] [Gimbal] Diag: latency=0.00ms, serial_ok=yes
[2026-07-22 21:27:18.550] [warning] [Gimbal] Invalid mode: 90
[2026-07-22 21:27:19.195] [info] [Gimbal] Diag: latency=0.00ms, serial_ok=yes
[2026-07-22 21:27:20.028] [info] [Gimbal] Diag: latency=0.00ms, serial_ok=yes
[2026-07-22 21:27:20.860] [info] [Gimbal] Diag: latency=0.00ms, serial_ok=yes
[2026-07-22 21:27:21.712] [info] [Gimbal] Diag: latency=0.00ms, serial_ok=yes
[2026-07-22 21:27:22.146] [warning] [Gimbal] Invalid mode: 90
[2026-07-22 21:27:22.537] [info] [Gimbal] Diag: latency=0.00ms, serial_ok=yes
[2026-07-22 21:27:23.392] [info] [Gimbal] Diag: latency=0.00ms, serial_ok=yes
[2026-07-22 21:27:23.749] [warning] [Gimbal] Invalid mode: 90
[2026-07-22 21:27:23.824] [warning] [Gimbal] Invalid mode: 90
[2026-07-22 21:27:23.914] [warning] [Gimbal] Invalid mode: 90
[2026-07-22 21:27:24.225] [info] [Gimbal] Diag: latency=0.00ms, serial_ok=yes
[2026-07-22 21:27:25.062] [info] [Gimbal] Diag: latency=0.00ms, serial_ok=yes
[2026-07-22 21:27:25.892] [info] [Gimbal] Diag: latency=0.00ms, serial_ok=yes
[2026-07-22 21:27:26.731] [info] [Gimbal] Diag: latency=0.00ms, serial_ok=yes
[2026-07-22 21:27:27.564] [info] [Gimbal] Diag: latency=0.00ms, serial_ok=yes
[2026-07-22 21:27:28.401] [info] [Gimbal] Diag: latency=0.00ms, serial_ok=yes
[2026-07-22 21:27:29.235] [info] [Gimbal] Diag: latency=0.00ms, serial_ok=yes
[2026-07-22 21:27:30.062] [info] [Gimbal] Diag: latency=0.00ms, serial_ok=yes
[2026-07-22 21:27:30.894] [info] [Gimbal] Diag: latency=0.00ms, serial_ok=yes
[2026-07-22 21:27:31.728] [info] [Gimbal] Diag: latency=0.00ms, serial_ok=yes
[2026-07-22 21:27:31.820] [warning] [Gimbal] Invalid mode: 90
[2026-07-22 21:27:32.011] [warning] [Gimbal] Invalid mode: 90
[2026-07-22 21:27:32.566] [info] [Gimbal] Diag: latency=0.00ms, serial_ok=yes
[2026-07-22 21:27:33.402] [info] [Gimbal] Diag: latency=0.00ms, serial_ok=yes
[2026-07-22 21:27:34.243] [info] [Gimbal] Diag: latency=0.00ms, serial_ok=yes
[2026-07-22 21:27:35.088] [info] [Gimbal] Diag: latency=0.00ms, serial_ok=yes
[2026-07-22 21:27:35.926] [info] [Gimbal] Diag: latency=0.00ms, serial_ok=yes
[2026-07-22 21:27:36.766] [info] [Gimbal] Diag: latency=0.00ms, serial_ok=yes
[2026-07-22 21:27:37.616] [info] [Gimbal] Diag: latency=0.00ms, serial_ok=yes
[2026-07-22 21:27:38.461] [info] [Gimbal] Diag: latency=0.00ms, serial_ok=yes
[2026-07-22 21:27:39.297] [info] [Gimbal] Diag: latency=0.00ms, serial_ok=yes
[2026-07-22 21:27:40.125] [info] [Gimbal] Diag: latency=0.00ms, serial_ok=yes
[2026-07-22 21:27:40.973] [info] [Gimbal] Diag: latency=0.00ms, serial_ok=yes
[2026-07-22 21:27:41.121] [warning] [Gimbal] Invalid mode: 90
[2026-07-22 21:27:41.815] [info] [Gimbal] Diag: latency=0.00ms, serial_ok=yes
[2026-07-22 21:27:42.646] [info] [Gimbal] Diag: latency=0.00ms, serial_ok=yes
[2026-07-22 21:27:42.719] [warning] [Gimbal] Invalid mode: 90
[2026-07-22 21:27:43.477] [info] [Gimbal] Diag: latency=0.00ms, serial_ok=yes
[2026-07-22 21:27:43.852] [warning] [Gimbal] Invalid mode: 90
[2026-07-22 21:27:44.324] [info] [Gimbal] Diag: latency=0.00ms, serial_ok=yes
[2026-07-22 21:27:45.169] [info] [Gimbal] Diag: latency=0.00ms, serial_ok=yes
[2026-07-22 21:27:45.216] [warning] [Gimbal] Invalid mode: 90
[2026-07-22 21:27:45.997] [info] [Gimbal] Diag: latency=0.00ms, serial_ok=yes
[2026-07-22 21:27:46.842] [info] [Gimbal] Diag: latency=0.00ms, serial_ok=yes
[2026-07-22 21:27:47.677] [info] [Gimbal] Diag: latency=0.00ms, serial_ok=yes
[2026-07-22 21:27:48.514] [info] [Gimbal] Diag: latency=0.00ms, serial_ok=yes
[2026-07-22 21:27:49.358] [info] [Gimbal] Diag: latency=0.00ms, serial_ok=yes
[2026-07-22 21:27:49.518] [warning] [Gimbal] Invalid mode: 90
[2026-07-22 21:27:50.196] [info] [Gimbal] Diag: latency=0.00ms, serial_ok=yes
[2026-07-22 21:27:50.230] [warning] [Gimbal] Invalid mode: 90
[2026-07-22 21:27:51.037] [info] [Gimbal] Diag: latency=0.00ms, serial_ok=yes
[2026-07-22 21:27:51.856] [info] [Gimbal] Diag: latency=0.00ms, serial_ok=yes
[2026-07-22 21:27:52.687] [info] [Gimbal] Diag: latency=0.00ms, serial_ok=yes
[2026-07-22 21:27:53.353] [warning] [Gimbal] Invalid mode: 90
[2026-07-22 21:27:53.534] [info] [Gimbal] Diag: latency=0.00ms, serial_ok=yes
[2026-07-22 21:27:54.093] [warning] [Gimbal] Invalid mode: 90
[2026-07-22 21:27:54.369] [info] [Gimbal] Diag: latency=0.00ms, serial_ok=yes
[2026-07-22 21:27:54.631] [warning] [Gimbal] Invalid mode: 90
[2026-07-22 21:27:55.203] [info] [Gimbal] Diag: latency=0.00ms, serial_ok=yes
[2026-07-22 21:27:55.754] [warning] [Gimbal] Invalid mode: 90
[2026-07-22 21:27:56.034] [info] [Gimbal] Diag: latency=0.00ms, serial_ok=yes
[2026-07-22 21:27:56.872] [info] [Gimbal] Diag: latency=0.00ms, serial_ok=yes
[2026-07-22 21:27:57.707] [info] [Gimbal] Diag: latency=0.00ms, serial_ok=yes
[2026-07-22 21:27:58.544] [info] [Gimbal] Diag: latency=0.00ms, serial_ok=yes
[2026-07-22 21:27:59.374] [info] [Gimbal] Diag: latency=0.00ms, serial_ok=yes
[2026-07-22 21:27:59.619] [warning] [Gimbal] Invalid mode: 90
[2026-07-22 21:28:00.221] [info] [Gimbal] Diag: latency=0.00ms, serial_ok=yes
[2026-07-22 21:28:01.066] [info] [Gimbal] Diag: latency=0.00ms, serial_ok=yes
[2026-07-22 21:28:01.900] [info] [Gimbal] Diag: latency=0.00ms, serial_ok=yes
[2026-07-22 21:28:02.753] [info] [Gimbal] Diag: latency=0.00ms, serial_ok=yes
[2026-07-22 21:28:03.592] [info] [Gimbal] Diag: latency=0.00ms, serial_ok=yes
[2026-07-22 21:28:04.421] [info] [Gimbal] Diag: latency=0.00ms, serial_ok=yes
[2026-07-22 21:28:05.269] [info] [Gimbal] Diag: latency=0.00ms, serial_ok=yes
[2026-07-22 21:28:05.427] [warning] [Gimbal] Invalid mode: 90
[2026-07-22 21:28:06.110] [info] [Gimbal] Diag: latency=0.00ms, serial_ok=yes
[2026-07-22 21:28:06.254] [warning] [Gimbal] Invalid mode: 90
[2026-07-22 21:28:06.816] [warning] [Gimbal] Invalid mode: 90
[2026-07-22 21:28:06.952] [info] [Gimbal] Diag: latency=0.00ms, serial_ok=yes
[2026-07-22 21:28:07.797] [info] [Gimbal] Diag: latency=0.00ms, serial_ok=yes
[2026-07-22 21:28:08.329] [warning] [Gimbal] Invalid mode: 90
[2026-07-22 21:28:08.634] [info] [Gimbal] Diag: latency=0.00ms, serial_ok=yes
[2026-07-22 21:28:09.480] [info] [Gimbal] Diag: latency=0.00ms, serial_ok=yes
[2026-07-22 21:28:10.309] [info] [Gimbal] Diag: latency=0.00ms, serial_ok=yes
[2026-07-22 21:28:11.124] [warning] [Gimbal] Invalid mode: 90
[2026-07-22 21:28:11.157] [info] [Gimbal] Diag: latency=0.00ms, serial_ok=yes
[2026-07-22 21:28:11.990] [info] [Gimbal] Diag: latency=0.00ms, serial_ok=yes
[2026-07-22 21:28:12.821] [info] [Gimbal] Diag: latency=0.00ms, serial_ok=yes
[2026-07-22 21:28:13.664] [info] [Gimbal] Diag: latency=0.00ms, serial_ok=yes
[2026-07-22 21:28:14.497] [info] [Gimbal] Diag: latency=0.00ms, serial_ok=yes
[2026-07-22 21:28:15.350] [info] [Gimbal] Diag: latency=0.00ms, serial_ok=yes
[2026-07-22 21:28:16.188] [info] [Gimbal] Diag: latency=0.00ms, serial_ok=yes
[2026-07-22 21:28:17.023] [info] [Gimbal] Diag: latency=0.00ms, serial_ok=yes
[2026-07-22 21:28:17.870] [info] [Gimbal] Diag: latency=0.00ms, serial_ok=yes
[2026-07-22 21:28:17.926] [warning] [Gimbal] Invalid mode: 90
[2026-07-22 21:28:18.683] [info] [Gimbal] Diag: latency=0.00ms, serial_ok=yes
[2026-07-22 21:28:19.446] [debug] [MultiThreadDetector] queue is full!
[2026-07-22 21:28:19.511] [debug] [MultiThreadDetector] queue is full!
[2026-07-22 21:28:19.609] [debug] [MultiThreadDetector] queue is full!
[2026-07-22 21:28:19.624] [info] [Gimbal] Diag: latency=0.00ms, serial_ok=yes
[2026-07-22 21:28:19.704] [debug] [MultiThreadDetector] queue is full!
[2026-07-22 21:28:19.797] [debug] [MultiThreadDetector] queue is full!
[2026-07-22 21:28:19.892] [debug] [MultiThreadDetector] queue is full!
[2026-07-22 21:28:19.956] [debug] [MultiThreadDetector] queue is full!
[2026-07-22 21:28:20.020] [debug] [MultiThreadDetector] queue is full!
[2026-07-22 21:28:20.119] [debug] [MultiThreadDetector] queue is full!
[2026-07-22 21:28:20.221] [debug] [MultiThreadDetector] queue is full!
[2026-07-22 21:28:20.318] [debug] [MultiThreadDetector] queue is full!
[2026-07-22 21:28:20.416] [debug] [MultiThreadDetector] queue is full!
[2026-07-22 21:28:20.646] [info] [Gimbal] Diag: latency=0.00ms, serial_ok=yes
[2026-07-22 21:28:21.499] [info] [Gimbal] Diag: latency=0.00ms, serial_ok=yes
[2026-07-22 21:28:22.334] [info] [Gimbal] Diag: latency=0.00ms, serial_ok=yes
[2026-07-22 21:28:23.181] [info] [Gimbal] Diag: latency=0.00ms, serial_ok=yes
[2026-07-22 21:28:24.004] [info] [Gimbal] Diag: latency=0.00ms, serial_ok=yes
[2026-07-22 21:28:24.706] [debug] [MultiThreadDetector] queue is full!
[2026-07-22 21:28:24.781] [debug] [MultiThreadDetector] queue is full!
[2026-07-22 21:28:24.874] [debug] [MultiThreadDetector] queue is full!
[2026-07-22 21:28:24.956] [info] [Gimbal] Diag: latency=0.00ms, serial_ok=yes
[2026-07-22 21:28:24.971] [debug] [MultiThreadDetector] queue is full!
[2026-07-22 21:28:25.036] [debug] [MultiThreadDetector] queue is full!
[2026-07-22 21:28:25.132] [debug] [MultiThreadDetector] queue is full!
[2026-07-22 21:28:25.226] [debug] [MultiThreadDetector] queue is full!
[2026-07-22 21:28:25.295] [debug] [MultiThreadDetector] queue is full!
[2026-07-22 21:28:25.390] [debug] [MultiThreadDetector] queue is full!
[2026-07-22 21:28:25.484] [debug] [MultiThreadDetector] queue is full!
[2026-07-22 21:28:25.550] [debug] [MultiThreadDetector] queue is full!
[2026-07-22 21:28:25.647] [debug] [MultiThreadDetector] queue is full!
[2026-07-22 21:28:25.740] [debug] [MultiThreadDetector] queue is full!
[2026-07-22 21:28:25.807] [debug] [MultiThreadDetector] queue is full!
[2026-07-22 21:28:25.971] [info] [Gimbal] Diag: latency=0.00ms, serial_ok=yes
[2026-07-22 21:28:26.820] [info] [Gimbal] Diag: latency=0.00ms, serial_ok=yes
[2026-07-22 21:28:27.707] [debug] [MultiThreadDetector] queue is full!
[2026-07-22 21:28:27.720] [info] [Gimbal] Diag: latency=0.00ms, serial_ok=yes
[2026-07-22 21:28:27.779] [debug] [MultiThreadDetector] queue is full!
[2026-07-22 21:28:27.872] [debug] [MultiThreadDetector] queue is full!
[2026-07-22 21:28:27.938] [debug] [MultiThreadDetector] queue is full!
[2026-07-22 21:28:28.035] [debug] [MultiThreadDetector] queue is full!
[2026-07-22 21:28:28.681] [info] [Gimbal] Diag: latency=0.00ms, serial_ok=yes
[2026-07-22 21:28:29.510] [info] [Gimbal] Diag: latency=0.00ms, serial_ok=yes
[2026-07-22 21:28:29.906] [debug] [MultiThreadDetector] queue is full!
[2026-07-22 21:28:30.012] [debug] [MultiThreadDetector] queue is full!
[2026-07-22 21:28:30.506] [info] [Gimbal] Diag: latency=0.00ms, serial_ok=yes
[2026-07-22 21:28:30.691] [warning] [Gimbal] Invalid mode: 90
[2026-07-22 21:28:30.827] [warning] [Gimbal] Invalid mode: 90
[2026-07-22 21:28:31.363] [info] [Gimbal] Diag: latency=0.00ms, serial_ok=yes
[2026-07-22 21:28:32.207] [info] [Gimbal] Diag: latency=0.00ms, serial_ok=yes
[2026-07-22 21:28:33.035] [info] [Gimbal] Diag: latency=0.00ms, serial_ok=yes
[2026-07-22 21:28:33.865] [info] [Gimbal] Diag: latency=0.00ms, serial_ok=yes
[2026-07-22 21:28:34.701] [info] [Gimbal] Diag: latency=0.00ms, serial_ok=yes
[2026-07-22 21:28:35.537] [info] [Gimbal] Diag: latency=0.00ms, serial_ok=yes
[2026-07-22 21:28:36.375] [info] [Gimbal] Diag: latency=0.00ms, serial_ok=yes
[2026-07-22 21:28:37.209] [info] [Gimbal] Diag: latency=0.00ms, serial_ok=yes
[2026-07-22 21:28:38.066] [info] [Gimbal] Diag: latency=0.00ms, serial_ok=yes
[2026-07-22 21:28:38.900] [info] [Gimbal] Diag: latency=0.00ms, serial_ok=yes
[2026-07-22 21:28:39.747] [info] [Gimbal] Diag: latency=0.00ms, serial_ok=yes
[2026-07-22 21:28:40.589] [info] [Gimbal] Diag: latency=0.00ms, serial_ok=yes
[2026-07-22 21:28:41.427] [info] [Gimbal] Diag: latency=0.00ms, serial_ok=yes
[2026-07-22 21:28:42.271] [info] [Gimbal] Diag: latency=0.00ms, serial_ok=yes
[2026-07-22 21:28:43.128] [info] [Gimbal] Diag: latency=0.00ms, serial_ok=yes
[2026-07-22 21:28:43.967] [info] [Gimbal] Diag: latency=0.00ms, serial_ok=yes
[2026-07-22 21:28:44.813] [info] [Gimbal] Diag: latency=0.00ms, serial_ok=yes
[2026-07-22 21:28:45.652] [info] [Gimbal] Diag: latency=0.00ms, serial_ok=yes
[2026-07-22 21:28:45.793] [warning] [Gimbal] Invalid mode: 90
[2026-07-22 21:28:46.485] [info] [Gimbal] Diag: latency=0.00ms, serial_ok=yes
[2026-07-22 21:28:47.329] [info] [Gimbal] Diag: latency=0.00ms, serial_ok=yes
[2026-07-22 21:28:48.176] [info] [Gimbal] Diag: latency=0.00ms, serial_ok=yes
[2026-07-22 21:28:49.016] [info] [Gimbal] Diag: latency=0.00ms, serial_ok=yes
[2026-07-22 21:28:49.493] [warning] [Gimbal] Invalid mode: 90
[2026-07-22 21:28:49.856] [info] [Gimbal] Diag: latency=0.00ms, serial_ok=yes
[2026-07-22 21:28:50.705] [info] [Gimbal] Diag: latency=0.00ms, serial_ok=yes
[2026-07-22 21:28:51.548] [info] [Gimbal] Diag: latency=0.00ms, serial_ok=yes
[2026-07-22 21:28:52.391] [info] [Gimbal] Diag: latency=0.00ms, serial_ok=yes
[2026-07-22 21:28:53.234] [info] [Gimbal] Diag: latency=0.00ms, serial_ok=yes
[2026-07-22 21:28:54.078] [info] [Gimbal] Diag: latency=0.00ms, serial_ok=yes
[2026-07-22 21:28:54.935] [info] [Gimbal] Diag: latency=0.00ms, serial_ok=yes
[2026-07-22 21:28:55.771] [info] [Gimbal] Diag: latency=0.00ms, serial_ok=yes
[2026-07-22 21:28:56.601] [info] [Gimbal] Diag: latency=0.00ms, serial_ok=yes
[2026-07-22 21:28:57.440] [info] [Gimbal] Diag: latency=0.00ms, serial_ok=yes
[2026-07-22 21:28:58.276] [info] [Gimbal] Diag: latency=0.00ms, serial_ok=yes
[2026-07-22 21:28:59.117] [info] [Gimbal] Diag: latency=0.00ms, serial_ok=yes
[2026-07-22 21:28:59.941] [info] [Gimbal] Diag: latency=0.00ms, serial_ok=yes
[2026-07-22 21:29:00.770] [info] [Gimbal] Diag: latency=0.00ms, serial_ok=yes
[2026-07-22 21:29:01.618] [info] [Gimbal] Diag: latency=0.00ms, serial_ok=yes
[2026-07-22 21:29:02.445] [info] [Gimbal] Diag: latency=0.00ms, serial_ok=yes
[2026-07-22 21:29:03.284] [info] [Gimbal] Diag: latency=0.00ms, serial_ok=yes
[2026-07-22 21:29:04.124] [info] [Gimbal] Diag: latency=0.00ms, serial_ok=yes
[2026-07-22 21:29:05.645] [info] [Gimbal] Diag: latency=0.00ms, serial_ok=yes
[2026-07-22 21:29:06.481] [info] [Gimbal] Diag: latency=0.00ms, serial_ok=yes
[2026-07-22 21:29:07.329] [info] [Gimbal] Diag: latency=0.00ms, serial_ok=yes
[2026-07-22 21:29:08.165] [info] [Gimbal] Diag: latency=0.00ms, serial_ok=yes
[2026-07-22 21:29:09.003] [info] [Gimbal] Diag: latency=0.00ms, serial_ok=yes
[2026-07-22 21:29:09.846] [info] [Gimbal] Diag: latency=0.00ms, serial_ok=yes
[2026-07-22 21:29:10.696] [info] [Gimbal] Diag: latency=0.00ms, serial_ok=yes
[2026-07-22 21:29:11.550] [info] [Gimbal] Diag: latency=0.00ms, serial_ok=yes
[2026-07-22 21:29:12.392] [info] [Gimbal] Diag: latency=0.00ms, serial_ok=yes
[2026-07-22 21:29:13.965] [info] [Gimbal] Diag: latency=0.00ms, serial_ok=yes
[2026-07-22 21:29:14.797] [info] [Gimbal] Diag: latency=0.00ms, serial_ok=yes
[2026-07-22 21:29:15.630] [info] [Gimbal] Diag: latency=0.00ms, serial_ok=yes
[2026-07-22 21:29:16.473] [info] [Gimbal] Diag: latency=0.00ms, serial_ok=yes
[2026-07-22 21:29:17.315] [info] [Gimbal] Diag: latency=0.00ms, serial_ok=yes
[2026-07-22 21:29:18.152] [info] [Gimbal] Diag: latency=0.00ms, serial_ok=yes
[2026-07-22 21:29:18.579] [debug] [MultiThreadDetector] queue is full!
[2026-07-22 21:29:18.676] [debug] [MultiThreadDetector] queue is full!
[2026-07-22 21:29:18.770] [debug] [MultiThreadDetector] queue is full!
[2026-07-22 21:29:18.862] [debug] [MultiThreadDetector] queue is full!
[2026-07-22 21:29:18.927] [debug] [MultiThreadDetector] queue is full!
[2026-07-22 21:29:19.026] [debug] [MultiThreadDetector] queue is full!
[2026-07-22 21:29:19.094] [debug] [MultiThreadDetector] queue is full!
[2026-07-22 21:29:19.152] [info] [Gimbal] Diag: latency=0.00ms, serial_ok=yes
[2026-07-22 21:29:19.193] [debug] [MultiThreadDetector] queue is full!
[2026-07-22 21:29:19.287] [debug] [MultiThreadDetector] queue is full!
[2026-07-22 21:29:19.382] [debug] [MultiThreadDetector] queue is full!
[2026-07-22 21:29:19.449] [debug] [MultiThreadDetector] queue is full!
[2026-07-22 21:29:19.545] [debug] [MultiThreadDetector] queue is full!
[2026-07-22 21:29:19.612] [debug] [MultiThreadDetector] queue is full!
[2026-07-22 21:29:19.710] [debug] [MultiThreadDetector] queue is full!
[2026-07-22 21:29:19.802] [debug] [MultiThreadDetector] queue is full!
[2026-07-22 21:29:19.897] [debug] [MultiThreadDetector] queue is full!
[2026-07-22 21:29:19.962] [debug] [MultiThreadDetector] queue is full!
[2026-07-22 21:29:20.056] [debug] [MultiThreadDetector] queue is full!
[2026-07-22 21:29:20.128] [debug] [MultiThreadDetector] queue is full!
[2026-07-22 21:29:20.156] [info] [Gimbal] Diag: latency=0.00ms, serial_ok=yes
[2026-07-22 21:29:21.035] [info] [Gimbal] Diag: latency=0.00ms, serial_ok=yes
[2026-07-22 21:29:21.887] [info] [Gimbal] Diag: latency=0.00ms, serial_ok=yes
[2026-07-22 21:29:22.737] [info] [Gimbal] Diag: latency=0.00ms, serial_ok=yes
[2026-07-22 21:29:23.566] [info] [Gimbal] Diag: latency=0.00ms, serial_ok=yes
[2026-07-22 21:29:24.386] [info] [Gimbal] Diag: latency=0.00ms, serial_ok=yes
[2026-07-22 21:29:24.913] [debug] [MultiThreadDetector] queue is full!
[2026-07-22 21:29:25.018] [debug] [MultiThreadDetector] queue is full!
[2026-07-22 21:29:25.082] [debug] [MultiThreadDetector] queue is full!
[2026-07-22 21:29:25.145] [debug] [MultiThreadDetector] queue is full!
[2026-07-22 21:29:25.238] [debug] [MultiThreadDetector] queue is full!
[2026-07-22 21:29:25.330] [debug] [MultiThreadDetector] queue is full!
[2026-07-22 21:29:25.387] [info] [Gimbal] Diag: latency=0.00ms, serial_ok=yes
[2026-07-22 21:29:25.423] [debug] [MultiThreadDetector] queue is full!
[2026-07-22 21:29:25.519] [debug] [MultiThreadDetector] queue is full!
[2026-07-22 21:29:25.583] [debug] [MultiThreadDetector] queue is full!
[2026-07-22 21:29:25.647] [debug] [MultiThreadDetector] queue is full!
[2026-07-22 21:29:25.741] [debug] [MultiThreadDetector] queue is full!
[2026-07-22 21:29:25.833] [debug] [MultiThreadDetector] queue is full!
[2026-07-22 21:29:25.925] [debug] [MultiThreadDetector] queue is full!
[2026-07-22 21:29:26.021] [debug] [MultiThreadDetector] queue is full!
[2026-07-22 21:29:26.083] [debug] [MultiThreadDetector] queue is full!
[2026-07-22 21:29:26.146] [debug] [MultiThreadDetector] queue is full!
[2026-07-22 21:29:26.241] [debug] [MultiThreadDetector] queue is full!
[2026-07-22 21:29:26.333] [debug] [MultiThreadDetector] queue is full!
[2026-07-22 21:29:26.388] [info] [Gimbal] Diag: latency=0.00ms, serial_ok=yes
[2026-07-22 21:29:26.427] [debug] [MultiThreadDetector] queue is full!
[2026-07-22 21:29:26.522] [debug] [MultiThreadDetector] queue is full!
[2026-07-22 21:29:26.588] [debug] [MultiThreadDetector] queue is full!
[2026-07-22 21:29:26.651] [debug] [MultiThreadDetector] queue is full!
[2026-07-22 21:29:26.748] [debug] [MultiThreadDetector] queue is full!
[2026-07-22 21:29:26.841] [debug] [MultiThreadDetector] queue is full!
[2026-07-22 21:29:26.934] [debug] [MultiThreadDetector] queue is full!
[2026-07-22 21:29:27.035] [debug] [MultiThreadDetector] queue is full!
[2026-07-22 21:29:27.104] [debug] [MultiThreadDetector] queue is full!
[2026-07-22 21:29:27.169] [debug] [MultiThreadDetector] queue is full!
[2026-07-22 21:29:27.266] [debug] [MultiThreadDetector] queue is full!
[2026-07-22 21:29:27.358] [debug] [MultiThreadDetector] queue is full!
[2026-07-22 21:29:27.385] [info] [Gimbal] Diag: latency=0.00ms, serial_ok=yes
[2026-07-22 21:29:27.451] [debug] [MultiThreadDetector] queue is full!
[2026-07-22 21:29:27.546] [debug] [MultiThreadDetector] queue is full!
[2026-07-22 21:29:27.611] [debug] [MultiThreadDetector] queue is full!
[2026-07-22 21:29:27.678] [debug] [MultiThreadDetector] queue is full!
[2026-07-22 21:29:27.774] [debug] [MultiThreadDetector] queue is full!
[2026-07-22 21:29:27.867] [debug] [MultiThreadDetector] queue is full!
[2026-07-22 21:29:27.959] [debug] [MultiThreadDetector] queue is full!
[2026-07-22 21:29:28.053] [debug] [MultiThreadDetector] queue is full!
[2026-07-22 21:29:28.118] [debug] [MultiThreadDetector] queue is full!
[2026-07-22 21:29:28.185] [debug] [MultiThreadDetector] queue is full!
[2026-07-22 21:29:28.278] [debug] [MultiThreadDetector] queue is full!
[2026-07-22 21:29:28.373] [debug] [MultiThreadDetector] queue is full!
[2026-07-22 21:29:28.386] [info] [Gimbal] Diag: latency=0.00ms, serial_ok=yes
[2026-07-22 21:29:28.466] [debug] [MultiThreadDetector] queue is full!
[2026-07-22 21:29:28.560] [debug] [MultiThreadDetector] queue is full!
[2026-07-22 21:29:28.624] [debug] [MultiThreadDetector] queue is full!
[2026-07-22 21:29:28.688] [debug] [MultiThreadDetector] queue is full!
[2026-07-22 21:29:28.783] [debug] [MultiThreadDetector] queue is full!
[2026-07-22 21:29:28.876] [debug] [MultiThreadDetector] queue is full!
[2026-07-22 21:29:28.968] [debug] [MultiThreadDetector] queue is full!
[2026-07-22 21:29:29.065] [debug] [MultiThreadDetector] queue is full!
[2026-07-22 21:29:29.133] [debug] [MultiThreadDetector] queue is full!
[2026-07-22 21:29:29.217] [debug] [MultiThreadDetector] queue is full!
[2026-07-22 21:29:29.323] [debug] [MultiThreadDetector] queue is full!
[2026-07-22 21:29:29.386] [info] [Gimbal] Diag: latency=0.00ms, serial_ok=yes
[2026-07-22 21:29:29.422] [debug] [MultiThreadDetector] queue is full!
[2026-07-22 21:29:29.520] [debug] [MultiThreadDetector] queue is full!
[2026-07-22 21:29:29.623] [debug] [MultiThreadDetector] queue is full!
[2026-07-22 21:29:29.689] [debug] [MultiThreadDetector] queue is full!
[2026-07-22 21:29:29.757] [debug] [MultiThreadDetector] queue is full!
[2026-07-22 21:29:29.861] [debug] [MultiThreadDetector] queue is full!
[2026-07-22 21:29:29.958] [debug] [MultiThreadDetector] queue is full!
[2026-07-22 21:29:30.056] [debug] [MultiThreadDetector] queue is full!
[2026-07-22 21:29:30.158] [debug] [MultiThreadDetector] queue is full!
[2026-07-22 21:29:30.223] [debug] [MultiThreadDetector] queue is full!
[2026-07-22 21:29:30.308] [debug] [MultiThreadDetector] queue is full!
[2026-07-22 21:29:30.386] [info] [Gimbal] Diag: latency=0.00ms, serial_ok=yes
[2026-07-22 21:29:30.412] [debug] [MultiThreadDetector] queue is full!
[2026-07-22 21:29:30.511] [debug] [MultiThreadDetector] queue is full!
[2026-07-22 21:29:30.608] [debug] [MultiThreadDetector] queue is full!
[2026-07-22 21:29:30.710] [debug] [MultiThreadDetector] queue is full!
[2026-07-22 21:29:30.819] [debug] [MultiThreadDetector] queue is full!
[2026-07-22 21:29:30.889] [debug] [MultiThreadDetector] queue is full!
[2026-07-22 21:29:30.988] [debug] [MultiThreadDetector] queue is full!
[2026-07-22 21:29:31.087] [debug] [MultiThreadDetector] queue is full!
[2026-07-22 21:29:31.184] [debug] [MultiThreadDetector] queue is full!
[2026-07-22 21:29:31.285] [debug] [MultiThreadDetector] queue is full!
[2026-07-22 21:29:31.381] [debug] [MultiThreadDetector] queue is full!
[2026-07-22 21:29:31.387] [info] [Gimbal] Diag: latency=0.00ms, serial_ok=yes
