[2026-07-02 11:07:01.385] [info] [0] yolo: 124.8ms, tracker: 0.0ms, aimer: 0.0ms
[2026-07-02 11:07:01.455] [info] [1] yolo: 11.0ms, tracker: 0.4ms, aimer: 0.0ms
[2026-07-02 11:07:01.467] [info] [2] yolo: 8.5ms, tracker: 0.0ms, aimer: 0.0ms
[2026-07-02 11:07:01.509] [info] [3] yolo: 7.6ms, tracker: 0.5ms, aimer: 0.0ms
[2026-07-02 11:07:01.551] [info] [4] yolo: 8.2ms, tracker: 0.5ms, aimer: 0.0ms
[2026-07-02 11:07:01.595] [info] [5] yolo: 9.8ms, tracker: 0.5ms, aimer: 0.0ms
[2026-07-02 11:07:01.635] [info] [6] yolo: 5.9ms, tracker: 0.7ms, aimer: 0.0ms
[2026-07-02 11:07:01.676] [info] [7] yolo: 6.6ms, tracker: 0.5ms, aimer: 0.0ms
[2026-07-02 11:07:01.717] [info] [8] yolo: 7.9ms, tracker: 0.4ms, aimer: 0.0ms
[2026-07-02 11:07:01.761] [info] [9] yolo: 9.4ms, tracker: 0.5ms, aimer: 0.0ms
[2026-07-02 11:07:01.804] [info] [10] yolo: 8.6ms, tracker: 0.4ms, aimer: 0.0ms
[2026-07-02 11:07:01.844] [info] [11] yolo: 7.3ms, tracker: 0.5ms, aimer: 0.0ms
[2026-07-02 11:07:01.888] [info] [12] yolo: 9.5ms, tracker: 0.4ms, aimer: 0.0ms
[2026-07-02 11:07:01.933] [info] [13] yolo: 8.0ms, tracker: 0.5ms, aimer: 0.0ms
[2026-07-02 11:07:01.980] [info] [14] yolo: 10.0ms, tracker: 0.5ms, aimer: 0.0ms
[2026-07-02 11:07:02.023] [info] [15] yolo: 9.6ms, tracker: 0.4ms, aimer: 0.0ms
[2026-07-02 11:07:02.065] [info] [16] yolo: 6.1ms, tracker: 0.5ms, aimer: 0.0ms
[2026-07-02 11:07:02.110] [info] [17] yolo: 10.4ms, tracker: 0.5ms, aimer: 0.0ms
[2026-07-02 11:07:02.155] [info] [18] yolo: 9.4ms, tracker: 0.5ms, aimer: 0.0ms
[2026-07-02 11:07:02.196] [info] [19] yolo: 7.2ms, tracker: 0.5ms, aimer: 0.0ms
[2026-07-02 11:07:02.243] [info] [20] yolo: 9.0ms, tracker: 0.4ms, aimer: 0.0ms
[2026-07-02 11:07:02.284] [info] [21] yolo: 6.6ms, tracker: 0.5ms, aimer: 0.0ms
[2026-07-02 11:07:02.325] [info] [22] yolo: 8.0ms, tracker: 0.5ms, aimer: 0.0ms
[2026-07-02 11:07:02.371] [info] [23] yolo: 9.1ms, tracker: 0.5ms, aimer: 0.0ms
[2026-07-02 11:07:02.413] [info] [24] yolo: 8.2ms, tracker: 0.5ms, aimer: 0.0ms
[2026-07-02 11:07:02.460] [info] [25] yolo: 10.6ms, tracker: 0.4ms, aimer: 0.0ms
[2026-07-02 11:07:02.503] [info] [26] yolo: 9.8ms, tracker: 0.5ms, aimer: 0.0ms
[2026-07-02 11:07:02.547] [info] [27] yolo: 9.6ms, tracker: 0.5ms, aimer: 0.0ms
[2026-07-02 11:07:02.592] [info] [28] yolo: 9.9ms, tracker: 0.5ms, aimer: 0.0ms
[2026-07-02 11:07:02.638] [info] [29] yolo: 9.6ms, tracker: 0.5ms, aimer: 0.0ms
[2026-07-02 11:07:02.682] [debug] [Target] r=0.044, l=0.000
[2026-07-02 11:07:02.682] [debug] [Tracker] Target diverged!
[2026-07-02 11:07:02.682] [info] [30] yolo: 8.6ms, tracker: 0.5ms, aimer: 0.0ms
[2026-07-02 11:07:02.727] [info] [31] yolo: 10.4ms, tracker: 0.4ms, aimer: 0.0ms
[2026-07-02 11:07:02.771] [info] [32] yolo: 9.7ms, tracker: 0.5ms, aimer: 0.0ms
[2026-07-02 11:07:02.816] [info] [33] yolo: 10.2ms, tracker: 0.4ms, aimer: 0.0ms
[2026-07-02 11:07:02.860] [info] [34] yolo: 10.3ms, tracker: 0.4ms, aimer: 0.0ms
[2026-07-02 11:07:02.903] [info] [35] yolo: 7.4ms, tracker: 0.5ms, aimer: 0.0ms
[2026-07-02 11:07:02.947] [info] [36] yolo: 9.2ms, tracker: 0.5ms, aimer: 0.0ms
[2026-07-02 11:07:02.987] [info] [37] yolo: 5.5ms, tracker: 0.7ms, aimer: 0.0ms
[2026-07-02 11:07:03.033] [info] [38] yolo: 9.9ms, tracker: 0.4ms, aimer: 0.0ms
[2026-07-02 11:07:03.081] [info] [39] yolo: 9.4ms, tracker: 0.5ms, aimer: 0.0ms
[2026-07-02 11:07:03.126] [info] [40] yolo: 8.7ms, tracker: 0.5ms, aimer: 0.0ms
[2026-07-02 11:07:03.171] [info] [41] yolo: 9.5ms, tracker: 0.4ms, aimer: 0.0ms
[2026-07-02 11:07:03.215] [info] [42] yolo: 10.8ms, tracker: 0.0ms, aimer: 0.0ms
[2026-07-02 11:07:03.259] [info] [43] yolo: 9.8ms, tracker: 0.4ms, aimer: 0.0ms
[2026-07-02 11:07:03.305] [info] [44] yolo: 9.7ms, tracker: 0.4ms, aimer: 0.0ms
[2026-07-02 11:07:03.350] [info] [45] yolo: 10.9ms, tracker: 0.5ms, aimer: 0.0ms
[2026-07-02 11:07:03.392] [info] [46] yolo: 8.6ms, tracker: 0.5ms, aimer: 0.0ms
[2026-07-02 11:07:03.432] [info] [47] yolo: 6.1ms, tracker: 0.5ms, aimer: 0.0ms
[2026-07-02 11:07:03.477] [info] [48] yolo: 5.5ms, tracker: 0.8ms, aimer: 0.0ms
[2026-07-02 11:07:03.524] [info] [49] yolo: 10.4ms, tracker: 0.4ms, aimer: 0.0ms
[2026-07-02 11:07:03.565] [info] [50] yolo: 6.6ms, tracker: 0.7ms, aimer: 0.0ms
[2026-07-02 11:07:03.608] [info] [51] yolo: 9.7ms, tracker: 0.0ms, aimer: 0.0ms
[2026-07-02 11:07:03.650] [info] [52] yolo: 8.9ms, tracker: 0.5ms, aimer: 0.0ms
[2026-07-02 11:07:03.689] [info] [53] yolo: 6.3ms, tracker: 0.0ms, aimer: 0.0ms
[2026-07-02 11:07:03.730] [info] [54] yolo: 5.0ms, tracker: 0.0ms, aimer: 0.0ms
[2026-07-02 11:07:03.774] [info] [55] yolo: 9.8ms, tracker: 0.0ms, aimer: 0.0ms
[2026-07-02 11:07:03.815] [info] [56] yolo: 6.1ms, tracker: 0.0ms, aimer: 0.1ms
[2026-07-02 11:07:03.858] [info] [57] yolo: 9.1ms, tracker: 0.0ms, aimer: 0.0ms
[2026-07-02 11:07:03.900] [info] [58] yolo: 9.6ms, tracker: 0.0ms, aimer: 0.0ms
[2026-07-02 11:07:03.938] [info] [59] yolo: 5.8ms, tracker: 0.0ms, aimer: 0.1ms
[2026-07-02 11:07:03.981] [info] [60] yolo: 7.5ms, tracker: 0.5ms, aimer: 0.0ms
[2026-07-02 11:07:04.023] [info] [61] yolo: 6.1ms, tracker: 0.0ms, aimer: 0.0ms
[2026-07-02 11:07:04.067] [debug] [Target] r=0.042, l=0.000
[2026-07-02 11:07:04.067] [debug] [Tracker] Target diverged!
[2026-07-02 11:07:04.067] [info] [62] yolo: 10.0ms, tracker: 0.4ms, aimer: 0.0ms
[2026-07-02 11:07:04.111] [info] [63] yolo: 9.7ms, tracker: 0.4ms, aimer: 0.0ms
[2026-07-02 11:07:04.154] [info] [64] yolo: 9.4ms, tracker: 0.5ms, aimer: 0.0ms
[2026-07-02 11:07:04.197] [info] [65] yolo: 7.6ms, tracker: 0.0ms, aimer: 0.0ms
[2026-07-02 11:07:04.239] [info] [66] yolo: 6.7ms, tracker: 0.7ms, aimer: 0.1ms
[2026-07-02 11:07:04.283] [info] [67] yolo: 9.9ms, tracker: 0.0ms, aimer: 0.0ms
[2026-07-02 11:07:04.325] [info] [68] yolo: 8.1ms, tracker: 0.5ms, aimer: 0.0ms
[2026-07-02 11:07:04.370] [info] [69] yolo: 9.0ms, tracker: 0.0ms, aimer: 0.0ms
[2026-07-02 11:07:04.413] [info] [70] yolo: 8.0ms, tracker: 0.0ms, aimer: 0.0ms
[2026-07-02 11:07:04.459] [info] [71] yolo: 11.1ms, tracker: 0.6ms, aimer: 0.0ms
[2026-07-02 11:07:04.502] [info] [72] yolo: 8.4ms, tracker: 0.0ms, aimer: 0.0ms
[2026-07-02 11:07:04.544] [info] [73] yolo: 7.7ms, tracker: 0.6ms, aimer: 0.0ms
[2026-07-02 11:07:04.587] [info] [74] yolo: 9.3ms, tracker: 0.7ms, aimer: 0.0ms
[2026-07-02 11:07:04.633] [info] [75] yolo: 10.4ms, tracker: 0.7ms, aimer: 0.0ms
[2026-07-02 11:07:04.681] [info] [76] yolo: 10.6ms, tracker: 0.5ms, aimer: 0.0ms
[2026-07-02 11:07:04.728] [info] [77] yolo: 8.6ms, tracker: 0.7ms, aimer: 0.0ms
[2026-07-02 11:07:04.769] [info] [78] yolo: 6.2ms, tracker: 0.8ms, aimer: 0.0ms
[2026-07-02 11:07:04.816] [info] [79] yolo: 9.7ms, tracker: 0.6ms, aimer: 0.0ms
[2026-07-02 11:07:04.861] [info] [80] yolo: 8.6ms, tracker: 0.5ms, aimer: 0.0ms
[2026-07-02 11:07:04.905] [info] [81] yolo: 9.1ms, tracker: 0.0ms, aimer: 0.1ms
[2026-07-02 11:07:04.949] [info] [82] yolo: 9.9ms, tracker: 0.0ms, aimer: 0.0ms
[2026-07-02 11:07:04.994] [info] [83] yolo: 10.6ms, tracker: 0.0ms, aimer: 0.0ms
[2026-07-02 11:07:05.039] [info] [84] yolo: 10.0ms, tracker: 0.0ms, aimer: 0.0ms
[2026-07-02 11:07:05.083] [info] [85] yolo: 10.0ms, tracker: 0.0ms, aimer: 0.0ms
[2026-07-02 11:07:05.123] [info] [86] yolo: 5.8ms, tracker: 0.0ms, aimer: 0.1ms
[2026-07-02 11:07:05.165] [info] [87] yolo: 8.5ms, tracker: 0.0ms, aimer: 0.0ms
[2026-07-02 11:07:05.209] [info] [88] yolo: 9.3ms, tracker: 0.0ms, aimer: 0.0ms
[2026-07-02 11:07:05.251] [info] [89] yolo: 7.5ms, tracker: 0.0ms, aimer: 0.0ms
[2026-07-02 11:07:05.295] [info] [90] yolo: 9.6ms, tracker: 0.0ms, aimer: 0.0ms
[2026-07-02 11:07:05.337] [info] [91] yolo: 7.5ms, tracker: 0.0ms, aimer: 0.0ms
[2026-07-02 11:07:05.384] [info] [92] yolo: 10.7ms, tracker: 0.0ms, aimer: 0.0ms
[2026-07-02 11:07:05.427] [info] [93] yolo: 5.9ms, tracker: 0.0ms, aimer: 0.0ms
[2026-07-02 11:07:05.744] [info] [94] yolo: 10.6ms, tracker: 0.5ms, aimer: 0.0ms
[2026-07-02 11:07:05.784] [info] [95] yolo: 8.0ms, tracker: 0.0ms, aimer: 0.0ms
[2026-07-02 11:07:05.831] [debug] [Target] r=0.325, l=-0.275
[2026-07-02 11:07:05.831] [debug] [Tracker] Target diverged!
[2026-07-02 11:07:05.831] [info] [96] yolo: 9.5ms, tracker: 0.5ms, aimer: 0.0ms
[2026-07-02 11:07:05.873] [info] [97] yolo: 6.9ms, tracker: 0.5ms, aimer: 0.0ms
[2026-07-02 11:07:05.919] [info] [98] yolo: 9.5ms, tracker: 0.5ms, aimer: 0.0ms
[2026-07-02 11:07:05.961] [info] [99] yolo: 8.0ms, tracker: 0.0ms, aimer: 0.0ms
[2026-07-02 11:07:06.004] [info] [100] yolo: 9.0ms, tracker: 0.0ms, aimer: 0.0ms
[2026-07-02 11:07:06.045] [info] [101] yolo: 8.0ms, tracker: 0.0ms, aimer: 0.0ms
[2026-07-02 11:07:06.089] [info] [102] yolo: 9.6ms, tracker: 0.5ms, aimer: 0.0ms
[2026-07-02 11:07:06.134] [info] [103] yolo: 9.1ms, tracker: 0.0ms, aimer: 0.0ms
[2026-07-02 11:07:06.177] [info] [104] yolo: 7.4ms, tracker: 0.4ms, aimer: 0.0ms
[2026-07-02 11:07:06.223] [info] [105] yolo: 10.2ms, tracker: 0.0ms, aimer: 0.0ms
[2026-07-02 11:07:06.264] [info] [106] yolo: 6.0ms, tracker: 0.6ms, aimer: 0.0ms
[2026-07-02 11:07:06.306] [info] [107] yolo: 8.1ms, tracker: 0.5ms, aimer: 0.0ms
[2026-07-02 11:07:06.347] [info] [108] yolo: 7.9ms, tracker: 0.0ms, aimer: 0.0ms
[2026-07-02 11:07:06.392] [info] [109] yolo: 9.6ms, tracker: 0.4ms, aimer: 0.0ms
[2026-07-02 11:07:06.434] [info] [110] yolo: 8.4ms, tracker: 0.5ms, aimer: 0.0ms
[2026-07-02 11:07:06.478] [info] [111] yolo: 7.9ms, tracker: 0.5ms, aimer: 0.0ms
[2026-07-02 11:07:06.522] [info] [112] yolo: 8.6ms, tracker: 0.0ms, aimer: 0.0ms
[2026-07-02 11:07:06.565] [info] [113] yolo: 7.8ms, tracker: 0.0ms, aimer: 0.0ms
[2026-07-02 11:07:06.608] [info] [114] yolo: 8.9ms, tracker: 0.5ms, aimer: 0.0ms
[2026-07-02 11:07:06.650] [info] [115] yolo: 8.2ms, tracker: 0.5ms, aimer: 0.0ms
[2026-07-02 11:07:06.688] [info] [116] yolo: 5.3ms, tracker: 0.0ms, aimer: 0.0ms
[2026-07-02 11:07:06.731] [info] [117] yolo: 8.6ms, tracker: 0.8ms, aimer: 0.1ms
[2026-07-02 11:07:06.777] [info] [118] yolo: 11.0ms, tracker: 0.6ms, aimer: 0.0ms
[2026-07-02 11:07:06.822] [info] [119] yolo: 7.4ms, tracker: 0.6ms, aimer: 0.0ms
[2026-07-02 11:07:06.866] [info] [120] yolo: 8.2ms, tracker: 0.0ms, aimer: 0.0ms
[2026-07-02 11:07:06.906] [info] [121] yolo: 6.3ms, tracker: 0.9ms, aimer: 0.1ms
[2026-07-02 11:07:06.948] [info] [122] yolo: 6.9ms, tracker: 0.0ms, aimer: 0.0ms
[2026-07-02 11:07:06.993] [info] [123] yolo: 9.2ms, tracker: 0.8ms, aimer: 0.1ms
[2026-07-02 11:07:07.039] [info] [124] yolo: 11.0ms, tracker: 0.5ms, aimer: 0.0ms
[2026-07-02 11:07:07.084] [info] [125] yolo: 10.4ms, tracker: 0.0ms, aimer: 0.0ms
[2026-07-02 11:07:07.128] [info] [126] yolo: 9.6ms, tracker: 0.5ms, aimer: 0.0ms
[2026-07-02 11:07:07.167] [info] [127] yolo: 6.6ms, tracker: 0.0ms, aimer: 0.0ms
[2026-07-02 11:07:07.212] [info] [128] yolo: 10.4ms, tracker: 0.5ms, aimer: 0.0ms
[2026-07-02 11:07:07.255] [info] [129] yolo: 8.1ms, tracker: 0.9ms, aimer: 0.0ms
[2026-07-02 11:07:07.302] [info] [130] yolo: 11.6ms, tracker: 0.6ms, aimer: 0.0ms
[2026-07-02 11:07:07.346] [info] [131] yolo: 10.9ms, tracker: 0.5ms, aimer: 0.0ms
[2026-07-02 11:07:07.393] [info] [132] yolo: 10.6ms, tracker: 0.0ms, aimer: 0.0ms
[2026-07-02 11:07:07.437] [info] [133] yolo: 8.9ms, tracker: 0.5ms, aimer: 0.0ms
[2026-07-02 11:07:07.484] [info] [134] yolo: 9.6ms, tracker: 0.5ms, aimer: 0.0ms
[2026-07-02 11:07:07.529] [info] [135] yolo: 11.2ms, tracker: 0.6ms, aimer: 0.0ms
[2026-07-02 11:07:07.575] [info] [136] yolo: 10.0ms, tracker: 0.0ms, aimer: 0.0ms
[2026-07-02 11:07:07.622] [info] [137] yolo: 11.3ms, tracker: 0.5ms, aimer: 0.1ms
[2026-07-02 11:07:07.668] [info] [138] yolo: 10.4ms, tracker: 0.7ms, aimer: 0.0ms
[2026-07-02 11:07:07.714] [warning] [Tracker] Large dt: 0.167s
[2026-07-02 11:07:07.715] [info] [139] yolo: 9.3ms, tracker: 0.5ms, aimer: 0.0ms
[2026-07-02 11:07:07.758] [info] [140] yolo: 9.1ms, tracker: 0.0ms, aimer: 0.0ms
[2026-07-02 11:07:07.802] [info] [141] yolo: 10.4ms, tracker: 0.6ms, aimer: 0.0ms
[2026-07-02 11:07:07.848] [info] [142] yolo: 11.2ms, tracker: 0.0ms, aimer: 0.0ms
[2026-07-02 11:07:07.891] [info] [143] yolo: 9.5ms, tracker: 0.5ms, aimer: 0.0ms
[2026-07-02 11:07:07.936] [info] [144] yolo: 10.7ms, tracker: 0.5ms, aimer: 0.0ms
[2026-07-02 11:07:07.978] [info] [145] yolo: 8.5ms, tracker: 0.7ms, aimer: 0.0ms
[2026-07-02 11:07:08.022] [info] [146] yolo: 8.9ms, tracker: 0.7ms, aimer: 0.0ms
[2026-07-02 11:07:08.065] [info] [147] yolo: 6.5ms, tracker: 1.1ms, aimer: 0.1ms
[2026-07-02 11:07:08.109] [debug] [Target] r=0.067, l=-0.132
[2026-07-02 11:07:08.109] [debug] [Tracker] Target diverged!
[2026-07-02 11:07:08.109] [info] [148] yolo: 9.1ms, tracker: 0.8ms, aimer: 0.0ms
[2026-07-02 11:07:08.153] [info] [149] yolo: 9.9ms, tracker: 0.6ms, aimer: 0.0ms
[2026-07-02 11:07:08.197] [debug] [Target] r=0.119, l=-0.081
[2026-07-02 11:07:08.197] [debug] [Tracker] Target diverged!
[2026-07-02 11:07:08.197] [info] [150] yolo: 9.2ms, tracker: 0.9ms, aimer: 0.0ms
[2026-07-02 11:07:08.238] [info] [151] yolo: 5.8ms, tracker: 1.1ms, aimer: 0.1ms
[2026-07-02 11:07:08.284] [info] [152] yolo: 10.1ms, tracker: 0.5ms, aimer: 0.0ms
[2026-07-02 11:07:08.327] [warning] [Tracker] Large dt: 26.099s
[2026-07-02 11:07:08.328] [info] [153] yolo: 10.3ms, tracker: 0.5ms, aimer: 0.0ms
[2026-07-02 11:07:08.371] [info] [154] yolo: 8.6ms, tracker: 0.8ms, aimer: 0.0ms
[2026-07-02 11:07:08.414] [info] [155] yolo: 8.9ms, tracker: 0.0ms, aimer: 0.0ms
[2026-07-02 11:07:08.456] [info] [156] yolo: 5.6ms, tracker: 0.9ms, aimer: 0.1ms
[2026-07-02 11:07:08.497] [info] [157] yolo: 8.2ms, tracker: 0.6ms, aimer: 0.0ms
[2026-07-02 11:07:08.538] [info] [158] yolo: 5.6ms, tracker: 1.1ms, aimer: 0.1ms
[2026-07-02 11:07:08.581] [info] [159] yolo: 8.0ms, tracker: 0.0ms, aimer: 0.0ms
[2026-07-02 11:07:08.626] [info] [160] yolo: 9.4ms, tracker: 0.0ms, aimer: 0.0ms
[2026-07-02 11:07:08.669] [info] [161] yolo: 7.5ms, tracker: 0.8ms, aimer: 0.1ms
[2026-07-02 11:07:08.716] [info] [162] yolo: 9.6ms, tracker: 0.5ms, aimer: 0.0ms
[2026-07-02 11:07:08.759] [info] [163] yolo: 9.1ms, tracker: 0.6ms, aimer: 0.0ms
[2026-07-02 11:07:08.804] [info] [164] yolo: 10.2ms, tracker: 0.6ms, aimer: 0.0ms
[2026-07-02 11:07:08.847] [info] [165] yolo: 9.7ms, tracker: 0.6ms, aimer: 0.0ms
[2026-07-02 11:07:08.888] [info] [166] yolo: 6.2ms, tracker: 0.7ms, aimer: 0.0ms
[2026-07-02 11:07:08.932] [info] [167] yolo: 5.4ms, tracker: 1.1ms, aimer: 0.1ms
[2026-07-02 11:07:08.979] [info] [168] yolo: 9.2ms, tracker: 0.5ms, aimer: 0.0ms
[2026-07-02 11:07:09.024] [info] [169] yolo: 10.1ms, tracker: 0.6ms, aimer: 0.0ms
[2026-07-02 11:07:09.066] [info] [170] yolo: 8.6ms, tracker: 0.7ms, aimer: 0.0ms
[2026-07-02 11:07:09.108] [info] [171] yolo: 7.3ms, tracker: 0.0ms, aimer: 0.1ms
[2026-07-02 11:07:09.150] [info] [172] yolo: 6.1ms, tracker: 1.1ms, aimer: 0.1ms
[2026-07-02 11:07:09.195] [info] [173] yolo: 9.9ms, tracker: 0.9ms, aimer: 0.0ms
[2026-07-02 11:07:09.239] [info] [174] yolo: 9.4ms, tracker: 0.0ms, aimer: 0.1ms
[2026-07-02 11:07:09.280] [info] [175] yolo: 5.4ms, tracker: 1.2ms, aimer: 0.1ms
[2026-07-02 11:07:09.327] [info] [176] yolo: 9.4ms, tracker: 0.6ms, aimer: 0.0ms
[2026-07-02 11:07:09.369] [info] [177] yolo: 7.0ms, tracker: 0.8ms, aimer: 0.0ms
[2026-07-02 11:07:09.416] [info] [178] yolo: 9.5ms, tracker: 0.5ms, aimer: 0.0ms
[2026-07-02 11:07:09.458] [info] [179] yolo: 7.8ms, tracker: 0.8ms, aimer: 0.0ms
[2026-07-02 11:07:09.502] [info] [180] yolo: 10.4ms, tracker: 0.5ms, aimer: 0.0ms
[2026-07-02 11:07:09.542] [info] [181] yolo: 6.4ms, tracker: 0.0ms, aimer: 0.1ms
[2026-07-02 11:07:09.590] [info] [182] yolo: 11.6ms, tracker: 0.6ms, aimer: 0.0ms
[2026-07-02 11:07:09.632] [info] [183] yolo: 6.2ms, tracker: 1.0ms, aimer: 0.1ms
[2026-07-02 11:07:09.681] [info] [184] yolo: 10.2ms, tracker: 0.6ms, aimer: 0.0ms
[2026-07-02 11:07:09.729] [info] [185] yolo: 11.0ms, tracker: 0.6ms, aimer: 0.0ms
[2026-07-02 11:07:09.777] [info] [186] yolo: 10.8ms, tracker: 0.6ms, aimer: 0.0ms
[2026-07-02 11:07:09.826] [info] [187] yolo: 11.2ms, tracker: 0.7ms, aimer: 0.0ms
[2026-07-02 11:07:09.873] [info] [188] yolo: 9.7ms, tracker: 0.6ms, aimer: 0.0ms
[2026-07-02 11:07:09.921] [info] [189] yolo: 9.0ms, tracker: 0.7ms, aimer: 0.0ms
[2026-07-02 11:07:09.967] [info] [190] yolo: 8.6ms, tracker: 0.6ms, aimer: 0.0ms
[2026-07-02 11:07:10.010] [info] [191] yolo: 7.8ms, tracker: 0.9ms, aimer: 0.1ms
[2026-07-02 11:07:10.056] [info] [192] yolo: 7.6ms, tracker: 0.8ms, aimer: 0.0ms
[2026-07-02 11:07:10.097] [info] [193] yolo: 5.8ms, tracker: 1.2ms, aimer: 0.1ms
[2026-07-02 11:07:10.141] [info] [194] yolo: 9.5ms, tracker: 0.5ms, aimer: 0.0ms
[2026-07-02 11:07:10.184] [info] [195] yolo: 5.7ms, tracker: 0.9ms, aimer: 0.0ms
[2026-07-02 11:07:10.235] [info] [196] yolo: 10.9ms, tracker: 0.6ms, aimer: 0.0ms
[2026-07-02 11:07:10.280] [info] [197] yolo: 8.9ms, tracker: 0.8ms, aimer: 0.0ms
[2026-07-02 11:07:10.330] [info] [198] yolo: 9.4ms, tracker: 0.7ms, aimer: 0.0ms
[2026-07-02 11:07:10.372] [info] [199] yolo: 6.7ms, tracker: 0.7ms, aimer: 0.0ms
[2026-07-02 11:07:10.415] [info] [200] yolo: 5.3ms, tracker: 1.1ms, aimer: 0.0ms
[2026-07-02 11:07:10.458] [info] [201] yolo: 7.7ms, tracker: 0.7ms, aimer: 0.0ms
[2026-07-02 11:07:10.502] [info] [202] yolo: 10.3ms, tracker: 0.5ms, aimer: 0.0ms
[2026-07-02 11:07:10.545] [info] [203] yolo: 9.1ms, tracker: 0.6ms, aimer: 0.0ms
[2026-07-02 11:07:10.587] [info] [204] yolo: 7.3ms, tracker: 0.8ms, aimer: 0.0ms
[2026-07-02 11:07:10.632] [info] [205] yolo: 10.4ms, tracker: 0.6ms, aimer: 0.0ms
[2026-07-02 11:07:10.675] [info] [206] yolo: 9.3ms, tracker: 0.5ms, aimer: 0.0ms
[2026-07-02 11:07:10.719] [info] [207] yolo: 8.5ms, tracker: 0.6ms, aimer: 0.0ms
[2026-07-02 11:07:10.762] [info] [208] yolo: 8.7ms, tracker: 0.0ms, aimer: 0.0ms
[2026-07-02 11:07:10.810] [info] [209] yolo: 11.3ms, tracker: 0.5ms, aimer: 0.0ms
[2026-07-02 11:07:10.855] [info] [210] yolo: 10.7ms, tracker: 0.8ms, aimer: 0.0ms
[2026-07-02 11:07:10.897] [info] [211] yolo: 7.0ms, tracker: 1.0ms, aimer: 0.1ms
[2026-07-02 11:07:10.940] [info] [212] yolo: 8.7ms, tracker: 0.5ms, aimer: 0.0ms
[2026-07-02 11:07:10.988] [info] [213] yolo: 10.0ms, tracker: 0.5ms, aimer: 0.0ms
[2026-07-02 11:07:11.031] [info] [214] yolo: 9.5ms, tracker: 0.0ms, aimer: 0.0ms
[2026-07-02 11:07:11.074] [info] [215] yolo: 8.2ms, tracker: 0.0ms, aimer: 0.0ms
[2026-07-02 11:07:11.119] [info] [216] yolo: 8.4ms, tracker: 0.6ms, aimer: 0.0ms
[2026-07-02 11:07:11.163] [info] [217] yolo: 9.9ms, tracker: 0.0ms, aimer: 0.0ms
[2026-07-02 11:07:11.206] [info] [218] yolo: 8.9ms, tracker: 0.0ms, aimer: 0.0ms
[2026-07-02 11:07:11.250] [info] [219] yolo: 9.5ms, tracker: 0.0ms, aimer: 0.0ms
[2026-07-02 11:07:11.295] [info] [220] yolo: 10.1ms, tracker: 0.0ms, aimer: 0.0ms
[2026-07-02 11:07:11.340] [info] [221] yolo: 10.1ms, tracker: 0.0ms, aimer: 0.0ms
[2026-07-02 11:07:11.383] [info] [222] yolo: 9.6ms, tracker: 0.0ms, aimer: 0.0ms
[2026-07-02 11:07:11.426] [info] [223] yolo: 8.4ms, tracker: 0.0ms, aimer: 0.0ms
[2026-07-02 11:07:11.473] [info] [224] yolo: 11.0ms, tracker: 0.7ms, aimer: 0.0ms
[2026-07-02 11:07:11.520] [info] [225] yolo: 10.0ms, tracker: 0.5ms, aimer: 0.0ms
[2026-07-02 11:07:11.564] [info] [226] yolo: 10.8ms, tracker: 0.6ms, aimer: 0.0ms
[2026-07-02 11:07:11.610] [info] [227] yolo: 10.1ms, tracker: 0.6ms, aimer: 0.0ms
[2026-07-02 11:07:11.655] [info] [228] yolo: 11.8ms, tracker: 0.6ms, aimer: 0.0ms
[2026-07-02 11:07:11.698] [info] [229] yolo: 8.4ms, tracker: 1.1ms, aimer: 0.1ms
[2026-07-02 11:07:11.743] [info] [230] yolo: 8.6ms, tracker: 0.5ms, aimer: 0.0ms
[2026-07-02 11:07:11.787] [info] [231] yolo: 10.0ms, tracker: 0.0ms, aimer: 0.0ms
[2026-07-02 11:07:11.832] [info] [232] yolo: 10.1ms, tracker: 0.0ms, aimer: 0.1ms
[2026-07-02 11:07:11.876] [info] [233] yolo: 10.5ms, tracker: 0.6ms, aimer: 0.0ms
[2026-07-02 11:07:11.925] [info] [234] yolo: 11.0ms, tracker: 0.6ms, aimer: 0.0ms
[2026-07-02 11:07:11.971] [info] [235] yolo: 9.5ms, tracker: 0.0ms, aimer: 0.0ms
[2026-07-02 11:07:12.017] [info] [236] yolo: 10.7ms, tracker: 0.6ms, aimer: 0.0ms
[2026-07-02 11:07:12.061] [info] [237] yolo: 9.7ms, tracker: 0.6ms, aimer: 0.0ms
[2026-07-02 11:07:12.104] [info] [238] yolo: 8.1ms, tracker: 0.6ms, aimer: 0.0ms
[2026-07-02 11:07:12.148] [info] [239] yolo: 8.8ms, tracker: 1.2ms, aimer: 0.1ms
[2026-07-02 11:07:12.190] [info] [240] yolo: 5.8ms, tracker: 1.2ms, aimer: 0.1ms
[2026-07-02 11:07:12.234] [info] [241] yolo: 7.5ms, tracker: 1.0ms, aimer: 0.1ms
[2026-07-02 11:07:12.279] [info] [242] yolo: 9.5ms, tracker: 0.0ms, aimer: 0.0ms
[2026-07-02 11:07:12.322] [info] [243] yolo: 9.0ms, tracker: 0.0ms, aimer: 0.0ms
[2026-07-02 11:07:12.368] [info] [244] yolo: 9.8ms, tracker: 0.6ms, aimer: 0.0ms
[2026-07-02 11:07:12.412] [info] [245] yolo: 10.8ms, tracker: 0.6ms, aimer: 0.0ms
[2026-07-02 11:07:12.457] [info] [246] yolo: 8.3ms, tracker: 0.6ms, aimer: 0.0ms
[2026-07-02 11:07:12.501] [info] [247] yolo: 9.7ms, tracker: 0.0ms, aimer: 0.0ms
[2026-07-02 11:07:12.545] [info] [248] yolo: 8.9ms, tracker: 0.6ms, aimer: 0.0ms
[2026-07-02 11:07:12.587] [info] [249] yolo: 5.9ms, tracker: 1.2ms, aimer: 0.1ms
[2026-07-02 11:07:12.632] [info] [250] yolo: 10.0ms, tracker: 1.0ms, aimer: 0.1ms
[2026-07-02 11:07:12.678] [info] [251] yolo: 7.9ms, tracker: 0.0ms, aimer: 0.0ms
[2026-07-02 11:07:12.723] [info] [252] yolo: 9.3ms, tracker: 0.6ms, aimer: 0.0ms
[2026-07-02 11:07:12.765] [info] [253] yolo: 7.4ms, tracker: 0.0ms, aimer: 0.1ms
[2026-07-02 11:07:12.809] [info] [254] yolo: 9.3ms, tracker: 0.6ms, aimer: 0.0ms
[2026-07-02 11:07:12.853] [info] [255] yolo: 8.7ms, tracker: 0.6ms, aimer: 0.0ms
[2026-07-02 11:07:12.897] [info] [256] yolo: 8.2ms, tracker: 0.6ms, aimer: 0.0ms
[2026-07-02 11:07:12.944] [info] [257] yolo: 11.8ms, tracker: 0.6ms, aimer: 0.0ms
[2026-07-02 11:07:12.987] [info] [258] yolo: 9.3ms, tracker: 0.0ms, aimer: 0.0ms
[2026-07-02 11:07:13.028] [info] [259] yolo: 7.2ms, tracker: 0.0ms, aimer: 0.1ms
[2026-07-02 11:07:13.076] [info] [260] yolo: 9.6ms, tracker: 0.6ms, aimer: 0.0ms
[2026-07-02 11:07:13.119] [info] [261] yolo: 9.0ms, tracker: 0.6ms, aimer: 0.0ms
[2026-07-02 11:07:13.162] [info] [262] yolo: 8.4ms, tracker: 0.8ms, aimer: 0.0ms
[2026-07-02 11:07:13.206] [info] [263] yolo: 8.7ms, tracker: 0.6ms, aimer: 0.0ms
[2026-07-02 11:07:13.249] [info] [264] yolo: 8.9ms, tracker: 0.5ms, aimer: 0.0ms
[2026-07-02 11:07:13.292] [info] [265] yolo: 8.8ms, tracker: 0.0ms, aimer: 0.0ms
[2026-07-02 11:07:13.338] [info] [266] yolo: 9.8ms, tracker: 0.6ms, aimer: 0.0ms
[2026-07-02 11:07:13.384] [info] [267] yolo: 10.2ms, tracker: 0.6ms, aimer: 0.0ms
[2026-07-02 11:07:13.428] [info] [268] yolo: 10.3ms, tracker: 0.7ms, aimer: 0.0ms
[2026-07-02 11:07:13.477] [info] [269] yolo: 11.1ms, tracker: 0.6ms, aimer: 0.0ms
[2026-07-02 11:07:13.524] [info] [270] yolo: 10.6ms, tracker: 0.6ms, aimer: 0.0ms
[2026-07-02 11:07:13.567] [info] [271] yolo: 9.2ms, tracker: 0.5ms, aimer: 0.0ms
[2026-07-02 11:07:13.609] [info] [272] yolo: 7.3ms, tracker: 0.6ms, aimer: 0.0ms
[2026-07-02 11:07:13.653] [info] [273] yolo: 8.9ms, tracker: 0.6ms, aimer: 0.0ms
[2026-07-02 11:07:13.697] [info] [274] yolo: 9.1ms, tracker: 0.8ms, aimer: 0.0ms
[2026-07-02 11:07:13.741] [info] [275] yolo: 9.2ms, tracker: 0.6ms, aimer: 0.0ms
[2026-07-02 11:07:13.789] [info] [276] yolo: 10.5ms, tracker: 0.8ms, aimer: 0.0ms
[2026-07-02 11:07:13.834] [info] [277] yolo: 8.4ms, tracker: 0.0ms, aimer: 0.0ms
[2026-07-02 11:07:13.879] [info] [278] yolo: 9.3ms, tracker: 0.0ms, aimer: 0.0ms
[2026-07-02 11:07:13.920] [info] [279] yolo: 6.8ms, tracker: 0.0ms, aimer: 0.1ms
[2026-07-02 11:07:13.968] [info] [280] yolo: 10.2ms, tracker: 0.0ms, aimer: 0.0ms
[2026-07-02 11:07:14.011] [info] [281] yolo: 9.7ms, tracker: 0.0ms, aimer: 0.0ms
[2026-07-02 11:07:14.058] [info] [282] yolo: 12.0ms, tracker: 0.0ms, aimer: 0.0ms
[2026-07-02 11:07:14.100] [info] [283] yolo: 7.6ms, tracker: 0.6ms, aimer: 0.0ms
[2026-07-02 11:07:14.141] [info] [284] yolo: 6.1ms, tracker: 1.3ms, aimer: 0.1ms
[2026-07-02 11:07:14.189] [info] [285] yolo: 10.5ms, tracker: 0.6ms, aimer: 0.0ms
[2026-07-02 11:07:14.236] [info] [286] yolo: 9.1ms, tracker: 0.6ms, aimer: 0.0ms
[2026-07-02 11:07:14.278] [info] [287] yolo: 8.2ms, tracker: 0.6ms, aimer: 0.0ms
[2026-07-02 11:07:14.322] [info] [288] yolo: 8.6ms, tracker: 0.0ms, aimer: 0.1ms
[2026-07-02 11:07:14.369] [info] [289] yolo: 11.7ms, tracker: 0.0ms, aimer: 0.0ms
[2026-07-02 11:07:14.415] [info] [290] yolo: 9.3ms, tracker: 0.0ms, aimer: 0.1ms
[2026-07-02 11:07:14.459] [info] [291] yolo: 9.1ms, tracker: 0.0ms, aimer: 0.0ms
[2026-07-02 11:07:14.504] [info] [292] yolo: 9.4ms, tracker: 0.0ms, aimer: 0.1ms
[2026-07-02 11:07:14.545] [info] [293] yolo: 6.1ms, tracker: 1.3ms, aimer: 0.1ms
[2026-07-02 11:07:14.590] [info] [294] yolo: 9.9ms, tracker: 0.0ms, aimer: 0.1ms
[2026-07-02 11:07:14.635] [info] [295] yolo: 9.2ms, tracker: 0.6ms, aimer: 0.0ms
[2026-07-02 11:07:14.680] [info] [296] yolo: 9.3ms, tracker: 0.7ms, aimer: 0.0ms
[2026-07-02 11:07:14.720] [info] [297] yolo: 7.1ms, tracker: 0.0ms, aimer: 0.0ms
[2026-07-02 11:07:14.767] [info] [298] yolo: 9.2ms, tracker: 0.6ms, aimer: 0.0ms
[2026-07-02 11:07:14.811] [info] [299] yolo: 9.7ms, tracker: 0.0ms, aimer: 0.0ms
[2026-07-02 11:07:14.854] [info] [300] yolo: 8.7ms, tracker: 0.0ms, aimer: 0.1ms
[2026-07-02 11:07:14.896] [info] [301] yolo: 8.4ms, tracker: 0.6ms, aimer: 0.0ms
[2026-07-02 11:07:14.938] [info] [302] yolo: 6.3ms, tracker: 0.0ms, aimer: 0.1ms
[2026-07-02 11:07:14.980] [info] [303] yolo: 6.4ms, tracker: 0.0ms, aimer: 0.1ms
[2026-07-02 11:07:15.027] [info] [304] yolo: 9.2ms, tracker: 0.0ms, aimer: 0.0ms
[2026-07-02 11:07:15.068] [info] [305] yolo: 6.0ms, tracker: 0.0ms, aimer: 0.1ms
[2026-07-02 11:07:15.115] [info] [306] yolo: 9.5ms, tracker: 0.0ms, aimer: 0.0ms
[2026-07-02 11:07:15.158] [info] [307] yolo: 8.7ms, tracker: 0.0ms, aimer: 0.0ms
[2026-07-02 11:07:15.198] [info] [308] yolo: 6.3ms, tracker: 0.0ms, aimer: 0.1ms
[2026-07-02 11:07:15.242] [info] [309] yolo: 9.2ms, tracker: 0.0ms, aimer: 0.0ms
[2026-07-02 11:07:15.283] [info] [310] yolo: 6.0ms, tracker: 0.0ms, aimer: 0.1ms
[2026-07-02 11:07:15.332] [info] [311] yolo: 10.4ms, tracker: 0.0ms, aimer: 0.0ms
[2026-07-02 11:07:15.380] [info] [312] yolo: 10.9ms, tracker: 0.0ms, aimer: 0.0ms
[2026-07-02 11:07:15.428] [info] [313] yolo: 10.1ms, tracker: 0.0ms, aimer: 0.0ms
[2026-07-02 11:07:15.471] [info] [314] yolo: 8.8ms, tracker: 0.0ms, aimer: 0.0ms
[2026-07-02 11:07:15.513] [info] [315] yolo: 7.8ms, tracker: 0.0ms, aimer: 0.0ms
[2026-07-02 11:07:15.558] [info] [316] yolo: 10.3ms, tracker: 0.0ms, aimer: 0.0ms
[2026-07-02 11:07:15.600] [info] [317] yolo: 8.5ms, tracker: 0.0ms, aimer: 0.0ms
[2026-07-02 11:07:15.648] [info] [318] yolo: 11.7ms, tracker: 0.6ms, aimer: 0.1ms
[2026-07-02 11:07:15.694] [info] [319] yolo: 12.2ms, tracker: 0.0ms, aimer: 0.0ms
[2026-07-02 11:07:15.735] [info] [320] yolo: 8.4ms, tracker: 0.0ms, aimer: 0.0ms
[2026-07-02 11:07:15.779] [info] [321] yolo: 9.3ms, tracker: 0.0ms, aimer: 0.0ms
[2026-07-02 11:07:15.822] [info] [322] yolo: 8.4ms, tracker: 0.0ms, aimer: 0.0ms
[2026-07-02 11:07:15.869] [info] [323] yolo: 11.4ms, tracker: 0.0ms, aimer: 0.0ms
[2026-07-02 11:07:15.911] [info] [324] yolo: 5.7ms, tracker: 0.0ms, aimer: 0.0ms
[2026-07-02 11:07:15.951] [info] [325] yolo: 5.5ms, tracker: 0.0ms, aimer: 0.0ms
[2026-07-02 11:07:15.994] [info] [326] yolo: 7.9ms, tracker: 0.0ms, aimer: 0.0ms
[2026-07-02 11:07:16.037] [info] [327] yolo: 9.5ms, tracker: 0.0ms, aimer: 0.0ms
[2026-07-02 11:07:16.080] [info] [328] yolo: 5.9ms, tracker: 0.0ms, aimer: 0.0ms
[2026-07-02 11:07:16.125] [info] [329] yolo: 11.8ms, tracker: 0.0ms, aimer: 0.0ms
[2026-07-02 11:07:16.172] [info] [330] yolo: 10.3ms, tracker: 0.0ms, aimer: 0.0ms
[2026-07-02 11:07:16.216] [info] [331] yolo: 10.9ms, tracker: 0.0ms, aimer: 0.0ms
[2026-07-02 11:07:16.255] [info] [332] yolo: 6.3ms, tracker: 0.0ms, aimer: 0.0ms
[2026-07-02 11:07:16.300] [info] [333] yolo: 9.9ms, tracker: 0.0ms, aimer: 0.0ms
[2026-07-02 11:07:16.344] [info] [334] yolo: 10.0ms, tracker: 0.0ms, aimer: 0.0ms
[2026-07-02 11:07:16.390] [info] [335] yolo: 10.6ms, tracker: 0.0ms, aimer: 0.0ms
[2026-07-02 11:07:16.435] [info] [336] yolo: 9.6ms, tracker: 0.0ms, aimer: 0.0ms
[2026-07-02 11:07:16.479] [info] [337] yolo: 9.2ms, tracker: 0.0ms, aimer: 0.0ms
[2026-07-02 11:07:16.523] [info] [338] yolo: 9.2ms, tracker: 0.0ms, aimer: 0.0ms
[2026-07-02 11:07:16.566] [info] [339] yolo: 8.6ms, tracker: 0.0ms, aimer: 0.0ms
[2026-07-02 11:07:16.613] [info] [340] yolo: 11.7ms, tracker: 0.0ms, aimer: 0.0ms
[2026-07-02 11:07:16.655] [info] [341] yolo: 7.6ms, tracker: 0.0ms, aimer: 0.0ms
[2026-07-02 11:07:16.696] [info] [342] yolo: 6.1ms, tracker: 0.0ms, aimer: 0.0ms
[2026-07-02 11:07:16.742] [info] [343] yolo: 10.4ms, tracker: 0.5ms, aimer: 0.0ms
[2026-07-02 11:07:16.784] [info] [344] yolo: 5.6ms, tracker: 1.1ms, aimer: 0.1ms
[2026-07-02 11:07:16.824] [info] [345] yolo: 6.3ms, tracker: 1.1ms, aimer: 0.1ms
[2026-07-02 11:07:16.872] [info] [346] yolo: 9.7ms, tracker: 0.6ms, aimer: 0.0ms
[2026-07-02 11:07:16.917] [info] [347] yolo: 10.6ms, tracker: 0.5ms, aimer: 0.0ms
[2026-07-02 11:07:16.963] [info] [348] yolo: 11.3ms, tracker: 0.6ms, aimer: 0.0ms
[2026-07-02 11:07:17.008] [info] [349] yolo: 9.9ms, tracker: 0.9ms, aimer: 0.0ms
[2026-07-02 11:07:17.050] [info] [350] yolo: 8.7ms, tracker: 0.5ms, aimer: 0.0ms
[2026-07-02 11:07:17.096] [info] [351] yolo: 9.9ms, tracker: 0.5ms, aimer: 0.0ms
[2026-07-02 11:07:17.138] [info] [352] yolo: 7.3ms, tracker: 1.7ms, aimer: 0.0ms
[2026-07-02 11:07:17.182] [info] [353] yolo: 8.7ms, tracker: 0.0ms, aimer: 0.0ms
[2026-07-02 11:07:17.229] [debug] [Target] r=0.184, l=-0.201
[2026-07-02 11:07:17.229] [debug] [Tracker] Target diverged!
[2026-07-02 11:07:17.229] [info] [354] yolo: 11.1ms, tracker: 0.5ms, aimer: 0.0ms
[2026-07-02 11:07:17.275] [info] [355] yolo: 9.8ms, tracker: 0.0ms, aimer: 0.0ms
[2026-07-02 11:07:17.317] [info] [356] yolo: 7.9ms, tracker: 0.0ms, aimer: 0.0ms
[2026-07-02 11:07:17.359] [info] [357] yolo: 8.0ms, tracker: 0.5ms, aimer: 0.0ms
[2026-07-02 11:07:17.403] [info] [358] yolo: 9.0ms, tracker: 0.9ms, aimer: 0.0ms
[2026-07-02 11:07:17.443] [info] [359] yolo: 5.6ms, tracker: 0.0ms, aimer: 0.0ms
[2026-07-02 11:07:17.484] [info] [360] yolo: 6.5ms, tracker: 1.0ms, aimer: 0.1ms
[2026-07-02 11:07:17.533] [info] [361] yolo: 11.5ms, tracker: 0.5ms, aimer: 0.0ms
[2026-07-02 11:07:17.582] [info] [362] yolo: 11.6ms, tracker: 0.5ms, aimer: 0.0ms
[2026-07-02 11:07:17.625] [info] [363] yolo: 7.1ms, tracker: 0.8ms, aimer: 0.0ms
[2026-07-02 11:07:17.669] [info] [364] yolo: 6.5ms, tracker: 1.3ms, aimer: 0.1ms
[2026-07-02 11:07:17.713] [info] [365] yolo: 7.2ms, tracker: 0.5ms, aimer: 0.0ms
[2026-07-02 11:07:17.758] [info] [366] yolo: 10.1ms, tracker: 0.5ms, aimer: 0.0ms
[2026-07-02 11:07:17.803] [info] [367] yolo: 10.4ms, tracker: 0.5ms, aimer: 0.0ms
[2026-07-02 11:07:17.844] [info] [368] yolo: 6.0ms, tracker: 0.8ms, aimer: 0.1ms
[2026-07-02 11:07:17.885] [info] [369] yolo: 7.4ms, tracker: 0.6ms, aimer: 0.0ms
[2026-07-02 11:07:17.931] [info] [370] yolo: 9.7ms, tracker: 0.6ms, aimer: 0.0ms
[2026-07-02 11:07:17.977] [info] [371] yolo: 11.3ms, tracker: 0.5ms, aimer: 0.0ms
[2026-07-02 11:07:18.026] [info] [372] yolo: 12.3ms, tracker: 0.5ms, aimer: 0.0ms
[2026-07-02 11:07:18.073] [info] [373] yolo: 10.6ms, tracker: 0.6ms, aimer: 0.0ms
[2026-07-02 11:07:18.118] [info] [374] yolo: 6.8ms, tracker: 1.1ms, aimer: 0.1ms
[2026-07-02 11:07:18.162] [info] [375] yolo: 9.2ms, tracker: 0.0ms, aimer: 0.1ms
[2026-07-02 11:07:18.209] [info] [376] yolo: 10.5ms, tracker: 0.5ms, aimer: 0.0ms
[2026-07-02 11:07:18.250] [info] [377] yolo: 6.3ms, tracker: 1.0ms, aimer: 0.0ms
[2026-07-02 11:07:18.294] [info] [378] yolo: 8.4ms, tracker: 0.5ms, aimer: 0.0ms
[2026-07-02 11:07:18.339] [info] [379] yolo: 9.3ms, tracker: 0.7ms, aimer: 0.0ms
[2026-07-02 11:07:18.385] [info] [380] yolo: 11.5ms, tracker: 1.0ms, aimer: 0.0ms
[2026-07-02 11:07:18.432] [info] [381] yolo: 9.9ms, tracker: 0.8ms, aimer: 0.0ms
[2026-07-02 11:07:18.479] [info] [382] yolo: 10.0ms, tracker: 0.5ms, aimer: 0.0ms
[2026-07-02 11:07:18.525] [info] [383] yolo: 10.7ms, tracker: 1.0ms, aimer: 0.0ms
[2026-07-02 11:07:18.571] [warning] [Tracker] Large dt: 0.153s
[2026-07-02 11:07:18.571] [info] [384] yolo: 9.5ms, tracker: 0.5ms, aimer: 0.0ms
[2026-07-02 11:07:18.612] [info] [385] yolo: 6.0ms, tracker: 1.1ms, aimer: 0.1ms
[2026-07-02 11:07:18.658] [info] [386] yolo: 9.5ms, tracker: 0.7ms, aimer: 0.0ms
[2026-07-02 11:07:18.703] [info] [387] yolo: 11.3ms, tracker: 0.5ms, aimer: 0.0ms
[2026-07-02 11:07:18.747] [info] [388] yolo: 9.5ms, tracker: 0.5ms, aimer: 0.0ms
[2026-07-02 11:07:18.788] [info] [389] yolo: 6.6ms, tracker: 0.0ms, aimer: 0.1ms
[2026-07-02 11:07:18.837] [info] [390] yolo: 10.9ms, tracker: 0.0ms, aimer: 0.0ms
[2026-07-02 11:07:18.884] [info] [391] yolo: 9.8ms, tracker: 0.5ms, aimer: 0.0ms
[2026-07-02 11:07:18.926] [info] [392] yolo: 6.6ms, tracker: 1.1ms, aimer: 0.1ms
[2026-07-02 11:07:18.972] [info] [393] yolo: 10.8ms, tracker: 0.0ms, aimer: 0.0ms
[2026-07-02 11:07:19.013] [info] [394] yolo: 6.6ms, tracker: 0.9ms, aimer: 0.1ms
[2026-07-02 11:07:19.058] [info] [395] yolo: 9.9ms, tracker: 0.5ms, aimer: 0.0ms
[2026-07-02 11:07:19.104] [info] [396] yolo: 9.2ms, tracker: 0.5ms, aimer: 0.0ms
[2026-07-02 11:07:19.146] [info] [397] yolo: 8.3ms, tracker: 0.6ms, aimer: 0.0ms
[2026-07-02 11:07:19.189] [info] [398] yolo: 7.5ms, tracker: 1.8ms, aimer: 0.1ms
[2026-07-02 11:07:19.234] [info] [399] yolo: 8.5ms, tracker: 0.8ms, aimer: 0.0ms
[2026-07-02 11:07:19.281] [info] [400] yolo: 10.6ms, tracker: 1.0ms, aimer: 0.0ms
[2026-07-02 11:07:19.326] [info] [401] yolo: 7.4ms, tracker: 1.3ms, aimer: 0.0ms
[2026-07-02 11:07:19.373] [info] [402] yolo: 10.5ms, tracker: 0.9ms, aimer: 0.0ms
[2026-07-02 11:07:19.417] [info] [403] yolo: 6.3ms, tracker: 1.1ms, aimer: 0.1ms
[2026-07-02 11:07:19.462] [info] [404] yolo: 8.2ms, tracker: 0.6ms, aimer: 0.0ms
[2026-07-02 11:07:19.509] [info] [405] yolo: 11.1ms, tracker: 0.6ms, aimer: 0.0ms
[2026-07-02 11:07:19.551] [info] [406] yolo: 6.4ms, tracker: 0.9ms, aimer: 0.1ms
[2026-07-02 11:07:19.593] [info] [407] yolo: 7.3ms, tracker: 0.9ms, aimer: 0.1ms
[2026-07-02 11:07:19.641] [info] [408] yolo: 12.3ms, tracker: 0.5ms, aimer: 0.0ms
[2026-07-02 11:07:19.684] [info] [409] yolo: 5.8ms, tracker: 1.1ms, aimer: 0.1ms
[2026-07-02 11:07:19.735] [info] [410] yolo: 12.8ms, tracker: 0.0ms, aimer: 0.0ms
[2026-07-02 11:07:19.778] [info] [411] yolo: 8.1ms, tracker: 0.0ms, aimer: 0.1ms
[2026-07-02 11:07:19.823] [info] [412] yolo: 9.1ms, tracker: 0.5ms, aimer: 0.0ms
[2026-07-02 11:07:19.867] [info] [413] yolo: 10.0ms, tracker: 0.0ms, aimer: 0.0ms
[2026-07-02 11:07:19.912] [info] [414] yolo: 10.1ms, tracker: 0.7ms, aimer: 0.0ms
[2026-07-02 11:07:19.952] [info] [415] yolo: 5.8ms, tracker: 1.2ms, aimer: 0.1ms
[2026-07-02 11:07:19.999] [info] [416] yolo: 10.6ms, tracker: 0.5ms, aimer: 0.0ms
[2026-07-02 11:07:20.044] [info] [417] yolo: 10.4ms, tracker: 0.5ms, aimer: 0.0ms
[2026-07-02 11:07:20.082] [info] [418] yolo: 5.4ms, tracker: 0.0ms, aimer: 0.1ms
[2026-07-02 11:07:20.129] [info] [419] yolo: 10.9ms, tracker: 0.6ms, aimer: 0.0ms
[2026-07-02 11:07:20.176] [info] [420] yolo: 9.4ms, tracker: 0.9ms, aimer: 0.0ms
[2026-07-02 11:07:20.217] [info] [421] yolo: 6.3ms, tracker: 1.9ms, aimer: 0.1ms
[2026-07-02 11:07:20.261] [info] [422] yolo: 7.1ms, tracker: 0.6ms, aimer: 0.0ms
[2026-07-02 11:07:20.308] [info] [423] yolo: 11.5ms, tracker: 0.8ms, aimer: 0.0ms
[2026-07-02 11:07:20.349] [info] [424] yolo: 6.6ms, tracker: 1.0ms, aimer: 0.1ms
[2026-07-02 11:07:20.394] [info] [425] yolo: 10.2ms, tracker: 0.5ms, aimer: 0.0ms
[2026-07-02 11:07:20.439] [info] [426] yolo: 11.4ms, tracker: 0.6ms, aimer: 0.0ms
[2026-07-02 11:07:20.479] [info] [427] yolo: 5.8ms, tracker: 0.0ms, aimer: 0.1ms
[2026-07-02 11:07:20.524] [info] [428] yolo: 10.2ms, tracker: 0.5ms, aimer: 0.0ms
[2026-07-02 11:07:20.573] [info] [429] yolo: 10.7ms, tracker: 0.6ms, aimer: 0.0ms
[2026-07-02 11:07:20.619] [info] [430] yolo: 10.0ms, tracker: 0.0ms, aimer: 0.0ms
[2026-07-02 11:07:20.663] [info] [431] yolo: 8.2ms, tracker: 0.6ms, aimer: 0.0ms
[2026-07-02 11:07:20.705] [info] [432] yolo: 6.2ms, tracker: 1.2ms, aimer: 0.1ms
[2026-07-02 11:07:20.750] [info] [433] yolo: 10.6ms, tracker: 0.5ms, aimer: 0.0ms
[2026-07-02 11:07:20.792] [info] [434] yolo: 8.0ms, tracker: 0.5ms, aimer: 0.0ms
[2026-07-02 11:07:20.836] [info] [435] yolo: 11.0ms, tracker: 0.5ms, aimer: 0.0ms
[2026-07-02 11:07:20.886] [info] [436] yolo: 11.7ms, tracker: 0.9ms, aimer: 0.0ms
[2026-07-02 11:07:20.932] [info] [437] yolo: 9.5ms, tracker: 1.2ms, aimer: 0.0ms
[2026-07-02 11:07:20.978] [info] [438] yolo: 12.2ms, tracker: 0.6ms, aimer: 0.0ms
[2026-07-02 11:07:21.024] [info] [439] yolo: 10.0ms, tracker: 0.6ms, aimer: 0.0ms
[2026-07-02 11:07:21.068] [info] [440] yolo: 10.8ms, tracker: 0.0ms, aimer: 0.0ms
[2026-07-02 11:07:21.108] [info] [441] yolo: 6.1ms, tracker: 1.1ms, aimer: 0.1ms
[2026-07-02 11:07:21.150] [info] [442] yolo: 6.5ms, tracker: 0.5ms, aimer: 0.0ms
[2026-07-02 11:07:21.195] [info] [443] yolo: 11.1ms, tracker: 0.5ms, aimer: 0.0ms
[2026-07-02 11:07:21.238] [info] [444] yolo: 7.0ms, tracker: 1.1ms, aimer: 0.1ms
[2026-07-02 11:07:21.280] [info] [445] yolo: 5.5ms, tracker: 1.1ms, aimer: 0.1ms
[2026-07-02 11:07:21.328] [info] [446] yolo: 10.7ms, tracker: 0.0ms, aimer: 0.0ms
[2026-07-02 11:07:21.368] [info] [447] yolo: 7.5ms, tracker: 0.0ms, aimer: 0.1ms
[2026-07-02 11:07:21.415] [info] [448] yolo: 9.8ms, tracker: 0.0ms, aimer: 0.1ms
[2026-07-02 11:07:21.458] [info] [449] yolo: 8.2ms, tracker: 0.6ms, aimer: 0.0ms
[2026-07-02 11:07:21.503] [info] [450] yolo: 9.6ms, tracker: 0.0ms, aimer: 0.1ms
[2026-07-02 11:07:21.545] [info] [451] yolo: 7.5ms, tracker: 0.6ms, aimer: 0.0ms
[2026-07-02 11:07:21.588] [info] [452] yolo: 6.6ms, tracker: 1.2ms, aimer: 0.1ms
[2026-07-02 11:07:21.631] [info] [453] yolo: 9.4ms, tracker: 0.0ms, aimer: 0.0ms
[2026-07-02 11:07:21.677] [info] [454] yolo: 11.7ms, tracker: 0.0ms, aimer: 0.0ms
[2026-07-02 11:07:21.723] [info] [455] yolo: 8.7ms, tracker: 0.0ms, aimer: 0.0ms
[2026-07-02 11:07:21.766] [info] [456] yolo: 8.7ms, tracker: 0.0ms, aimer: 0.0ms
[2026-07-02 11:07:21.807] [info] [457] yolo: 8.4ms, tracker: 0.0ms, aimer: 0.0ms
[2026-07-02 11:07:21.849] [info] [458] yolo: 7.9ms, tracker: 0.0ms, aimer: 0.0ms
[2026-07-02 11:07:21.893] [info] [459] yolo: 9.7ms, tracker: 0.0ms, aimer: 0.0ms
[2026-07-02 11:07:21.934] [info] [460] yolo: 6.2ms, tracker: 0.0ms, aimer: 0.0ms
[2026-07-02 11:07:21.981] [info] [461] yolo: 10.9ms, tracker: 0.0ms, aimer: 0.0ms
[2026-07-02 11:07:22.024] [info] [462] yolo: 7.5ms, tracker: 0.0ms, aimer: 0.0ms
[2026-07-02 11:07:22.072] [warning] [Tracker] Large dt: 1.021s
[2026-07-02 11:07:22.073] [info] [463] yolo: 10.4ms, tracker: 0.5ms, aimer: 0.1ms
[2026-07-02 11:07:22.120] [info] [464] yolo: 10.0ms, tracker: 0.6ms, aimer: 0.0ms
[2026-07-02 11:07:22.163] [info] [465] yolo: 9.4ms, tracker: 0.6ms, aimer: 0.0ms
[2026-07-02 11:07:22.208] [info] [466] yolo: 10.4ms, tracker: 0.6ms, aimer: 0.0ms
[2026-07-02 11:07:22.251] [info] [467] yolo: 9.1ms, tracker: 0.6ms, aimer: 0.0ms
[2026-07-02 11:07:22.297] [info] [468] yolo: 11.2ms, tracker: 0.7ms, aimer: 0.0ms
[2026-07-02 11:07:22.341] [info] [469] yolo: 8.3ms, tracker: 0.6ms, aimer: 0.0ms
[2026-07-02 11:07:22.384] [info] [470] yolo: 5.4ms, tracker: 1.2ms, aimer: 0.1ms
[2026-07-02 11:07:22.432] [info] [471] yolo: 9.8ms, tracker: 1.1ms, aimer: 0.0ms
[2026-07-02 11:07:22.480] [info] [472] yolo: 9.5ms, tracker: 1.0ms, aimer: 0.0ms
[2026-07-02 11:07:22.527] [info] [473] yolo: 8.1ms, tracker: 1.2ms, aimer: 0.1ms
[2026-07-02 11:07:22.571] [info] [474] yolo: 9.6ms, tracker: 0.7ms, aimer: 0.0ms
[2026-07-02 11:07:22.617] [info] [475] yolo: 10.5ms, tracker: 1.1ms, aimer: 0.0ms
[2026-07-02 11:07:22.662] [info] [476] yolo: 8.6ms, tracker: 1.3ms, aimer: 0.0ms
[2026-07-02 11:07:22.703] [info] [477] yolo: 7.6ms, tracker: 0.5ms, aimer: 0.0ms
[2026-07-02 11:07:22.747] [info] [478] yolo: 8.7ms, tracker: 0.6ms, aimer: 0.0ms
[2026-07-02 11:07:22.792] [info] [479] yolo: 9.5ms, tracker: 0.6ms, aimer: 0.0ms
[2026-07-02 11:07:22.835] [info] [480] yolo: 10.0ms, tracker: 0.0ms, aimer: 0.1ms
[2026-07-02 11:07:22.879] [info] [481] yolo: 9.3ms, tracker: 0.0ms, aimer: 0.0ms
[2026-07-02 11:07:22.923] [info] [482] yolo: 9.6ms, tracker: 0.6ms, aimer: 0.0ms
[2026-07-02 11:07:22.967] [info] [483] yolo: 9.7ms, tracker: 0.0ms, aimer: 0.0ms
[2026-07-02 11:07:23.012] [info] [484] yolo: 9.3ms, tracker: 0.7ms, aimer: 0.0ms
[2026-07-02 11:07:23.055] [info] [485] yolo: 9.6ms, tracker: 0.7ms, aimer: 0.0ms
[2026-07-02 11:07:23.101] [info] [486] yolo: 10.6ms, tracker: 1.1ms, aimer: 0.1ms
[2026-07-02 11:07:23.147] [info] [487] yolo: 10.5ms, tracker: 0.9ms, aimer: 0.1ms
[2026-07-02 11:07:23.191] [info] [488] yolo: 8.7ms, tracker: 0.6ms, aimer: 0.0ms
[2026-07-02 11:07:23.235] [info] [489] yolo: 9.4ms, tracker: 0.6ms, aimer: 0.0ms
[2026-07-02 11:07:23.281] [info] [490] yolo: 11.1ms, tracker: 0.6ms, aimer: 0.0ms
[2026-07-02 11:07:23.327] [info] [491] yolo: 8.5ms, tracker: 0.6ms, aimer: 0.0ms
[2026-07-02 11:07:23.371] [info] [492] yolo: 9.2ms, tracker: 0.0ms, aimer: 0.1ms
[2026-07-02 11:07:23.416] [info] [493] yolo: 9.9ms, tracker: 0.0ms, aimer: 0.1ms
[2026-07-02 11:07:23.459] [info] [494] yolo: 9.0ms, tracker: 0.6ms, aimer: 0.0ms
[2026-07-02 11:07:23.503] [info] [495] yolo: 9.8ms, tracker: 0.0ms, aimer: 0.0ms
[2026-07-02 11:07:23.546] [info] [496] yolo: 8.4ms, tracker: 0.6ms, aimer: 0.0ms
[2026-07-02 11:07:23.589] [info] [497] yolo: 6.9ms, tracker: 0.6ms, aimer: 0.0ms
[2026-07-02 11:07:23.637] [info] [498] yolo: 10.7ms, tracker: 0.0ms, aimer: 0.0ms
[2026-07-02 11:07:23.682] [info] [499] yolo: 8.9ms, tracker: 0.0ms, aimer: 0.0ms
[2026-07-02 11:07:23.728] [info] [500] yolo: 10.9ms, tracker: 0.0ms, aimer: 0.0ms
[2026-07-02 11:07:23.771] [info] [501] yolo: 9.5ms, tracker: 0.0ms, aimer: 0.1ms
[2026-07-02 11:07:23.815] [info] [502] yolo: 9.6ms, tracker: 0.0ms, aimer: 0.1ms
[2026-07-02 11:07:23.860] [info] [503] yolo: 10.2ms, tracker: 0.0ms, aimer: 0.0ms
[2026-07-02 11:07:23.901] [info] [504] yolo: 7.1ms, tracker: 0.0ms, aimer: 0.0ms
[2026-07-02 11:07:23.945] [info] [505] yolo: 9.2ms, tracker: 0.0ms, aimer: 0.1ms
[2026-07-02 11:07:23.990] [info] [506] yolo: 10.7ms, tracker: 0.0ms, aimer: 0.1ms
[2026-07-02 11:07:24.034] [info] [507] yolo: 8.7ms, tracker: 0.0ms, aimer: 0.0ms
[2026-07-02 11:07:24.079] [info] [508] yolo: 9.4ms, tracker: 0.0ms, aimer: 0.0ms
[2026-07-02 11:07:24.119] [info] [509] yolo: 6.2ms, tracker: 0.0ms, aimer: 0.1ms
[2026-07-02 11:07:24.164] [info] [510] yolo: 10.6ms, tracker: 0.0ms, aimer: 0.0ms
[2026-07-02 11:07:24.205] [info] [511] yolo: 7.7ms, tracker: 0.0ms, aimer: 0.1ms
[2026-07-02 11:07:24.249] [info] [512] yolo: 10.0ms, tracker: 0.0ms, aimer: 0.0ms
[2026-07-02 11:07:24.296] [warning] [Tracker] Large dt: 17.228s
[2026-07-02 11:07:24.297] [info] [513] yolo: 12.5ms, tracker: 0.7ms, aimer: 0.0ms
[2026-07-02 11:07:24.342] [info] [514] yolo: 9.4ms, tracker: 1.0ms, aimer: 0.0ms
[2026-07-02 11:07:24.389] [info] [515] yolo: 10.7ms, tracker: 1.0ms, aimer: 0.0ms
[2026-07-02 11:07:24.437] [info] [516] yolo: 10.8ms, tracker: 0.7ms, aimer: 0.0ms
[2026-07-02 11:07:24.483] [info] [517] yolo: 9.6ms, tracker: 1.0ms, aimer: 0.0ms
[2026-07-02 11:07:24.528] [info] [518] yolo: 10.4ms, tracker: 0.8ms, aimer: 0.1ms
[2026-07-02 11:07:24.575] [info] [519] yolo: 9.1ms, tracker: 0.5ms, aimer: 0.0ms
[2026-07-02 11:07:24.621] [info] [520] yolo: 10.3ms, tracker: 0.5ms, aimer: 0.0ms
[2026-07-02 11:07:24.668] [info] [521] yolo: 9.3ms, tracker: 0.6ms, aimer: 0.0ms
[2026-07-02 11:07:24.711] [info] [522] yolo: 8.9ms, tracker: 0.6ms, aimer: 0.0ms
[2026-07-02 11:07:24.758] [info] [523] yolo: 11.8ms, tracker: 0.0ms, aimer: 0.1ms
[2026-07-02 11:07:24.801] [info] [524] yolo: 9.2ms, tracker: 0.0ms, aimer: 0.0ms
[2026-07-02 11:07:24.846] [info] [525] yolo: 9.4ms, tracker: 0.6ms, aimer: 0.0ms
[2026-07-02 11:07:24.888] [info] [526] yolo: 8.5ms, tracker: 0.0ms, aimer: 0.0ms
[2026-07-02 11:07:24.933] [info] [527] yolo: 10.8ms, tracker: 0.6ms, aimer: 0.0ms
[2026-07-02 11:07:24.981] [info] [528] yolo: 10.8ms, tracker: 0.7ms, aimer: 0.0ms
[2026-07-02 11:07:25.028] [info] [529] yolo: 8.8ms, tracker: 0.5ms, aimer: 0.0ms
[2026-07-02 11:07:25.071] [info] [530] yolo: 9.4ms, tracker: 0.0ms, aimer: 0.1ms
[2026-07-02 11:07:25.116] [info] [531] yolo: 10.3ms, tracker: 0.7ms, aimer: 0.0ms
[2026-07-02 11:07:25.161] [info] [532] yolo: 10.1ms, tracker: 0.0ms, aimer: 0.0ms
[2026-07-02 11:07:25.204] [info] [533] yolo: 8.4ms, tracker: 0.6ms, aimer: 0.0ms
[2026-07-02 11:07:25.253] [info] [534] yolo: 12.4ms, tracker: 0.9ms, aimer: 0.1ms
[2026-07-02 11:07:25.297] [info] [535] yolo: 8.5ms, tracker: 0.9ms, aimer: 0.1ms
[2026-07-02 11:07:25.343] [info] [536] yolo: 11.2ms, tracker: 0.0ms, aimer: 0.0ms
[2026-07-02 11:07:25.389] [info] [537] yolo: 11.3ms, tracker: 0.6ms, aimer: 0.0ms
[2026-07-02 11:07:25.436] [info] [538] yolo: 9.1ms, tracker: 0.6ms, aimer: 0.0ms
[2026-07-02 11:07:25.480] [info] [539] yolo: 10.1ms, tracker: 0.5ms, aimer: 0.0ms
[2026-07-02 11:07:25.524] [info] [540] yolo: 9.6ms, tracker: 0.6ms, aimer: 0.0ms
[2026-07-02 11:07:25.567] [info] [541] yolo: 8.8ms, tracker: 0.5ms, aimer: 0.0ms
[2026-07-02 11:07:25.611] [info] [542] yolo: 8.9ms, tracker: 0.6ms, aimer: 0.0ms
[2026-07-02 11:07:25.654] [info] [543] yolo: 8.3ms, tracker: 0.7ms, aimer: 0.0ms
[2026-07-02 11:07:25.701] [info] [544] yolo: 10.9ms, tracker: 0.6ms, aimer: 0.0ms
[2026-07-02 11:07:25.748] [info] [545] yolo: 10.9ms, tracker: 0.9ms, aimer: 0.0ms
[2026-07-02 11:07:25.793] [info] [546] yolo: 10.4ms, tracker: 0.9ms, aimer: 0.0ms
[2026-07-02 11:07:25.835] [info] [547] yolo: 6.7ms, tracker: 0.5ms, aimer: 0.0ms
[2026-07-02 11:07:25.880] [info] [548] yolo: 9.2ms, tracker: 1.0ms, aimer: 0.0ms
[2026-07-02 11:07:25.924] [info] [549] yolo: 9.6ms, tracker: 0.7ms, aimer: 0.0ms
[2026-07-02 11:07:25.974] [info] [550] yolo: 11.2ms, tracker: 0.6ms, aimer: 0.0ms
[2026-07-02 11:07:26.021] [info] [551] yolo: 10.2ms, tracker: 0.6ms, aimer: 0.0ms
[2026-07-02 11:07:26.068] [info] [552] yolo: 9.7ms, tracker: 0.6ms, aimer: 0.0ms
[2026-07-02 11:07:26.112] [info] [553] yolo: 9.7ms, tracker: 0.7ms, aimer: 0.0ms
[2026-07-02 11:07:26.154] [info] [554] yolo: 8.6ms, tracker: 0.6ms, aimer: 0.0ms
[2026-07-02 11:07:26.202] [info] [555] yolo: 11.7ms, tracker: 0.7ms, aimer: 0.0ms
[2026-07-02 11:07:26.246] [info] [556] yolo: 9.5ms, tracker: 0.6ms, aimer: 0.0ms
[2026-07-02 11:07:26.292] [info] [557] yolo: 11.7ms, tracker: 0.6ms, aimer: 0.0ms
[2026-07-02 11:07:26.336] [info] [558] yolo: 9.6ms, tracker: 0.9ms, aimer: 0.1ms
[2026-07-02 11:07:26.382] [info] [559] yolo: 7.6ms, tracker: 1.2ms, aimer: 0.1ms
[2026-07-02 11:07:26.427] [info] [560] yolo: 9.3ms, tracker: 0.0ms, aimer: 0.0ms
[2026-07-02 11:07:26.472] [info] [561] yolo: 10.1ms, tracker: 0.0ms, aimer: 0.0ms
[2026-07-02 11:07:26.516] [info] [562] yolo: 9.3ms, tracker: 0.8ms, aimer: 0.0ms
[2026-07-02 11:07:26.556] [info] [563] yolo: 6.4ms, tracker: 0.0ms, aimer: 0.1ms
[2026-07-02 11:07:26.599] [info] [564] yolo: 7.0ms, tracker: 1.0ms, aimer: 0.1ms
[2026-07-02 11:07:26.646] [info] [565] yolo: 11.3ms, tracker: 0.5ms, aimer: 0.0ms
[2026-07-02 11:07:26.691] [info] [566] yolo: 11.0ms, tracker: 0.5ms, aimer: 0.0ms
[2026-07-02 11:07:26.736] [info] [567] yolo: 11.1ms, tracker: 0.0ms, aimer: 0.0ms
[2026-07-02 11:07:26.782] [info] [568] yolo: 7.4ms, tracker: 0.6ms, aimer: 0.0ms
[2026-07-02 11:07:26.824] [info] [569] yolo: 6.1ms, tracker: 0.0ms, aimer: 0.1ms
[2026-07-02 11:07:26.874] [info] [570] yolo: 12.3ms, tracker: 0.0ms, aimer: 0.0ms
[2026-07-02 11:07:26.920] [info] [571] yolo: 10.1ms, tracker: 0.6ms, aimer: 0.0ms
[2026-07-02 11:07:26.965] [info] [572] yolo: 7.0ms, tracker: 0.9ms, aimer: 0.0ms
[2026-07-02 11:07:27.011] [info] [573] yolo: 11.6ms, tracker: 0.0ms, aimer: 0.0ms
[2026-07-02 11:07:27.055] [info] [574] yolo: 9.1ms, tracker: 0.0ms, aimer: 0.0ms
[2026-07-02 11:07:27.098] [info] [575] yolo: 7.0ms, tracker: 1.1ms, aimer: 0.1ms
[2026-07-02 11:07:27.142] [info] [576] yolo: 11.0ms, tracker: 0.0ms, aimer: 0.0ms
[2026-07-02 11:07:27.189] [info] [577] yolo: 10.8ms, tracker: 0.5ms, aimer: 0.0ms
[2026-07-02 11:07:27.233] [info] [578] yolo: 6.3ms, tracker: 0.6ms, aimer: 0.0ms
[2026-07-02 11:07:27.279] [info] [579] yolo: 9.4ms, tracker: 0.5ms, aimer: 0.0ms
[2026-07-02 11:07:27.325] [info] [580] yolo: 11.0ms, tracker: 0.5ms, aimer: 0.0ms
[2026-07-02 11:07:27.370] [info] [581] yolo: 6.5ms, tracker: 1.1ms, aimer: 0.1ms
[2026-07-02 11:07:27.417] [info] [582] yolo: 10.7ms, tracker: 0.5ms, aimer: 0.0ms
[2026-07-02 11:07:27.460] [info] [583] yolo: 6.3ms, tracker: 1.3ms, aimer: 0.1ms
[2026-07-02 11:07:27.504] [info] [584] yolo: 10.2ms, tracker: 0.0ms, aimer: 0.1ms
[2026-07-02 11:07:27.549] [info] [585] yolo: 10.6ms, tracker: 0.6ms, aimer: 0.0ms
[2026-07-02 11:07:27.594] [info] [586] yolo: 10.6ms, tracker: 0.0ms, aimer: 0.1ms
[2026-07-02 11:07:27.636] [info] [587] yolo: 8.8ms, tracker: 0.0ms, aimer: 0.1ms
[2026-07-02 11:07:27.679] [info] [588] yolo: 8.6ms, tracker: 0.8ms, aimer: 0.1ms
[2026-07-02 11:07:27.725] [info] [589] yolo: 10.3ms, tracker: 0.5ms, aimer: 0.0ms
[2026-07-02 11:07:27.770] [warning] [Tracker] Large dt: 82.573s
[2026-07-02 11:07:27.770] [info] [590] yolo: 8.0ms, tracker: 0.6ms, aimer: 0.0ms
[2026-07-02 11:07:27.815] [info] [591] yolo: 9.0ms, tracker: 1.0ms, aimer: 0.0ms
[2026-07-02 11:07:27.859] [info] [592] yolo: 7.7ms, tracker: 1.8ms, aimer: 0.1ms
[2026-07-02 11:07:27.902] [info] [593] yolo: 8.8ms, tracker: 0.6ms, aimer: 0.0ms
[2026-07-02 11:07:27.946] [info] [594] yolo: 8.2ms, tracker: 1.0ms, aimer: 0.0ms
[2026-07-02 11:07:27.988] [info] [595] yolo: 6.2ms, tracker: 0.5ms, aimer: 0.0ms
[2026-07-02 11:07:28.037] [info] [596] yolo: 11.6ms, tracker: 0.0ms, aimer: 0.1ms
[2026-07-02 11:07:28.083] [info] [597] yolo: 8.5ms, tracker: 1.1ms, aimer: 0.0ms
[2026-07-02 11:07:28.126] [info] [598] yolo: 8.5ms, tracker: 0.0ms, aimer: 0.1ms
[2026-07-02 11:07:28.170] [info] [599] yolo: 9.0ms, tracker: 0.0ms, aimer: 0.1ms
[2026-07-02 11:07:28.214] [info] [600] yolo: 8.1ms, tracker: 0.5ms, aimer: 0.0ms
[2026-07-02 11:07:28.253] [info] [601] yolo: 5.3ms, tracker: 1.3ms, aimer: 0.1ms
[2026-07-02 11:07:28.296] [info] [602] yolo: 8.5ms, tracker: 0.5ms, aimer: 0.0ms
[2026-07-02 11:07:28.338] [info] [603] yolo: 9.1ms, tracker: 0.5ms, aimer: 0.0ms
[2026-07-02 11:07:28.382] [info] [604] yolo: 8.5ms, tracker: 0.5ms, aimer: 0.0ms
[2026-07-02 11:07:28.424] [info] [605] yolo: 6.8ms, tracker: 0.0ms, aimer: 0.0ms
[2026-07-02 11:07:28.467] [info] [606] yolo: 9.8ms, tracker: 0.0ms, aimer: 0.0ms
[2026-07-02 11:07:28.510] [info] [607] yolo: 9.0ms, tracker: 0.0ms, aimer: 0.0ms
[2026-07-02 11:07:28.553] [info] [608] yolo: 9.5ms, tracker: 0.5ms, aimer: 0.0ms
[2026-07-02 11:07:28.594] [warning] [Tracker] Large dt: 1.521s
[2026-07-02 11:07:28.594] [info] [609] yolo: 6.3ms, tracker: 0.0ms, aimer: 0.0ms
[2026-07-02 11:07:28.637] [info] [610] yolo: 8.8ms, tracker: 0.5ms, aimer: 0.0ms
[2026-07-02 11:07:28.683] [info] [611] yolo: 9.8ms, tracker: 0.0ms, aimer: 0.0ms
[2026-07-02 11:07:28.725] [info] [612] yolo: 7.8ms, tracker: 0.4ms, aimer: 0.0ms
[2026-07-02 11:07:28.772] [info] [613] yolo: 9.9ms, tracker: 0.5ms, aimer: 0.0ms
[2026-07-02 11:07:28.812] [info] [614] yolo: 7.6ms, tracker: 0.0ms, aimer: 0.0ms
[2026-07-02 11:07:28.854] [info] [615] yolo: 8.3ms, tracker: 0.0ms, aimer: 0.0ms
[2026-07-02 11:07:28.894] [info] [616] yolo: 6.9ms, tracker: 0.4ms, aimer: 0.0ms
[2026-07-02 11:07:28.938] [info] [617] yolo: 10.9ms, tracker: 0.0ms, aimer: 0.0ms
[2026-07-02 11:07:28.984] [info] [618] yolo: 10.0ms, tracker: 0.5ms, aimer: 0.0ms
[2026-07-02 11:07:29.026] [info] [619] yolo: 9.4ms, tracker: 0.5ms, aimer: 0.0ms
[2026-07-02 11:07:29.072] [info] [620] yolo: 10.6ms, tracker: 0.5ms, aimer: 0.0ms
[2026-07-02 11:07:29.113] [info] [621] yolo: 8.5ms, tracker: 0.0ms, aimer: 0.0ms
[2026-07-02 11:07:29.153] [info] [622] yolo: 5.7ms, tracker: 0.6ms, aimer: 0.1ms
[2026-07-02 11:07:29.195] [info] [623] yolo: 7.6ms, tracker: 0.5ms, aimer: 0.0ms
[2026-07-02 11:07:29.236] [info] [624] yolo: 7.1ms, tracker: 0.6ms, aimer: 0.0ms
[2026-07-02 11:07:29.279] [info] [625] yolo: 8.3ms, tracker: 0.9ms, aimer: 0.0ms
[2026-07-02 11:07:29.323] [info] [626] yolo: 9.9ms, tracker: 0.5ms, aimer: 0.0ms
[2026-07-02 11:07:29.367] [info] [627] yolo: 9.6ms, tracker: 0.9ms, aimer: 0.0ms
[2026-07-02 11:07:29.412] [info] [628] yolo: 9.9ms, tracker: 0.9ms, aimer: 0.0ms
[2026-07-02 11:07:29.455] [info] [629] yolo: 7.5ms, tracker: 0.6ms, aimer: 0.0ms
[2026-07-02 11:07:29.499] [info] [630] yolo: 10.3ms, tracker: 0.0ms, aimer: 0.0ms
[2026-07-02 11:07:29.543] [info] [631] yolo: 9.4ms, tracker: 0.5ms, aimer: 0.0ms
[2026-07-02 11:07:29.585] [info] [632] yolo: 7.8ms, tracker: 0.5ms, aimer: 0.0ms
[2026-07-02 11:07:29.629] [info] [633] yolo: 8.1ms, tracker: 0.0ms, aimer: 0.0ms
[2026-07-02 11:07:29.676] [info] [634] yolo: 10.6ms, tracker: 0.0ms, aimer: 0.0ms
[2026-07-02 11:07:29.723] [info] [635] yolo: 13.5ms, tracker: 0.5ms, aimer: 0.0ms
[2026-07-02 11:07:29.769] [info] [636] yolo: 11.6ms, tracker: 0.5ms, aimer: 0.0ms
[2026-07-02 11:07:29.813] [info] [637] yolo: 8.7ms, tracker: 0.0ms, aimer: 0.0ms
[2026-07-02 11:07:29.859] [info] [638] yolo: 11.4ms, tracker: 0.5ms, aimer: 0.0ms
[2026-07-02 11:07:29.904] [info] [639] yolo: 10.6ms, tracker: 0.5ms, aimer: 0.0ms
[2026-07-02 11:07:29.947] [info] [640] yolo: 7.8ms, tracker: 0.5ms, aimer: 0.0ms
[2026-07-02 11:07:29.989] [info] [641] yolo: 8.6ms, tracker: 0.0ms, aimer: 0.0ms
[2026-07-02 11:07:30.033] [info] [642] yolo: 8.4ms, tracker: 0.0ms, aimer: 0.0ms
[2026-07-02 11:07:30.078] [info] [643] yolo: 7.8ms, tracker: 0.0ms, aimer: 0.0ms
[2026-07-02 11:07:30.122] [info] [644] yolo: 8.8ms, tracker: 0.0ms, aimer: 0.0ms
[2026-07-02 11:07:30.165] [info] [645] yolo: 8.4ms, tracker: 0.0ms, aimer: 0.0ms
[2026-07-02 11:07:30.208] [info] [646] yolo: 9.8ms, tracker: 0.0ms, aimer: 0.0ms
[2026-07-02 11:07:30.252] [info] [647] yolo: 8.2ms, tracker: 0.0ms, aimer: 0.0ms
[2026-07-02 11:07:30.294] [info] [648] yolo: 8.2ms, tracker: 0.0ms, aimer: 0.0ms
[2026-07-02 11:07:30.334] [info] [649] yolo: 7.3ms, tracker: 0.0ms, aimer: 0.0ms
[2026-07-02 11:07:30.376] [info] [650] yolo: 7.4ms, tracker: 0.0ms, aimer: 0.0ms
[2026-07-02 11:07:30.417] [info] [651] yolo: 8.4ms, tracker: 0.5ms, aimer: 0.0ms
[2026-07-02 11:07:30.463] [info] [652] yolo: 8.9ms, tracker: 0.5ms, aimer: 0.0ms
[2026-07-02 11:07:30.505] [info] [653] yolo: 7.6ms, tracker: 0.5ms, aimer: 0.0ms
[2026-07-02 11:07:30.549] [info] [654] yolo: 10.0ms, tracker: 0.5ms, aimer: 0.0ms
[2026-07-02 11:07:30.592] [info] [655] yolo: 9.3ms, tracker: 0.0ms, aimer: 0.0ms
[2026-07-02 11:07:30.635] [info] [656] yolo: 8.9ms, tracker: 0.5ms, aimer: 0.0ms
[2026-07-02 11:07:30.679] [info] [657] yolo: 8.9ms, tracker: 0.5ms, aimer: 0.0ms
[2026-07-02 11:07:30.723] [info] [658] yolo: 10.4ms, tracker: 0.0ms, aimer: 0.0ms
[2026-07-02 11:07:30.767] [info] [659] yolo: 9.2ms, tracker: 0.5ms, aimer: 0.0ms
[2026-07-02 11:07:30.810] [info] [660] yolo: 8.2ms, tracker: 0.4ms, aimer: 0.0ms
[2026-07-02 11:07:30.853] [debug] [Target] r=0.034, l=0.152
[2026-07-02 11:07:30.853] [debug] [Tracker] Target diverged!
[2026-07-02 11:07:30.853] [info] [661] yolo: 8.8ms, tracker: 0.6ms, aimer: 0.0ms
[2026-07-02 11:07:30.899] [info] [662] yolo: 11.0ms, tracker: 0.5ms, aimer: 0.0ms
[2026-07-02 11:07:30.941] [info] [663] yolo: 7.8ms, tracker: 0.0ms, aimer: 0.0ms
[2026-07-02 11:07:30.986] [info] [664] yolo: 7.6ms, tracker: 0.4ms, aimer: 0.0ms
[2026-07-02 11:07:31.033] [info] [665] yolo: 11.5ms, tracker: 0.0ms, aimer: 0.0ms
[2026-07-02 11:07:31.079] [info] [666] yolo: 9.1ms, tracker: 0.4ms, aimer: 0.0ms
[2026-07-02 11:07:31.123] [info] [667] yolo: 8.8ms, tracker: 0.5ms, aimer: 0.0ms
[2026-07-02 11:07:31.166] [info] [668] yolo: 8.6ms, tracker: 0.4ms, aimer: 0.0ms
[2026-07-02 11:07:31.209] [info] [669] yolo: 9.3ms, tracker: 0.5ms, aimer: 0.0ms
[2026-07-02 11:07:31.250] [debug] [Target] r=0.031, l=0.000
[2026-07-02 11:07:31.250] [debug] [Tracker] Target diverged!
[2026-07-02 11:07:31.250] [info] [670] yolo: 5.8ms, tracker: 0.8ms, aimer: 0.0ms
[2026-07-02 11:07:31.293] [info] [671] yolo: 9.6ms, tracker: 0.4ms, aimer: 0.0ms
[2026-07-02 11:07:31.336] [info] [672] yolo: 8.1ms, tracker: 0.5ms, aimer: 0.0ms
[2026-07-02 11:07:31.383] [info] [673] yolo: 8.8ms, tracker: 0.5ms, aimer: 0.0ms
[2026-07-02 11:07:31.427] [info] [674] yolo: 9.3ms, tracker: 0.5ms, aimer: 0.0ms
[2026-07-02 11:07:31.470] [info] [675] yolo: 7.9ms, tracker: 0.5ms, aimer: 0.0ms
[2026-07-02 11:07:31.517] [info] [676] yolo: 10.8ms, tracker: 0.5ms, aimer: 0.0ms
[2026-07-02 11:07:31.561] [info] [677] yolo: 7.9ms, tracker: 0.0ms, aimer: 0.0ms
[2026-07-02 11:07:31.604] [info] [678] yolo: 9.0ms, tracker: 0.0ms, aimer: 0.0ms
[2026-07-02 11:07:31.646] [info] [679] yolo: 9.6ms, tracker: 0.0ms, aimer: 0.0ms
[2026-07-02 11:07:31.689] [info] [680] yolo: 9.5ms, tracker: 0.0ms, aimer: 0.0ms
[2026-07-02 11:07:31.733] [info] [681] yolo: 8.6ms, tracker: 0.0ms, aimer: 0.0ms
[2026-07-02 11:07:31.776] [info] [682] yolo: 7.2ms, tracker: 0.0ms, aimer: 0.0ms
[2026-07-02 11:07:31.823] [info] [683] yolo: 9.7ms, tracker: 0.0ms, aimer: 0.0ms
[2026-07-02 11:07:31.866] [info] [684] yolo: 9.0ms, tracker: 0.0ms, aimer: 0.0ms
[2026-07-02 11:07:31.906] [info] [685] yolo: 7.3ms, tracker: 0.0ms, aimer: 0.0ms
[2026-07-02 11:07:31.948] [info] [686] yolo: 8.6ms, tracker: 0.0ms, aimer: 0.0ms
