[2026-07-02 10:36:30.148] [info] [0] yolo: 153.7ms, tracker: 0.0ms, aimer: 0.0ms
[2026-07-02 10:36:30.203] [info] [1] yolo: 10.3ms, tracker: 0.5ms, aimer: 0.0ms
[2026-07-02 10:36:30.215] [info] [2] yolo: 8.0ms, tracker: 0.0ms, aimer: 0.0ms
[2026-07-02 10:36:30.261] [info] [3] yolo: 9.8ms, tracker: 0.5ms, aimer: 0.0ms
[2026-07-02 10:36:30.304] [info] [4] yolo: 8.8ms, tracker: 0.6ms, aimer: 0.0ms
[2026-07-02 10:36:30.347] [info] [5] yolo: 7.7ms, tracker: 0.8ms, aimer: 0.0ms
[2026-07-02 10:36:30.388] [info] [6] yolo: 6.3ms, tracker: 1.0ms, aimer: 0.0ms
[2026-07-02 10:36:30.431] [info] [7] yolo: 5.9ms, tracker: 1.0ms, aimer: 0.1ms
[2026-07-02 10:36:30.476] [info] [8] yolo: 8.4ms, tracker: 0.5ms, aimer: 0.0ms
[2026-07-02 10:36:30.522] [info] [9] yolo: 10.3ms, tracker: 0.7ms, aimer: 0.0ms
[2026-07-02 10:36:30.567] [info] [10] yolo: 7.0ms, tracker: 1.0ms, aimer: 0.1ms
[2026-07-02 10:36:30.613] [info] [11] yolo: 9.9ms, tracker: 0.6ms, aimer: 0.0ms
[2026-07-02 10:36:30.658] [info] [12] yolo: 10.2ms, tracker: 0.5ms, aimer: 0.0ms
[2026-07-02 10:36:30.703] [info] [13] yolo: 9.5ms, tracker: 0.8ms, aimer: 0.1ms
[2026-07-02 10:36:30.747] [info] [14] yolo: 9.4ms, tracker: 0.8ms, aimer: 0.0ms
[2026-07-02 10:36:30.793] [info] [15] yolo: 9.0ms, tracker: 0.8ms, aimer: 0.0ms
[2026-07-02 10:36:30.837] [info] [16] yolo: 10.2ms, tracker: 0.5ms, aimer: 0.0ms
[2026-07-02 10:36:30.885] [info] [17] yolo: 11.5ms, tracker: 0.6ms, aimer: 0.0ms
[2026-07-02 10:36:30.929] [info] [18] yolo: 9.5ms, tracker: 0.6ms, aimer: 0.0ms
[2026-07-02 10:36:30.974] [info] [19] yolo: 10.2ms, tracker: 0.6ms, aimer: 0.0ms
[2026-07-02 10:36:31.023] [info] [20] yolo: 11.8ms, tracker: 0.5ms, aimer: 0.0ms
[2026-07-02 10:36:31.066] [info] [21] yolo: 6.1ms, tracker: 1.0ms, aimer: 0.1ms
[2026-07-02 10:36:31.118] [info] [22] yolo: 13.3ms, tracker: 0.7ms, aimer: 0.0ms
[2026-07-02 10:36:31.165] [info] [23] yolo: 9.0ms, tracker: 0.6ms, aimer: 0.0ms
[2026-07-02 10:36:31.208] [info] [24] yolo: 7.0ms, tracker: 0.6ms, aimer: 0.0ms
[2026-07-02 10:36:31.253] [info] [25] yolo: 9.1ms, tracker: 0.5ms, aimer: 0.0ms
[2026-07-02 10:36:31.299] [info] [26] yolo: 10.1ms, tracker: 0.6ms, aimer: 0.0ms
[2026-07-02 10:36:31.343] [info] [27] yolo: 6.4ms, tracker: 1.0ms, aimer: 0.1ms
[2026-07-02 10:36:31.389] [info] [28] yolo: 9.1ms, tracker: 0.5ms, aimer: 0.0ms
[2026-07-02 10:36:31.435] [info] [29] yolo: 10.2ms, tracker: 0.7ms, aimer: 0.0ms
[2026-07-02 10:36:31.483] [debug] [Target] r=0.044, l=0.000
[2026-07-02 10:36:31.483] [debug] [Tracker] Target diverged!
[2026-07-02 10:36:31.483] [info] [30] yolo: 12.0ms, tracker: 0.6ms, aimer: 0.0ms
[2026-07-02 10:36:31.525] [info] [31] yolo: 5.6ms, tracker: 0.9ms, aimer: 0.1ms
[2026-07-02 10:36:31.574] [info] [32] yolo: 10.8ms, tracker: 0.6ms, aimer: 0.0ms
[2026-07-02 10:36:31.623] [info] [33] yolo: 11.4ms, tracker: 0.5ms, aimer: 0.0ms
[2026-07-02 10:36:31.670] [info] [34] yolo: 9.6ms, tracker: 0.9ms, aimer: 0.1ms
[2026-07-02 10:36:31.717] [info] [35] yolo: 9.9ms, tracker: 0.5ms, aimer: 0.0ms
[2026-07-02 10:36:31.763] [info] [36] yolo: 10.9ms, tracker: 0.6ms, aimer: 0.0ms
[2026-07-02 10:36:31.807] [info] [37] yolo: 9.8ms, tracker: 0.9ms, aimer: 0.1ms
[2026-07-02 10:36:31.852] [info] [38] yolo: 10.2ms, tracker: 0.5ms, aimer: 0.0ms
[2026-07-02 10:36:31.894] [info] [39] yolo: 8.8ms, tracker: 0.5ms, aimer: 0.0ms
[2026-07-02 10:36:31.939] [info] [40] yolo: 9.8ms, tracker: 0.5ms, aimer: 0.0ms
[2026-07-02 10:36:31.986] [info] [41] yolo: 8.8ms, tracker: 0.9ms, aimer: 0.1ms
[2026-07-02 10:36:32.033] [info] [42] yolo: 9.1ms, tracker: 0.0ms, aimer: 0.0ms
[2026-07-02 10:36:32.075] [info] [43] yolo: 6.2ms, tracker: 1.2ms, aimer: 0.1ms
[2026-07-02 10:36:32.124] [info] [44] yolo: 11.7ms, tracker: 0.6ms, aimer: 0.0ms
[2026-07-02 10:36:32.169] [info] [45] yolo: 8.5ms, tracker: 0.9ms, aimer: 0.0ms
[2026-07-02 10:36:32.213] [info] [46] yolo: 9.5ms, tracker: 0.6ms, aimer: 0.0ms
[2026-07-02 10:36:32.256] [info] [47] yolo: 8.6ms, tracker: 0.9ms, aimer: 0.0ms
[2026-07-02 10:36:32.300] [info] [48] yolo: 9.3ms, tracker: 0.8ms, aimer: 0.0ms
[2026-07-02 10:36:32.342] [info] [49] yolo: 6.7ms, tracker: 0.9ms, aimer: 0.1ms
[2026-07-02 10:36:32.386] [info] [50] yolo: 8.1ms, tracker: 0.9ms, aimer: 0.1ms
[2026-07-02 10:36:32.433] [info] [51] yolo: 9.8ms, tracker: 0.0ms, aimer: 0.0ms
[2026-07-02 10:36:32.478] [info] [52] yolo: 10.3ms, tracker: 0.7ms, aimer: 0.0ms
[2026-07-02 10:36:32.521] [info] [53] yolo: 10.3ms, tracker: 0.0ms, aimer: 0.0ms
[2026-07-02 10:36:32.565] [info] [54] yolo: 10.0ms, tracker: 0.0ms, aimer: 0.0ms
[2026-07-02 10:36:32.608] [info] [55] yolo: 8.7ms, tracker: 0.0ms, aimer: 0.1ms
[2026-07-02 10:36:32.653] [info] [56] yolo: 9.5ms, tracker: 0.0ms, aimer: 0.0ms
[2026-07-02 10:36:32.694] [info] [57] yolo: 7.7ms, tracker: 0.0ms, aimer: 0.1ms
[2026-07-02 10:36:32.738] [info] [58] yolo: 9.6ms, tracker: 0.0ms, aimer: 0.0ms
[2026-07-02 10:36:32.784] [info] [59] yolo: 8.5ms, tracker: 0.0ms, aimer: 0.0ms
[2026-07-02 10:36:32.826] [info] [60] yolo: 6.4ms, tracker: 1.0ms, aimer: 0.1ms
[2026-07-02 10:36:32.873] [info] [61] yolo: 9.6ms, tracker: 0.0ms, aimer: 0.0ms
[2026-07-02 10:36:32.920] [debug] [Target] r=0.042, l=0.000
[2026-07-02 10:36:32.920] [debug] [Tracker] Target diverged!
[2026-07-02 10:36:32.920] [info] [62] yolo: 12.4ms, tracker: 0.6ms, aimer: 0.0ms
[2026-07-02 10:36:32.965] [info] [63] yolo: 9.7ms, tracker: 0.7ms, aimer: 0.0ms
[2026-07-02 10:36:33.011] [info] [64] yolo: 11.5ms, tracker: 0.5ms, aimer: 0.0ms
[2026-07-02 10:36:33.056] [info] [65] yolo: 9.2ms, tracker: 0.0ms, aimer: 0.0ms
[2026-07-02 10:36:33.102] [info] [66] yolo: 10.5ms, tracker: 0.5ms, aimer: 0.0ms
[2026-07-02 10:36:33.141] [info] [67] yolo: 5.8ms, tracker: 0.0ms, aimer: 0.0ms
[2026-07-02 10:36:33.186] [info] [68] yolo: 10.3ms, tracker: 0.5ms, aimer: 0.0ms
[2026-07-02 10:36:33.234] [info] [69] yolo: 10.7ms, tracker: 0.0ms, aimer: 0.0ms
[2026-07-02 10:36:33.277] [info] [70] yolo: 9.4ms, tracker: 0.0ms, aimer: 0.0ms
[2026-07-02 10:36:33.323] [info] [71] yolo: 10.2ms, tracker: 0.5ms, aimer: 0.0ms
[2026-07-02 10:36:33.365] [info] [72] yolo: 5.9ms, tracker: 0.0ms, aimer: 0.0ms
[2026-07-02 10:36:33.413] [info] [73] yolo: 9.2ms, tracker: 0.5ms, aimer: 0.0ms
[2026-07-02 10:36:33.456] [info] [74] yolo: 6.7ms, tracker: 0.7ms, aimer: 0.0ms
[2026-07-02 10:36:33.499] [info] [75] yolo: 9.0ms, tracker: 0.5ms, aimer: 0.0ms
[2026-07-02 10:36:33.544] [info] [76] yolo: 9.9ms, tracker: 0.5ms, aimer: 0.0ms
[2026-07-02 10:36:33.589] [info] [77] yolo: 11.2ms, tracker: 0.5ms, aimer: 0.0ms
[2026-07-02 10:36:33.634] [info] [78] yolo: 9.9ms, tracker: 0.6ms, aimer: 0.0ms
[2026-07-02 10:36:33.679] [info] [79] yolo: 6.9ms, tracker: 1.1ms, aimer: 0.1ms
[2026-07-02 10:36:33.722] [info] [80] yolo: 6.1ms, tracker: 1.1ms, aimer: 0.1ms
[2026-07-02 10:36:33.769] [info] [81] yolo: 9.5ms, tracker: 0.0ms, aimer: 0.0ms
[2026-07-02 10:36:33.812] [info] [82] yolo: 8.2ms, tracker: 0.0ms, aimer: 0.0ms
[2026-07-02 10:36:33.854] [info] [83] yolo: 9.2ms, tracker: 0.1ms, aimer: 0.1ms
[2026-07-02 10:36:33.897] [info] [84] yolo: 8.5ms, tracker: 0.0ms, aimer: 0.0ms
[2026-07-02 10:36:33.941] [info] [85] yolo: 9.4ms, tracker: 0.0ms, aimer: 0.0ms
[2026-07-02 10:36:33.984] [info] [86] yolo: 8.1ms, tracker: 0.0ms, aimer: 0.0ms
[2026-07-02 10:36:34.028] [info] [87] yolo: 8.2ms, tracker: 0.0ms, aimer: 0.1ms
[2026-07-02 10:36:34.071] [info] [88] yolo: 7.1ms, tracker: 0.0ms, aimer: 0.0ms
[2026-07-02 10:36:34.117] [info] [89] yolo: 10.2ms, tracker: 0.0ms, aimer: 0.0ms
[2026-07-02 10:36:34.162] [info] [90] yolo: 9.7ms, tracker: 0.0ms, aimer: 0.0ms
[2026-07-02 10:36:34.206] [info] [91] yolo: 7.3ms, tracker: 0.0ms, aimer: 0.0ms
[2026-07-02 10:36:34.248] [info] [92] yolo: 8.6ms, tracker: 0.0ms, aimer: 0.0ms
[2026-07-02 10:36:34.292] [info] [93] yolo: 9.6ms, tracker: 0.0ms, aimer: 0.0ms
[2026-07-02 10:36:34.592] [info] [94] yolo: 9.3ms, tracker: 0.4ms, aimer: 0.0ms
[2026-07-02 10:36:34.635] [info] [95] yolo: 9.4ms, tracker: 0.0ms, aimer: 0.0ms
[2026-07-02 10:36:34.682] [debug] [Target] r=0.325, l=-0.275
[2026-07-02 10:36:34.682] [debug] [Tracker] Target diverged!
[2026-07-02 10:36:34.682] [info] [96] yolo: 10.0ms, tracker: 0.4ms, aimer: 0.0ms
[2026-07-02 10:36:34.726] [info] [97] yolo: 5.6ms, tracker: 0.7ms, aimer: 0.0ms
[2026-07-02 10:36:34.772] [info] [98] yolo: 9.3ms, tracker: 0.5ms, aimer: 0.0ms
[2026-07-02 10:36:34.816] [info] [99] yolo: 8.4ms, tracker: 0.0ms, aimer: 0.0ms
[2026-07-02 10:36:34.863] [info] [100] yolo: 12.1ms, tracker: 0.0ms, aimer: 0.0ms
[2026-07-02 10:36:34.904] [info] [101] yolo: 7.0ms, tracker: 0.0ms, aimer: 0.0ms
[2026-07-02 10:36:34.949] [info] [102] yolo: 10.3ms, tracker: 0.4ms, aimer: 0.0ms
[2026-07-02 10:36:34.992] [info] [103] yolo: 9.7ms, tracker: 0.0ms, aimer: 0.0ms
[2026-07-02 10:36:35.035] [info] [104] yolo: 8.2ms, tracker: 0.5ms, aimer: 0.0ms
[2026-07-02 10:36:35.079] [info] [105] yolo: 8.2ms, tracker: 0.0ms, aimer: 0.0ms
[2026-07-02 10:36:35.124] [info] [106] yolo: 9.1ms, tracker: 0.4ms, aimer: 0.0ms
[2026-07-02 10:36:35.169] [info] [107] yolo: 10.3ms, tracker: 0.4ms, aimer: 0.0ms
[2026-07-02 10:36:35.213] [info] [108] yolo: 10.0ms, tracker: 0.0ms, aimer: 0.0ms
[2026-07-02 10:36:35.258] [info] [109] yolo: 11.1ms, tracker: 0.5ms, aimer: 0.0ms
[2026-07-02 10:36:35.302] [info] [110] yolo: 9.1ms, tracker: 0.5ms, aimer: 0.0ms
[2026-07-02 10:36:35.343] [info] [111] yolo: 6.0ms, tracker: 0.6ms, aimer: 0.0ms
[2026-07-02 10:36:35.386] [info] [112] yolo: 10.1ms, tracker: 0.0ms, aimer: 0.0ms
[2026-07-02 10:36:35.442] [info] [113] yolo: 8.6ms, tracker: 0.0ms, aimer: 0.0ms
[2026-07-02 10:36:35.488] [info] [114] yolo: 8.0ms, tracker: 0.4ms, aimer: 0.0ms
[2026-07-02 10:36:35.532] [info] [115] yolo: 8.5ms, tracker: 0.5ms, aimer: 0.0ms
[2026-07-02 10:36:35.574] [info] [116] yolo: 5.7ms, tracker: 0.0ms, aimer: 0.0ms
[2026-07-02 10:36:35.620] [info] [117] yolo: 8.7ms, tracker: 0.4ms, aimer: 0.0ms
[2026-07-02 10:36:35.665] [info] [118] yolo: 9.0ms, tracker: 0.5ms, aimer: 0.0ms
[2026-07-02 10:36:35.709] [info] [119] yolo: 10.2ms, tracker: 0.4ms, aimer: 0.0ms
[2026-07-02 10:36:35.754] [info] [120] yolo: 10.1ms, tracker: 0.0ms, aimer: 0.0ms
[2026-07-02 10:36:35.796] [info] [121] yolo: 9.7ms, tracker: 0.4ms, aimer: 0.0ms
[2026-07-02 10:36:35.841] [info] [122] yolo: 10.0ms, tracker: 0.0ms, aimer: 0.0ms
[2026-07-02 10:36:35.884] [info] [123] yolo: 8.8ms, tracker: 0.5ms, aimer: 0.0ms
[2026-07-02 10:36:35.930] [info] [124] yolo: 9.0ms, tracker: 0.5ms, aimer: 0.0ms
[2026-07-02 10:36:35.972] [info] [125] yolo: 9.7ms, tracker: 0.0ms, aimer: 0.0ms
[2026-07-02 10:36:36.019] [info] [126] yolo: 10.3ms, tracker: 0.4ms, aimer: 0.0ms
[2026-07-02 10:36:36.064] [info] [127] yolo: 8.4ms, tracker: 0.0ms, aimer: 0.0ms
[2026-07-02 10:36:36.109] [info] [128] yolo: 9.1ms, tracker: 0.4ms, aimer: 0.0ms
[2026-07-02 10:36:36.155] [info] [129] yolo: 10.2ms, tracker: 0.4ms, aimer: 0.0ms
[2026-07-02 10:36:36.198] [info] [130] yolo: 8.9ms, tracker: 0.5ms, aimer: 0.0ms
[2026-07-02 10:36:36.243] [info] [131] yolo: 10.5ms, tracker: 0.5ms, aimer: 0.0ms
[2026-07-02 10:36:36.282] [info] [132] yolo: 5.2ms, tracker: 0.0ms, aimer: 0.0ms
[2026-07-02 10:36:36.330] [info] [133] yolo: 9.3ms, tracker: 0.4ms, aimer: 0.0ms
[2026-07-02 10:36:36.379] [info] [134] yolo: 9.0ms, tracker: 0.5ms, aimer: 0.0ms
[2026-07-02 10:36:36.427] [info] [135] yolo: 9.5ms, tracker: 0.5ms, aimer: 0.0ms
[2026-07-02 10:36:36.474] [info] [136] yolo: 9.4ms, tracker: 0.0ms, aimer: 0.0ms
[2026-07-02 10:36:36.512] [info] [137] yolo: 5.1ms, tracker: 0.6ms, aimer: 0.0ms
[2026-07-02 10:36:36.553] [info] [138] yolo: 5.2ms, tracker: 0.8ms, aimer: 0.1ms
[2026-07-02 10:36:36.594] [warning] [Tracker] Large dt: 0.167s
[2026-07-02 10:36:36.595] [info] [139] yolo: 8.1ms, tracker: 0.5ms, aimer: 0.0ms
[2026-07-02 10:36:36.637] [info] [140] yolo: 8.2ms, tracker: 0.0ms, aimer: 0.0ms
[2026-07-02 10:36:36.678] [info] [141] yolo: 7.3ms, tracker: 0.5ms, aimer: 0.0ms
[2026-07-02 10:36:36.721] [info] [142] yolo: 6.7ms, tracker: 0.0ms, aimer: 0.0ms
[2026-07-02 10:36:36.771] [info] [143] yolo: 10.0ms, tracker: 0.4ms, aimer: 0.0ms
[2026-07-02 10:36:36.818] [info] [144] yolo: 9.6ms, tracker: 0.5ms, aimer: 0.0ms
[2026-07-02 10:36:36.864] [info] [145] yolo: 8.8ms, tracker: 0.5ms, aimer: 0.0ms
[2026-07-02 10:36:36.908] [info] [146] yolo: 9.4ms, tracker: 0.5ms, aimer: 0.0ms
[2026-07-02 10:36:36.950] [info] [147] yolo: 9.5ms, tracker: 0.4ms, aimer: 0.0ms
[2026-07-02 10:36:36.992] [debug] [Target] r=0.067, l=-0.132
[2026-07-02 10:36:36.992] [debug] [Tracker] Target diverged!
[2026-07-02 10:36:36.992] [info] [148] yolo: 7.2ms, tracker: 0.6ms, aimer: 0.0ms
[2026-07-02 10:36:37.037] [info] [149] yolo: 10.1ms, tracker: 0.4ms, aimer: 0.0ms
[2026-07-02 10:36:37.079] [debug] [Target] r=0.119, l=-0.081
[2026-07-02 10:36:37.079] [debug] [Tracker] Target diverged!
[2026-07-02 10:36:37.079] [info] [150] yolo: 7.7ms, tracker: 0.5ms, aimer: 0.0ms
[2026-07-02 10:36:37.124] [info] [151] yolo: 9.1ms, tracker: 0.5ms, aimer: 0.0ms
[2026-07-02 10:36:37.166] [info] [152] yolo: 7.4ms, tracker: 0.6ms, aimer: 0.0ms
[2026-07-02 10:36:37.208] [warning] [Tracker] Large dt: 26.099s
[2026-07-02 10:36:37.209] [info] [153] yolo: 5.6ms, tracker: 0.7ms, aimer: 0.0ms
[2026-07-02 10:36:37.252] [info] [154] yolo: 9.1ms, tracker: 0.4ms, aimer: 0.0ms
[2026-07-02 10:36:37.291] [info] [155] yolo: 6.4ms, tracker: 0.0ms, aimer: 0.0ms
[2026-07-02 10:36:37.333] [info] [156] yolo: 8.9ms, tracker: 0.5ms, aimer: 0.0ms
[2026-07-02 10:36:37.375] [info] [157] yolo: 8.1ms, tracker: 0.5ms, aimer: 0.0ms
[2026-07-02 10:36:37.420] [info] [158] yolo: 8.5ms, tracker: 0.5ms, aimer: 0.0ms
[2026-07-02 10:36:37.464] [info] [159] yolo: 9.1ms, tracker: 0.0ms, aimer: 0.0ms
[2026-07-02 10:36:37.505] [info] [160] yolo: 7.0ms, tracker: 0.0ms, aimer: 0.0ms
[2026-07-02 10:36:37.549] [info] [161] yolo: 9.3ms, tracker: 0.4ms, aimer: 0.0ms
[2026-07-02 10:36:37.590] [info] [162] yolo: 6.6ms, tracker: 0.6ms, aimer: 0.0ms
[2026-07-02 10:36:37.634] [info] [163] yolo: 8.4ms, tracker: 0.5ms, aimer: 0.0ms
[2026-07-02 10:36:37.676] [info] [164] yolo: 9.5ms, tracker: 0.5ms, aimer: 0.0ms
[2026-07-02 10:36:37.719] [info] [165] yolo: 9.1ms, tracker: 0.5ms, aimer: 0.0ms
[2026-07-02 10:36:37.765] [info] [166] yolo: 10.3ms, tracker: 0.5ms, aimer: 0.0ms
[2026-07-02 10:36:37.807] [info] [167] yolo: 5.8ms, tracker: 0.5ms, aimer: 0.0ms
[2026-07-02 10:36:37.846] [info] [168] yolo: 5.9ms, tracker: 0.7ms, aimer: 0.1ms
[2026-07-02 10:36:37.890] [info] [169] yolo: 9.1ms, tracker: 0.4ms, aimer: 0.0ms
[2026-07-02 10:36:37.929] [info] [170] yolo: 5.8ms, tracker: 0.5ms, aimer: 0.0ms
[2026-07-02 10:36:37.968] [info] [171] yolo: 5.7ms, tracker: 0.0ms, aimer: 0.1ms
[2026-07-02 10:36:38.012] [info] [172] yolo: 9.2ms, tracker: 0.5ms, aimer: 0.0ms
[2026-07-02 10:36:38.054] [info] [173] yolo: 9.7ms, tracker: 0.5ms, aimer: 0.0ms
[2026-07-02 10:36:38.097] [info] [174] yolo: 8.5ms, tracker: 0.0ms, aimer: 0.0ms
[2026-07-02 10:36:38.137] [info] [175] yolo: 6.3ms, tracker: 0.9ms, aimer: 0.0ms
[2026-07-02 10:36:38.181] [info] [176] yolo: 9.8ms, tracker: 0.5ms, aimer: 0.0ms
[2026-07-02 10:36:38.221] [info] [177] yolo: 6.2ms, tracker: 0.5ms, aimer: 0.0ms
[2026-07-02 10:36:38.261] [info] [178] yolo: 5.8ms, tracker: 0.6ms, aimer: 0.0ms
[2026-07-02 10:36:38.304] [info] [179] yolo: 8.7ms, tracker: 0.5ms, aimer: 0.0ms
[2026-07-02 10:36:38.347] [info] [180] yolo: 8.2ms, tracker: 0.5ms, aimer: 0.0ms
[2026-07-02 10:36:38.391] [info] [181] yolo: 9.9ms, tracker: 0.0ms, aimer: 0.0ms
[2026-07-02 10:36:38.434] [info] [182] yolo: 9.0ms, tracker: 0.5ms, aimer: 0.0ms
[2026-07-02 10:36:38.477] [info] [183] yolo: 5.1ms, tracker: 0.6ms, aimer: 0.0ms
[2026-07-02 10:36:38.522] [info] [184] yolo: 10.1ms, tracker: 0.5ms, aimer: 0.0ms
[2026-07-02 10:36:38.568] [info] [185] yolo: 9.8ms, tracker: 0.5ms, aimer: 0.0ms
[2026-07-02 10:36:38.611] [info] [186] yolo: 8.8ms, tracker: 0.5ms, aimer: 0.0ms
[2026-07-02 10:36:38.652] [info] [187] yolo: 7.2ms, tracker: 0.5ms, aimer: 0.0ms
[2026-07-02 10:36:38.695] [info] [188] yolo: 8.9ms, tracker: 0.5ms, aimer: 0.0ms
[2026-07-02 10:36:38.740] [info] [189] yolo: 11.2ms, tracker: 0.4ms, aimer: 0.0ms
[2026-07-02 10:36:38.785] [info] [190] yolo: 10.6ms, tracker: 0.5ms, aimer: 0.0ms
[2026-07-02 10:36:38.827] [info] [191] yolo: 8.2ms, tracker: 0.5ms, aimer: 0.0ms
[2026-07-02 10:36:38.873] [info] [192] yolo: 9.8ms, tracker: 0.5ms, aimer: 0.0ms
[2026-07-02 10:36:38.915] [info] [193] yolo: 7.4ms, tracker: 0.5ms, aimer: 0.0ms
[2026-07-02 10:36:38.959] [info] [194] yolo: 8.1ms, tracker: 0.5ms, aimer: 0.0ms
[2026-07-02 10:36:38.998] [info] [195] yolo: 5.2ms, tracker: 0.5ms, aimer: 0.0ms
[2026-07-02 10:36:39.043] [info] [196] yolo: 9.9ms, tracker: 0.5ms, aimer: 0.0ms
[2026-07-02 10:36:39.085] [info] [197] yolo: 8.6ms, tracker: 0.4ms, aimer: 0.0ms
[2026-07-02 10:36:39.127] [info] [198] yolo: 8.6ms, tracker: 0.5ms, aimer: 0.0ms
[2026-07-02 10:36:39.171] [info] [199] yolo: 8.3ms, tracker: 0.4ms, aimer: 0.0ms
[2026-07-02 10:36:39.213] [info] [200] yolo: 5.8ms, tracker: 0.7ms, aimer: 0.0ms
[2026-07-02 10:36:39.253] [info] [201] yolo: 5.7ms, tracker: 0.6ms, aimer: 0.0ms
[2026-07-02 10:36:39.293] [info] [202] yolo: 6.0ms, tracker: 0.6ms, aimer: 0.0ms
[2026-07-02 10:36:39.333] [info] [203] yolo: 7.0ms, tracker: 0.5ms, aimer: 0.0ms
[2026-07-02 10:36:39.373] [info] [204] yolo: 6.2ms, tracker: 0.5ms, aimer: 0.0ms
[2026-07-02 10:36:39.416] [info] [205] yolo: 9.2ms, tracker: 0.4ms, aimer: 0.0ms
[2026-07-02 10:36:39.460] [info] [206] yolo: 9.0ms, tracker: 0.5ms, aimer: 0.0ms
[2026-07-02 10:36:39.500] [info] [207] yolo: 6.4ms, tracker: 0.7ms, aimer: 0.0ms
[2026-07-02 10:36:39.545] [info] [208] yolo: 9.9ms, tracker: 0.0ms, aimer: 0.0ms
[2026-07-02 10:36:39.589] [info] [209] yolo: 10.8ms, tracker: 0.5ms, aimer: 0.0ms
[2026-07-02 10:36:39.631] [info] [210] yolo: 8.5ms, tracker: 0.5ms, aimer: 0.0ms
[2026-07-02 10:36:39.676] [info] [211] yolo: 9.2ms, tracker: 0.5ms, aimer: 0.0ms
[2026-07-02 10:36:39.716] [info] [212] yolo: 5.2ms, tracker: 0.9ms, aimer: 0.1ms
[2026-07-02 10:36:39.757] [info] [213] yolo: 5.8ms, tracker: 0.8ms, aimer: 0.0ms
[2026-07-02 10:36:39.801] [info] [214] yolo: 10.4ms, tracker: 0.0ms, aimer: 0.0ms
[2026-07-02 10:36:39.845] [info] [215] yolo: 10.0ms, tracker: 0.0ms, aimer: 0.0ms
[2026-07-02 10:36:39.889] [info] [216] yolo: 9.6ms, tracker: 0.5ms, aimer: 0.0ms
[2026-07-02 10:36:39.930] [info] [217] yolo: 6.7ms, tracker: 0.0ms, aimer: 0.0ms
[2026-07-02 10:36:39.975] [info] [218] yolo: 9.1ms, tracker: 0.0ms, aimer: 0.0ms
[2026-07-02 10:36:40.020] [info] [219] yolo: 9.8ms, tracker: 0.0ms, aimer: 0.0ms
[2026-07-02 10:36:40.064] [info] [220] yolo: 9.8ms, tracker: 0.0ms, aimer: 0.0ms
[2026-07-02 10:36:40.108] [info] [221] yolo: 9.4ms, tracker: 0.0ms, aimer: 0.0ms
[2026-07-02 10:36:40.151] [info] [222] yolo: 9.6ms, tracker: 0.0ms, aimer: 0.0ms
[2026-07-02 10:36:40.190] [info] [223] yolo: 5.6ms, tracker: 0.0ms, aimer: 0.1ms
[2026-07-02 10:36:40.233] [info] [224] yolo: 8.7ms, tracker: 0.4ms, aimer: 0.0ms
[2026-07-02 10:36:40.276] [info] [225] yolo: 9.5ms, tracker: 0.4ms, aimer: 0.0ms
[2026-07-02 10:36:40.321] [info] [226] yolo: 9.7ms, tracker: 0.5ms, aimer: 0.0ms
[2026-07-02 10:36:40.365] [info] [227] yolo: 9.5ms, tracker: 0.5ms, aimer: 0.0ms
[2026-07-02 10:36:40.408] [info] [228] yolo: 9.1ms, tracker: 0.5ms, aimer: 0.0ms
[2026-07-02 10:36:40.448] [info] [229] yolo: 6.5ms, tracker: 0.5ms, aimer: 0.0ms
[2026-07-02 10:36:40.492] [info] [230] yolo: 9.7ms, tracker: 0.5ms, aimer: 0.0ms
[2026-07-02 10:36:40.536] [info] [231] yolo: 9.5ms, tracker: 0.0ms, aimer: 0.0ms
[2026-07-02 10:36:40.579] [info] [232] yolo: 8.8ms, tracker: 0.0ms, aimer: 0.0ms
[2026-07-02 10:36:40.623] [info] [233] yolo: 9.0ms, tracker: 0.5ms, aimer: 0.0ms
[2026-07-02 10:36:40.667] [info] [234] yolo: 9.1ms, tracker: 0.5ms, aimer: 0.0ms
[2026-07-02 10:36:40.711] [info] [235] yolo: 9.0ms, tracker: 0.0ms, aimer: 0.0ms
[2026-07-02 10:36:40.755] [info] [236] yolo: 10.0ms, tracker: 0.5ms, aimer: 0.0ms
[2026-07-02 10:36:40.799] [info] [237] yolo: 10.0ms, tracker: 0.5ms, aimer: 0.0ms
[2026-07-02 10:36:40.842] [info] [238] yolo: 9.3ms, tracker: 0.4ms, aimer: 0.0ms
[2026-07-02 10:36:40.883] [info] [239] yolo: 8.1ms, tracker: 0.5ms, aimer: 0.0ms
[2026-07-02 10:36:40.928] [info] [240] yolo: 9.5ms, tracker: 0.4ms, aimer: 0.0ms
[2026-07-02 10:36:40.971] [info] [241] yolo: 8.5ms, tracker: 0.5ms, aimer: 0.0ms
[2026-07-02 10:36:41.016] [info] [242] yolo: 9.4ms, tracker: 0.0ms, aimer: 0.0ms
[2026-07-02 10:36:41.060] [info] [243] yolo: 10.0ms, tracker: 0.0ms, aimer: 0.0ms
[2026-07-02 10:36:41.104] [info] [244] yolo: 9.6ms, tracker: 0.5ms, aimer: 0.0ms
[2026-07-02 10:36:41.147] [info] [245] yolo: 8.7ms, tracker: 0.4ms, aimer: 0.0ms
[2026-07-02 10:36:41.187] [info] [246] yolo: 6.5ms, tracker: 0.7ms, aimer: 0.0ms
[2026-07-02 10:36:41.233] [info] [247] yolo: 10.3ms, tracker: 0.0ms, aimer: 0.0ms
[2026-07-02 10:36:41.275] [info] [248] yolo: 8.8ms, tracker: 0.5ms, aimer: 0.0ms
[2026-07-02 10:36:41.322] [info] [249] yolo: 9.4ms, tracker: 0.5ms, aimer: 0.0ms
[2026-07-02 10:36:41.369] [info] [250] yolo: 10.2ms, tracker: 0.4ms, aimer: 0.0ms
[2026-07-02 10:36:41.412] [info] [251] yolo: 9.3ms, tracker: 0.0ms, aimer: 0.0ms
[2026-07-02 10:36:41.459] [info] [252] yolo: 9.3ms, tracker: 0.5ms, aimer: 0.0ms
[2026-07-02 10:36:41.501] [info] [253] yolo: 8.2ms, tracker: 0.0ms, aimer: 0.0ms
[2026-07-02 10:36:41.545] [info] [254] yolo: 9.9ms, tracker: 0.5ms, aimer: 0.0ms
[2026-07-02 10:36:41.589] [info] [255] yolo: 10.5ms, tracker: 0.5ms, aimer: 0.0ms
[2026-07-02 10:36:41.633] [info] [256] yolo: 10.0ms, tracker: 0.5ms, aimer: 0.0ms
[2026-07-02 10:36:41.676] [info] [257] yolo: 9.7ms, tracker: 0.5ms, aimer: 0.0ms
[2026-07-02 10:36:41.720] [info] [258] yolo: 9.7ms, tracker: 0.0ms, aimer: 0.0ms
[2026-07-02 10:36:41.761] [info] [259] yolo: 6.3ms, tracker: 0.0ms, aimer: 0.1ms
[2026-07-02 10:36:41.804] [info] [260] yolo: 10.1ms, tracker: 0.4ms, aimer: 0.0ms
[2026-07-02 10:36:41.848] [info] [261] yolo: 9.6ms, tracker: 0.5ms, aimer: 0.0ms
[2026-07-02 10:36:41.892] [info] [262] yolo: 8.4ms, tracker: 0.5ms, aimer: 0.0ms
[2026-07-02 10:36:41.931] [info] [263] yolo: 5.6ms, tracker: 0.8ms, aimer: 0.0ms
[2026-07-02 10:36:41.974] [info] [264] yolo: 6.5ms, tracker: 0.5ms, aimer: 0.0ms
[2026-07-02 10:36:42.016] [info] [265] yolo: 5.3ms, tracker: 0.0ms, aimer: 0.0ms
[2026-07-02 10:36:42.061] [info] [266] yolo: 10.3ms, tracker: 0.5ms, aimer: 0.0ms
[2026-07-02 10:36:42.105] [info] [267] yolo: 10.4ms, tracker: 0.4ms, aimer: 0.0ms
[2026-07-02 10:36:42.148] [info] [268] yolo: 8.9ms, tracker: 0.4ms, aimer: 0.0ms
[2026-07-02 10:36:42.190] [info] [269] yolo: 7.5ms, tracker: 0.5ms, aimer: 0.0ms
[2026-07-02 10:36:42.231] [info] [270] yolo: 5.4ms, tracker: 0.7ms, aimer: 0.0ms
[2026-07-02 10:36:42.275] [info] [271] yolo: 7.7ms, tracker: 0.5ms, aimer: 0.0ms
[2026-07-02 10:36:42.317] [info] [272] yolo: 5.9ms, tracker: 0.6ms, aimer: 0.0ms
[2026-07-02 10:36:42.362] [info] [273] yolo: 10.8ms, tracker: 0.6ms, aimer: 0.0ms
[2026-07-02 10:36:42.406] [info] [274] yolo: 8.7ms, tracker: 0.6ms, aimer: 0.0ms
[2026-07-02 10:36:42.451] [info] [275] yolo: 9.4ms, tracker: 0.6ms, aimer: 0.0ms
[2026-07-02 10:36:42.495] [info] [276] yolo: 8.8ms, tracker: 0.6ms, aimer: 0.0ms
[2026-07-02 10:36:42.536] [info] [277] yolo: 6.8ms, tracker: 0.0ms, aimer: 0.1ms
[2026-07-02 10:36:42.580] [info] [278] yolo: 9.0ms, tracker: 0.0ms, aimer: 0.0ms
[2026-07-02 10:36:42.621] [info] [279] yolo: 6.8ms, tracker: 0.0ms, aimer: 0.0ms
[2026-07-02 10:36:42.667] [info] [280] yolo: 11.4ms, tracker: 0.0ms, aimer: 0.0ms
[2026-07-02 10:36:42.715] [info] [281] yolo: 9.2ms, tracker: 0.0ms, aimer: 0.0ms
[2026-07-02 10:36:42.756] [info] [282] yolo: 6.6ms, tracker: 0.0ms, aimer: 0.1ms
[2026-07-02 10:36:42.802] [info] [283] yolo: 10.3ms, tracker: 0.5ms, aimer: 0.0ms
[2026-07-02 10:36:42.849] [info] [284] yolo: 11.2ms, tracker: 0.5ms, aimer: 0.0ms
[2026-07-02 10:36:42.895] [info] [285] yolo: 10.6ms, tracker: 0.6ms, aimer: 0.0ms
[2026-07-02 10:36:42.939] [info] [286] yolo: 8.9ms, tracker: 0.6ms, aimer: 0.0ms
[2026-07-02 10:36:42.986] [info] [287] yolo: 10.8ms, tracker: 0.5ms, aimer: 0.0ms
[2026-07-02 10:36:43.034] [info] [288] yolo: 8.7ms, tracker: 0.0ms, aimer: 0.0ms
[2026-07-02 10:36:43.082] [info] [289] yolo: 8.6ms, tracker: 0.0ms, aimer: 0.0ms
[2026-07-02 10:36:43.130] [info] [290] yolo: 8.1ms, tracker: 0.0ms, aimer: 0.0ms
[2026-07-02 10:36:43.170] [info] [291] yolo: 5.8ms, tracker: 0.0ms, aimer: 0.1ms
[2026-07-02 10:36:43.216] [info] [292] yolo: 9.7ms, tracker: 0.0ms, aimer: 0.1ms
[2026-07-02 10:36:43.261] [info] [293] yolo: 8.7ms, tracker: 0.7ms, aimer: 0.0ms
[2026-07-02 10:36:43.307] [info] [294] yolo: 9.7ms, tracker: 0.0ms, aimer: 0.1ms
[2026-07-02 10:36:43.348] [info] [295] yolo: 6.7ms, tracker: 0.7ms, aimer: 0.0ms
[2026-07-02 10:36:43.396] [info] [296] yolo: 10.4ms, tracker: 0.6ms, aimer: 0.0ms
[2026-07-02 10:36:43.444] [info] [297] yolo: 10.1ms, tracker: 0.0ms, aimer: 0.0ms
[2026-07-02 10:36:43.486] [info] [298] yolo: 6.3ms, tracker: 1.0ms, aimer: 0.1ms
[2026-07-02 10:36:43.528] [info] [299] yolo: 5.4ms, tracker: 0.0ms, aimer: 0.1ms
[2026-07-02 10:36:43.569] [info] [300] yolo: 5.7ms, tracker: 0.0ms, aimer: 0.1ms
[2026-07-02 10:36:43.612] [info] [301] yolo: 7.9ms, tracker: 0.7ms, aimer: 0.0ms
[2026-07-02 10:36:43.655] [info] [302] yolo: 8.2ms, tracker: 0.0ms, aimer: 0.1ms
[2026-07-02 10:36:43.697] [info] [303] yolo: 7.4ms, tracker: 0.0ms, aimer: 0.1ms
[2026-07-02 10:36:43.739] [info] [304] yolo: 8.2ms, tracker: 0.0ms, aimer: 0.0ms
[2026-07-02 10:36:43.785] [info] [305] yolo: 9.9ms, tracker: 0.0ms, aimer: 0.0ms
[2026-07-02 10:36:43.828] [info] [306] yolo: 8.3ms, tracker: 0.0ms, aimer: 0.0ms
[2026-07-02 10:36:43.875] [info] [307] yolo: 11.3ms, tracker: 0.0ms, aimer: 0.0ms
[2026-07-02 10:36:43.919] [info] [308] yolo: 8.5ms, tracker: 0.0ms, aimer: 0.0ms
[2026-07-02 10:36:43.966] [info] [309] yolo: 10.3ms, tracker: 0.0ms, aimer: 0.1ms
[2026-07-02 10:36:44.009] [info] [310] yolo: 9.8ms, tracker: 0.0ms, aimer: 0.0ms
[2026-07-02 10:36:44.054] [info] [311] yolo: 11.5ms, tracker: 0.0ms, aimer: 0.0ms
[2026-07-02 10:36:44.099] [info] [312] yolo: 9.9ms, tracker: 0.0ms, aimer: 0.1ms
[2026-07-02 10:36:44.142] [info] [313] yolo: 8.6ms, tracker: 0.0ms, aimer: 0.0ms
[2026-07-02 10:36:44.183] [info] [314] yolo: 5.9ms, tracker: 0.0ms, aimer: 0.1ms
[2026-07-02 10:36:44.228] [info] [315] yolo: 9.0ms, tracker: 0.0ms, aimer: 0.0ms
[2026-07-02 10:36:44.271] [info] [316] yolo: 7.7ms, tracker: 0.0ms, aimer: 0.1ms
[2026-07-02 10:36:44.312] [info] [317] yolo: 5.5ms, tracker: 0.0ms, aimer: 0.0ms
[2026-07-02 10:36:44.358] [info] [318] yolo: 10.3ms, tracker: 0.7ms, aimer: 0.0ms
[2026-07-02 10:36:44.400] [info] [319] yolo: 7.4ms, tracker: 0.0ms, aimer: 0.0ms
[2026-07-02 10:36:44.442] [info] [320] yolo: 7.2ms, tracker: 0.0ms, aimer: 0.0ms
[2026-07-02 10:36:44.486] [info] [321] yolo: 8.4ms, tracker: 0.0ms, aimer: 0.0ms
[2026-07-02 10:36:44.530] [info] [322] yolo: 6.4ms, tracker: 0.0ms, aimer: 0.0ms
[2026-07-02 10:36:44.577] [info] [323] yolo: 9.9ms, tracker: 0.0ms, aimer: 0.0ms
[2026-07-02 10:36:44.621] [info] [324] yolo: 10.2ms, tracker: 0.0ms, aimer: 0.0ms
[2026-07-02 10:36:44.664] [info] [325] yolo: 9.8ms, tracker: 0.0ms, aimer: 0.0ms
[2026-07-02 10:36:44.707] [info] [326] yolo: 8.1ms, tracker: 0.0ms, aimer: 0.0ms
[2026-07-02 10:36:44.750] [info] [327] yolo: 8.4ms, tracker: 0.0ms, aimer: 0.0ms
[2026-07-02 10:36:44.792] [info] [328] yolo: 6.8ms, tracker: 0.0ms, aimer: 0.0ms
[2026-07-02 10:36:44.838] [info] [329] yolo: 10.6ms, tracker: 0.0ms, aimer: 0.0ms
[2026-07-02 10:36:44.886] [info] [330] yolo: 10.4ms, tracker: 0.0ms, aimer: 0.0ms
[2026-07-02 10:36:44.933] [info] [331] yolo: 10.5ms, tracker: 0.0ms, aimer: 0.0ms
[2026-07-02 10:36:44.976] [info] [332] yolo: 8.4ms, tracker: 0.0ms, aimer: 0.0ms
[2026-07-02 10:36:45.020] [info] [333] yolo: 8.7ms, tracker: 0.0ms, aimer: 0.0ms
[2026-07-02 10:36:45.061] [info] [334] yolo: 5.8ms, tracker: 0.0ms, aimer: 0.0ms
[2026-07-02 10:36:45.105] [info] [335] yolo: 10.1ms, tracker: 0.0ms, aimer: 0.0ms
[2026-07-02 10:36:45.148] [info] [336] yolo: 9.4ms, tracker: 0.0ms, aimer: 0.0ms
[2026-07-02 10:36:45.189] [info] [337] yolo: 5.7ms, tracker: 0.0ms, aimer: 0.0ms
[2026-07-02 10:36:45.232] [info] [338] yolo: 8.7ms, tracker: 0.0ms, aimer: 0.0ms
[2026-07-02 10:36:45.277] [info] [339] yolo: 10.6ms, tracker: 0.0ms, aimer: 0.0ms
[2026-07-02 10:36:45.321] [info] [340] yolo: 9.5ms, tracker: 0.0ms, aimer: 0.0ms
[2026-07-02 10:36:45.365] [info] [341] yolo: 9.4ms, tracker: 0.0ms, aimer: 0.0ms
[2026-07-02 10:36:45.407] [info] [342] yolo: 7.8ms, tracker: 0.0ms, aimer: 0.0ms
[2026-07-02 10:36:45.451] [info] [343] yolo: 10.0ms, tracker: 0.5ms, aimer: 0.0ms
[2026-07-02 10:36:45.495] [info] [344] yolo: 9.9ms, tracker: 0.6ms, aimer: 0.0ms
[2026-07-02 10:36:45.538] [info] [345] yolo: 9.2ms, tracker: 0.5ms, aimer: 0.0ms
[2026-07-02 10:36:45.585] [info] [346] yolo: 10.0ms, tracker: 0.9ms, aimer: 0.0ms
[2026-07-02 10:36:45.629] [info] [347] yolo: 9.7ms, tracker: 0.5ms, aimer: 0.0ms
[2026-07-02 10:36:45.671] [info] [348] yolo: 7.3ms, tracker: 0.7ms, aimer: 0.0ms
[2026-07-02 10:36:45.715] [info] [349] yolo: 6.0ms, tracker: 1.7ms, aimer: 0.0ms
[2026-07-02 10:36:45.762] [info] [350] yolo: 10.1ms, tracker: 0.6ms, aimer: 0.0ms
[2026-07-02 10:36:45.808] [info] [351] yolo: 12.3ms, tracker: 0.6ms, aimer: 0.0ms
[2026-07-02 10:36:45.850] [info] [352] yolo: 8.5ms, tracker: 1.0ms, aimer: 0.0ms
[2026-07-02 10:36:45.891] [info] [353] yolo: 6.2ms, tracker: 0.0ms, aimer: 0.1ms
[2026-07-02 10:36:45.940] [debug] [Target] r=0.184, l=-0.201
[2026-07-02 10:36:45.940] [debug] [Tracker] Target diverged!
[2026-07-02 10:36:45.940] [info] [354] yolo: 13.0ms, tracker: 0.6ms, aimer: 0.0ms
[2026-07-02 10:36:45.985] [info] [355] yolo: 9.7ms, tracker: 0.0ms, aimer: 0.0ms
[2026-07-02 10:36:46.030] [info] [356] yolo: 11.1ms, tracker: 0.0ms, aimer: 0.0ms
[2026-07-02 10:36:46.075] [info] [357] yolo: 7.5ms, tracker: 0.6ms, aimer: 0.1ms
[2026-07-02 10:36:46.123] [info] [358] yolo: 10.5ms, tracker: 1.0ms, aimer: 0.0ms
[2026-07-02 10:36:46.165] [info] [359] yolo: 6.0ms, tracker: 0.0ms, aimer: 0.0ms
[2026-07-02 10:36:46.207] [info] [360] yolo: 6.6ms, tracker: 1.1ms, aimer: 0.1ms
[2026-07-02 10:36:46.249] [info] [361] yolo: 7.7ms, tracker: 0.6ms, aimer: 0.0ms
[2026-07-02 10:36:46.291] [info] [362] yolo: 8.1ms, tracker: 0.5ms, aimer: 0.0ms
[2026-07-02 10:36:46.338] [info] [363] yolo: 10.6ms, tracker: 0.6ms, aimer: 0.0ms
[2026-07-02 10:36:46.383] [info] [364] yolo: 7.9ms, tracker: 0.6ms, aimer: 0.0ms
[2026-07-02 10:36:46.430] [info] [365] yolo: 10.4ms, tracker: 0.6ms, aimer: 0.0ms
[2026-07-02 10:36:46.473] [info] [366] yolo: 10.0ms, tracker: 0.6ms, aimer: 0.0ms
[2026-07-02 10:36:46.517] [info] [367] yolo: 8.8ms, tracker: 0.5ms, aimer: 0.0ms
[2026-07-02 10:36:46.562] [info] [368] yolo: 10.7ms, tracker: 0.6ms, aimer: 0.0ms
[2026-07-02 10:36:46.606] [info] [369] yolo: 10.3ms, tracker: 0.6ms, aimer: 0.0ms
[2026-07-02 10:36:46.650] [info] [370] yolo: 10.2ms, tracker: 0.6ms, aimer: 0.0ms
[2026-07-02 10:36:46.692] [info] [371] yolo: 8.9ms, tracker: 0.6ms, aimer: 0.0ms
[2026-07-02 10:36:46.738] [info] [372] yolo: 9.6ms, tracker: 0.6ms, aimer: 0.0ms
[2026-07-02 10:36:46.779] [info] [373] yolo: 7.6ms, tracker: 0.5ms, aimer: 0.0ms
[2026-07-02 10:36:46.826] [info] [374] yolo: 10.1ms, tracker: 0.6ms, aimer: 0.0ms
[2026-07-02 10:36:46.865] [info] [375] yolo: 6.2ms, tracker: 0.0ms, aimer: 0.1ms
[2026-07-02 10:36:46.914] [info] [376] yolo: 10.2ms, tracker: 0.5ms, aimer: 0.0ms
[2026-07-02 10:36:46.958] [info] [377] yolo: 8.1ms, tracker: 1.0ms, aimer: 0.0ms
[2026-07-02 10:36:47.001] [info] [378] yolo: 6.3ms, tracker: 1.0ms, aimer: 0.1ms
[2026-07-02 10:36:47.046] [info] [379] yolo: 10.4ms, tracker: 0.5ms, aimer: 0.0ms
[2026-07-02 10:36:47.086] [info] [380] yolo: 5.9ms, tracker: 1.7ms, aimer: 0.0ms
[2026-07-02 10:36:47.134] [info] [381] yolo: 10.4ms, tracker: 1.0ms, aimer: 0.0ms
[2026-07-02 10:36:47.179] [info] [382] yolo: 8.3ms, tracker: 0.6ms, aimer: 0.0ms
[2026-07-02 10:36:47.225] [info] [383] yolo: 9.4ms, tracker: 1.1ms, aimer: 0.0ms
[2026-07-02 10:36:47.269] [warning] [Tracker] Large dt: 0.153s
[2026-07-02 10:36:47.270] [info] [384] yolo: 10.6ms, tracker: 0.6ms, aimer: 0.0ms
[2026-07-02 10:36:47.317] [info] [385] yolo: 9.8ms, tracker: 0.6ms, aimer: 0.0ms
[2026-07-02 10:36:47.357] [info] [386] yolo: 6.0ms, tracker: 0.7ms, aimer: 0.0ms
[2026-07-02 10:36:47.399] [info] [387] yolo: 7.7ms, tracker: 0.6ms, aimer: 0.0ms
[2026-07-02 10:36:47.441] [info] [388] yolo: 7.9ms, tracker: 0.6ms, aimer: 0.0ms
[2026-07-02 10:36:47.485] [info] [389] yolo: 10.3ms, tracker: 0.0ms, aimer: 0.0ms
[2026-07-02 10:36:47.530] [info] [390] yolo: 10.7ms, tracker: 0.0ms, aimer: 0.1ms
[2026-07-02 10:36:47.574] [info] [391] yolo: 6.4ms, tracker: 0.9ms, aimer: 0.1ms
[2026-07-02 10:36:47.622] [info] [392] yolo: 10.1ms, tracker: 0.6ms, aimer: 0.0ms
[2026-07-02 10:36:47.670] [info] [393] yolo: 10.4ms, tracker: 0.0ms, aimer: 0.0ms
[2026-07-02 10:36:47.715] [info] [394] yolo: 11.7ms, tracker: 0.6ms, aimer: 0.0ms
[2026-07-02 10:36:47.761] [info] [395] yolo: 9.6ms, tracker: 0.5ms, aimer: 0.0ms
[2026-07-02 10:36:47.803] [info] [396] yolo: 6.5ms, tracker: 1.2ms, aimer: 0.1ms
[2026-07-02 10:36:47.848] [info] [397] yolo: 9.7ms, tracker: 0.7ms, aimer: 0.0ms
[2026-07-02 10:36:47.894] [info] [398] yolo: 9.8ms, tracker: 1.0ms, aimer: 0.0ms
[2026-07-02 10:36:47.940] [info] [399] yolo: 10.2ms, tracker: 0.9ms, aimer: 0.0ms
[2026-07-02 10:36:47.982] [info] [400] yolo: 5.9ms, tracker: 1.4ms, aimer: 0.0ms
[2026-07-02 10:36:48.026] [info] [401] yolo: 6.5ms, tracker: 1.5ms, aimer: 0.1ms
[2026-07-02 10:36:48.075] [info] [402] yolo: 11.2ms, tracker: 1.0ms, aimer: 0.0ms
[2026-07-02 10:36:48.118] [info] [403] yolo: 5.9ms, tracker: 1.0ms, aimer: 0.1ms
[2026-07-02 10:36:48.167] [info] [404] yolo: 11.4ms, tracker: 0.5ms, aimer: 0.0ms
[2026-07-02 10:36:48.215] [info] [405] yolo: 12.1ms, tracker: 0.5ms, aimer: 0.0ms
[2026-07-02 10:36:48.261] [info] [406] yolo: 8.8ms, tracker: 0.8ms, aimer: 0.0ms
[2026-07-02 10:36:48.305] [info] [407] yolo: 9.3ms, tracker: 0.5ms, aimer: 0.0ms
[2026-07-02 10:36:48.346] [info] [408] yolo: 6.6ms, tracker: 1.1ms, aimer: 0.1ms
[2026-07-02 10:36:48.391] [info] [409] yolo: 9.2ms, tracker: 0.5ms, aimer: 0.0ms
[2026-07-02 10:36:48.433] [info] [410] yolo: 8.1ms, tracker: 0.0ms, aimer: 0.0ms
[2026-07-02 10:36:48.476] [info] [411] yolo: 9.3ms, tracker: 0.0ms, aimer: 0.1ms
[2026-07-02 10:36:48.522] [info] [412] yolo: 10.8ms, tracker: 0.6ms, aimer: 0.0ms
[2026-07-02 10:36:48.571] [info] [413] yolo: 11.6ms, tracker: 0.0ms, aimer: 0.0ms
[2026-07-02 10:36:48.615] [info] [414] yolo: 8.4ms, tracker: 0.5ms, aimer: 0.0ms
[2026-07-02 10:36:48.662] [info] [415] yolo: 10.6ms, tracker: 0.6ms, aimer: 0.0ms
[2026-07-02 10:36:48.709] [info] [416] yolo: 10.6ms, tracker: 0.8ms, aimer: 0.0ms
[2026-07-02 10:36:48.754] [info] [417] yolo: 10.4ms, tracker: 0.5ms, aimer: 0.0ms
[2026-07-02 10:36:48.799] [info] [418] yolo: 9.9ms, tracker: 0.0ms, aimer: 0.0ms
[2026-07-02 10:36:48.841] [info] [419] yolo: 7.3ms, tracker: 0.6ms, aimer: 0.0ms
[2026-07-02 10:36:48.885] [info] [420] yolo: 8.8ms, tracker: 0.9ms, aimer: 0.0ms
[2026-07-02 10:36:48.928] [info] [421] yolo: 8.8ms, tracker: 1.0ms, aimer: 0.0ms
[2026-07-02 10:36:48.974] [info] [422] yolo: 10.9ms, tracker: 0.5ms, aimer: 0.0ms
[2026-07-02 10:36:49.021] [info] [423] yolo: 9.5ms, tracker: 0.9ms, aimer: 0.0ms
[2026-07-02 10:36:49.065] [info] [424] yolo: 9.7ms, tracker: 0.6ms, aimer: 0.0ms
[2026-07-02 10:36:49.111] [info] [425] yolo: 10.6ms, tracker: 0.6ms, aimer: 0.0ms
[2026-07-02 10:36:49.156] [info] [426] yolo: 10.4ms, tracker: 0.6ms, aimer: 0.0ms
[2026-07-02 10:36:49.197] [info] [427] yolo: 8.0ms, tracker: 0.0ms, aimer: 0.0ms
[2026-07-02 10:36:49.239] [info] [428] yolo: 8.9ms, tracker: 0.5ms, aimer: 0.0ms
[2026-07-02 10:36:49.283] [info] [429] yolo: 6.7ms, tracker: 0.6ms, aimer: 0.0ms
[2026-07-02 10:36:49.330] [info] [430] yolo: 10.7ms, tracker: 0.0ms, aimer: 0.0ms
[2026-07-02 10:36:49.377] [info] [431] yolo: 9.0ms, tracker: 0.8ms, aimer: 0.0ms
[2026-07-02 10:36:49.420] [info] [432] yolo: 8.1ms, tracker: 0.7ms, aimer: 0.0ms
[2026-07-02 10:36:49.464] [info] [433] yolo: 8.1ms, tracker: 0.9ms, aimer: 0.0ms
[2026-07-02 10:36:49.507] [info] [434] yolo: 7.8ms, tracker: 0.5ms, aimer: 0.0ms
[2026-07-02 10:36:49.548] [info] [435] yolo: 5.9ms, tracker: 1.1ms, aimer: 0.1ms
[2026-07-02 10:36:49.591] [info] [436] yolo: 6.6ms, tracker: 1.5ms, aimer: 0.0ms
[2026-07-02 10:36:49.634] [info] [437] yolo: 9.0ms, tracker: 1.1ms, aimer: 0.0ms
[2026-07-02 10:36:49.678] [info] [438] yolo: 7.2ms, tracker: 0.5ms, aimer: 0.0ms
[2026-07-02 10:36:49.725] [info] [439] yolo: 10.4ms, tracker: 0.6ms, aimer: 0.0ms
[2026-07-02 10:36:49.766] [info] [440] yolo: 7.2ms, tracker: 0.0ms, aimer: 0.0ms
[2026-07-02 10:36:49.812] [info] [441] yolo: 8.2ms, tracker: 0.7ms, aimer: 0.0ms
[2026-07-02 10:36:49.858] [info] [442] yolo: 10.0ms, tracker: 0.7ms, aimer: 0.1ms
[2026-07-02 10:36:49.904] [info] [443] yolo: 10.2ms, tracker: 0.6ms, aimer: 0.0ms
[2026-07-02 10:36:49.947] [info] [444] yolo: 9.9ms, tracker: 0.6ms, aimer: 0.0ms
[2026-07-02 10:36:49.990] [info] [445] yolo: 8.0ms, tracker: 1.0ms, aimer: 0.1ms
[2026-07-02 10:36:50.035] [info] [446] yolo: 10.4ms, tracker: 0.0ms, aimer: 0.0ms
[2026-07-02 10:36:50.080] [info] [447] yolo: 9.8ms, tracker: 0.0ms, aimer: 0.1ms
[2026-07-02 10:36:50.124] [info] [448] yolo: 9.3ms, tracker: 0.0ms, aimer: 0.1ms
[2026-07-02 10:36:50.168] [info] [449] yolo: 8.6ms, tracker: 0.6ms, aimer: 0.0ms
[2026-07-02 10:36:50.211] [info] [450] yolo: 7.7ms, tracker: 0.0ms, aimer: 0.1ms
[2026-07-02 10:36:50.254] [info] [451] yolo: 8.6ms, tracker: 0.6ms, aimer: 0.0ms
[2026-07-02 10:36:50.301] [info] [452] yolo: 11.6ms, tracker: 0.6ms, aimer: 0.0ms
[2026-07-02 10:36:50.345] [info] [453] yolo: 10.0ms, tracker: 0.0ms, aimer: 0.1ms
[2026-07-02 10:36:50.391] [info] [454] yolo: 12.5ms, tracker: 0.0ms, aimer: 0.0ms
[2026-07-02 10:36:50.432] [info] [455] yolo: 7.4ms, tracker: 0.0ms, aimer: 0.0ms
[2026-07-02 10:36:50.476] [info] [456] yolo: 9.4ms, tracker: 0.0ms, aimer: 0.1ms
[2026-07-02 10:36:50.518] [info] [457] yolo: 7.3ms, tracker: 0.0ms, aimer: 0.0ms
[2026-07-02 10:36:50.566] [info] [458] yolo: 11.3ms, tracker: 0.0ms, aimer: 0.0ms
[2026-07-02 10:36:50.611] [info] [459] yolo: 7.5ms, tracker: 0.0ms, aimer: 0.1ms
[2026-07-02 10:36:50.656] [info] [460] yolo: 11.0ms, tracker: 0.0ms, aimer: 0.1ms
[2026-07-02 10:36:50.694] [info] [461] yolo: 5.7ms, tracker: 0.1ms, aimer: 0.1ms
[2026-07-02 10:36:50.740] [info] [462] yolo: 10.3ms, tracker: 0.0ms, aimer: 0.0ms
[2026-07-02 10:36:50.781] [warning] [Tracker] Large dt: 1.021s
[2026-07-02 10:36:50.783] [info] [463] yolo: 6.3ms, tracker: 1.1ms, aimer: 0.1ms
[2026-07-02 10:36:50.829] [info] [464] yolo: 9.3ms, tracker: 0.6ms, aimer: 0.0ms
[2026-07-02 10:36:50.869] [info] [465] yolo: 5.2ms, tracker: 1.0ms, aimer: 0.1ms
[2026-07-02 10:36:50.914] [info] [466] yolo: 6.2ms, tracker: 1.0ms, aimer: 0.1ms
[2026-07-02 10:36:50.959] [info] [467] yolo: 9.5ms, tracker: 0.7ms, aimer: 0.0ms
[2026-07-02 10:36:51.001] [info] [468] yolo: 6.5ms, tracker: 0.9ms, aimer: 0.0ms
[2026-07-02 10:36:51.045] [info] [469] yolo: 9.1ms, tracker: 0.5ms, aimer: 0.0ms
[2026-07-02 10:36:51.087] [info] [470] yolo: 7.3ms, tracker: 0.6ms, aimer: 0.0ms
[2026-07-02 10:36:51.133] [info] [471] yolo: 8.9ms, tracker: 1.0ms, aimer: 0.0ms
[2026-07-02 10:36:51.176] [info] [472] yolo: 6.8ms, tracker: 2.0ms, aimer: 0.1ms
[2026-07-02 10:36:51.219] [info] [473] yolo: 7.6ms, tracker: 0.6ms, aimer: 0.0ms
[2026-07-02 10:36:51.265] [info] [474] yolo: 8.8ms, tracker: 0.6ms, aimer: 0.0ms
[2026-07-02 10:36:51.311] [info] [475] yolo: 11.1ms, tracker: 0.9ms, aimer: 0.0ms
[2026-07-02 10:36:51.356] [info] [476] yolo: 10.1ms, tracker: 0.9ms, aimer: 0.0ms
[2026-07-02 10:36:51.400] [info] [477] yolo: 10.4ms, tracker: 0.6ms, aimer: 0.0ms
[2026-07-02 10:36:51.446] [info] [478] yolo: 10.3ms, tracker: 0.7ms, aimer: 0.0ms
[2026-07-02 10:36:51.494] [info] [479] yolo: 13.6ms, tracker: 0.6ms, aimer: 0.0ms
[2026-07-02 10:36:51.539] [info] [480] yolo: 11.4ms, tracker: 0.0ms, aimer: 0.0ms
[2026-07-02 10:36:51.582] [info] [481] yolo: 6.9ms, tracker: 0.0ms, aimer: 0.1ms
[2026-07-02 10:36:51.629] [info] [482] yolo: 9.0ms, tracker: 0.7ms, aimer: 0.0ms
[2026-07-02 10:36:51.673] [info] [483] yolo: 9.8ms, tracker: 0.0ms, aimer: 0.1ms
[2026-07-02 10:36:51.719] [info] [484] yolo: 11.1ms, tracker: 0.8ms, aimer: 0.0ms
[2026-07-02 10:36:51.765] [info] [485] yolo: 9.2ms, tracker: 0.8ms, aimer: 0.0ms
[2026-07-02 10:36:51.810] [info] [486] yolo: 10.7ms, tracker: 0.6ms, aimer: 0.0ms
[2026-07-02 10:36:51.855] [info] [487] yolo: 8.9ms, tracker: 0.6ms, aimer: 0.0ms
[2026-07-02 10:36:51.900] [info] [488] yolo: 9.6ms, tracker: 0.6ms, aimer: 0.0ms
[2026-07-02 10:36:51.945] [info] [489] yolo: 11.3ms, tracker: 0.5ms, aimer: 0.0ms
[2026-07-02 10:36:51.989] [info] [490] yolo: 10.5ms, tracker: 0.4ms, aimer: 0.0ms
[2026-07-02 10:36:52.032] [info] [491] yolo: 8.1ms, tracker: 0.5ms, aimer: 0.0ms
[2026-07-02 10:36:52.076] [info] [492] yolo: 8.6ms, tracker: 0.0ms, aimer: 0.0ms
[2026-07-02 10:36:52.121] [info] [493] yolo: 9.5ms, tracker: 0.0ms, aimer: 0.1ms
[2026-07-02 10:36:52.163] [info] [494] yolo: 8.0ms, tracker: 0.6ms, aimer: 0.0ms
[2026-07-02 10:36:52.205] [info] [495] yolo: 8.5ms, tracker: 0.0ms, aimer: 0.0ms
[2026-07-02 10:36:52.249] [info] [496] yolo: 10.5ms, tracker: 0.5ms, aimer: 0.0ms
[2026-07-02 10:36:52.292] [info] [497] yolo: 9.3ms, tracker: 0.5ms, aimer: 0.0ms
[2026-07-02 10:36:52.332] [info] [498] yolo: 5.4ms, tracker: 0.0ms, aimer: 0.1ms
[2026-07-02 10:36:52.372] [info] [499] yolo: 6.1ms, tracker: 0.0ms, aimer: 0.0ms
[2026-07-02 10:36:52.412] [info] [500] yolo: 5.4ms, tracker: 0.0ms, aimer: 0.0ms
[2026-07-02 10:36:52.456] [info] [501] yolo: 9.8ms, tracker: 0.0ms, aimer: 0.0ms
[2026-07-02 10:36:52.500] [info] [502] yolo: 9.6ms, tracker: 0.0ms, aimer: 0.0ms
[2026-07-02 10:36:52.541] [info] [503] yolo: 6.2ms, tracker: 0.0ms, aimer: 0.1ms
[2026-07-02 10:36:52.583] [info] [504] yolo: 8.2ms, tracker: 0.0ms, aimer: 0.0ms
[2026-07-02 10:36:52.627] [info] [505] yolo: 8.7ms, tracker: 0.0ms, aimer: 0.0ms
[2026-07-02 10:36:52.672] [info] [506] yolo: 10.1ms, tracker: 0.0ms, aimer: 0.0ms
[2026-07-02 10:36:52.717] [info] [507] yolo: 10.2ms, tracker: 0.0ms, aimer: 0.0ms
[2026-07-02 10:36:52.760] [info] [508] yolo: 9.2ms, tracker: 0.0ms, aimer: 0.0ms
[2026-07-02 10:36:52.803] [info] [509] yolo: 10.0ms, tracker: 0.0ms, aimer: 0.0ms
[2026-07-02 10:36:52.846] [info] [510] yolo: 8.9ms, tracker: 0.0ms, aimer: 0.0ms
[2026-07-02 10:36:52.888] [info] [511] yolo: 9.1ms, tracker: 0.0ms, aimer: 0.0ms
[2026-07-02 10:36:52.929] [info] [512] yolo: 5.9ms, tracker: 0.1ms, aimer: 0.2ms
[2026-07-02 10:36:52.974] [warning] [Tracker] Large dt: 17.228s
[2026-07-02 10:36:52.975] [info] [513] yolo: 7.2ms, tracker: 0.6ms, aimer: 0.0ms
[2026-07-02 10:36:53.019] [info] [514] yolo: 7.1ms, tracker: 0.9ms, aimer: 0.0ms
[2026-07-02 10:36:53.064] [info] [515] yolo: 9.3ms, tracker: 0.9ms, aimer: 0.0ms
[2026-07-02 10:36:53.109] [info] [516] yolo: 9.8ms, tracker: 0.5ms, aimer: 0.0ms
[2026-07-02 10:36:53.152] [info] [517] yolo: 8.6ms, tracker: 0.8ms, aimer: 0.0ms
[2026-07-02 10:36:53.197] [info] [518] yolo: 10.0ms, tracker: 0.6ms, aimer: 0.0ms
[2026-07-02 10:36:53.239] [info] [519] yolo: 8.0ms, tracker: 0.5ms, aimer: 0.0ms
[2026-07-02 10:36:53.283] [info] [520] yolo: 8.5ms, tracker: 0.5ms, aimer: 0.0ms
[2026-07-02 10:36:53.326] [info] [521] yolo: 6.4ms, tracker: 0.5ms, aimer: 0.0ms
[2026-07-02 10:36:53.369] [info] [522] yolo: 10.2ms, tracker: 0.5ms, aimer: 0.0ms
[2026-07-02 10:36:53.411] [info] [523] yolo: 8.4ms, tracker: 0.0ms, aimer: 0.0ms
[2026-07-02 10:36:53.451] [info] [524] yolo: 5.8ms, tracker: 0.0ms, aimer: 0.1ms
[2026-07-02 10:36:53.495] [info] [525] yolo: 10.2ms, tracker: 0.4ms, aimer: 0.0ms
[2026-07-02 10:36:53.536] [info] [526] yolo: 7.5ms, tracker: 0.0ms, aimer: 0.1ms
[2026-07-02 10:36:53.579] [info] [527] yolo: 7.5ms, tracker: 0.6ms, aimer: 0.0ms
[2026-07-02 10:36:53.623] [info] [528] yolo: 8.1ms, tracker: 0.5ms, aimer: 0.0ms
[2026-07-02 10:36:53.667] [info] [529] yolo: 7.6ms, tracker: 0.5ms, aimer: 0.0ms
[2026-07-02 10:36:53.713] [info] [530] yolo: 10.0ms, tracker: 0.0ms, aimer: 0.0ms
[2026-07-02 10:36:53.754] [info] [531] yolo: 6.7ms, tracker: 0.7ms, aimer: 0.0ms
[2026-07-02 10:36:53.800] [info] [532] yolo: 11.1ms, tracker: 0.0ms, aimer: 0.0ms
[2026-07-02 10:36:53.844] [info] [533] yolo: 9.1ms, tracker: 0.4ms, aimer: 0.0ms
[2026-07-02 10:36:53.884] [info] [534] yolo: 5.2ms, tracker: 0.8ms, aimer: 0.0ms
[2026-07-02 10:36:53.930] [info] [535] yolo: 11.0ms, tracker: 0.5ms, aimer: 0.0ms
[2026-07-02 10:36:53.975] [info] [536] yolo: 8.2ms, tracker: 0.0ms, aimer: 0.0ms
[2026-07-02 10:36:54.020] [info] [537] yolo: 9.0ms, tracker: 0.5ms, aimer: 0.0ms
[2026-07-02 10:36:54.064] [info] [538] yolo: 8.7ms, tracker: 0.5ms, aimer: 0.0ms
[2026-07-02 10:36:54.108] [info] [539] yolo: 9.2ms, tracker: 0.5ms, aimer: 0.0ms
[2026-07-02 10:36:54.153] [info] [540] yolo: 9.2ms, tracker: 0.4ms, aimer: 0.0ms
[2026-07-02 10:36:54.196] [info] [541] yolo: 8.9ms, tracker: 0.5ms, aimer: 0.0ms
[2026-07-02 10:36:54.241] [info] [542] yolo: 9.8ms, tracker: 0.5ms, aimer: 0.0ms
[2026-07-02 10:36:54.283] [info] [543] yolo: 8.7ms, tracker: 0.5ms, aimer: 0.0ms
[2026-07-02 10:36:54.328] [info] [544] yolo: 9.7ms, tracker: 0.4ms, aimer: 0.0ms
[2026-07-02 10:36:54.372] [info] [545] yolo: 8.4ms, tracker: 0.9ms, aimer: 0.0ms
[2026-07-02 10:36:54.415] [info] [546] yolo: 8.0ms, tracker: 1.0ms, aimer: 0.0ms
[2026-07-02 10:36:54.457] [info] [547] yolo: 6.5ms, tracker: 0.6ms, aimer: 0.0ms
[2026-07-02 10:36:54.499] [info] [548] yolo: 7.4ms, tracker: 0.9ms, aimer: 0.0ms
[2026-07-02 10:36:54.543] [info] [549] yolo: 10.4ms, tracker: 0.5ms, aimer: 0.0ms
[2026-07-02 10:36:54.583] [info] [550] yolo: 5.4ms, tracker: 0.9ms, aimer: 0.1ms
[2026-07-02 10:36:54.628] [info] [551] yolo: 8.8ms, tracker: 0.5ms, aimer: 0.0ms
[2026-07-02 10:36:54.669] [info] [552] yolo: 5.9ms, tracker: 0.5ms, aimer: 0.0ms
[2026-07-02 10:36:54.709] [info] [553] yolo: 6.0ms, tracker: 0.5ms, aimer: 0.0ms
[2026-07-02 10:36:54.748] [info] [554] yolo: 5.4ms, tracker: 0.7ms, aimer: 0.0ms
[2026-07-02 10:36:54.790] [info] [555] yolo: 7.5ms, tracker: 0.5ms, aimer: 0.0ms
[2026-07-02 10:36:54.836] [info] [556] yolo: 11.1ms, tracker: 0.6ms, aimer: 0.0ms
[2026-07-02 10:36:54.882] [info] [557] yolo: 10.3ms, tracker: 0.6ms, aimer: 0.0ms
[2026-07-02 10:36:54.927] [info] [558] yolo: 10.2ms, tracker: 0.6ms, aimer: 0.0ms
[2026-07-02 10:36:54.972] [info] [559] yolo: 8.6ms, tracker: 0.7ms, aimer: 0.0ms
[2026-07-02 10:36:55.016] [info] [560] yolo: 9.2ms, tracker: 0.0ms, aimer: 0.1ms
[2026-07-02 10:36:55.061] [info] [561] yolo: 9.9ms, tracker: 0.0ms, aimer: 0.0ms
[2026-07-02 10:36:55.105] [info] [562] yolo: 9.3ms, tracker: 0.8ms, aimer: 0.0ms
[2026-07-02 10:36:55.145] [info] [563] yolo: 6.6ms, tracker: 0.0ms, aimer: 0.1ms
[2026-07-02 10:36:55.187] [info] [564] yolo: 7.2ms, tracker: 0.8ms, aimer: 0.0ms
[2026-07-02 10:36:55.235] [info] [565] yolo: 10.6ms, tracker: 0.6ms, aimer: 0.0ms
[2026-07-02 10:36:55.281] [info] [566] yolo: 9.6ms, tracker: 0.6ms, aimer: 0.0ms
[2026-07-02 10:36:55.324] [info] [567] yolo: 8.5ms, tracker: 0.0ms, aimer: 0.1ms
[2026-07-02 10:36:55.367] [info] [568] yolo: 7.0ms, tracker: 0.6ms, aimer: 0.0ms
[2026-07-02 10:36:55.413] [info] [569] yolo: 10.2ms, tracker: 0.0ms, aimer: 0.0ms
[2026-07-02 10:36:55.458] [info] [570] yolo: 10.6ms, tracker: 0.0ms, aimer: 0.0ms
[2026-07-02 10:36:55.501] [info] [571] yolo: 9.1ms, tracker: 0.5ms, aimer: 0.0ms
[2026-07-02 10:36:55.547] [info] [572] yolo: 10.8ms, tracker: 0.6ms, aimer: 0.0ms
[2026-07-02 10:36:55.590] [info] [573] yolo: 9.3ms, tracker: 0.0ms, aimer: 0.1ms
[2026-07-02 10:36:55.636] [info] [574] yolo: 10.3ms, tracker: 0.0ms, aimer: 0.0ms
[2026-07-02 10:36:55.684] [info] [575] yolo: 11.8ms, tracker: 0.6ms, aimer: 0.0ms
[2026-07-02 10:36:55.727] [info] [576] yolo: 8.0ms, tracker: 0.0ms, aimer: 0.0ms
[2026-07-02 10:36:55.774] [info] [577] yolo: 10.4ms, tracker: 0.5ms, aimer: 0.0ms
[2026-07-02 10:36:55.824] [info] [578] yolo: 11.8ms, tracker: 0.5ms, aimer: 0.0ms
[2026-07-02 10:36:55.866] [info] [579] yolo: 6.8ms, tracker: 1.0ms, aimer: 0.1ms
[2026-07-02 10:36:55.913] [info] [580] yolo: 9.7ms, tracker: 0.6ms, aimer: 0.0ms
[2026-07-02 10:36:55.959] [info] [581] yolo: 11.2ms, tracker: 0.5ms, aimer: 0.0ms
[2026-07-02 10:36:56.005] [info] [582] yolo: 11.5ms, tracker: 0.5ms, aimer: 0.0ms
[2026-07-02 10:36:56.051] [info] [583] yolo: 11.3ms, tracker: 0.5ms, aimer: 0.0ms
[2026-07-02 10:36:56.092] [info] [584] yolo: 7.3ms, tracker: 0.0ms, aimer: 0.1ms
[2026-07-02 10:36:56.138] [info] [585] yolo: 10.2ms, tracker: 0.5ms, aimer: 0.0ms
[2026-07-02 10:36:56.183] [info] [586] yolo: 7.2ms, tracker: 0.0ms, aimer: 0.1ms
[2026-07-02 10:36:56.228] [info] [587] yolo: 9.7ms, tracker: 0.0ms, aimer: 0.0ms
[2026-07-02 10:36:56.273] [info] [588] yolo: 9.7ms, tracker: 0.6ms, aimer: 0.0ms
[2026-07-02 10:36:56.317] [info] [589] yolo: 9.1ms, tracker: 0.5ms, aimer: 0.0ms
[2026-07-02 10:36:56.362] [warning] [Tracker] Large dt: 82.573s
[2026-07-02 10:36:56.362] [info] [590] yolo: 10.4ms, tracker: 0.6ms, aimer: 0.0ms
[2026-07-02 10:36:56.408] [info] [591] yolo: 10.1ms, tracker: 0.9ms, aimer: 0.0ms
[2026-07-02 10:36:56.450] [info] [592] yolo: 6.0ms, tracker: 1.6ms, aimer: 0.0ms
[2026-07-02 10:36:56.495] [info] [593] yolo: 9.2ms, tracker: 0.5ms, aimer: 0.0ms
[2026-07-02 10:36:56.541] [info] [594] yolo: 10.7ms, tracker: 0.9ms, aimer: 0.0ms
[2026-07-02 10:36:56.583] [info] [595] yolo: 7.6ms, tracker: 0.5ms, aimer: 0.0ms
[2026-07-02 10:36:56.629] [info] [596] yolo: 9.9ms, tracker: 0.0ms, aimer: 0.0ms
[2026-07-02 10:36:56.670] [info] [597] yolo: 5.8ms, tracker: 1.8ms, aimer: 0.1ms
[2026-07-02 10:36:56.717] [info] [598] yolo: 9.9ms, tracker: 0.0ms, aimer: 0.0ms
[2026-07-02 10:36:56.761] [info] [599] yolo: 10.9ms, tracker: 0.0ms, aimer: 0.0ms
[2026-07-02 10:36:56.803] [info] [600] yolo: 6.9ms, tracker: 1.1ms, aimer: 0.1ms
[2026-07-02 10:36:56.846] [info] [601] yolo: 8.3ms, tracker: 0.9ms, aimer: 0.0ms
[2026-07-02 10:36:56.892] [info] [602] yolo: 10.0ms, tracker: 0.6ms, aimer: 0.0ms
[2026-07-02 10:36:56.937] [info] [603] yolo: 9.1ms, tracker: 0.6ms, aimer: 0.0ms
[2026-07-02 10:36:56.983] [info] [604] yolo: 9.1ms, tracker: 0.9ms, aimer: 0.1ms
[2026-07-02 10:36:57.031] [info] [605] yolo: 10.3ms, tracker: 0.0ms, aimer: 0.1ms
[2026-07-02 10:36:57.079] [info] [606] yolo: 9.5ms, tracker: 0.0ms, aimer: 0.0ms
[2026-07-02 10:36:57.126] [info] [607] yolo: 8.8ms, tracker: 0.0ms, aimer: 0.0ms
[2026-07-02 10:36:57.174] [info] [608] yolo: 7.4ms, tracker: 1.1ms, aimer: 0.1ms
[2026-07-02 10:36:57.217] [warning] [Tracker] Large dt: 1.521s
[2026-07-02 10:36:57.217] [info] [609] yolo: 6.8ms, tracker: 0.1ms, aimer: 0.0ms
[2026-07-02 10:36:57.262] [info] [610] yolo: 10.5ms, tracker: 0.5ms, aimer: 0.0ms
[2026-07-02 10:36:57.308] [info] [611] yolo: 10.6ms, tracker: 0.0ms, aimer: 0.0ms
[2026-07-02 10:36:57.351] [info] [612] yolo: 8.6ms, tracker: 1.0ms, aimer: 0.1ms
[2026-07-02 10:36:57.395] [info] [613] yolo: 9.8ms, tracker: 0.7ms, aimer: 0.0ms
[2026-07-02 10:36:57.440] [info] [614] yolo: 11.7ms, tracker: 0.0ms, aimer: 0.0ms
[2026-07-02 10:36:57.480] [info] [615] yolo: 5.8ms, tracker: 0.0ms, aimer: 0.0ms
[2026-07-02 10:36:57.527] [info] [616] yolo: 12.2ms, tracker: 0.4ms, aimer: 0.0ms
[2026-07-02 10:36:57.572] [info] [617] yolo: 9.0ms, tracker: 0.0ms, aimer: 0.0ms
[2026-07-02 10:36:57.615] [info] [618] yolo: 6.5ms, tracker: 0.9ms, aimer: 0.1ms
[2026-07-02 10:36:57.662] [info] [619] yolo: 10.8ms, tracker: 0.5ms, aimer: 0.0ms
[2026-07-02 10:36:57.708] [info] [620] yolo: 10.3ms, tracker: 0.6ms, aimer: 0.0ms
[2026-07-02 10:36:57.748] [info] [621] yolo: 5.7ms, tracker: 0.0ms, aimer: 0.0ms
[2026-07-02 10:36:57.790] [info] [622] yolo: 6.5ms, tracker: 0.9ms, aimer: 0.1ms
[2026-07-02 10:36:57.835] [info] [623] yolo: 10.2ms, tracker: 0.5ms, aimer: 0.0ms
[2026-07-02 10:36:57.882] [info] [624] yolo: 9.9ms, tracker: 0.6ms, aimer: 0.0ms
[2026-07-02 10:36:57.928] [info] [625] yolo: 8.7ms, tracker: 1.1ms, aimer: 0.0ms
[2026-07-02 10:36:57.974] [info] [626] yolo: 10.4ms, tracker: 0.5ms, aimer: 0.0ms
[2026-07-02 10:36:58.022] [info] [627] yolo: 10.6ms, tracker: 1.0ms, aimer: 0.0ms
[2026-07-02 10:36:58.067] [info] [628] yolo: 6.1ms, tracker: 1.6ms, aimer: 0.0ms
[2026-07-02 10:36:58.113] [info] [629] yolo: 10.4ms, tracker: 0.5ms, aimer: 0.0ms
[2026-07-02 10:36:58.157] [info] [630] yolo: 9.3ms, tracker: 0.0ms, aimer: 0.1ms
[2026-07-02 10:36:58.202] [info] [631] yolo: 10.8ms, tracker: 0.5ms, aimer: 0.0ms
[2026-07-02 10:36:58.249] [info] [632] yolo: 11.4ms, tracker: 0.5ms, aimer: 0.0ms
[2026-07-02 10:36:58.290] [info] [633] yolo: 6.9ms, tracker: 0.0ms, aimer: 0.1ms
[2026-07-02 10:36:58.331] [info] [634] yolo: 6.9ms, tracker: 0.0ms, aimer: 0.1ms
[2026-07-02 10:36:58.377] [info] [635] yolo: 9.5ms, tracker: 0.5ms, aimer: 0.0ms
[2026-07-02 10:36:58.421] [info] [636] yolo: 8.9ms, tracker: 0.8ms, aimer: 0.0ms
[2026-07-02 10:36:58.463] [info] [637] yolo: 8.8ms, tracker: 0.0ms, aimer: 0.1ms
[2026-07-02 10:36:58.504] [info] [638] yolo: 6.7ms, tracker: 0.9ms, aimer: 0.1ms
[2026-07-02 10:36:58.548] [info] [639] yolo: 9.1ms, tracker: 0.6ms, aimer: 0.0ms
[2026-07-02 10:36:58.591] [info] [640] yolo: 9.1ms, tracker: 0.8ms, aimer: 0.0ms
[2026-07-02 10:36:58.636] [info] [641] yolo: 10.8ms, tracker: 0.0ms, aimer: 0.0ms
[2026-07-02 10:36:58.681] [info] [642] yolo: 10.1ms, tracker: 0.0ms, aimer: 0.0ms
[2026-07-02 10:36:58.723] [info] [643] yolo: 9.1ms, tracker: 0.0ms, aimer: 0.0ms
[2026-07-02 10:36:58.768] [info] [644] yolo: 9.8ms, tracker: 0.0ms, aimer: 0.0ms
[2026-07-02 10:36:58.810] [info] [645] yolo: 7.1ms, tracker: 0.0ms, aimer: 0.0ms
[2026-07-02 10:36:58.854] [info] [646] yolo: 9.5ms, tracker: 0.0ms, aimer: 0.0ms
[2026-07-02 10:36:58.895] [info] [647] yolo: 6.0ms, tracker: 0.0ms, aimer: 0.1ms
[2026-07-02 10:36:58.935] [info] [648] yolo: 6.1ms, tracker: 0.0ms, aimer: 0.1ms
[2026-07-02 10:36:58.978] [info] [649] yolo: 6.5ms, tracker: 0.0ms, aimer: 0.1ms
[2026-07-02 10:36:59.024] [info] [650] yolo: 8.4ms, tracker: 0.0ms, aimer: 0.0ms
[2026-07-02 10:36:59.066] [info] [651] yolo: 6.0ms, tracker: 1.1ms, aimer: 0.1ms
[2026-07-02 10:36:59.114] [info] [652] yolo: 9.9ms, tracker: 0.5ms, aimer: 0.0ms
[2026-07-02 10:36:59.156] [info] [653] yolo: 8.9ms, tracker: 0.5ms, aimer: 0.0ms
[2026-07-02 10:36:59.202] [info] [654] yolo: 10.4ms, tracker: 0.6ms, aimer: 0.0ms
[2026-07-02 10:36:59.246] [info] [655] yolo: 11.4ms, tracker: 0.0ms, aimer: 0.0ms
[2026-07-02 10:36:59.290] [info] [656] yolo: 8.1ms, tracker: 0.9ms, aimer: 0.1ms
[2026-07-02 10:36:59.336] [info] [657] yolo: 10.5ms, tracker: 0.7ms, aimer: 0.0ms
[2026-07-02 10:36:59.381] [info] [658] yolo: 10.5ms, tracker: 0.0ms, aimer: 0.0ms
[2026-07-02 10:36:59.423] [info] [659] yolo: 7.4ms, tracker: 0.8ms, aimer: 0.1ms
[2026-07-02 10:36:59.468] [info] [660] yolo: 8.6ms, tracker: 0.6ms, aimer: 0.0ms
[2026-07-02 10:36:59.514] [debug] [Target] r=0.034, l=0.152
[2026-07-02 10:36:59.514] [debug] [Tracker] Target diverged!
[2026-07-02 10:36:59.514] [info] [661] yolo: 9.6ms, tracker: 0.7ms, aimer: 0.0ms
[2026-07-02 10:36:59.555] [info] [662] yolo: 6.8ms, tracker: 1.0ms, aimer: 0.1ms
[2026-07-02 10:36:59.599] [info] [663] yolo: 10.0ms, tracker: 0.0ms, aimer: 0.0ms
[2026-07-02 10:36:59.641] [info] [664] yolo: 7.3ms, tracker: 0.9ms, aimer: 0.1ms
[2026-07-02 10:36:59.684] [info] [665] yolo: 7.2ms, tracker: 0.0ms, aimer: 0.0ms
[2026-07-02 10:36:59.726] [info] [666] yolo: 5.9ms, tracker: 0.9ms, aimer: 0.1ms
[2026-07-02 10:36:59.772] [info] [667] yolo: 5.8ms, tracker: 1.0ms, aimer: 0.0ms
[2026-07-02 10:36:59.818] [info] [668] yolo: 9.6ms, tracker: 0.6ms, aimer: 0.0ms
[2026-07-02 10:36:59.863] [info] [669] yolo: 9.3ms, tracker: 0.6ms, aimer: 0.0ms
[2026-07-02 10:36:59.909] [debug] [Target] r=0.031, l=0.000
[2026-07-02 10:36:59.909] [debug] [Tracker] Target diverged!
[2026-07-02 10:36:59.909] [info] [670] yolo: 11.3ms, tracker: 0.6ms, aimer: 0.0ms
[2026-07-02 10:36:59.952] [info] [671] yolo: 7.9ms, tracker: 0.4ms, aimer: 0.0ms
[2026-07-02 10:36:59.994] [info] [672] yolo: 7.9ms, tracker: 0.6ms, aimer: 0.0ms
[2026-07-02 10:37:00.039] [info] [673] yolo: 8.9ms, tracker: 0.6ms, aimer: 0.0ms
[2026-07-02 10:37:00.088] [info] [674] yolo: 10.8ms, tracker: 0.6ms, aimer: 0.0ms
[2026-07-02 10:37:00.136] [info] [675] yolo: 10.8ms, tracker: 0.6ms, aimer: 0.0ms
[2026-07-02 10:37:00.184] [info] [676] yolo: 9.9ms, tracker: 0.6ms, aimer: 0.0ms
[2026-07-02 10:37:00.228] [info] [677] yolo: 7.9ms, tracker: 0.0ms, aimer: 0.1ms
[2026-07-02 10:37:00.269] [info] [678] yolo: 6.5ms, tracker: 0.0ms, aimer: 0.1ms
[2026-07-02 10:37:00.314] [info] [679] yolo: 6.0ms, tracker: 0.0ms, aimer: 0.1ms
[2026-07-02 10:37:00.360] [info] [680] yolo: 9.2ms, tracker: 0.0ms, aimer: 0.0ms
[2026-07-02 10:37:00.403] [info] [681] yolo: 8.9ms, tracker: 0.0ms, aimer: 0.0ms
[2026-07-02 10:37:00.446] [info] [682] yolo: 9.4ms, tracker: 0.0ms, aimer: 0.1ms
[2026-07-02 10:37:00.488] [info] [683] yolo: 7.2ms, tracker: 0.0ms, aimer: 0.0ms
[2026-07-02 10:37:00.536] [info] [684] yolo: 11.2ms, tracker: 0.0ms, aimer: 0.0ms
[2026-07-02 10:37:00.581] [info] [685] yolo: 10.5ms, tracker: 0.0ms, aimer: 0.0ms
[2026-07-02 10:37:00.622] [info] [686] yolo: 7.7ms, tracker: 0.0ms, aimer: 0.0ms
