[2026-07-22 21:54:59.982] [info] [DesktopGimbal] Opening gimbal serial...
[2026-07-22 21:54:59.982] [warning] [Gimbal] Configured com_port '/dev/gimbal' not found, fallback to '/dev/ttyUSB0'.
[2026-07-22 21:55:00.083] [info] [Gimbal] read_thread started.
[2026-07-22 21:55:00.083] [info] [Gimbal] First q received.
[2026-07-22 21:55:00.083] [info] [DesktopGimbal] Opening camera...
[2026-07-22 21:55:00.989] [info] [Gimbal] Diag: latency=0.00ms, serial_ok=yes
[2026-07-22 21:55:01.989] [info] [Gimbal] Diag: latency=0.00ms, serial_ok=yes
[2026-07-22 21:55:02.987] [info] [Gimbal] Diag: latency=0.00ms, serial_ok=yes
[2026-07-22 21:55:03.987] [info] [Gimbal] Diag: latency=0.00ms, serial_ok=yes
[2026-07-22 21:55:04.987] [info] [Gimbal] Diag: latency=0.00ms, serial_ok=yes
[2026-07-22 21:55:05.988] [info] [Gimbal] Diag: latency=0.00ms, serial_ok=yes
[2026-07-22 21:55:06.988] [info] [Gimbal] Diag: latency=0.00ms, serial_ok=yes
[2026-07-22 21:55:07.989] [info] [Gimbal] Diag: latency=0.00ms, serial_ok=yes
[2026-07-22 21:55:08.989] [info] [Gimbal] Diag: latency=0.00ms, serial_ok=yes
[2026-07-22 21:55:09.989] [info] [Gimbal] Diag: latency=0.01ms, serial_ok=yes
[2026-07-22 21:55:10.987] [info] [Gimbal] Diag: latency=0.01ms, serial_ok=yes
[2026-07-22 21:55:11.988] [info] [Gimbal] Diag: latency=0.00ms, serial_ok=yes
[2026-07-22 21:55:12.988] [info] [Gimbal] Diag: latency=0.00ms, serial_ok=yes
[2026-07-22 21:55:13.988] [info] [Gimbal] Diag: latency=0.00ms, serial_ok=yes
[2026-07-22 21:55:14.989] [info] [Gimbal] Diag: latency=0.00ms, serial_ok=yes
[2026-07-22 21:55:15.989] [info] [Gimbal] Diag: latency=0.00ms, serial_ok=yes
[2026-07-22 21:55:16.989] [info] [Gimbal] Diag: latency=0.00ms, serial_ok=yes
[2026-07-22 21:55:17.990] [info] [Gimbal] Diag: latency=0.03ms, serial_ok=yes
[2026-07-22 21:55:18.987] [info] [Gimbal] Diag: latency=0.00ms, serial_ok=yes
[2026-07-22 21:55:19.988] [info] [Gimbal] Diag: latency=0.00ms, serial_ok=yes
[2026-07-22 21:55:20.988] [info] [Gimbal] Diag: latency=0.00ms, serial_ok=yes
[2026-07-22 21:55:21.989] [info] [Gimbal] Diag: latency=0.02ms, serial_ok=yes
[2026-07-22 21:55:22.989] [info] [Gimbal] Diag: latency=0.00ms, serial_ok=yes
[2026-07-22 21:55:23.989] [info] [Gimbal] Diag: latency=0.00ms, serial_ok=yes
[2026-07-22 21:55:24.990] [info] [Gimbal] Diag: latency=0.00ms, serial_ok=yes
[2026-07-22 21:55:25.990] [info] [Gimbal] Diag: latency=0.00ms, serial_ok=yes
[2026-07-22 21:55:26.988] [info] [Gimbal] Diag: latency=0.00ms, serial_ok=yes
[2026-07-22 21:55:27.988] [info] [Gimbal] Diag: latency=0.00ms, serial_ok=yes
[2026-07-22 21:55:28.988] [info] [Gimbal] Diag: latency=0.00ms, serial_ok=yes
[2026-07-22 21:55:29.989] [info] [Gimbal] Diag: latency=0.00ms, serial_ok=yes
[2026-07-22 21:55:30.989] [info] [Gimbal] Diag: latency=0.00ms, serial_ok=yes
[2026-07-22 21:55:31.990] [info] [Gimbal] Diag: latency=0.00ms, serial_ok=yes
[2026-07-22 21:55:32.990] [info] [Gimbal] Diag: latency=0.00ms, serial_ok=yes
[2026-07-22 21:55:33.991] [info] [Gimbal] Diag: latency=0.00ms, serial_ok=yes
[2026-07-22 21:55:34.988] [info] [Gimbal] Diag: latency=0.00ms, serial_ok=yes
[2026-07-22 21:55:35.989] [info] [Gimbal] Diag: latency=0.00ms, serial_ok=yes
[2026-07-22 21:55:36.989] [info] [Gimbal] Diag: latency=0.00ms, serial_ok=yes
[2026-07-22 21:55:37.989] [info] [Gimbal] Diag: latency=0.00ms, serial_ok=yes
[2026-07-22 21:55:38.990] [info] [Gimbal] Diag: latency=0.00ms, serial_ok=yes
[2026-07-22 21:55:39.990] [info] [Gimbal] Diag: latency=0.00ms, serial_ok=yes
[2026-07-22 21:55:40.991] [info] [Gimbal] Diag: latency=0.00ms, serial_ok=yes
[2026-07-22 21:55:41.991] [info] [Gimbal] Diag: latency=0.00ms, serial_ok=yes
[2026-07-22 21:55:42.988] [info] [Gimbal] Diag: latency=0.00ms, serial_ok=yes
[2026-07-22 21:55:43.989] [info] [Gimbal] Diag: latency=0.00ms, serial_ok=yes
[2026-07-22 21:55:44.989] [info] [Gimbal] Diag: latency=0.00ms, serial_ok=yes
[2026-07-22 21:55:45.990] [info] [Gimbal] Diag: latency=0.00ms, serial_ok=yes
[2026-07-22 21:55:46.990] [info] [Gimbal] Diag: latency=0.00ms, serial_ok=yes
[2026-07-22 21:55:47.990] [info] [Gimbal] Diag: latency=0.00ms, serial_ok=yes
[2026-07-22 21:55:48.991] [info] [Gimbal] Diag: latency=0.00ms, serial_ok=yes
[2026-07-22 21:55:49.991] [info] [Gimbal] Diag: latency=0.00ms, serial_ok=yes
[2026-07-22 21:55:50.989] [info] [Gimbal] Diag: latency=0.00ms, serial_ok=yes
[2026-07-22 21:55:51.989] [info] [Gimbal] Diag: latency=0.00ms, serial_ok=yes
[2026-07-22 21:55:52.990] [info] [Gimbal] Diag: latency=0.00ms, serial_ok=yes
[2026-07-22 21:55:53.990] [info] [Gimbal] Diag: latency=0.00ms, serial_ok=yes
[2026-07-22 21:55:54.990] [info] [Gimbal] Diag: latency=0.00ms, serial_ok=yes
[2026-07-22 21:55:55.991] [info] [Gimbal] Diag: latency=0.00ms, serial_ok=yes
[2026-07-22 21:55:56.991] [info] [Gimbal] Diag: latency=0.00ms, serial_ok=yes
[2026-07-22 21:55:57.992] [info] [Gimbal] Diag: latency=0.00ms, serial_ok=yes
[2026-07-22 21:55:58.992] [info] [Gimbal] Diag: latency=0.00ms, serial_ok=yes
[2026-07-22 21:55:59.989] [info] [Gimbal] Diag: latency=0.00ms, serial_ok=yes
[2026-07-22 21:56:00.990] [info] [Gimbal] Diag: latency=0.00ms, serial_ok=yes
[2026-07-22 21:56:01.990] [info] [Gimbal] Diag: latency=0.00ms, serial_ok=yes
[2026-07-22 21:56:02.991] [info] [Gimbal] Diag: latency=0.00ms, serial_ok=yes
[2026-07-22 21:56:03.991] [info] [Gimbal] Diag: latency=0.00ms, serial_ok=yes
[2026-07-22 21:56:04.991] [info] [Gimbal] Diag: latency=0.00ms, serial_ok=yes
[2026-07-22 21:56:05.992] [info] [Gimbal] Diag: latency=0.00ms, serial_ok=yes
[2026-07-22 21:56:06.992] [info] [Gimbal] Diag: latency=0.00ms, serial_ok=yes
[2026-07-22 21:56:07.992] [info] [Gimbal] Diag: latency=0.00ms, serial_ok=yes
[2026-07-22 21:56:08.990] [info] [Gimbal] Diag: latency=0.00ms, serial_ok=yes
[2026-07-22 21:56:09.990] [info] [Gimbal] Diag: latency=0.00ms, serial_ok=yes
[2026-07-22 21:56:10.991] [info] [Gimbal] Diag: latency=0.00ms, serial_ok=yes
[2026-07-22 21:56:11.991] [info] [Gimbal] Diag: latency=0.00ms, serial_ok=yes
[2026-07-22 21:56:12.991] [info] [Gimbal] Diag: latency=0.00ms, serial_ok=yes
[2026-07-22 21:56:13.992] [info] [Gimbal] Diag: latency=0.00ms, serial_ok=yes
[2026-07-22 21:56:14.992] [info] [Gimbal] Diag: latency=0.00ms, serial_ok=yes
[2026-07-22 21:56:15.993] [info] [Gimbal] Diag: latency=0.00ms, serial_ok=yes
[2026-07-22 21:56:16.991] [info] [Gimbal] Diag: latency=0.00ms, serial_ok=yes
[2026-07-22 21:56:17.991] [info] [Gimbal] Diag: latency=0.00ms, serial_ok=yes
[2026-07-22 21:56:18.991] [info] [Gimbal] Diag: latency=0.00ms, serial_ok=yes
[2026-07-22 21:56:19.992] [info] [Gimbal] Diag: latency=0.00ms, serial_ok=yes
[2026-07-22 21:56:20.992] [info] [Gimbal] Diag: latency=0.00ms, serial_ok=yes
[2026-07-22 21:56:21.992] [info] [Gimbal] Diag: latency=0.00ms, serial_ok=yes
[2026-07-22 21:56:22.993] [info] [Gimbal] Diag: latency=0.00ms, serial_ok=yes
[2026-07-22 21:56:23.993] [info] [Gimbal] Diag: latency=0.00ms, serial_ok=yes
[2026-07-22 21:56:24.991] [info] [Gimbal] Diag: latency=0.00ms, serial_ok=yes
[2026-07-22 21:56:25.991] [info] [Gimbal] Diag: latency=0.00ms, serial_ok=yes
[2026-07-22 21:56:26.991] [info] [Gimbal] Diag: latency=0.00ms, serial_ok=yes
[2026-07-22 21:56:27.992] [info] [Gimbal] Diag: latency=0.00ms, serial_ok=yes
[2026-07-22 21:56:28.992] [info] [Gimbal] Diag: latency=0.00ms, serial_ok=yes
[2026-07-22 21:56:29.993] [info] [Gimbal] Diag: latency=0.00ms, serial_ok=yes
[2026-07-22 21:56:30.993] [info] [Gimbal] Diag: latency=0.00ms, serial_ok=yes
[2026-07-22 21:56:31.994] [info] [Gimbal] Diag: latency=0.00ms, serial_ok=yes
[2026-07-22 21:56:32.991] [info] [Gimbal] Diag: latency=0.00ms, serial_ok=yes
[2026-07-22 21:56:33.991] [info] [Gimbal] Diag: latency=0.00ms, serial_ok=yes
[2026-07-22 21:56:34.992] [info] [Gimbal] Diag: latency=0.00ms, serial_ok=yes
[2026-07-22 21:56:35.992] [info] [Gimbal] Diag: latency=0.00ms, serial_ok=yes
[2026-07-22 21:56:36.993] [info] [Gimbal] Diag: latency=0.00ms, serial_ok=yes
[2026-07-22 21:56:37.993] [info] [Gimbal] Diag: latency=0.00ms, serial_ok=yes
[2026-07-22 21:56:38.993] [info] [Gimbal] Diag: latency=0.00ms, serial_ok=yes
[2026-07-22 21:56:39.994] [info] [Gimbal] Diag: latency=0.00ms, serial_ok=yes
[2026-07-22 21:56:40.991] [info] [Gimbal] Diag: latency=0.00ms, serial_ok=yes
[2026-07-22 21:56:41.992] [info] [Gimbal] Diag: latency=0.00ms, serial_ok=yes
[2026-07-22 21:56:42.992] [info] [Gimbal] Diag: latency=0.00ms, serial_ok=yes
[2026-07-22 21:56:43.993] [info] [Gimbal] Diag: latency=0.00ms, serial_ok=yes
[2026-07-22 21:56:44.993] [info] [Gimbal] Diag: latency=0.00ms, serial_ok=yes
[2026-07-22 21:56:45.994] [info] [Gimbal] Diag: latency=0.00ms, serial_ok=yes
[2026-07-22 21:56:46.994] [info] [Gimbal] Diag: latency=0.00ms, serial_ok=yes
[2026-07-22 21:56:47.991] [info] [Gimbal] Diag: latency=0.00ms, serial_ok=yes
[2026-07-22 21:56:48.992] [info] [Gimbal] Diag: latency=0.00ms, serial_ok=yes
[2026-07-22 21:56:49.993] [info] [Gimbal] Diag: latency=0.00ms, serial_ok=yes
[2026-07-22 21:56:50.993] [info] [Gimbal] Diag: latency=0.00ms, serial_ok=yes
[2026-07-22 21:56:51.993] [info] [Gimbal] Diag: latency=0.00ms, serial_ok=yes
[2026-07-22 21:56:52.994] [info] [Gimbal] Diag: latency=0.00ms, serial_ok=yes
[2026-07-22 21:56:53.994] [info] [Gimbal] Diag: latency=0.00ms, serial_ok=yes
[2026-07-22 21:56:54.995] [info] [Gimbal] Diag: latency=0.00ms, serial_ok=yes
[2026-07-22 21:56:55.992] [info] [Gimbal] Diag: latency=0.00ms, serial_ok=yes
[2026-07-22 21:56:56.993] [info] [Gimbal] Diag: latency=0.00ms, serial_ok=yes
[2026-07-22 21:56:57.993] [info] [Gimbal] Diag: latency=0.00ms, serial_ok=yes
[2026-07-22 21:56:58.994] [info] [Gimbal] Diag: latency=0.00ms, serial_ok=yes
[2026-07-22 21:56:59.994] [info] [Gimbal] Diag: latency=0.00ms, serial_ok=yes
[2026-07-22 21:57:00.994] [info] [Gimbal] Diag: latency=0.00ms, serial_ok=yes
[2026-07-22 21:57:01.995] [info] [Gimbal] Diag: latency=0.00ms, serial_ok=yes
[2026-07-22 21:57:02.995] [info] [Gimbal] Diag: latency=0.00ms, serial_ok=yes
[2026-07-22 21:57:03.992] [info] [Gimbal] Diag: latency=0.00ms, serial_ok=yes
[2026-07-22 21:57:04.993] [info] [Gimbal] Diag: latency=0.00ms, serial_ok=yes
[2026-07-22 21:57:05.993] [info] [Gimbal] Diag: latency=0.00ms, serial_ok=yes
[2026-07-22 21:57:06.994] [info] [Gimbal] Diag: latency=0.00ms, serial_ok=yes
[2026-07-22 21:57:07.994] [info] [Gimbal] Diag: latency=0.00ms, serial_ok=yes
[2026-07-22 21:57:08.995] [info] [Gimbal] Diag: latency=0.00ms, serial_ok=yes
[2026-07-22 21:57:09.995] [info] [Gimbal] Diag: latency=0.00ms, serial_ok=yes
[2026-07-22 21:57:10.995] [info] [Gimbal] Diag: latency=0.00ms, serial_ok=yes
[2026-07-22 21:57:11.993] [info] [Gimbal] Diag: latency=0.00ms, serial_ok=yes
[2026-07-22 21:57:12.993] [info] [Gimbal] Diag: latency=0.00ms, serial_ok=yes
[2026-07-22 21:57:13.994] [info] [Gimbal] Diag: latency=0.00ms, serial_ok=yes
[2026-07-22 21:57:14.994] [info] [Gimbal] Diag: latency=0.00ms, serial_ok=yes
[2026-07-22 21:57:15.995] [info] [Gimbal] Diag: latency=0.00ms, serial_ok=yes
[2026-07-22 21:57:16.995] [info] [Gimbal] Diag: latency=0.00ms, serial_ok=yes
[2026-07-22 21:57:17.995] [info] [Gimbal] Diag: latency=0.00ms, serial_ok=yes
[2026-07-22 21:57:18.996] [info] [Gimbal] Diag: latency=0.00ms, serial_ok=yes
[2026-07-22 21:57:19.993] [info] [Gimbal] Diag: latency=0.00ms, serial_ok=yes
[2026-07-22 21:57:20.994] [info] [Gimbal] Diag: latency=0.00ms, serial_ok=yes
[2026-07-22 21:57:21.994] [info] [Gimbal] Diag: latency=0.00ms, serial_ok=yes
[2026-07-22 21:57:22.994] [info] [Gimbal] Diag: latency=0.00ms, serial_ok=yes
[2026-07-22 21:57:23.995] [info] [Gimbal] Diag: latency=0.00ms, serial_ok=yes
[2026-07-22 21:57:24.995] [info] [Gimbal] Diag: latency=0.00ms, serial_ok=yes
[2026-07-22 21:57:25.996] [info] [Gimbal] Diag: latency=0.00ms, serial_ok=yes
[2026-07-22 21:57:26.995] [info] [Gimbal] Diag: latency=0.00ms, serial_ok=yes
[2026-07-22 21:57:27.996] [info] [Gimbal] Diag: latency=0.00ms, serial_ok=yes
[2026-07-22 21:57:28.994] [info] [Gimbal] Diag: latency=0.00ms, serial_ok=yes
[2026-07-22 21:57:29.994] [info] [Gimbal] Diag: latency=0.00ms, serial_ok=yes
[2026-07-22 21:57:30.994] [info] [Gimbal] Diag: latency=0.00ms, serial_ok=yes
[2026-07-22 21:57:31.995] [info] [Gimbal] Diag: latency=0.00ms, serial_ok=yes
[2026-07-22 21:57:32.995] [info] [Gimbal] Diag: latency=0.00ms, serial_ok=yes
[2026-07-22 21:57:33.996] [info] [Gimbal] Diag: latency=0.00ms, serial_ok=yes
[2026-07-22 21:57:34.996] [info] [Gimbal] Diag: latency=0.00ms, serial_ok=yes
[2026-07-22 21:57:35.996] [info] [Gimbal] Diag: latency=0.00ms, serial_ok=yes
[2026-07-22 21:57:36.994] [info] [Gimbal] Diag: latency=0.00ms, serial_ok=yes
[2026-07-22 21:57:37.995] [info] [Gimbal] Diag: latency=0.00ms, serial_ok=yes
[2026-07-22 21:57:38.995] [info] [Gimbal] Diag: latency=0.00ms, serial_ok=yes
[2026-07-22 21:57:39.995] [info] [Gimbal] Diag: latency=0.00ms, serial_ok=yes
[2026-07-22 21:57:40.996] [info] [Gimbal] Diag: latency=0.00ms, serial_ok=yes
[2026-07-22 21:57:41.996] [info] [Gimbal] Diag: latency=0.00ms, serial_ok=yes
[2026-07-22 21:57:42.996] [info] [Gimbal] Diag: latency=0.00ms, serial_ok=yes
[2026-07-22 21:57:43.997] [info] [Gimbal] Diag: latency=0.00ms, serial_ok=yes
[2026-07-22 21:57:44.995] [info] [Gimbal] Diag: latency=0.00ms, serial_ok=yes
[2026-07-22 21:57:45.995] [info] [Gimbal] Diag: latency=0.00ms, serial_ok=yes
[2026-07-22 21:57:46.995] [info] [Gimbal] Diag: latency=0.00ms, serial_ok=yes
[2026-07-22 21:57:47.996] [info] [Gimbal] Diag: latency=0.00ms, serial_ok=yes
[2026-07-22 21:57:48.996] [info] [Gimbal] Diag: latency=0.00ms, serial_ok=yes
[2026-07-22 21:57:49.996] [info] [Gimbal] Diag: latency=0.00ms, serial_ok=yes
[2026-07-22 21:57:50.997] [info] [Gimbal] Diag: latency=0.00ms, serial_ok=yes
[2026-07-22 21:57:51.997] [info] [Gimbal] Diag: latency=0.00ms, serial_ok=yes
[2026-07-22 21:57:52.995] [info] [Gimbal] Diag: latency=0.00ms, serial_ok=yes
[2026-07-22 21:57:53.995] [info] [Gimbal] Diag: latency=0.00ms, serial_ok=yes
[2026-07-22 21:57:54.995] [info] [Gimbal] Diag: latency=0.00ms, serial_ok=yes
[2026-07-22 21:57:55.996] [info] [Gimbal] Diag: latency=0.00ms, serial_ok=yes
[2026-07-22 21:57:56.996] [info] [Gimbal] Diag: latency=0.00ms, serial_ok=yes
[2026-07-22 21:57:57.996] [info] [Gimbal] Diag: latency=0.00ms, serial_ok=yes
[2026-07-22 21:57:58.997] [info] [Gimbal] Diag: latency=0.00ms, serial_ok=yes
[2026-07-22 21:57:59.997] [info] [Gimbal] Diag: latency=0.00ms, serial_ok=yes
[2026-07-22 21:58:00.997] [info] [Gimbal] Diag: latency=0.00ms, serial_ok=yes
[2026-07-22 21:58:01.998] [info] [Gimbal] Diag: latency=0.00ms, serial_ok=yes
[2026-07-22 21:58:02.995] [info] [Gimbal] Diag: latency=0.00ms, serial_ok=yes
[2026-07-22 21:58:03.996] [info] [Gimbal] Diag: latency=0.00ms, serial_ok=yes
[2026-07-22 21:58:04.996] [info] [Gimbal] Diag: latency=0.00ms, serial_ok=yes
[2026-07-22 21:58:05.997] [info] [Gimbal] Diag: latency=0.00ms, serial_ok=yes
[2026-07-22 21:58:06.997] [info] [Gimbal] Diag: latency=0.00ms, serial_ok=yes
[2026-07-22 21:58:07.998] [info] [Gimbal] Diag: latency=0.00ms, serial_ok=yes
[2026-07-22 21:58:08.998] [info] [Gimbal] Diag: latency=0.00ms, serial_ok=yes
[2026-07-22 21:58:09.998] [info] [Gimbal] Diag: latency=0.00ms, serial_ok=yes
[2026-07-22 21:58:10.996] [info] [Gimbal] Diag: latency=0.00ms, serial_ok=yes
[2026-07-22 21:58:11.996] [info] [Gimbal] Diag: latency=0.00ms, serial_ok=yes
[2026-07-22 21:58:12.996] [info] [Gimbal] Diag: latency=0.00ms, serial_ok=yes
[2026-07-22 21:58:13.997] [info] [Gimbal] Diag: latency=0.00ms, serial_ok=yes
[2026-07-22 21:58:14.997] [info] [Gimbal] Diag: latency=0.00ms, serial_ok=yes
[2026-07-22 21:58:15.998] [info] [Gimbal] Diag: latency=0.00ms, serial_ok=yes
[2026-07-22 21:58:16.998] [info] [Gimbal] Diag: latency=0.00ms, serial_ok=yes
[2026-07-22 21:58:17.998] [info] [Gimbal] Diag: latency=0.00ms, serial_ok=yes
[2026-07-22 21:58:18.996] [info] [Gimbal] Diag: latency=0.00ms, serial_ok=yes
[2026-07-22 21:58:19.996] [info] [Gimbal] Diag: latency=0.00ms, serial_ok=yes
[2026-07-22 21:58:20.997] [info] [Gimbal] Diag: latency=0.00ms, serial_ok=yes
[2026-07-22 21:58:21.997] [info] [Gimbal] Diag: latency=0.00ms, serial_ok=yes
[2026-07-22 21:58:22.998] [info] [Gimbal] Diag: latency=0.00ms, serial_ok=yes
[2026-07-22 21:58:23.998] [info] [Gimbal] Diag: latency=0.00ms, serial_ok=yes
[2026-07-22 21:58:24.998] [info] [Gimbal] Diag: latency=0.00ms, serial_ok=yes
[2026-07-22 21:58:25.999] [info] [Gimbal] Diag: latency=0.00ms, serial_ok=yes
[2026-07-22 21:58:26.996] [info] [Gimbal] Diag: latency=0.00ms, serial_ok=yes
[2026-07-22 21:58:27.997] [info] [Gimbal] Diag: latency=0.00ms, serial_ok=yes
[2026-07-22 21:58:28.997] [info] [Gimbal] Diag: latency=0.00ms, serial_ok=yes
[2026-07-22 21:58:29.998] [info] [Gimbal] Diag: latency=0.00ms, serial_ok=yes
[2026-07-22 21:58:30.998] [info] [Gimbal] Diag: latency=0.00ms, serial_ok=yes
[2026-07-22 21:58:31.998] [info] [Gimbal] Diag: latency=0.00ms, serial_ok=yes
[2026-07-22 21:58:32.999] [info] [Gimbal] Diag: latency=0.00ms, serial_ok=yes
[2026-07-22 21:58:33.999] [info] [Gimbal] Diag: latency=0.00ms, serial_ok=yes
[2026-07-22 21:58:34.997] [info] [Gimbal] Diag: latency=0.00ms, serial_ok=yes
[2026-07-22 21:58:35.997] [info] [Gimbal] Diag: latency=0.00ms, serial_ok=yes
[2026-07-22 21:58:36.997] [info] [Gimbal] Diag: latency=0.00ms, serial_ok=yes
[2026-07-22 21:58:37.998] [info] [Gimbal] Diag: latency=0.00ms, serial_ok=yes
[2026-07-22 21:58:38.998] [info] [Gimbal] Diag: latency=0.00ms, serial_ok=yes
[2026-07-22 21:58:39.999] [info] [Gimbal] Diag: latency=0.00ms, serial_ok=yes
[2026-07-22 21:58:40.999] [info] [Gimbal] Diag: latency=0.00ms, serial_ok=yes
[2026-07-22 21:58:41.999] [info] [Gimbal] Diag: latency=0.00ms, serial_ok=yes
[2026-07-22 21:58:43.000] [info] [Gimbal] Diag: latency=0.00ms, serial_ok=yes
[2026-07-22 21:58:43.997] [info] [Gimbal] Diag: latency=0.00ms, serial_ok=yes
[2026-07-22 21:58:44.998] [info] [Gimbal] Diag: latency=0.00ms, serial_ok=yes
[2026-07-22 21:58:45.998] [info] [Gimbal] Diag: latency=0.00ms, serial_ok=yes
[2026-07-22 21:58:46.998] [info] [Gimbal] Diag: latency=0.00ms, serial_ok=yes
[2026-07-22 21:58:47.999] [info] [Gimbal] Diag: latency=0.00ms, serial_ok=yes
[2026-07-22 21:58:48.999] [info] [Gimbal] Diag: latency=0.00ms, serial_ok=yes
[2026-07-22 21:58:49.999] [info] [Gimbal] Diag: latency=0.00ms, serial_ok=yes
[2026-07-22 21:58:51.000] [info] [Gimbal] Diag: latency=0.00ms, serial_ok=yes
[2026-07-22 21:58:52.000] [info] [Gimbal] Diag: latency=0.00ms, serial_ok=yes
[2026-07-22 21:58:52.998] [info] [Gimbal] Diag: latency=0.00ms, serial_ok=yes
[2026-07-22 21:58:53.998] [info] [Gimbal] Diag: latency=0.00ms, serial_ok=yes
[2026-07-22 21:58:54.999] [info] [Gimbal] Diag: latency=0.00ms, serial_ok=yes
[2026-07-22 21:58:55.999] [info] [Gimbal] Diag: latency=0.00ms, serial_ok=yes
[2026-07-22 21:58:56.999] [info] [Gimbal] Diag: latency=0.00ms, serial_ok=yes
[2026-07-22 21:58:58.000] [info] [Gimbal] Diag: latency=0.00ms, serial_ok=yes
[2026-07-22 21:58:59.000] [info] [Gimbal] Diag: latency=0.00ms, serial_ok=yes
[2026-07-22 21:59:00.000] [info] [Gimbal] Diag: latency=0.00ms, serial_ok=yes
[2026-07-22 21:59:01.000] [info] [Gimbal] Diag: latency=0.00ms, serial_ok=yes
[2026-07-22 21:59:01.998] [info] [Gimbal] Diag: latency=0.00ms, serial_ok=yes
[2026-07-22 21:59:02.998] [info] [Gimbal] Diag: latency=0.00ms, serial_ok=yes
[2026-07-22 21:59:03.999] [info] [Gimbal] Diag: latency=0.00ms, serial_ok=yes
[2026-07-22 21:59:04.999] [info] [Gimbal] Diag: latency=0.00ms, serial_ok=yes
[2026-07-22 21:59:06.000] [info] [Gimbal] Diag: latency=0.00ms, serial_ok=yes
[2026-07-22 21:59:07.000] [info] [Gimbal] Diag: latency=0.00ms, serial_ok=yes
[2026-07-22 21:59:08.001] [info] [Gimbal] Diag: latency=0.00ms, serial_ok=yes
[2026-07-22 21:59:09.001] [info] [Gimbal] Diag: latency=0.00ms, serial_ok=yes
[2026-07-22 21:59:09.998] [info] [Gimbal] Diag: latency=0.00ms, serial_ok=yes
[2026-07-22 21:59:10.999] [info] [Gimbal] Diag: latency=0.00ms, serial_ok=yes
[2026-07-22 21:59:11.999] [info] [Gimbal] Diag: latency=0.00ms, serial_ok=yes
[2026-07-22 21:59:12.999] [info] [Gimbal] Diag: latency=0.00ms, serial_ok=yes
[2026-07-22 21:59:14.000] [info] [Gimbal] Diag: latency=0.00ms, serial_ok=yes
[2026-07-22 21:59:15.000] [info] [Gimbal] Diag: latency=0.00ms, serial_ok=yes
[2026-07-22 21:59:16.001] [info] [Gimbal] Diag: latency=0.00ms, serial_ok=yes
[2026-07-22 21:59:17.001] [info] [Gimbal] Diag: latency=0.00ms, serial_ok=yes
[2026-07-22 21:59:17.998] [info] [Gimbal] Diag: latency=0.00ms, serial_ok=yes
[2026-07-22 21:59:18.999] [info] [Gimbal] Diag: latency=0.00ms, serial_ok=yes
[2026-07-22 21:59:20.000] [info] [Gimbal] Diag: latency=0.00ms, serial_ok=yes
[2026-07-22 21:59:21.000] [info] [Gimbal] Diag: latency=0.00ms, serial_ok=yes
[2026-07-22 21:59:22.000] [info] [Gimbal] Diag: latency=0.00ms, serial_ok=yes
[2026-07-22 21:59:23.001] [info] [Gimbal] Diag: latency=0.00ms, serial_ok=yes
[2026-07-22 21:59:24.001] [info] [Gimbal] Diag: latency=0.00ms, serial_ok=yes
[2026-07-22 21:59:25.001] [info] [Gimbal] Diag: latency=0.00ms, serial_ok=yes
[2026-07-22 21:59:26.001] [info] [Gimbal] Diag: latency=0.00ms, serial_ok=yes
[2026-07-22 21:59:26.999] [info] [Gimbal] Diag: latency=0.00ms, serial_ok=yes
[2026-07-22 21:59:28.000] [info] [Gimbal] Diag: latency=0.00ms, serial_ok=yes
[2026-07-22 21:59:29.000] [info] [Gimbal] Diag: latency=0.00ms, serial_ok=yes
[2026-07-22 21:59:30.001] [info] [Gimbal] Diag: latency=0.00ms, serial_ok=yes
[2026-07-22 21:59:31.001] [info] [Gimbal] Diag: latency=0.00ms, serial_ok=yes
[2026-07-22 21:59:32.001] [info] [Gimbal] Diag: latency=0.00ms, serial_ok=yes
[2026-07-22 21:59:33.002] [info] [Gimbal] Diag: latency=0.00ms, serial_ok=yes
[2026-07-22 21:59:33.999] [info] [Gimbal] Diag: latency=0.00ms, serial_ok=yes
[2026-07-22 21:59:35.000] [info] [Gimbal] Diag: latency=0.00ms, serial_ok=yes
[2026-07-22 21:59:36.000] [info] [Gimbal] Diag: latency=0.00ms, serial_ok=yes
[2026-07-22 21:59:37.001] [info] [Gimbal] Diag: latency=0.00ms, serial_ok=yes
[2026-07-22 21:59:37.067] [info] [DesktopGimbal] Shutdown.
[2026-07-22 21:59:37.285] [info] [Gimbal] read_thread stopped.
