[2026-07-22 21:29:34.454] [info] [DesktopGimbal] Opening gimbal serial...
[2026-07-22 21:29:34.454] [warning] [Gimbal] Configured com_port '/dev/gimbal' not found, fallback to '/dev/ttyUSB0'.
[2026-07-22 21:29:34.555] [info] [Gimbal] read_thread started.
[2026-07-22 21:29:34.556] [info] [Gimbal] First q received.
[2026-07-22 21:29:34.556] [info] [DesktopGimbal] Opening camera...
[2026-07-22 21:29:35.456] [info] [Gimbal] Diag: latency=0.00ms, serial_ok=yes
[2026-07-22 21:29:35.820] [info] [YOLO26N] model=assets/yolo26n.xml, device=CPU, target_is_red=false
[2026-07-22 21:29:36.131] [info] [MultiThreadDetector] initialized !
[2026-07-22 21:29:36.132] [info] [DesktopGimbal] Entering main loop.
[2026-07-22 21:29:36.456] [info] [Gimbal] Diag: latency=0.00ms, serial_ok=yes
[2026-07-22 21:29:36.607] [warning] [Gimbal] Invalid mode: 90
[2026-07-22 21:29:37.339] [info] [Gimbal] Diag: latency=0.00ms, serial_ok=yes
[2026-07-22 21:29:38.178] [info] [Gimbal] Diag: latency=0.00ms, serial_ok=yes
[2026-07-22 21:29:39.021] [info] [Gimbal] Diag: latency=0.00ms, serial_ok=yes
[2026-07-22 21:29:39.861] [info] [Gimbal] Diag: latency=0.00ms, serial_ok=yes
[2026-07-22 21:29:40.704] [info] [Gimbal] Diag: latency=0.00ms, serial_ok=yes
[2026-07-22 21:29:41.539] [info] [Gimbal] Diag: latency=0.00ms, serial_ok=yes
[2026-07-22 21:29:42.376] [info] [Gimbal] Diag: latency=0.00ms, serial_ok=yes
[2026-07-22 21:29:43.217] [info] [Gimbal] Diag: latency=0.00ms, serial_ok=yes
[2026-07-22 21:29:43.563] [warning] [Gimbal] Invalid mode: 90
[2026-07-22 21:29:44.059] [info] [Gimbal] Diag: latency=0.00ms, serial_ok=yes
[2026-07-22 21:29:44.909] [info] [Gimbal] Diag: latency=0.00ms, serial_ok=yes
[2026-07-22 21:29:45.751] [info] [Gimbal] Diag: latency=0.00ms, serial_ok=yes
[2026-07-22 21:29:46.596] [info] [Gimbal] Diag: latency=0.00ms, serial_ok=yes
[2026-07-22 21:29:47.435] [info] [Gimbal] Diag: latency=0.00ms, serial_ok=yes
[2026-07-22 21:29:48.279] [info] [Gimbal] Diag: latency=0.00ms, serial_ok=yes
[2026-07-22 21:29:49.118] [info] [Gimbal] Diag: latency=0.00ms, serial_ok=yes
[2026-07-22 21:29:49.951] [info] [Gimbal] Diag: latency=0.00ms, serial_ok=yes
[2026-07-22 21:29:50.788] [info] [Gimbal] Diag: latency=0.00ms, serial_ok=yes
[2026-07-22 21:29:51.627] [info] [Gimbal] Diag: latency=0.00ms, serial_ok=yes
[2026-07-22 21:29:52.462] [info] [Gimbal] Diag: latency=0.00ms, serial_ok=yes
[2026-07-22 21:29:52.535] [warning] [Gimbal] Invalid mode: 90
[2026-07-22 21:29:53.286] [info] [Gimbal] Diag: latency=0.00ms, serial_ok=yes
[2026-07-22 21:29:54.125] [info] [Gimbal] Diag: latency=0.00ms, serial_ok=yes
[2026-07-22 21:29:54.964] [info] [Gimbal] Diag: latency=0.00ms, serial_ok=yes
[2026-07-22 21:29:55.797] [info] [Gimbal] Diag: latency=0.00ms, serial_ok=yes
[2026-07-22 21:29:56.642] [info] [Gimbal] Diag: latency=0.00ms, serial_ok=yes
[2026-07-22 21:29:57.482] [info] [Gimbal] Diag: latency=0.00ms, serial_ok=yes
[2026-07-22 21:29:58.330] [info] [Gimbal] Diag: latency=0.00ms, serial_ok=yes
[2026-07-22 21:29:59.162] [info] [Gimbal] Diag: latency=0.00ms, serial_ok=yes
[2026-07-22 21:29:59.996] [info] [Gimbal] Diag: latency=0.00ms, serial_ok=yes
[2026-07-22 21:30:00.830] [info] [Gimbal] Diag: latency=0.00ms, serial_ok=yes
[2026-07-22 21:30:01.669] [info] [Gimbal] Diag: latency=0.00ms, serial_ok=yes
[2026-07-22 21:30:02.517] [info] [Gimbal] Diag: latency=0.00ms, serial_ok=yes
[2026-07-22 21:30:03.366] [info] [Gimbal] Diag: latency=0.00ms, serial_ok=yes
[2026-07-22 21:30:04.207] [info] [Gimbal] Diag: latency=0.00ms, serial_ok=yes
[2026-07-22 21:30:05.046] [info] [Gimbal] Diag: latency=0.00ms, serial_ok=yes
[2026-07-22 21:30:05.878] [info] [Gimbal] Diag: latency=0.00ms, serial_ok=yes
[2026-07-22 21:30:06.721] [info] [Gimbal] Diag: latency=0.00ms, serial_ok=yes
[2026-07-22 21:30:07.559] [info] [Gimbal] Diag: latency=0.00ms, serial_ok=yes
[2026-07-22 21:30:08.402] [info] [Gimbal] Diag: latency=0.00ms, serial_ok=yes
[2026-07-22 21:30:09.239] [info] [Gimbal] Diag: latency=0.00ms, serial_ok=yes
[2026-07-22 21:30:10.074] [info] [Gimbal] Diag: latency=0.00ms, serial_ok=yes
[2026-07-22 21:30:10.909] [info] [Gimbal] Diag: latency=0.00ms, serial_ok=yes
[2026-07-22 21:30:11.745] [info] [Gimbal] Diag: latency=0.00ms, serial_ok=yes
[2026-07-22 21:30:12.579] [info] [Gimbal] Diag: latency=0.00ms, serial_ok=yes
[2026-07-22 21:30:13.419] [info] [Gimbal] Diag: latency=0.00ms, serial_ok=yes
[2026-07-22 21:30:14.254] [info] [Gimbal] Diag: latency=0.00ms, serial_ok=yes
[2026-07-22 21:30:15.090] [info] [Gimbal] Diag: latency=0.00ms, serial_ok=yes
[2026-07-22 21:30:15.920] [info] [Gimbal] Diag: latency=0.00ms, serial_ok=yes
[2026-07-22 21:30:16.780] [info] [Gimbal] Diag: latency=0.00ms, serial_ok=yes
[2026-07-22 21:30:17.616] [info] [Gimbal] Diag: latency=0.00ms, serial_ok=yes
[2026-07-22 21:30:18.444] [info] [Gimbal] Diag: latency=0.00ms, serial_ok=yes
[2026-07-22 21:30:19.286] [info] [Gimbal] Diag: latency=0.00ms, serial_ok=yes
[2026-07-22 21:30:20.148] [info] [Gimbal] Diag: latency=0.00ms, serial_ok=yes
[2026-07-22 21:30:20.996] [info] [Gimbal] Diag: latency=0.00ms, serial_ok=yes
[2026-07-22 21:30:21.847] [info] [Gimbal] Diag: latency=0.00ms, serial_ok=yes
[2026-07-22 21:30:22.685] [info] [Gimbal] Diag: latency=0.00ms, serial_ok=yes
[2026-07-22 21:30:23.266] [warning] [Gimbal] Invalid mode: 90
[2026-07-22 21:30:23.520] [info] [Gimbal] Diag: latency=0.00ms, serial_ok=yes
[2026-07-22 21:30:24.373] [info] [Gimbal] Diag: latency=0.00ms, serial_ok=yes
[2026-07-22 21:30:25.200] [info] [Gimbal] Diag: latency=0.00ms, serial_ok=yes
[2026-07-22 21:30:26.064] [info] [Gimbal] Diag: latency=0.00ms, serial_ok=yes
[2026-07-22 21:30:26.910] [info] [Gimbal] Diag: latency=0.00ms, serial_ok=yes
[2026-07-22 21:30:27.040] [warning] [Gimbal] Invalid mode: 90
[2026-07-22 21:30:27.746] [info] [Gimbal] Diag: latency=0.00ms, serial_ok=yes
[2026-07-22 21:30:28.583] [info] [Gimbal] Diag: latency=0.00ms, serial_ok=yes
[2026-07-22 21:30:29.411] [info] [Gimbal] Diag: latency=0.00ms, serial_ok=yes
[2026-07-22 21:30:30.267] [info] [Gimbal] Diag: latency=0.00ms, serial_ok=yes
[2026-07-22 21:30:31.094] [info] [Gimbal] Diag: latency=0.00ms, serial_ok=yes
[2026-07-22 21:30:31.935] [info] [Gimbal] Diag: latency=0.00ms, serial_ok=yes
[2026-07-22 21:30:32.535] [warning] [Gimbal] Invalid mode: 90
[2026-07-22 21:30:32.771] [info] [Gimbal] Diag: latency=0.00ms, serial_ok=yes
[2026-07-22 21:30:33.611] [info] [Gimbal] Diag: latency=0.00ms, serial_ok=yes
[2026-07-22 21:30:34.457] [info] [Gimbal] Diag: latency=0.00ms, serial_ok=yes
[2026-07-22 21:30:35.305] [info] [Gimbal] Diag: latency=0.00ms, serial_ok=yes
[2026-07-22 21:30:36.153] [info] [Gimbal] Diag: latency=0.00ms, serial_ok=yes
[2026-07-22 21:30:37.000] [info] [Gimbal] Diag: latency=0.00ms, serial_ok=yes
[2026-07-22 21:30:37.847] [info] [Gimbal] Diag: latency=0.00ms, serial_ok=yes
[2026-07-22 21:30:38.695] [info] [Gimbal] Diag: latency=0.00ms, serial_ok=yes
[2026-07-22 21:30:39.531] [info] [Gimbal] Diag: latency=0.00ms, serial_ok=yes
[2026-07-22 21:30:40.372] [info] [Gimbal] Diag: latency=0.00ms, serial_ok=yes
[2026-07-22 21:30:41.214] [info] [Gimbal] Diag: latency=0.00ms, serial_ok=yes
[2026-07-22 21:30:42.062] [info] [Gimbal] Diag: latency=0.00ms, serial_ok=yes
[2026-07-22 21:30:42.907] [info] [Gimbal] Diag: latency=0.00ms, serial_ok=yes
[2026-07-22 21:30:43.756] [info] [Gimbal] Diag: latency=0.00ms, serial_ok=yes
[2026-07-22 21:30:44.594] [info] [Gimbal] Diag: latency=0.00ms, serial_ok=yes
[2026-07-22 21:30:45.431] [info] [Gimbal] Diag: latency=0.00ms, serial_ok=yes
[2026-07-22 21:30:46.110] [warning] [Gimbal] Invalid mode: 90
[2026-07-22 21:30:46.273] [info] [Gimbal] Diag: latency=0.00ms, serial_ok=yes
[2026-07-22 21:30:47.111] [info] [Gimbal] Diag: latency=0.00ms, serial_ok=yes
[2026-07-22 21:30:47.955] [info] [Gimbal] Diag: latency=0.00ms, serial_ok=yes
[2026-07-22 21:30:48.792] [info] [Gimbal] Diag: latency=0.00ms, serial_ok=yes
[2026-07-22 21:30:49.628] [info] [Gimbal] Diag: latency=0.00ms, serial_ok=yes
[2026-07-22 21:30:50.472] [info] [Gimbal] Diag: latency=0.00ms, serial_ok=yes
[2026-07-22 21:30:51.302] [info] [Gimbal] Diag: latency=0.00ms, serial_ok=yes
[2026-07-22 21:30:52.148] [info] [Gimbal] Diag: latency=0.00ms, serial_ok=yes
[2026-07-22 21:30:52.980] [info] [Gimbal] Diag: latency=0.00ms, serial_ok=yes
[2026-07-22 21:30:53.817] [info] [Gimbal] Diag: latency=0.00ms, serial_ok=yes
[2026-07-22 21:30:54.656] [info] [Gimbal] Diag: latency=0.00ms, serial_ok=yes
[2026-07-22 21:30:55.493] [info] [Gimbal] Diag: latency=0.00ms, serial_ok=yes
[2026-07-22 21:30:56.347] [info] [Gimbal] Diag: latency=0.00ms, serial_ok=yes
[2026-07-22 21:30:56.511] [warning] [Gimbal] Invalid mode: 90
[2026-07-22 21:30:57.187] [info] [Gimbal] Diag: latency=0.00ms, serial_ok=yes
[2026-07-22 21:30:58.029] [info] [Gimbal] Diag: latency=0.00ms, serial_ok=yes
[2026-07-22 21:30:58.866] [info] [Gimbal] Diag: latency=0.00ms, serial_ok=yes
[2026-07-22 21:30:58.942] [warning] [Gimbal] Invalid mode: 90
[2026-07-22 21:30:59.709] [info] [Gimbal] Diag: latency=0.00ms, serial_ok=yes
[2026-07-22 21:31:00.542] [info] [Gimbal] Diag: latency=0.00ms, serial_ok=yes
[2026-07-22 21:31:01.375] [info] [Gimbal] Diag: latency=0.00ms, serial_ok=yes
[2026-07-22 21:31:02.115] [warning] [Gimbal] Invalid mode: 90
[2026-07-22 21:31:02.220] [info] [Gimbal] Diag: latency=0.00ms, serial_ok=yes
[2026-07-22 21:31:03.069] [info] [Gimbal] Diag: latency=0.00ms, serial_ok=yes
[2026-07-22 21:31:03.905] [info] [Gimbal] Diag: latency=0.00ms, serial_ok=yes
[2026-07-22 21:31:04.751] [info] [Gimbal] Diag: latency=0.00ms, serial_ok=yes
[2026-07-22 21:31:05.232] [warning] [Gimbal] Invalid mode: 90
[2026-07-22 21:31:05.597] [info] [Gimbal] Diag: latency=0.00ms, serial_ok=yes
[2026-07-22 21:31:06.430] [info] [Gimbal] Diag: latency=0.00ms, serial_ok=yes
[2026-07-22 21:31:06.711] [warning] [Gimbal] Invalid mode: 90
[2026-07-22 21:31:07.270] [info] [Gimbal] Diag: latency=0.00ms, serial_ok=yes
[2026-07-22 21:31:07.942] [warning] [Gimbal] Invalid mode: 90
[2026-07-22 21:31:08.105] [info] [Gimbal] Diag: latency=0.00ms, serial_ok=yes
[2026-07-22 21:31:08.950] [info] [Gimbal] Diag: latency=0.00ms, serial_ok=yes
[2026-07-22 21:31:09.792] [info] [Gimbal] Diag: latency=0.00ms, serial_ok=yes
[2026-07-22 21:31:10.513] [warning] [Gimbal] Invalid mode: 90
[2026-07-22 21:31:10.634] [info] [Gimbal] Diag: latency=0.00ms, serial_ok=yes
[2026-07-22 21:31:10.740] [warning] [Gimbal] Invalid mode: 90
[2026-07-22 21:31:11.466] [info] [Gimbal] Diag: latency=0.00ms, serial_ok=yes
[2026-07-22 21:31:12.302] [info] [Gimbal] Diag: latency=0.00ms, serial_ok=yes
[2026-07-22 21:31:12.834] [warning] [Gimbal] Invalid mode: 90
[2026-07-22 21:31:13.148] [info] [Gimbal] Diag: latency=0.00ms, serial_ok=yes
[2026-07-22 21:31:13.991] [info] [Gimbal] Diag: latency=0.00ms, serial_ok=yes
[2026-07-22 21:31:14.824] [info] [Gimbal] Diag: latency=0.00ms, serial_ok=yes
[2026-07-22 21:31:15.670] [info] [Gimbal] Diag: latency=0.00ms, serial_ok=yes
[2026-07-22 21:31:16.512] [info] [Gimbal] Diag: latency=0.00ms, serial_ok=yes
[2026-07-22 21:31:17.348] [info] [Gimbal] Diag: latency=0.00ms, serial_ok=yes
[2026-07-22 21:31:18.178] [info] [Gimbal] Diag: latency=0.00ms, serial_ok=yes
[2026-07-22 21:31:18.441] [warning] [Gimbal] Invalid mode: 90
[2026-07-22 21:31:19.016] [info] [Gimbal] Diag: latency=0.00ms, serial_ok=yes
[2026-07-22 21:31:19.854] [info] [Gimbal] Diag: latency=0.00ms, serial_ok=yes
[2026-07-22 21:31:20.692] [info] [Gimbal] Diag: latency=0.00ms, serial_ok=yes
[2026-07-22 21:31:20.938] [warning] [Gimbal] Invalid mode: 90
[2026-07-22 21:31:21.528] [info] [Gimbal] Diag: latency=0.00ms, serial_ok=yes
[2026-07-22 21:31:22.366] [info] [Gimbal] Diag: latency=0.00ms, serial_ok=yes
[2026-07-22 21:31:23.207] [info] [Gimbal] Diag: latency=0.00ms, serial_ok=yes
[2026-07-22 21:31:24.052] [info] [Gimbal] Diag: latency=0.00ms, serial_ok=yes
[2026-07-22 21:31:24.879] [info] [Gimbal] Diag: latency=0.00ms, serial_ok=yes
[2026-07-22 21:31:25.725] [info] [Gimbal] Diag: latency=0.00ms, serial_ok=yes
[2026-07-22 21:31:26.566] [info] [Gimbal] Diag: latency=0.00ms, serial_ok=yes
[2026-07-22 21:31:27.400] [info] [Gimbal] Diag: latency=0.00ms, serial_ok=yes
[2026-07-22 21:31:28.239] [info] [Gimbal] Diag: latency=0.00ms, serial_ok=yes
[2026-07-22 21:31:29.072] [info] [Gimbal] Diag: latency=0.00ms, serial_ok=yes
[2026-07-22 21:31:29.915] [info] [Gimbal] Diag: latency=0.00ms, serial_ok=yes
[2026-07-22 21:31:30.755] [info] [Gimbal] Diag: latency=0.00ms, serial_ok=yes
[2026-07-22 21:31:31.593] [info] [Gimbal] Diag: latency=0.00ms, serial_ok=yes
[2026-07-22 21:31:32.429] [info] [Gimbal] Diag: latency=0.00ms, serial_ok=yes
[2026-07-22 21:31:33.273] [info] [Gimbal] Diag: latency=0.00ms, serial_ok=yes
[2026-07-22 21:31:34.106] [info] [Gimbal] Diag: latency=0.00ms, serial_ok=yes
[2026-07-22 21:31:34.950] [info] [Gimbal] Diag: latency=0.00ms, serial_ok=yes
[2026-07-22 21:31:35.784] [info] [Gimbal] Diag: latency=0.00ms, serial_ok=yes
[2026-07-22 21:31:35.913] [warning] [Gimbal] Invalid mode: 90
[2026-07-22 21:31:36.622] [info] [Gimbal] Diag: latency=0.00ms, serial_ok=yes
[2026-07-22 21:31:37.471] [info] [Gimbal] Diag: latency=0.00ms, serial_ok=yes
[2026-07-22 21:31:37.721] [warning] [Gimbal] Invalid mode: 90
[2026-07-22 21:31:37.917] [warning] [Gimbal] Invalid mode: 90
[2026-07-22 21:31:38.312] [info] [Gimbal] Diag: latency=0.00ms, serial_ok=yes
[2026-07-22 21:31:39.147] [info] [Gimbal] Diag: latency=0.00ms, serial_ok=yes
[2026-07-22 21:31:39.986] [info] [Gimbal] Diag: latency=0.00ms, serial_ok=yes
[2026-07-22 21:31:40.823] [info] [Gimbal] Diag: latency=0.00ms, serial_ok=yes
[2026-07-22 21:31:41.662] [info] [Gimbal] Diag: latency=0.00ms, serial_ok=yes
[2026-07-22 21:31:42.504] [info] [Gimbal] Diag: latency=0.00ms, serial_ok=yes
[2026-07-22 21:31:43.363] [info] [Gimbal] Diag: latency=0.00ms, serial_ok=yes
[2026-07-22 21:31:44.197] [info] [Gimbal] Diag: latency=0.00ms, serial_ok=yes
[2026-07-22 21:31:45.044] [info] [Gimbal] Diag: latency=0.00ms, serial_ok=yes
[2026-07-22 21:31:45.885] [info] [Gimbal] Diag: latency=0.00ms, serial_ok=yes
[2026-07-22 21:31:46.727] [info] [Gimbal] Diag: latency=0.00ms, serial_ok=yes
[2026-07-22 21:31:47.341] [warning] [Gimbal] Invalid mode: 90
[2026-07-22 21:31:47.565] [info] [Gimbal] Diag: latency=0.00ms, serial_ok=yes
[2026-07-22 21:31:48.142] [warning] [Gimbal] Invalid mode: 90
[2026-07-22 21:31:48.406] [info] [Gimbal] Diag: latency=0.00ms, serial_ok=yes
[2026-07-22 21:31:49.250] [info] [Gimbal] Diag: latency=0.00ms, serial_ok=yes
[2026-07-22 21:31:50.088] [info] [Gimbal] Diag: latency=0.00ms, serial_ok=yes
[2026-07-22 21:31:50.937] [info] [Gimbal] Diag: latency=0.00ms, serial_ok=yes
[2026-07-22 21:31:51.780] [info] [Gimbal] Diag: latency=0.00ms, serial_ok=yes
[2026-07-22 21:31:52.614] [info] [Gimbal] Diag: latency=0.00ms, serial_ok=yes
[2026-07-22 21:31:53.459] [info] [Gimbal] Diag: latency=0.00ms, serial_ok=yes
[2026-07-22 21:31:54.296] [info] [Gimbal] Diag: latency=0.00ms, serial_ok=yes
[2026-07-22 21:31:55.148] [info] [Gimbal] Diag: latency=0.00ms, serial_ok=yes
[2026-07-22 21:31:55.993] [info] [Gimbal] Diag: latency=0.00ms, serial_ok=yes
[2026-07-22 21:31:56.834] [info] [Gimbal] Diag: latency=0.00ms, serial_ok=yes
[2026-07-22 21:31:57.674] [info] [Gimbal] Diag: latency=0.00ms, serial_ok=yes
[2026-07-22 21:31:58.516] [warning] [Gimbal] Invalid mode: 90
[2026-07-22 21:31:58.522] [info] [Gimbal] Diag: latency=0.00ms, serial_ok=yes
[2026-07-22 21:31:59.373] [info] [Gimbal] Diag: latency=0.00ms, serial_ok=yes
[2026-07-22 21:31:59.638] [warning] [Gimbal] Invalid mode: 90
[2026-07-22 21:32:00.207] [info] [Gimbal] Diag: latency=0.00ms, serial_ok=yes
[2026-07-22 21:32:01.047] [info] [Gimbal] Diag: latency=0.00ms, serial_ok=yes
[2026-07-22 21:32:01.891] [info] [Gimbal] Diag: latency=0.00ms, serial_ok=yes
[2026-07-22 21:32:02.736] [info] [Gimbal] Diag: latency=0.00ms, serial_ok=yes
[2026-07-22 21:32:03.581] [info] [Gimbal] Diag: latency=0.00ms, serial_ok=yes
[2026-07-22 21:32:04.423] [info] [Gimbal] Diag: latency=0.00ms, serial_ok=yes
[2026-07-22 21:32:05.262] [info] [Gimbal] Diag: latency=0.00ms, serial_ok=yes
[2026-07-22 21:32:06.114] [info] [Gimbal] Diag: latency=0.00ms, serial_ok=yes
[2026-07-22 21:32:06.961] [info] [Gimbal] Diag: latency=0.00ms, serial_ok=yes
[2026-07-22 21:32:07.512] [warning] [Gimbal] Invalid mode: 90
[2026-07-22 21:32:07.806] [info] [Gimbal] Diag: latency=0.00ms, serial_ok=yes
[2026-07-22 21:32:08.646] [info] [Gimbal] Diag: latency=0.00ms, serial_ok=yes
[2026-07-22 21:32:09.490] [info] [Gimbal] Diag: latency=0.00ms, serial_ok=yes
[2026-07-22 21:32:10.342] [info] [Gimbal] Diag: latency=0.00ms, serial_ok=yes
[2026-07-22 21:32:11.193] [info] [Gimbal] Diag: latency=0.00ms, serial_ok=yes
[2026-07-22 21:32:12.031] [info] [Gimbal] Diag: latency=0.00ms, serial_ok=yes
[2026-07-22 21:32:12.879] [info] [Gimbal] Diag: latency=0.00ms, serial_ok=yes
[2026-07-22 21:32:13.719] [info] [Gimbal] Diag: latency=0.00ms, serial_ok=yes
[2026-07-22 21:32:14.568] [info] [Gimbal] Diag: latency=0.00ms, serial_ok=yes
[2026-07-22 21:32:15.409] [info] [Gimbal] Diag: latency=0.00ms, serial_ok=yes
[2026-07-22 21:32:16.237] [info] [Gimbal] Diag: latency=0.00ms, serial_ok=yes
[2026-07-22 21:32:17.079] [info] [Gimbal] Diag: latency=0.00ms, serial_ok=yes
[2026-07-22 21:32:17.926] [info] [Gimbal] Diag: latency=0.00ms, serial_ok=yes
[2026-07-22 21:32:18.761] [info] [Gimbal] Diag: latency=0.00ms, serial_ok=yes
[2026-07-22 21:32:19.608] [info] [Gimbal] Diag: latency=0.00ms, serial_ok=yes
[2026-07-22 21:32:20.446] [info] [Gimbal] Diag: latency=0.00ms, serial_ok=yes
[2026-07-22 21:32:21.290] [info] [Gimbal] Diag: latency=0.00ms, serial_ok=yes
[2026-07-22 21:32:22.135] [info] [Gimbal] Diag: latency=0.00ms, serial_ok=yes
[2026-07-22 21:32:22.971] [info] [Gimbal] Diag: latency=0.00ms, serial_ok=yes
[2026-07-22 21:32:23.819] [info] [Gimbal] Diag: latency=0.00ms, serial_ok=yes
[2026-07-22 21:32:24.664] [info] [Gimbal] Diag: latency=0.00ms, serial_ok=yes
[2026-07-22 21:32:25.502] [info] [Gimbal] Diag: latency=0.00ms, serial_ok=yes
[2026-07-22 21:32:26.338] [info] [Gimbal] Diag: latency=0.00ms, serial_ok=yes
[2026-07-22 21:32:27.181] [info] [Gimbal] Diag: latency=0.00ms, serial_ok=yes
[2026-07-22 21:32:28.014] [info] [Gimbal] Diag: latency=0.00ms, serial_ok=yes
[2026-07-22 21:32:28.858] [info] [Gimbal] Diag: latency=0.00ms, serial_ok=yes
[2026-07-22 21:32:29.690] [info] [Gimbal] Diag: latency=0.00ms, serial_ok=yes
[2026-07-22 21:32:30.538] [info] [Gimbal] Diag: latency=0.00ms, serial_ok=yes
[2026-07-22 21:32:31.387] [info] [Gimbal] Diag: latency=0.00ms, serial_ok=yes
[2026-07-22 21:32:32.234] [info] [Gimbal] Diag: latency=0.00ms, serial_ok=yes
[2026-07-22 21:32:33.069] [info] [Gimbal] Diag: latency=0.00ms, serial_ok=yes
[2026-07-22 21:32:33.902] [info] [Gimbal] Diag: latency=0.00ms, serial_ok=yes
[2026-07-22 21:32:34.750] [info] [Gimbal] Diag: latency=0.00ms, serial_ok=yes
[2026-07-22 21:32:35.588] [info] [Gimbal] Diag: latency=0.00ms, serial_ok=yes
[2026-07-22 21:32:36.422] [info] [Gimbal] Diag: latency=0.00ms, serial_ok=yes
[2026-07-22 21:32:37.258] [info] [Gimbal] Diag: latency=0.00ms, serial_ok=yes
[2026-07-22 21:32:38.098] [info] [Gimbal] Diag: latency=0.00ms, serial_ok=yes
[2026-07-22 21:32:38.951] [info] [Gimbal] Diag: latency=0.00ms, serial_ok=yes
[2026-07-22 21:32:39.478] [warning] [Gimbal] Invalid mode: 90
[2026-07-22 21:32:39.790] [info] [Gimbal] Diag: latency=0.00ms, serial_ok=yes
[2026-07-22 21:32:40.628] [info] [Gimbal] Diag: latency=0.00ms, serial_ok=yes
[2026-07-22 21:32:41.457] [info] [Gimbal] Diag: latency=0.00ms, serial_ok=yes
[2026-07-22 21:32:42.302] [info] [Gimbal] Diag: latency=0.00ms, serial_ok=yes
[2026-07-22 21:32:43.137] [info] [Gimbal] Diag: latency=0.00ms, serial_ok=yes
[2026-07-22 21:32:43.974] [info] [Gimbal] Diag: latency=0.00ms, serial_ok=yes
[2026-07-22 21:32:44.809] [info] [Gimbal] Diag: latency=0.00ms, serial_ok=yes
[2026-07-22 21:32:45.649] [info] [Gimbal] Diag: latency=0.00ms, serial_ok=yes
[2026-07-22 21:32:46.486] [info] [Gimbal] Diag: latency=0.00ms, serial_ok=yes
[2026-07-22 21:32:47.319] [info] [Gimbal] Diag: latency=0.00ms, serial_ok=yes
[2026-07-22 21:32:48.172] [info] [Gimbal] Diag: latency=0.00ms, serial_ok=yes
[2026-07-22 21:32:49.007] [info] [Gimbal] Diag: latency=0.00ms, serial_ok=yes
[2026-07-22 21:32:49.846] [info] [Gimbal] Diag: latency=0.00ms, serial_ok=yes
[2026-07-22 21:32:50.679] [info] [Gimbal] Diag: latency=0.00ms, serial_ok=yes
[2026-07-22 21:32:51.521] [info] [Gimbal] Diag: latency=0.00ms, serial_ok=yes
[2026-07-22 21:32:52.357] [info] [Gimbal] Diag: latency=0.00ms, serial_ok=yes
[2026-07-22 21:32:53.196] [info] [Gimbal] Diag: latency=0.00ms, serial_ok=yes
[2026-07-22 21:32:54.035] [info] [Gimbal] Diag: latency=0.00ms, serial_ok=yes
[2026-07-22 21:32:54.888] [info] [Gimbal] Diag: latency=0.00ms, serial_ok=yes
[2026-07-22 21:32:55.731] [info] [Gimbal] Diag: latency=0.00ms, serial_ok=yes
[2026-07-22 21:32:56.586] [info] [Gimbal] Diag: latency=0.00ms, serial_ok=yes
[2026-07-22 21:32:57.429] [info] [Gimbal] Diag: latency=0.00ms, serial_ok=yes
[2026-07-22 21:32:58.272] [info] [Gimbal] Diag: latency=0.00ms, serial_ok=yes
[2026-07-22 21:32:59.121] [info] [Gimbal] Diag: latency=0.00ms, serial_ok=yes
[2026-07-22 21:32:59.976] [info] [Gimbal] Diag: latency=0.00ms, serial_ok=yes
[2026-07-22 21:33:00.814] [info] [Gimbal] Diag: latency=0.00ms, serial_ok=yes
[2026-07-22 21:33:01.653] [info] [Gimbal] Diag: latency=0.00ms, serial_ok=yes
[2026-07-22 21:33:02.495] [info] [Gimbal] Diag: latency=0.00ms, serial_ok=yes
[2026-07-22 21:33:03.329] [info] [Gimbal] Diag: latency=0.00ms, serial_ok=yes
[2026-07-22 21:33:04.167] [info] [Gimbal] Diag: latency=0.00ms, serial_ok=yes
[2026-07-22 21:33:05.003] [info] [Gimbal] Diag: latency=0.00ms, serial_ok=yes
[2026-07-22 21:33:05.851] [info] [Gimbal] Diag: latency=0.00ms, serial_ok=yes
[2026-07-22 21:33:06.688] [info] [Gimbal] Diag: latency=0.00ms, serial_ok=yes
[2026-07-22 21:33:07.528] [info] [Gimbal] Diag: latency=0.00ms, serial_ok=yes
[2026-07-22 21:33:08.361] [info] [Gimbal] Diag: latency=0.00ms, serial_ok=yes
[2026-07-22 21:33:09.197] [info] [Gimbal] Diag: latency=0.00ms, serial_ok=yes
[2026-07-22 21:33:10.036] [info] [Gimbal] Diag: latency=0.00ms, serial_ok=yes
[2026-07-22 21:33:10.872] [info] [Gimbal] Diag: latency=0.00ms, serial_ok=yes
[2026-07-22 21:33:11.710] [info] [Gimbal] Diag: latency=0.00ms, serial_ok=yes
[2026-07-22 21:33:12.556] [info] [Gimbal] Diag: latency=0.00ms, serial_ok=yes
[2026-07-22 21:33:13.392] [info] [Gimbal] Diag: latency=0.00ms, serial_ok=yes
[2026-07-22 21:33:14.220] [info] [Gimbal] Diag: latency=0.00ms, serial_ok=yes
[2026-07-22 21:33:15.052] [info] [Gimbal] Diag: latency=0.00ms, serial_ok=yes
[2026-07-22 21:33:15.119] [warning] [Gimbal] Invalid mode: 90
[2026-07-22 21:33:15.520] [warning] [Gimbal] Invalid mode: 90
[2026-07-22 21:33:15.897] [info] [Gimbal] Diag: latency=0.00ms, serial_ok=yes
[2026-07-22 21:33:16.757] [info] [Gimbal] Diag: latency=0.00ms, serial_ok=yes
[2026-07-22 21:33:17.590] [info] [Gimbal] Diag: latency=0.00ms, serial_ok=yes
[2026-07-22 21:33:18.431] [info] [Gimbal] Diag: latency=0.00ms, serial_ok=yes
[2026-07-22 21:33:19.278] [info] [Gimbal] Diag: latency=0.00ms, serial_ok=yes
[2026-07-22 21:33:20.113] [info] [Gimbal] Diag: latency=0.00ms, serial_ok=yes
[2026-07-22 21:33:20.963] [info] [Gimbal] Diag: latency=0.00ms, serial_ok=yes
[2026-07-22 21:33:21.806] [info] [Gimbal] Diag: latency=0.00ms, serial_ok=yes
[2026-07-22 21:33:22.644] [info] [Gimbal] Diag: latency=0.00ms, serial_ok=yes
[2026-07-22 21:33:23.483] [info] [Gimbal] Diag: latency=0.00ms, serial_ok=yes
[2026-07-22 21:33:24.312] [info] [Gimbal] Diag: latency=0.00ms, serial_ok=yes
[2026-07-22 21:33:25.156] [info] [Gimbal] Diag: latency=0.00ms, serial_ok=yes
[2026-07-22 21:33:26.000] [info] [Gimbal] Diag: latency=0.00ms, serial_ok=yes
[2026-07-22 21:33:26.846] [info] [Gimbal] Diag: latency=0.00ms, serial_ok=yes
[2026-07-22 21:33:27.680] [info] [Gimbal] Diag: latency=0.00ms, serial_ok=yes
[2026-07-22 21:33:28.526] [info] [Gimbal] Diag: latency=0.00ms, serial_ok=yes
[2026-07-22 21:33:29.365] [info] [Gimbal] Diag: latency=0.00ms, serial_ok=yes
[2026-07-22 21:33:30.197] [info] [Gimbal] Diag: latency=0.00ms, serial_ok=yes
[2026-07-22 21:33:31.025] [info] [Gimbal] Diag: latency=0.00ms, serial_ok=yes
[2026-07-22 21:33:31.874] [info] [Gimbal] Diag: latency=0.00ms, serial_ok=yes
[2026-07-22 21:33:32.726] [info] [Gimbal] Diag: latency=0.00ms, serial_ok=yes
[2026-07-22 21:33:33.570] [info] [Gimbal] Diag: latency=0.00ms, serial_ok=yes
[2026-07-22 21:33:33.747] [warning] [Gimbal] Invalid mode: 90
[2026-07-22 21:33:34.411] [info] [Gimbal] Diag: latency=0.00ms, serial_ok=yes
[2026-07-22 21:33:35.257] [info] [Gimbal] Diag: latency=0.00ms, serial_ok=yes
[2026-07-22 21:33:36.095] [info] [Gimbal] Diag: latency=0.00ms, serial_ok=yes
[2026-07-22 21:33:36.936] [info] [Gimbal] Diag: latency=0.00ms, serial_ok=yes
[2026-07-22 21:33:37.763] [info] [Gimbal] Diag: latency=0.00ms, serial_ok=yes
[2026-07-22 21:33:38.608] [info] [Gimbal] Diag: latency=0.00ms, serial_ok=yes
[2026-07-22 21:33:39.444] [info] [Gimbal] Diag: latency=0.00ms, serial_ok=yes
[2026-07-22 21:33:40.279] [info] [Gimbal] Diag: latency=0.00ms, serial_ok=yes
[2026-07-22 21:33:41.130] [info] [Gimbal] Diag: latency=0.00ms, serial_ok=yes
[2026-07-22 21:33:41.970] [info] [Gimbal] Diag: latency=0.00ms, serial_ok=yes
[2026-07-22 21:33:42.815] [info] [Gimbal] Diag: latency=0.00ms, serial_ok=yes
[2026-07-22 21:33:43.661] [info] [Gimbal] Diag: latency=0.00ms, serial_ok=yes
[2026-07-22 21:33:44.512] [info] [Gimbal] Diag: latency=0.00ms, serial_ok=yes
[2026-07-22 21:33:45.352] [info] [Gimbal] Diag: latency=0.00ms, serial_ok=yes
[2026-07-22 21:33:46.203] [info] [Gimbal] Diag: latency=0.00ms, serial_ok=yes
[2026-07-22 21:33:47.043] [info] [Gimbal] Diag: latency=0.00ms, serial_ok=yes
[2026-07-22 21:33:47.873] [info] [Gimbal] Diag: latency=0.00ms, serial_ok=yes
[2026-07-22 21:33:48.716] [info] [Gimbal] Diag: latency=0.00ms, serial_ok=yes
[2026-07-22 21:33:48.719] [warning] [Gimbal] Invalid mode: 90
[2026-07-22 21:33:49.561] [info] [Gimbal] Diag: latency=0.00ms, serial_ok=yes
[2026-07-22 21:33:50.407] [info] [Gimbal] Diag: latency=0.00ms, serial_ok=yes
[2026-07-22 21:33:51.233] [info] [Gimbal] Diag: latency=0.00ms, serial_ok=yes
[2026-07-22 21:33:52.073] [info] [Gimbal] Diag: latency=0.00ms, serial_ok=yes
[2026-07-22 21:33:52.909] [info] [Gimbal] Diag: latency=0.00ms, serial_ok=yes
[2026-07-22 21:33:53.742] [info] [Gimbal] Diag: latency=0.00ms, serial_ok=yes
[2026-07-22 21:33:54.587] [info] [Gimbal] Diag: latency=0.00ms, serial_ok=yes
[2026-07-22 21:33:55.430] [info] [Gimbal] Diag: latency=0.00ms, serial_ok=yes
[2026-07-22 21:33:56.275] [info] [Gimbal] Diag: latency=0.00ms, serial_ok=yes
[2026-07-22 21:33:57.109] [info] [Gimbal] Diag: latency=0.00ms, serial_ok=yes
[2026-07-22 21:33:57.947] [info] [Gimbal] Diag: latency=0.00ms, serial_ok=yes
[2026-07-22 21:33:58.522] [warning] [Gimbal] Invalid mode: 90
[2026-07-22 21:33:58.789] [info] [Gimbal] Diag: latency=0.00ms, serial_ok=yes
[2026-07-22 21:33:59.633] [info] [Gimbal] Diag: latency=0.00ms, serial_ok=yes
[2026-07-22 21:33:59.745] [warning] [Gimbal] Invalid mode: 90
[2026-07-22 21:34:00.473] [info] [Gimbal] Diag: latency=0.00ms, serial_ok=yes
[2026-07-22 21:34:01.326] [info] [Gimbal] Diag: latency=0.00ms, serial_ok=yes
[2026-07-22 21:34:02.164] [info] [Gimbal] Diag: latency=0.00ms, serial_ok=yes
[2026-07-22 21:34:03.010] [info] [Gimbal] Diag: latency=0.00ms, serial_ok=yes
[2026-07-22 21:34:03.845] [info] [Gimbal] Diag: latency=0.00ms, serial_ok=yes
[2026-07-22 21:34:04.684] [info] [Gimbal] Diag: latency=0.00ms, serial_ok=yes
[2026-07-22 21:34:05.526] [info] [Gimbal] Diag: latency=0.00ms, serial_ok=yes
[2026-07-22 21:34:06.377] [info] [Gimbal] Diag: latency=0.00ms, serial_ok=yes
[2026-07-22 21:34:07.223] [info] [Gimbal] Diag: latency=0.00ms, serial_ok=yes
[2026-07-22 21:34:07.747] [warning] [Gimbal] Invalid mode: 90
[2026-07-22 21:34:08.065] [info] [Gimbal] Diag: latency=0.00ms, serial_ok=yes
[2026-07-22 21:34:08.917] [info] [Gimbal] Diag: latency=0.00ms, serial_ok=yes
[2026-07-22 21:34:09.755] [info] [Gimbal] Diag: latency=0.00ms, serial_ok=yes
[2026-07-22 21:34:10.598] [info] [Gimbal] Diag: latency=0.00ms, serial_ok=yes
[2026-07-22 21:34:11.443] [info] [Gimbal] Diag: latency=0.00ms, serial_ok=yes
[2026-07-22 21:34:12.295] [info] [Gimbal] Diag: latency=0.00ms, serial_ok=yes
[2026-07-22 21:34:13.123] [info] [Gimbal] Diag: latency=0.00ms, serial_ok=yes
[2026-07-22 21:34:13.961] [info] [Gimbal] Diag: latency=0.00ms, serial_ok=yes
[2026-07-22 21:34:14.814] [info] [Gimbal] Diag: latency=0.00ms, serial_ok=yes
[2026-07-22 21:34:15.652] [info] [Gimbal] Diag: latency=0.00ms, serial_ok=yes
[2026-07-22 21:34:16.498] [info] [Gimbal] Diag: latency=0.00ms, serial_ok=yes
[2026-07-22 21:34:17.338] [info] [Gimbal] Diag: latency=0.00ms, serial_ok=yes
[2026-07-22 21:34:18.183] [info] [Gimbal] Diag: latency=0.00ms, serial_ok=yes
[2026-07-22 21:34:19.023] [info] [Gimbal] Diag: latency=0.00ms, serial_ok=yes
[2026-07-22 21:34:19.343] [warning] [Gimbal] Invalid mode: 90
[2026-07-22 21:34:19.862] [info] [Gimbal] Diag: latency=0.00ms, serial_ok=yes
[2026-07-22 21:34:20.699] [info] [Gimbal] Diag: latency=0.00ms, serial_ok=yes
[2026-07-22 21:34:21.534] [info] [Gimbal] Diag: latency=0.00ms, serial_ok=yes
[2026-07-22 21:34:22.376] [info] [Gimbal] Diag: latency=0.00ms, serial_ok=yes
[2026-07-22 21:34:23.208] [info] [Gimbal] Diag: latency=0.00ms, serial_ok=yes
[2026-07-22 21:34:24.047] [info] [Gimbal] Diag: latency=0.00ms, serial_ok=yes
[2026-07-22 21:34:24.884] [info] [Gimbal] Diag: latency=0.00ms, serial_ok=yes
[2026-07-22 21:34:25.724] [info] [Gimbal] Diag: latency=0.00ms, serial_ok=yes
[2026-07-22 21:34:26.566] [info] [Gimbal] Diag: latency=0.00ms, serial_ok=yes
[2026-07-22 21:34:27.410] [info] [Gimbal] Diag: latency=0.00ms, serial_ok=yes
[2026-07-22 21:34:28.255] [info] [Gimbal] Diag: latency=0.00ms, serial_ok=yes
[2026-07-22 21:34:29.081] [info] [Gimbal] Diag: latency=0.00ms, serial_ok=yes
[2026-07-22 21:34:29.152] [warning] [Gimbal] Invalid mode: 90
[2026-07-22 21:34:29.917] [info] [Gimbal] Diag: latency=0.00ms, serial_ok=yes
[2026-07-22 21:34:30.757] [info] [Gimbal] Diag: latency=0.00ms, serial_ok=yes
[2026-07-22 21:34:31.599] [info] [Gimbal] Diag: latency=0.00ms, serial_ok=yes
[2026-07-22 21:34:32.446] [info] [Gimbal] Diag: latency=0.00ms, serial_ok=yes
[2026-07-22 21:34:33.285] [info] [Gimbal] Diag: latency=0.00ms, serial_ok=yes
[2026-07-22 21:34:34.128] [info] [Gimbal] Diag: latency=0.00ms, serial_ok=yes
[2026-07-22 21:34:34.288] [warning] [Gimbal] Invalid mode: 90
[2026-07-22 21:34:34.977] [info] [Gimbal] Diag: latency=0.00ms, serial_ok=yes
[2026-07-22 21:34:35.823] [info] [Gimbal] Diag: latency=0.00ms, serial_ok=yes
[2026-07-22 21:34:36.664] [info] [Gimbal] Diag: latency=0.00ms, serial_ok=yes
[2026-07-22 21:34:37.500] [info] [Gimbal] Diag: latency=0.00ms, serial_ok=yes
[2026-07-22 21:34:38.341] [info] [Gimbal] Diag: latency=0.00ms, serial_ok=yes
[2026-07-22 21:34:39.178] [info] [Gimbal] Diag: latency=0.00ms, serial_ok=yes
[2026-07-22 21:34:40.012] [info] [Gimbal] Diag: latency=0.00ms, serial_ok=yes
[2026-07-22 21:34:40.859] [info] [Gimbal] Diag: latency=0.00ms, serial_ok=yes
[2026-07-22 21:34:41.692] [info] [Gimbal] Diag: latency=0.00ms, serial_ok=yes
[2026-07-22 21:34:42.521] [info] [Gimbal] Diag: latency=0.00ms, serial_ok=yes
[2026-07-22 21:34:43.368] [info] [Gimbal] Diag: latency=0.00ms, serial_ok=yes
[2026-07-22 21:34:44.201] [info] [Gimbal] Diag: latency=0.00ms, serial_ok=yes
[2026-07-22 21:34:45.043] [info] [Gimbal] Diag: latency=0.00ms, serial_ok=yes
[2026-07-22 21:34:45.351] [warning] [Gimbal] Invalid mode: 90
[2026-07-22 21:34:45.881] [info] [Gimbal] Diag: latency=0.00ms, serial_ok=yes
[2026-07-22 21:34:46.730] [info] [Gimbal] Diag: latency=0.00ms, serial_ok=yes
[2026-07-22 21:34:47.566] [info] [Gimbal] Diag: latency=0.00ms, serial_ok=yes
[2026-07-22 21:34:48.410] [info] [Gimbal] Diag: latency=0.00ms, serial_ok=yes
[2026-07-22 21:34:49.257] [info] [Gimbal] Diag: latency=0.00ms, serial_ok=yes
[2026-07-22 21:34:50.096] [info] [Gimbal] Diag: latency=0.00ms, serial_ok=yes
[2026-07-22 21:34:50.940] [info] [Gimbal] Diag: latency=0.00ms, serial_ok=yes
[2026-07-22 21:34:51.781] [info] [Gimbal] Diag: latency=0.00ms, serial_ok=yes
[2026-07-22 21:34:52.623] [info] [Gimbal] Diag: latency=0.00ms, serial_ok=yes
[2026-07-22 21:34:53.474] [info] [Gimbal] Diag: latency=0.00ms, serial_ok=yes
[2026-07-22 21:34:54.063] [warning] [Gimbal] Invalid mode: 90
[2026-07-22 21:34:54.307] [info] [Gimbal] Diag: latency=0.00ms, serial_ok=yes
[2026-07-22 21:34:55.161] [info] [Gimbal] Diag: latency=0.00ms, serial_ok=yes
[2026-07-22 21:34:55.923] [warning] [Gimbal] Invalid mode: 90
[2026-07-22 21:34:56.001] [info] [Gimbal] Diag: latency=0.00ms, serial_ok=yes
[2026-07-22 21:34:56.842] [info] [Gimbal] Diag: latency=0.00ms, serial_ok=yes
[2026-07-22 21:34:57.691] [info] [Gimbal] Diag: latency=0.00ms, serial_ok=yes
[2026-07-22 21:34:58.529] [info] [Gimbal] Diag: latency=0.00ms, serial_ok=yes
[2026-07-22 21:34:59.462] [warning] [Gimbal] Failed to read serial stream: SerialException device reports readiness to read but returned no data (device disconnected?) failed.
[2026-07-22 21:34:59.515] [info] [Gimbal] Diag: latency=0.00ms, serial_ok=yes
[2026-07-22 21:34:59.733] [warning] [Gimbal] Invalid mode: 191
[2026-07-22 21:35:00.978] [info] [Gimbal] Diag: latency=0.00ms, serial_ok=yes
[2026-07-22 21:35:01.823] [info] [Gimbal] Diag: latency=0.00ms, serial_ok=yes
[2026-07-22 21:35:02.667] [info] [Gimbal] Diag: latency=0.00ms, serial_ok=yes
[2026-07-22 21:35:03.506] [info] [Gimbal] Diag: latency=0.00ms, serial_ok=yes
[2026-07-22 21:35:03.753] [warning] [Gimbal] Invalid mode: 90
[2026-07-22 21:35:04.334] [info] [Gimbal] Diag: latency=0.00ms, serial_ok=yes
[2026-07-22 21:35:05.157] [info] [Gimbal] Diag: latency=0.00ms, serial_ok=yes
[2026-07-22 21:35:05.731] [debug] [MultiThreadDetector] queue is full!
[2026-07-22 21:35:05.834] [debug] [MultiThreadDetector] queue is full!
[2026-07-22 21:35:05.925] [debug] [MultiThreadDetector] queue is full!
[2026-07-22 21:35:06.018] [debug] [MultiThreadDetector] queue is full!
[2026-07-22 21:35:06.112] [debug] [MultiThreadDetector] queue is full!
[2026-07-22 21:35:06.145] [info] [Gimbal] Diag: latency=0.00ms, serial_ok=yes
[2026-07-22 21:35:06.176] [debug] [MultiThreadDetector] queue is full!
[2026-07-22 21:35:06.243] [debug] [MultiThreadDetector] queue is full!
[2026-07-22 21:35:06.341] [debug] [MultiThreadDetector] queue is full!
[2026-07-22 21:35:06.433] [debug] [MultiThreadDetector] queue is full!
[2026-07-22 21:35:06.528] [debug] [MultiThreadDetector] queue is full!
[2026-07-22 21:35:06.621] [debug] [MultiThreadDetector] queue is full!
[2026-07-22 21:35:06.686] [debug] [MultiThreadDetector] queue is full!
[2026-07-22 21:35:06.753] [debug] [MultiThreadDetector] queue is full!
[2026-07-22 21:35:06.850] [debug] [MultiThreadDetector] queue is full!
[2026-07-22 21:35:06.942] [debug] [MultiThreadDetector] queue is full!
[2026-07-22 21:35:07.035] [debug] [MultiThreadDetector] queue is full!
[2026-07-22 21:35:07.128] [debug] [MultiThreadDetector] queue is full!
[2026-07-22 21:35:07.145] [info] [Gimbal] Diag: latency=0.00ms, serial_ok=yes
[2026-07-22 21:35:07.193] [debug] [MultiThreadDetector] queue is full!
[2026-07-22 21:35:07.258] [debug] [MultiThreadDetector] queue is full!
[2026-07-22 21:35:07.359] [debug] [MultiThreadDetector] queue is full!
[2026-07-22 21:35:07.451] [debug] [MultiThreadDetector] queue is full!
[2026-07-22 21:35:07.545] [debug] [MultiThreadDetector] queue is full!
[2026-07-22 21:35:07.638] [debug] [MultiThreadDetector] queue is full!
[2026-07-22 21:35:07.702] [debug] [MultiThreadDetector] queue is full!
[2026-07-22 21:35:07.765] [debug] [MultiThreadDetector] queue is full!
[2026-07-22 21:35:07.862] [debug] [MultiThreadDetector] queue is full!
[2026-07-22 21:35:07.955] [debug] [MultiThreadDetector] queue is full!
[2026-07-22 21:35:08.047] [debug] [MultiThreadDetector] queue is full!
[2026-07-22 21:35:08.141] [debug] [MultiThreadDetector] queue is full!
[2026-07-22 21:35:08.146] [info] [Gimbal] Diag: latency=0.00ms, serial_ok=yes
[2026-07-22 21:35:08.206] [debug] [MultiThreadDetector] queue is full!
[2026-07-22 21:35:08.269] [debug] [MultiThreadDetector] queue is full!
[2026-07-22 21:35:08.368] [debug] [MultiThreadDetector] queue is full!
[2026-07-22 21:35:08.461] [debug] [MultiThreadDetector] queue is full!
[2026-07-22 21:35:08.553] [debug] [MultiThreadDetector] queue is full!
[2026-07-22 21:35:08.646] [debug] [MultiThreadDetector] queue is full!
[2026-07-22 21:35:08.712] [debug] [MultiThreadDetector] queue is full!
[2026-07-22 21:35:08.775] [debug] [MultiThreadDetector] queue is full!
[2026-07-22 21:35:08.872] [debug] [MultiThreadDetector] queue is full!
[2026-07-22 21:35:08.965] [debug] [MultiThreadDetector] queue is full!
[2026-07-22 21:35:09.058] [debug] [MultiThreadDetector] queue is full!
[2026-07-22 21:35:09.143] [info] [Gimbal] Diag: latency=0.00ms, serial_ok=yes
[2026-07-22 21:35:09.152] [debug] [MultiThreadDetector] queue is full!
[2026-07-22 21:35:09.218] [debug] [MultiThreadDetector] queue is full!
[2026-07-22 21:35:09.281] [debug] [MultiThreadDetector] queue is full!
[2026-07-22 21:35:09.381] [debug] [MultiThreadDetector] queue is full!
[2026-07-22 21:35:09.475] [debug] [MultiThreadDetector] queue is full!
[2026-07-22 21:35:09.568] [debug] [MultiThreadDetector] queue is full!
[2026-07-22 21:35:09.660] [debug] [MultiThreadDetector] queue is full!
[2026-07-22 21:35:09.726] [debug] [MultiThreadDetector] queue is full!
[2026-07-22 21:35:09.789] [debug] [MultiThreadDetector] queue is full!
[2026-07-22 21:35:09.886] [debug] [MultiThreadDetector] queue is full!
[2026-07-22 21:35:09.980] [debug] [MultiThreadDetector] queue is full!
[2026-07-22 21:35:10.073] [debug] [MultiThreadDetector] queue is full!
[2026-07-22 21:35:10.143] [info] [Gimbal] Diag: latency=0.01ms, serial_ok=yes
[2026-07-22 21:35:10.165] [debug] [MultiThreadDetector] queue is full!
[2026-07-22 21:35:10.232] [debug] [MultiThreadDetector] queue is full!
[2026-07-22 21:35:10.296] [debug] [MultiThreadDetector] queue is full!
[2026-07-22 21:35:10.396] [debug] [MultiThreadDetector] queue is full!
[2026-07-22 21:35:10.488] [debug] [MultiThreadDetector] queue is full!
[2026-07-22 21:35:10.581] [debug] [MultiThreadDetector] queue is full!
[2026-07-22 21:35:10.674] [debug] [MultiThreadDetector] queue is full!
[2026-07-22 21:35:10.741] [debug] [MultiThreadDetector] queue is full!
[2026-07-22 21:35:10.804] [debug] [MultiThreadDetector] queue is full!
[2026-07-22 21:35:10.903] [debug] [MultiThreadDetector] queue is full!
[2026-07-22 21:35:10.994] [debug] [MultiThreadDetector] queue is full!
[2026-07-22 21:35:11.090] [debug] [MultiThreadDetector] queue is full!
[2026-07-22 21:35:11.144] [info] [Gimbal] Diag: latency=0.00ms, serial_ok=yes
[2026-07-22 21:35:11.182] [debug] [MultiThreadDetector] queue is full!
[2026-07-22 21:35:11.249] [debug] [MultiThreadDetector] queue is full!
[2026-07-22 21:35:11.312] [debug] [MultiThreadDetector] queue is full!
[2026-07-22 21:35:11.412] [debug] [MultiThreadDetector] queue is full!
[2026-07-22 21:35:11.503] [debug] [MultiThreadDetector] queue is full!
[2026-07-22 21:35:11.599] [debug] [MultiThreadDetector] queue is full!
[2026-07-22 21:35:11.692] [debug] [MultiThreadDetector] queue is full!
[2026-07-22 21:35:11.757] [debug] [MultiThreadDetector] queue is full!
[2026-07-22 21:35:11.821] [debug] [MultiThreadDetector] queue is full!
[2026-07-22 21:35:11.920] [debug] [MultiThreadDetector] queue is full!
[2026-07-22 21:35:12.013] [debug] [MultiThreadDetector] queue is full!
[2026-07-22 21:35:12.107] [debug] [MultiThreadDetector] queue is full!
[2026-07-22 21:35:12.144] [info] [Gimbal] Diag: latency=0.00ms, serial_ok=yes
[2026-07-22 21:35:12.201] [debug] [MultiThreadDetector] queue is full!
[2026-07-22 21:35:12.270] [debug] [MultiThreadDetector] queue is full!
[2026-07-22 21:35:12.334] [debug] [MultiThreadDetector] queue is full!
[2026-07-22 21:35:12.432] [debug] [MultiThreadDetector] queue is full!
[2026-07-22 21:35:12.523] [debug] [MultiThreadDetector] queue is full!
[2026-07-22 21:35:12.616] [debug] [MultiThreadDetector] queue is full!
[2026-07-22 21:35:12.713] [debug] [MultiThreadDetector] queue is full!
[2026-07-22 21:35:12.779] [debug] [MultiThreadDetector] queue is full!
[2026-07-22 21:35:12.842] [debug] [MultiThreadDetector] queue is full!
[2026-07-22 21:35:12.939] [debug] [MultiThreadDetector] queue is full!
[2026-07-22 21:35:13.031] [debug] [MultiThreadDetector] queue is full!
[2026-07-22 21:35:13.123] [debug] [MultiThreadDetector] queue is full!
[2026-07-22 21:35:13.144] [info] [Gimbal] Diag: latency=0.00ms, serial_ok=yes
[2026-07-22 21:35:13.225] [debug] [MultiThreadDetector] queue is full!
[2026-07-22 21:35:13.290] [debug] [MultiThreadDetector] queue is full!
[2026-07-22 21:35:13.356] [debug] [MultiThreadDetector] queue is full!
[2026-07-22 21:35:13.455] [debug] [MultiThreadDetector] queue is full!
[2026-07-22 21:35:13.547] [debug] [MultiThreadDetector] queue is full!
[2026-07-22 21:35:13.639] [debug] [MultiThreadDetector] queue is full!
[2026-07-22 21:35:13.735] [debug] [MultiThreadDetector] queue is full!
[2026-07-22 21:35:13.801] [debug] [MultiThreadDetector] queue is full!
[2026-07-22 21:35:13.864] [debug] [MultiThreadDetector] queue is full!
[2026-07-22 21:35:13.968] [debug] [MultiThreadDetector] queue is full!
[2026-07-22 21:35:14.076] [debug] [MultiThreadDetector] queue is full!
[2026-07-22 21:35:14.145] [info] [Gimbal] Diag: latency=0.00ms, serial_ok=yes
