[2026-07-22 18:59:38.449] [warning] [DesktopGimbal] NO-GIMBAL mode: visual detection only.
[2026-07-22 18:59:38.449] [info] [DesktopGimbal] Opening camera...
[2026-07-22 18:59:40.353] [info] [MultiThreadDetector] initialized !
[2026-07-22 18:59:40.355] [info] [DesktopGimbal] Entering main loop.
[2026-07-22 18:59:40.438] [debug] [MultiThreadDetector] queue is full!
[2026-07-22 18:59:40.450] [debug] [MultiThreadDetector] queue is full!
[2026-07-22 18:59:40.462] [debug] [MultiThreadDetector] queue is full!
[2026-07-22 18:59:40.472] [debug] [MultiThreadDetector] queue is full!
[2026-07-22 18:59:40.486] [debug] [MultiThreadDetector] queue is full!
[2026-07-22 18:59:40.498] [debug] [MultiThreadDetector] queue is full!
[2026-07-22 18:59:40.506] [debug] [MultiThreadDetector] queue is full!
[2026-07-22 18:59:40.517] [debug] [MultiThreadDetector] queue is full!
[2026-07-22 18:59:40.534] [debug] [MultiThreadDetector] queue is full!
[2026-07-22 18:59:40.542] [debug] [MultiThreadDetector] queue is full!
[2026-07-22 18:59:40.556] [debug] [MultiThreadDetector] queue is full!
[2026-07-22 18:59:40.570] [debug] [MultiThreadDetector] queue is full!
[2026-07-22 18:59:40.577] [debug] [MultiThreadDetector] queue is full!
[2026-07-22 18:59:40.589] [debug] [MultiThreadDetector] queue is full!
[2026-07-22 18:59:40.600] [debug] [MultiThreadDetector] queue is full!
[2026-07-22 18:59:40.608] [debug] [MultiThreadDetector] queue is full!
[2026-07-22 18:59:40.624] [debug] [MultiThreadDetector] queue is full!
[2026-07-22 18:59:40.637] [debug] [MultiThreadDetector] queue is full!
[2026-07-22 18:59:40.654] [debug] [MultiThreadDetector] queue is full!
[2026-07-22 18:59:40.665] [debug] [MultiThreadDetector] queue is full!
[2026-07-22 18:59:40.681] [debug] [MultiThreadDetector] queue is full!
[2026-07-22 18:59:40.707] [debug] [MultiThreadDetector] queue is full!
[2026-07-22 18:59:40.725] [debug] [MultiThreadDetector] queue is full!
[2026-07-22 18:59:40.754] [debug] [MultiThreadDetector] queue is full!
[2026-07-22 18:59:40.770] [debug] [MultiThreadDetector] queue is full!
[2026-07-22 18:59:40.797] [debug] [MultiThreadDetector] queue is full!
[2026-07-22 18:59:40.815] [debug] [MultiThreadDetector] queue is full!
[2026-07-22 18:59:40.842] [debug] [MultiThreadDetector] queue is full!
[2026-07-22 18:59:40.858] [debug] [MultiThreadDetector] queue is full!
[2026-07-22 18:59:40.890] [debug] [MultiThreadDetector] queue is full!
[2026-07-22 18:59:40.901] [debug] [MultiThreadDetector] queue is full!
[2026-07-22 18:59:40.931] [debug] [MultiThreadDetector] queue is full!
[2026-07-22 18:59:40.947] [debug] [MultiThreadDetector] queue is full!
[2026-07-22 18:59:40.971] [debug] [MultiThreadDetector] queue is full!
[2026-07-22 18:59:40.990] [debug] [MultiThreadDetector] queue is full!
[2026-07-22 18:59:41.018] [debug] [MultiThreadDetector] queue is full!
[2026-07-22 18:59:41.037] [debug] [MultiThreadDetector] queue is full!
[2026-07-22 18:59:41.063] [debug] [MultiThreadDetector] queue is full!
[2026-07-22 18:59:41.079] [debug] [MultiThreadDetector] queue is full!
[2026-07-22 18:59:41.105] [debug] [MultiThreadDetector] queue is full!
[2026-07-22 18:59:41.124] [debug] [MultiThreadDetector] queue is full!
[2026-07-22 18:59:41.150] [debug] [MultiThreadDetector] queue is full!
[2026-07-22 18:59:41.168] [debug] [MultiThreadDetector] queue is full!
[2026-07-22 18:59:41.193] [debug] [MultiThreadDetector] queue is full!
[2026-07-22 18:59:41.210] [debug] [MultiThreadDetector] queue is full!
[2026-07-22 18:59:41.236] [debug] [MultiThreadDetector] queue is full!
[2026-07-22 18:59:41.253] [debug] [MultiThreadDetector] queue is full!
[2026-07-22 18:59:41.283] [debug] [MultiThreadDetector] queue is full!
[2026-07-22 18:59:41.301] [debug] [MultiThreadDetector] queue is full!
[2026-07-22 18:59:41.314] [debug] [MultiThreadDetector] queue is full!
[2026-07-22 18:59:41.332] [debug] [MultiThreadDetector] queue is full!
[2026-07-22 18:59:41.342] [debug] [MultiThreadDetector] queue is full!
[2026-07-22 18:59:41.362] [debug] [MultiThreadDetector] queue is full!
[2026-07-22 18:59:41.375] [debug] [MultiThreadDetector] queue is full!
[2026-07-22 18:59:41.403] [debug] [MultiThreadDetector] queue is full!
[2026-07-22 18:59:41.418] [debug] [MultiThreadDetector] queue is full!
[2026-07-22 18:59:41.441] [debug] [MultiThreadDetector] queue is full!
[2026-07-22 18:59:41.452] [debug] [MultiThreadDetector] queue is full!
[2026-07-22 18:59:41.468] [debug] [MultiThreadDetector] queue is full!
[2026-07-22 18:59:41.479] [debug] [MultiThreadDetector] queue is full!
[2026-07-22 18:59:41.496] [debug] [MultiThreadDetector] queue is full!
[2026-07-22 18:59:41.508] [debug] [MultiThreadDetector] queue is full!
[2026-07-22 18:59:41.521] [debug] [MultiThreadDetector] queue is full!
[2026-07-22 18:59:41.533] [debug] [MultiThreadDetector] queue is full!
[2026-07-22 18:59:41.551] [debug] [MultiThreadDetector] queue is full!
[2026-07-22 18:59:41.579] [debug] [MultiThreadDetector] queue is full!
[2026-07-22 18:59:41.597] [debug] [MultiThreadDetector] queue is full!
[2026-07-22 18:59:41.621] [debug] [MultiThreadDetector] queue is full!
[2026-07-22 18:59:41.638] [debug] [MultiThreadDetector] queue is full!
[2026-07-22 18:59:41.665] [debug] [MultiThreadDetector] queue is full!
[2026-07-22 18:59:41.681] [debug] [MultiThreadDetector] queue is full!
[2026-07-22 18:59:41.707] [debug] [MultiThreadDetector] queue is full!
[2026-07-22 18:59:41.723] [debug] [MultiThreadDetector] queue is full!
[2026-07-22 18:59:41.751] [debug] [MultiThreadDetector] queue is full!
[2026-07-22 18:59:41.766] [debug] [MultiThreadDetector] queue is full!
[2026-07-22 18:59:41.792] [debug] [MultiThreadDetector] queue is full!
[2026-07-22 18:59:41.811] [debug] [MultiThreadDetector] queue is full!
[2026-07-22 18:59:41.839] [debug] [MultiThreadDetector] queue is full!
[2026-07-22 18:59:41.856] [debug] [MultiThreadDetector] queue is full!
[2026-07-22 18:59:41.881] [debug] [MultiThreadDetector] queue is full!
[2026-07-22 18:59:41.893] [debug] [MultiThreadDetector] queue is full!
[2026-07-22 18:59:41.921] [debug] [MultiThreadDetector] queue is full!
[2026-07-22 18:59:41.938] [debug] [MultiThreadDetector] queue is full!
[2026-07-22 18:59:41.965] [debug] [MultiThreadDetector] queue is full!
[2026-07-22 18:59:41.982] [debug] [MultiThreadDetector] queue is full!
[2026-07-22 18:59:42.006] [debug] [MultiThreadDetector] queue is full!
[2026-07-22 18:59:42.023] [debug] [MultiThreadDetector] queue is full!
[2026-07-22 18:59:42.049] [debug] [MultiThreadDetector] queue is full!
[2026-07-22 18:59:42.067] [debug] [MultiThreadDetector] queue is full!
[2026-07-22 18:59:42.092] [debug] [MultiThreadDetector] queue is full!
[2026-07-22 18:59:42.112] [debug] [MultiThreadDetector] queue is full!
[2026-07-22 18:59:42.140] [debug] [MultiThreadDetector] queue is full!
[2026-07-22 18:59:42.159] [debug] [MultiThreadDetector] queue is full!
[2026-07-22 18:59:42.171] [debug] [MultiThreadDetector] queue is full!
[2026-07-22 18:59:42.189] [debug] [MultiThreadDetector] queue is full!
[2026-07-22 18:59:42.200] [debug] [MultiThreadDetector] queue is full!
[2026-07-22 18:59:42.220] [debug] [MultiThreadDetector] queue is full!
[2026-07-22 18:59:42.232] [debug] [MultiThreadDetector] queue is full!
[2026-07-22 18:59:42.249] [debug] [MultiThreadDetector] queue is full!
[2026-07-22 18:59:42.270] [debug] [MultiThreadDetector] queue is full!
[2026-07-22 18:59:42.284] [debug] [MultiThreadDetector] queue is full!
[2026-07-22 18:59:42.312] [debug] [MultiThreadDetector] queue is full!
[2026-07-22 18:59:42.330] [debug] [MultiThreadDetector] queue is full!
[2026-07-22 18:59:42.341] [debug] [MultiThreadDetector] queue is full!
[2026-07-22 18:59:42.359] [debug] [MultiThreadDetector] queue is full!
[2026-07-22 18:59:42.381] [debug] [MultiThreadDetector] queue is full!
[2026-07-22 18:59:42.395] [debug] [MultiThreadDetector] queue is full!
[2026-07-22 18:59:42.407] [debug] [MultiThreadDetector] queue is full!
[2026-07-22 18:59:42.421] [debug] [MultiThreadDetector] queue is full!
[2026-07-22 18:59:42.433] [debug] [MultiThreadDetector] queue is full!
[2026-07-22 18:59:42.457] [debug] [MultiThreadDetector] queue is full!
[2026-07-22 18:59:42.468] [debug] [MultiThreadDetector] queue is full!
[2026-07-22 18:59:42.496] [debug] [MultiThreadDetector] queue is full!
[2026-07-22 18:59:42.513] [debug] [MultiThreadDetector] queue is full!
[2026-07-22 18:59:42.539] [debug] [MultiThreadDetector] queue is full!
[2026-07-22 18:59:42.556] [debug] [MultiThreadDetector] queue is full!
[2026-07-22 18:59:42.579] [debug] [MultiThreadDetector] queue is full!
[2026-07-22 18:59:42.597] [debug] [MultiThreadDetector] queue is full!
[2026-07-22 18:59:42.628] [debug] [MultiThreadDetector] queue is full!
[2026-07-22 18:59:42.647] [debug] [MultiThreadDetector] queue is full!
[2026-07-22 18:59:42.660] [debug] [MultiThreadDetector] queue is full!
[2026-07-22 18:59:42.690] [debug] [MultiThreadDetector] queue is full!
[2026-07-22 18:59:42.706] [debug] [MultiThreadDetector] queue is full!
[2026-07-22 18:59:42.732] [debug] [MultiThreadDetector] queue is full!
[2026-07-22 18:59:42.748] [debug] [MultiThreadDetector] queue is full!
[2026-07-22 18:59:42.774] [debug] [MultiThreadDetector] queue is full!
[2026-07-22 18:59:42.791] [debug] [MultiThreadDetector] queue is full!
[2026-07-22 18:59:42.816] [debug] [MultiThreadDetector] queue is full!
[2026-07-22 18:59:42.833] [debug] [MultiThreadDetector] queue is full!
[2026-07-22 18:59:42.860] [debug] [MultiThreadDetector] queue is full!
[2026-07-22 18:59:42.878] [debug] [MultiThreadDetector] queue is full!
[2026-07-22 18:59:42.890] [debug] [MultiThreadDetector] queue is full!
[2026-07-22 18:59:42.908] [debug] [MultiThreadDetector] queue is full!
[2026-07-22 18:59:42.928] [debug] [MultiThreadDetector] queue is full!
[2026-07-22 18:59:42.943] [debug] [MultiThreadDetector] queue is full!
[2026-07-22 18:59:42.953] [debug] [MultiThreadDetector] queue is full!
[2026-07-22 18:59:42.964] [debug] [MultiThreadDetector] queue is full!
[2026-07-22 18:59:42.982] [debug] [MultiThreadDetector] queue is full!
[2026-07-22 18:59:42.996] [debug] [MultiThreadDetector] queue is full!
[2026-07-22 18:59:43.012] [debug] [MultiThreadDetector] queue is full!
[2026-07-22 18:59:43.034] [debug] [MultiThreadDetector] queue is full!
[2026-07-22 18:59:43.051] [debug] [MultiThreadDetector] queue is full!
[2026-07-22 18:59:43.076] [debug] [MultiThreadDetector] queue is full!
[2026-07-22 18:59:43.092] [debug] [MultiThreadDetector] queue is full!
[2026-07-22 18:59:43.119] [debug] [MultiThreadDetector] queue is full!
[2026-07-22 18:59:43.134] [debug] [MultiThreadDetector] queue is full!
[2026-07-22 18:59:43.160] [debug] [MultiThreadDetector] queue is full!
[2026-07-22 18:59:43.177] [debug] [MultiThreadDetector] queue is full!
[2026-07-22 18:59:43.201] [debug] [MultiThreadDetector] queue is full!
[2026-07-22 18:59:43.216] [debug] [MultiThreadDetector] queue is full!
[2026-07-22 18:59:43.239] [debug] [MultiThreadDetector] queue is full!
[2026-07-22 18:59:43.255] [debug] [MultiThreadDetector] queue is full!
[2026-07-22 18:59:43.281] [debug] [MultiThreadDetector] queue is full!
[2026-07-22 18:59:43.295] [debug] [MultiThreadDetector] queue is full!
[2026-07-22 18:59:43.310] [debug] [MultiThreadDetector] queue is full!
[2026-07-22 18:59:43.320] [debug] [MultiThreadDetector] queue is full!
[2026-07-22 18:59:43.337] [debug] [MultiThreadDetector] queue is full!
[2026-07-22 18:59:43.349] [debug] [MultiThreadDetector] queue is full!
[2026-07-22 18:59:43.366] [debug] [MultiThreadDetector] queue is full!
[2026-07-22 18:59:43.386] [debug] [MultiThreadDetector] queue is full!
[2026-07-22 18:59:43.401] [debug] [MultiThreadDetector] queue is full!
[2026-07-22 18:59:43.410] [debug] [MultiThreadDetector] queue is full!
[2026-07-22 18:59:43.422] [debug] [MultiThreadDetector] queue is full!
[2026-07-22 18:59:43.440] [debug] [MultiThreadDetector] queue is full!
[2026-07-22 18:59:43.455] [debug] [MultiThreadDetector] queue is full!
[2026-07-22 18:59:43.483] [debug] [MultiThreadDetector] queue is full!
[2026-07-22 18:59:43.499] [debug] [MultiThreadDetector] queue is full!
[2026-07-22 18:59:43.524] [debug] [MultiThreadDetector] queue is full!
[2026-07-22 18:59:43.539] [debug] [MultiThreadDetector] queue is full!
[2026-07-22 18:59:43.564] [debug] [MultiThreadDetector] queue is full!
[2026-07-22 18:59:43.581] [debug] [MultiThreadDetector] queue is full!
[2026-07-22 18:59:43.596] [debug] [MultiThreadDetector] queue is full!
[2026-07-22 18:59:43.611] [debug] [MultiThreadDetector] queue is full!
[2026-07-22 18:59:43.638] [debug] [MultiThreadDetector] queue is full!
[2026-07-22 18:59:43.655] [debug] [MultiThreadDetector] queue is full!
[2026-07-22 18:59:43.682] [debug] [MultiThreadDetector] queue is full!
[2026-07-22 18:59:43.697] [debug] [MultiThreadDetector] queue is full!
[2026-07-22 18:59:43.723] [debug] [MultiThreadDetector] queue is full!
[2026-07-22 18:59:43.741] [debug] [MultiThreadDetector] queue is full!
[2026-07-22 18:59:43.768] [debug] [MultiThreadDetector] queue is full!
[2026-07-22 18:59:43.786] [debug] [MultiThreadDetector] queue is full!
[2026-07-22 18:59:43.812] [debug] [MultiThreadDetector] queue is full!
[2026-07-22 18:59:43.828] [debug] [MultiThreadDetector] queue is full!
[2026-07-22 18:59:43.853] [debug] [MultiThreadDetector] queue is full!
[2026-07-22 18:59:43.870] [debug] [MultiThreadDetector] queue is full!
[2026-07-22 18:59:43.896] [debug] [MultiThreadDetector] queue is full!
[2026-07-22 18:59:43.909] [debug] [MultiThreadDetector] queue is full!
[2026-07-22 18:59:43.926] [debug] [MultiThreadDetector] queue is full!
[2026-07-22 18:59:43.937] [debug] [MultiThreadDetector] queue is full!
[2026-07-22 18:59:43.955] [debug] [MultiThreadDetector] queue is full!
[2026-07-22 18:59:43.967] [debug] [MultiThreadDetector] queue is full!
[2026-07-22 18:59:43.987] [debug] [MultiThreadDetector] queue is full!
[2026-07-22 18:59:43.999] [debug] [MultiThreadDetector] queue is full!
[2026-07-22 18:59:44.016] [debug] [MultiThreadDetector] queue is full!
[2026-07-22 18:59:44.026] [debug] [MultiThreadDetector] queue is full!
[2026-07-22 18:59:44.043] [debug] [MultiThreadDetector] queue is full!
[2026-07-22 18:59:44.066] [debug] [MultiThreadDetector] queue is full!
[2026-07-22 18:59:44.077] [debug] [MultiThreadDetector] queue is full!
[2026-07-22 18:59:44.106] [debug] [MultiThreadDetector] queue is full!
[2026-07-22 18:59:44.122] [debug] [MultiThreadDetector] queue is full!
[2026-07-22 18:59:44.147] [debug] [MultiThreadDetector] queue is full!
[2026-07-22 18:59:44.165] [debug] [MultiThreadDetector] queue is full!
[2026-07-22 18:59:44.177] [debug] [MultiThreadDetector] queue is full!
[2026-07-22 18:59:44.189] [debug] [MultiThreadDetector] queue is full!
[2026-07-22 18:59:44.213] [debug] [MultiThreadDetector] queue is full!
[2026-07-22 18:59:44.230] [debug] [MultiThreadDetector] queue is full!
[2026-07-22 18:59:44.256] [debug] [MultiThreadDetector] queue is full!
[2026-07-22 18:59:44.273] [debug] [MultiThreadDetector] queue is full!
[2026-07-22 18:59:44.301] [debug] [MultiThreadDetector] queue is full!
[2026-07-22 18:59:44.316] [debug] [MultiThreadDetector] queue is full!
[2026-07-22 18:59:44.344] [debug] [MultiThreadDetector] queue is full!
[2026-07-22 18:59:44.359] [debug] [MultiThreadDetector] queue is full!
[2026-07-22 18:59:44.384] [debug] [MultiThreadDetector] queue is full!
[2026-07-22 18:59:44.401] [debug] [MultiThreadDetector] queue is full!
[2026-07-22 18:59:44.427] [debug] [MultiThreadDetector] queue is full!
[2026-07-22 18:59:44.442] [debug] [MultiThreadDetector] queue is full!
[2026-07-22 18:59:44.470] [debug] [MultiThreadDetector] queue is full!
[2026-07-22 18:59:44.485] [debug] [MultiThreadDetector] queue is full!
[2026-07-22 18:59:44.511] [debug] [MultiThreadDetector] queue is full!
[2026-07-22 18:59:44.526] [debug] [MultiThreadDetector] queue is full!
[2026-07-22 18:59:44.551] [debug] [MultiThreadDetector] queue is full!
[2026-07-22 18:59:44.567] [debug] [MultiThreadDetector] queue is full!
[2026-07-22 18:59:44.593] [debug] [MultiThreadDetector] queue is full!
[2026-07-22 18:59:44.611] [debug] [MultiThreadDetector] queue is full!
[2026-07-22 18:59:44.637] [debug] [MultiThreadDetector] queue is full!
[2026-07-22 18:59:44.655] [debug] [MultiThreadDetector] queue is full!
[2026-07-22 18:59:44.681] [debug] [MultiThreadDetector] queue is full!
[2026-07-22 18:59:44.697] [debug] [MultiThreadDetector] queue is full!
[2026-07-22 18:59:44.724] [debug] [MultiThreadDetector] queue is full!
[2026-07-22 18:59:44.742] [debug] [MultiThreadDetector] queue is full!
[2026-07-22 18:59:44.768] [debug] [MultiThreadDetector] queue is full!
[2026-07-22 18:59:44.785] [debug] [MultiThreadDetector] queue is full!
[2026-07-22 18:59:44.812] [debug] [MultiThreadDetector] queue is full!
[2026-07-22 18:59:44.830] [debug] [MultiThreadDetector] queue is full!
[2026-07-22 18:59:44.862] [debug] [MultiThreadDetector] queue is full!
[2026-07-22 18:59:44.878] [debug] [MultiThreadDetector] queue is full!
[2026-07-22 18:59:44.905] [debug] [MultiThreadDetector] queue is full!
[2026-07-22 18:59:44.924] [debug] [MultiThreadDetector] queue is full!
[2026-07-22 18:59:44.936] [debug] [MultiThreadDetector] queue is full!
[2026-07-22 18:59:44.957] [debug] [MultiThreadDetector] queue is full!
[2026-07-22 18:59:44.968] [debug] [MultiThreadDetector] queue is full!
[2026-07-22 18:59:44.985] [debug] [MultiThreadDetector] queue is full!
[2026-07-22 18:59:44.997] [debug] [MultiThreadDetector] queue is full!
[2026-07-22 18:59:45.009] [debug] [MultiThreadDetector] queue is full!
[2026-07-22 18:59:45.033] [debug] [MultiThreadDetector] queue is full!
[2026-07-22 18:59:45.043] [debug] [MultiThreadDetector] queue is full!
[2026-07-22 18:59:45.061] [debug] [MultiThreadDetector] queue is full!
[2026-07-22 18:59:45.074] [debug] [MultiThreadDetector] queue is full!
[2026-07-22 18:59:45.090] [debug] [MultiThreadDetector] queue is full!
[2026-07-22 18:59:45.112] [debug] [MultiThreadDetector] queue is full!
[2026-07-22 18:59:45.128] [debug] [MultiThreadDetector] queue is full!
[2026-07-22 18:59:45.155] [debug] [MultiThreadDetector] queue is full!
[2026-07-22 18:59:45.170] [debug] [MultiThreadDetector] queue is full!
[2026-07-22 18:59:45.197] [debug] [MultiThreadDetector] queue is full!
[2026-07-22 18:59:45.213] [debug] [MultiThreadDetector] queue is full!
[2026-07-22 18:59:45.238] [debug] [MultiThreadDetector] queue is full!
[2026-07-22 18:59:45.253] [debug] [MultiThreadDetector] queue is full!
[2026-07-22 18:59:45.269] [debug] [MultiThreadDetector] queue is full!
[2026-07-22 18:59:45.280] [debug] [MultiThreadDetector] queue is full!
[2026-07-22 18:59:45.292] [debug] [MultiThreadDetector] queue is full!
[2026-07-22 18:59:45.319] [debug] [MultiThreadDetector] queue is full!
[2026-07-22 18:59:45.336] [debug] [MultiThreadDetector] queue is full!
[2026-07-22 18:59:45.361] [debug] [MultiThreadDetector] queue is full!
[2026-07-22 18:59:45.376] [debug] [MultiThreadDetector] queue is full!
[2026-07-22 18:59:45.404] [debug] [MultiThreadDetector] queue is full!
[2026-07-22 18:59:45.419] [debug] [MultiThreadDetector] queue is full!
[2026-07-22 18:59:45.447] [debug] [MultiThreadDetector] queue is full!
[2026-07-22 18:59:45.463] [debug] [MultiThreadDetector] queue is full!
[2026-07-22 18:59:45.489] [debug] [MultiThreadDetector] queue is full!
[2026-07-22 18:59:45.507] [debug] [MultiThreadDetector] queue is full!
[2026-07-22 18:59:45.521] [debug] [MultiThreadDetector] queue is full!
[2026-07-22 18:59:45.538] [debug] [MultiThreadDetector] queue is full!
[2026-07-22 18:59:45.549] [debug] [MultiThreadDetector] queue is full!
[2026-07-22 18:59:45.564] [debug] [MultiThreadDetector] queue is full!
[2026-07-22 18:59:45.589] [debug] [MultiThreadDetector] queue is full!
[2026-07-22 18:59:45.605] [debug] [MultiThreadDetector] queue is full!
[2026-07-22 18:59:45.631] [debug] [MultiThreadDetector] queue is full!
[2026-07-22 18:59:45.646] [debug] [MultiThreadDetector] queue is full!
[2026-07-22 18:59:45.673] [debug] [MultiThreadDetector] queue is full!
[2026-07-22 18:59:45.689] [debug] [MultiThreadDetector] queue is full!
[2026-07-22 18:59:45.705] [debug] [MultiThreadDetector] queue is full!
[2026-07-22 18:59:45.716] [debug] [MultiThreadDetector] queue is full!
[2026-07-22 18:59:45.732] [debug] [MultiThreadDetector] queue is full!
[2026-07-22 18:59:45.745] [debug] [MultiThreadDetector] queue is full!
[2026-07-22 18:59:45.762] [debug] [MultiThreadDetector] queue is full!
[2026-07-22 18:59:45.783] [debug] [MultiThreadDetector] queue is full!
[2026-07-22 18:59:45.799] [debug] [MultiThreadDetector] queue is full!
[2026-07-22 18:59:45.826] [debug] [MultiThreadDetector] queue is full!
[2026-07-22 18:59:45.842] [debug] [MultiThreadDetector] queue is full!
[2026-07-22 18:59:45.869] [debug] [MultiThreadDetector] queue is full!
[2026-07-22 18:59:45.884] [debug] [MultiThreadDetector] queue is full!
[2026-07-22 18:59:45.908] [debug] [MultiThreadDetector] queue is full!
[2026-07-22 18:59:45.924] [debug] [MultiThreadDetector] queue is full!
[2026-07-22 18:59:45.952] [debug] [MultiThreadDetector] queue is full!
[2026-07-22 18:59:45.968] [debug] [MultiThreadDetector] queue is full!
[2026-07-22 18:59:45.992] [debug] [MultiThreadDetector] queue is full!
[2026-07-22 18:59:46.008] [debug] [MultiThreadDetector] queue is full!
[2026-07-22 18:59:46.034] [debug] [MultiThreadDetector] queue is full!
[2026-07-22 18:59:46.051] [debug] [MultiThreadDetector] queue is full!
[2026-07-22 18:59:46.078] [debug] [MultiThreadDetector] queue is full!
[2026-07-22 18:59:46.097] [debug] [MultiThreadDetector] queue is full!
[2026-07-22 18:59:46.124] [debug] [MultiThreadDetector] queue is full!
[2026-07-22 18:59:46.141] [debug] [MultiThreadDetector] queue is full!
[2026-07-22 18:59:46.169] [debug] [MultiThreadDetector] queue is full!
[2026-07-22 18:59:46.182] [debug] [MultiThreadDetector] queue is full!
[2026-07-22 18:59:46.208] [debug] [MultiThreadDetector] queue is full!
[2026-07-22 18:59:46.224] [debug] [MultiThreadDetector] queue is full!
[2026-07-22 18:59:46.252] [debug] [MultiThreadDetector] queue is full!
[2026-07-22 18:59:46.269] [debug] [MultiThreadDetector] queue is full!
[2026-07-22 18:59:46.296] [debug] [MultiThreadDetector] queue is full!
[2026-07-22 18:59:46.312] [debug] [MultiThreadDetector] queue is full!
[2026-07-22 18:59:46.339] [debug] [MultiThreadDetector] queue is full!
[2026-07-22 18:59:46.355] [debug] [MultiThreadDetector] queue is full!
[2026-07-22 18:59:46.381] [debug] [MultiThreadDetector] queue is full!
[2026-07-22 18:59:46.398] [debug] [MultiThreadDetector] queue is full!
[2026-07-22 18:59:46.424] [debug] [MultiThreadDetector] queue is full!
[2026-07-22 18:59:46.441] [debug] [MultiThreadDetector] queue is full!
[2026-07-22 18:59:46.467] [debug] [MultiThreadDetector] queue is full!
[2026-07-22 18:59:46.485] [debug] [MultiThreadDetector] queue is full!
[2026-07-22 18:59:46.513] [debug] [MultiThreadDetector] queue is full!
[2026-07-22 18:59:46.530] [debug] [MultiThreadDetector] queue is full!
[2026-07-22 18:59:46.555] [debug] [MultiThreadDetector] queue is full!
[2026-07-22 18:59:46.571] [debug] [MultiThreadDetector] queue is full!
[2026-07-22 18:59:46.597] [debug] [MultiThreadDetector] queue is full!
[2026-07-22 18:59:46.615] [debug] [MultiThreadDetector] queue is full!
[2026-07-22 18:59:46.638] [debug] [MultiThreadDetector] queue is full!
[2026-07-22 18:59:46.649] [debug] [MultiThreadDetector] queue is full!
[2026-07-22 18:59:46.676] [debug] [MultiThreadDetector] queue is full!
[2026-07-22 18:59:46.693] [debug] [MultiThreadDetector] queue is full!
[2026-07-22 18:59:46.717] [debug] [MultiThreadDetector] queue is full!
[2026-07-22 18:59:46.736] [debug] [MultiThreadDetector] queue is full!
[2026-07-22 18:59:46.758] [debug] [MultiThreadDetector] queue is full!
[2026-07-22 18:59:46.774] [debug] [MultiThreadDetector] queue is full!
[2026-07-22 18:59:46.801] [debug] [MultiThreadDetector] queue is full!
[2026-07-22 18:59:46.816] [debug] [MultiThreadDetector] queue is full!
[2026-07-22 18:59:46.844] [debug] [MultiThreadDetector] queue is full!
[2026-07-22 18:59:46.859] [debug] [MultiThreadDetector] queue is full!
[2026-07-22 18:59:46.886] [debug] [MultiThreadDetector] queue is full!
[2026-07-22 18:59:46.903] [debug] [MultiThreadDetector] queue is full!
[2026-07-22 18:59:46.926] [debug] [MultiThreadDetector] queue is full!
[2026-07-22 18:59:46.937] [debug] [MultiThreadDetector] queue is full!
[2026-07-22 18:59:46.965] [debug] [MultiThreadDetector] queue is full!
[2026-07-22 18:59:46.980] [debug] [MultiThreadDetector] queue is full!
[2026-07-22 18:59:47.005] [debug] [MultiThreadDetector] queue is full!
[2026-07-22 18:59:47.023] [debug] [MultiThreadDetector] queue is full!
[2026-07-22 18:59:47.050] [debug] [MultiThreadDetector] queue is full!
[2026-07-22 18:59:47.071] [debug] [MultiThreadDetector] queue is full!
[2026-07-22 18:59:47.084] [debug] [MultiThreadDetector] queue is full!
[2026-07-22 18:59:47.101] [debug] [MultiThreadDetector] queue is full!
[2026-07-22 18:59:47.112] [debug] [MultiThreadDetector] queue is full!
[2026-07-22 18:59:47.128] [debug] [MultiThreadDetector] queue is full!
[2026-07-22 18:59:47.154] [debug] [MultiThreadDetector] queue is full!
[2026-07-22 18:59:47.170] [debug] [MultiThreadDetector] queue is full!
[2026-07-22 18:59:47.199] [debug] [MultiThreadDetector] queue is full!
[2026-07-22 18:59:47.216] [debug] [MultiThreadDetector] queue is full!
[2026-07-22 18:59:47.227] [debug] [MultiThreadDetector] queue is full!
[2026-07-22 18:59:47.244] [debug] [MultiThreadDetector] queue is full!
[2026-07-22 18:59:47.267] [debug] [MultiThreadDetector] queue is full!
[2026-07-22 18:59:47.283] [debug] [MultiThreadDetector] queue is full!
[2026-07-22 18:59:47.309] [debug] [MultiThreadDetector] queue is full!
[2026-07-22 18:59:47.328] [debug] [MultiThreadDetector] queue is full!
[2026-07-22 18:59:47.352] [debug] [MultiThreadDetector] queue is full!
[2026-07-22 18:59:47.370] [debug] [MultiThreadDetector] queue is full!
[2026-07-22 18:59:47.396] [debug] [MultiThreadDetector] queue is full!
[2026-07-22 18:59:47.415] [debug] [MultiThreadDetector] queue is full!
[2026-07-22 18:59:47.426] [debug] [MultiThreadDetector] queue is full!
[2026-07-22 18:59:47.444] [debug] [MultiThreadDetector] queue is full!
[2026-07-22 18:59:47.454] [debug] [MultiThreadDetector] queue is full!
[2026-07-22 18:59:47.473] [debug] [MultiThreadDetector] queue is full!
[2026-07-22 18:59:47.486] [debug] [MultiThreadDetector] queue is full!
[2026-07-22 18:59:47.501] [debug] [MultiThreadDetector] queue is full!
[2026-07-22 18:59:47.525] [debug] [MultiThreadDetector] queue is full!
[2026-07-22 18:59:47.541] [debug] [MultiThreadDetector] queue is full!
[2026-07-22 18:59:47.567] [debug] [MultiThreadDetector] queue is full!
[2026-07-22 18:59:47.581] [debug] [MultiThreadDetector] queue is full!
[2026-07-22 18:59:47.594] [debug] [MultiThreadDetector] queue is full!
[2026-07-22 18:59:47.607] [debug] [MultiThreadDetector] queue is full!
[2026-07-22 18:59:47.619] [debug] [MultiThreadDetector] queue is full!
[2026-07-22 18:59:47.645] [debug] [MultiThreadDetector] queue is full!
[2026-07-22 18:59:47.662] [debug] [MultiThreadDetector] queue is full!
[2026-07-22 18:59:47.689] [debug] [MultiThreadDetector] queue is full!
[2026-07-22 18:59:47.706] [debug] [MultiThreadDetector] queue is full!
[2026-07-22 18:59:47.730] [debug] [MultiThreadDetector] queue is full!
[2026-07-22 18:59:47.746] [debug] [MultiThreadDetector] queue is full!
[2026-07-22 18:59:47.772] [debug] [MultiThreadDetector] queue is full!
[2026-07-22 18:59:47.787] [debug] [MultiThreadDetector] queue is full!
[2026-07-22 18:59:47.816] [debug] [MultiThreadDetector] queue is full!
[2026-07-22 18:59:47.829] [debug] [MultiThreadDetector] queue is full!
[2026-07-22 18:59:47.857] [debug] [MultiThreadDetector] queue is full!
[2026-07-22 18:59:47.869] [debug] [MultiThreadDetector] queue is full!
[2026-07-22 18:59:47.896] [debug] [MultiThreadDetector] queue is full!
[2026-07-22 18:59:47.913] [debug] [MultiThreadDetector] queue is full!
[2026-07-22 18:59:47.936] [debug] [MultiThreadDetector] queue is full!
[2026-07-22 18:59:47.946] [debug] [MultiThreadDetector] queue is full!
[2026-07-22 18:59:47.973] [debug] [MultiThreadDetector] queue is full!
[2026-07-22 18:59:47.990] [debug] [MultiThreadDetector] queue is full!
[2026-07-22 18:59:48.015] [debug] [MultiThreadDetector] queue is full!
[2026-07-22 18:59:48.025] [debug] [MultiThreadDetector] queue is full!
[2026-07-22 18:59:48.050] [debug] [MultiThreadDetector] queue is full!
[2026-07-22 18:59:48.062] [debug] [MultiThreadDetector] queue is full!
[2026-07-22 18:59:48.089] [debug] [MultiThreadDetector] queue is full!
[2026-07-22 18:59:48.103] [debug] [MultiThreadDetector] queue is full!
[2026-07-22 18:59:48.130] [debug] [MultiThreadDetector] queue is full!
[2026-07-22 18:59:48.148] [debug] [MultiThreadDetector] queue is full!
[2026-07-22 18:59:48.177] [debug] [MultiThreadDetector] queue is full!
[2026-07-22 18:59:48.192] [debug] [MultiThreadDetector] queue is full!
[2026-07-22 18:59:48.206] [debug] [MultiThreadDetector] queue is full!
[2026-07-22 18:59:48.217] [debug] [MultiThreadDetector] queue is full!
[2026-07-22 18:59:48.234] [debug] [MultiThreadDetector] queue is full!
[2026-07-22 18:59:48.257] [debug] [MultiThreadDetector] queue is full!
[2026-07-22 18:59:48.273] [debug] [MultiThreadDetector] queue is full!
[2026-07-22 18:59:48.290] [debug] [MultiThreadDetector] queue is full!
[2026-07-22 18:59:48.299] [debug] [MultiThreadDetector] queue is full!
[2026-07-22 18:59:48.314] [debug] [MultiThreadDetector] queue is full!
[2026-07-22 18:59:48.330] [debug] [MultiThreadDetector] queue is full!
[2026-07-22 18:59:48.340] [debug] [MultiThreadDetector] queue is full!
[2026-07-22 18:59:48.356] [debug] [MultiThreadDetector] queue is full!
[2026-07-22 18:59:48.372] [debug] [MultiThreadDetector] queue is full!
[2026-07-22 18:59:48.388] [debug] [MultiThreadDetector] queue is full!
[2026-07-22 18:59:48.405] [debug] [MultiThreadDetector] queue is full!
[2026-07-22 18:59:48.417] [debug] [MultiThreadDetector] queue is full!
[2026-07-22 18:59:48.434] [debug] [MultiThreadDetector] queue is full!
[2026-07-22 18:59:48.448] [debug] [MultiThreadDetector] queue is full!
[2026-07-22 18:59:48.465] [debug] [MultiThreadDetector] queue is full!
[2026-07-22 18:59:48.486] [debug] [MultiThreadDetector] queue is full!
[2026-07-22 18:59:48.502] [debug] [MultiThreadDetector] queue is full!
[2026-07-22 18:59:48.515] [debug] [MultiThreadDetector] queue is full!
[2026-07-22 18:59:48.526] [debug] [MultiThreadDetector] queue is full!
[2026-07-22 18:59:48.541] [debug] [MultiThreadDetector] queue is full!
[2026-07-22 18:59:48.551] [debug] [MultiThreadDetector] queue is full!
[2026-07-22 18:59:48.563] [debug] [MultiThreadDetector] queue is full!
[2026-07-22 18:59:48.580] [debug] [MultiThreadDetector] queue is full!
[2026-07-22 18:59:48.606] [debug] [MultiThreadDetector] queue is full!
[2026-07-22 18:59:48.624] [debug] [MultiThreadDetector] queue is full!
[2026-07-22 18:59:48.639] [debug] [MultiThreadDetector] queue is full!
[2026-07-22 18:59:48.655] [debug] [MultiThreadDetector] queue is full!
[2026-07-22 18:59:48.676] [debug] [MultiThreadDetector] queue is full!
[2026-07-22 18:59:48.708] [debug] [MultiThreadDetector] queue is full!
[2026-07-22 18:59:48.740] [debug] [MultiThreadDetector] queue is full!
[2026-07-22 18:59:48.757] [debug] [MultiThreadDetector] queue is full!
[2026-07-22 18:59:48.781] [debug] [MultiThreadDetector] queue is full!
[2026-07-22 18:59:48.797] [debug] [MultiThreadDetector] queue is full!
[2026-07-22 18:59:48.811] [debug] [MultiThreadDetector] queue is full!
[2026-07-22 18:59:48.822] [debug] [MultiThreadDetector] queue is full!
[2026-07-22 18:59:48.838] [debug] [MultiThreadDetector] queue is full!
[2026-07-22 18:59:48.848] [debug] [MultiThreadDetector] queue is full!
[2026-07-22 18:59:48.866] [debug] [MultiThreadDetector] queue is full!
[2026-07-22 18:59:48.879] [debug] [MultiThreadDetector] queue is full!
[2026-07-22 18:59:48.906] [debug] [MultiThreadDetector] queue is full!
[2026-07-22 18:59:48.917] [debug] [MultiThreadDetector] queue is full!
[2026-07-22 18:59:48.931] [debug] [MultiThreadDetector] queue is full!
[2026-07-22 18:59:48.942] [debug] [MultiThreadDetector] queue is full!
[2026-07-22 18:59:48.955] [debug] [MultiThreadDetector] queue is full!
[2026-07-22 18:59:48.981] [debug] [MultiThreadDetector] queue is full!
[2026-07-22 18:59:48.992] [debug] [MultiThreadDetector] queue is full!
[2026-07-22 18:59:49.019] [debug] [MultiThreadDetector] queue is full!
[2026-07-22 18:59:49.035] [debug] [MultiThreadDetector] queue is full!
[2026-07-22 18:59:49.060] [debug] [MultiThreadDetector] queue is full!
[2026-07-22 18:59:49.073] [debug] [MultiThreadDetector] queue is full!
[2026-07-22 18:59:49.101] [debug] [MultiThreadDetector] queue is full!
[2026-07-22 18:59:49.117] [debug] [MultiThreadDetector] queue is full!
[2026-07-22 18:59:49.144] [debug] [MultiThreadDetector] queue is full!
[2026-07-22 18:59:49.163] [debug] [MultiThreadDetector] queue is full!
[2026-07-22 18:59:49.197] [debug] [MultiThreadDetector] queue is full!
[2026-07-22 18:59:49.215] [debug] [MultiThreadDetector] queue is full!
[2026-07-22 18:59:49.228] [debug] [MultiThreadDetector] queue is full!
[2026-07-22 18:59:49.246] [debug] [MultiThreadDetector] queue is full!
[2026-07-22 18:59:49.257] [debug] [MultiThreadDetector] queue is full!
[2026-07-22 18:59:49.280] [debug] [MultiThreadDetector] queue is full!
[2026-07-22 18:59:49.293] [debug] [MultiThreadDetector] queue is full!
[2026-07-22 18:59:49.312] [debug] [MultiThreadDetector] queue is full!
[2026-07-22 18:59:49.323] [debug] [MultiThreadDetector] queue is full!
[2026-07-22 18:59:49.341] [debug] [MultiThreadDetector] queue is full!
[2026-07-22 18:59:49.364] [debug] [MultiThreadDetector] queue is full!
[2026-07-22 18:59:49.383] [debug] [MultiThreadDetector] queue is full!
[2026-07-22 18:59:49.410] [debug] [MultiThreadDetector] queue is full!
[2026-07-22 18:59:49.425] [debug] [MultiThreadDetector] queue is full!
[2026-07-22 18:59:49.440] [debug] [MultiThreadDetector] queue is full!
[2026-07-22 18:59:49.449] [debug] [MultiThreadDetector] queue is full!
[2026-07-22 18:59:49.466] [debug] [MultiThreadDetector] queue is full!
[2026-07-22 18:59:49.492] [debug] [MultiThreadDetector] queue is full!
[2026-07-22 18:59:49.505] [debug] [MultiThreadDetector] queue is full!
[2026-07-22 18:59:49.515] [debug] [MultiThreadDetector] queue is full!
[2026-07-22 18:59:49.539] [debug] [MultiThreadDetector] queue is full!
[2026-07-22 18:59:49.556] [debug] [MultiThreadDetector] queue is full!
[2026-07-22 18:59:49.573] [debug] [MultiThreadDetector] queue is full!
[2026-07-22 18:59:49.584] [debug] [MultiThreadDetector] queue is full!
[2026-07-22 18:59:49.599] [debug] [MultiThreadDetector] queue is full!
[2026-07-22 18:59:49.612] [debug] [MultiThreadDetector] queue is full!
[2026-07-22 18:59:49.623] [debug] [MultiThreadDetector] queue is full!
[2026-07-22 18:59:49.636] [debug] [MultiThreadDetector] queue is full!
[2026-07-22 18:59:49.662] [debug] [MultiThreadDetector] queue is full!
[2026-07-22 18:59:49.671] [debug] [MultiThreadDetector] queue is full!
[2026-07-22 18:59:49.686] [debug] [MultiThreadDetector] queue is full!
[2026-07-22 18:59:49.710] [debug] [MultiThreadDetector] queue is full!
[2026-07-22 18:59:49.725] [debug] [MultiThreadDetector] queue is full!
[2026-07-22 18:59:49.740] [debug] [MultiThreadDetector] queue is full!
[2026-07-22 18:59:49.750] [debug] [MultiThreadDetector] queue is full!
[2026-07-22 18:59:49.767] [debug] [MultiThreadDetector] queue is full!
[2026-07-22 18:59:49.782] [debug] [MultiThreadDetector] queue is full!
[2026-07-22 18:59:49.808] [debug] [MultiThreadDetector] queue is full!
[2026-07-22 18:59:49.824] [debug] [MultiThreadDetector] queue is full!
[2026-07-22 18:59:49.834] [debug] [MultiThreadDetector] queue is full!
[2026-07-22 18:59:49.850] [debug] [MultiThreadDetector] queue is full!
[2026-07-22 18:59:49.880] [debug] [MultiThreadDetector] queue is full!
[2026-07-22 18:59:49.894] [debug] [MultiThreadDetector] queue is full!
[2026-07-22 18:59:49.909] [debug] [MultiThreadDetector] queue is full!
[2026-07-22 18:59:49.931] [debug] [MultiThreadDetector] queue is full!
[2026-07-22 18:59:49.945] [debug] [MultiThreadDetector] queue is full!
[2026-07-22 18:59:49.962] [debug] [MultiThreadDetector] queue is full!
[2026-07-22 18:59:49.972] [debug] [MultiThreadDetector] queue is full!
[2026-07-22 18:59:49.988] [debug] [MultiThreadDetector] queue is full!
[2026-07-22 18:59:50.013] [debug] [MultiThreadDetector] queue is full!
[2026-07-22 18:59:50.027] [debug] [MultiThreadDetector] queue is full!
[2026-07-22 18:59:50.038] [debug] [MultiThreadDetector] queue is full!
[2026-07-22 18:59:50.049] [debug] [MultiThreadDetector] queue is full!
[2026-07-22 18:59:50.064] [debug] [MultiThreadDetector] queue is full!
[2026-07-22 18:59:50.074] [debug] [MultiThreadDetector] queue is full!
[2026-07-22 18:59:50.088] [debug] [MultiThreadDetector] queue is full!
[2026-07-22 18:59:50.105] [debug] [MultiThreadDetector] queue is full!
[2026-07-22 18:59:50.119] [debug] [MultiThreadDetector] queue is full!
[2026-07-22 18:59:50.134] [debug] [MultiThreadDetector] queue is full!
[2026-07-22 18:59:50.160] [debug] [MultiThreadDetector] queue is full!
[2026-07-22 18:59:50.175] [debug] [MultiThreadDetector] queue is full!
[2026-07-22 18:59:50.188] [debug] [MultiThreadDetector] queue is full!
[2026-07-22 18:59:50.200] [debug] [MultiThreadDetector] queue is full!
[2026-07-22 18:59:50.216] [debug] [MultiThreadDetector] queue is full!
[2026-07-22 18:59:50.238] [debug] [MultiThreadDetector] queue is full!
[2026-07-22 18:59:50.252] [debug] [MultiThreadDetector] queue is full!
[2026-07-22 18:59:50.270] [debug] [MultiThreadDetector] queue is full!
[2026-07-22 18:59:50.283] [debug] [MultiThreadDetector] queue is full!
[2026-07-22 18:59:50.299] [debug] [MultiThreadDetector] queue is full!
[2026-07-22 18:59:50.323] [debug] [MultiThreadDetector] queue is full!
[2026-07-22 18:59:50.339] [debug] [MultiThreadDetector] queue is full!
[2026-07-22 18:59:50.351] [debug] [MultiThreadDetector] queue is full!
[2026-07-22 18:59:50.362] [debug] [MultiThreadDetector] queue is full!
[2026-07-22 18:59:50.378] [debug] [MultiThreadDetector] queue is full!
[2026-07-22 18:59:50.388] [debug] [MultiThreadDetector] queue is full!
[2026-07-22 18:59:50.399] [debug] [MultiThreadDetector] queue is full!
[2026-07-22 18:59:50.414] [debug] [MultiThreadDetector] queue is full!
[2026-07-22 18:59:50.436] [debug] [MultiThreadDetector] queue is full!
[2026-07-22 18:59:50.452] [debug] [MultiThreadDetector] queue is full!
[2026-07-22 18:59:50.478] [debug] [MultiThreadDetector] queue is full!
[2026-07-22 18:59:50.493] [debug] [MultiThreadDetector] queue is full!
[2026-07-22 18:59:50.519] [debug] [MultiThreadDetector] queue is full!
[2026-07-22 18:59:50.535] [debug] [MultiThreadDetector] queue is full!
[2026-07-22 18:59:50.559] [debug] [MultiThreadDetector] queue is full!
[2026-07-22 18:59:50.576] [debug] [MultiThreadDetector] queue is full!
[2026-07-22 18:59:50.585] [debug] [MultiThreadDetector] queue is full!
[2026-07-22 18:59:50.610] [debug] [MultiThreadDetector] queue is full!
[2026-07-22 18:59:50.624] [debug] [MultiThreadDetector] queue is full!
[2026-07-22 18:59:50.641] [debug] [MultiThreadDetector] queue is full!
[2026-07-22 18:59:50.653] [debug] [MultiThreadDetector] queue is full!
[2026-07-22 18:59:50.668] [debug] [MultiThreadDetector] queue is full!
[2026-07-22 18:59:50.694] [debug] [MultiThreadDetector] queue is full!
[2026-07-22 18:59:50.709] [debug] [MultiThreadDetector] queue is full!
[2026-07-22 18:59:50.735] [debug] [MultiThreadDetector] queue is full!
[2026-07-22 18:59:50.751] [debug] [MultiThreadDetector] queue is full!
[2026-07-22 18:59:50.781] [debug] [MultiThreadDetector] queue is full!
[2026-07-22 18:59:50.796] [debug] [MultiThreadDetector] queue is full!
[2026-07-22 18:59:50.823] [debug] [MultiThreadDetector] queue is full!
[2026-07-22 18:59:50.839] [debug] [MultiThreadDetector] queue is full!
[2026-07-22 18:59:50.867] [debug] [MultiThreadDetector] queue is full!
[2026-07-22 18:59:50.887] [debug] [MultiThreadDetector] queue is full!
[2026-07-22 18:59:50.919] [debug] [MultiThreadDetector] queue is full!
[2026-07-22 18:59:50.932] [debug] [MultiThreadDetector] queue is full!
[2026-07-22 18:59:50.960] [debug] [MultiThreadDetector] queue is full!
[2026-07-22 18:59:50.978] [debug] [MultiThreadDetector] queue is full!
[2026-07-22 18:59:51.002] [debug] [MultiThreadDetector] queue is full!
[2026-07-22 18:59:51.018] [debug] [MultiThreadDetector] queue is full!
[2026-07-22 18:59:51.045] [debug] [MultiThreadDetector] queue is full!
[2026-07-22 18:59:51.062] [debug] [MultiThreadDetector] queue is full!
[2026-07-22 18:59:51.090] [debug] [MultiThreadDetector] queue is full!
[2026-07-22 18:59:51.112] [debug] [MultiThreadDetector] queue is full!
[2026-07-22 18:59:51.122] [debug] [MultiThreadDetector] queue is full!
[2026-07-22 18:59:51.135] [debug] [MultiThreadDetector] queue is full!
[2026-07-22 18:59:51.161] [debug] [MultiThreadDetector] queue is full!
[2026-07-22 18:59:51.174] [debug] [MultiThreadDetector] queue is full!
[2026-07-22 18:59:51.205] [debug] [MultiThreadDetector] queue is full!
[2026-07-22 18:59:51.223] [debug] [MultiThreadDetector] queue is full!
[2026-07-22 18:59:51.237] [debug] [MultiThreadDetector] queue is full!
[2026-07-22 18:59:51.255] [debug] [MultiThreadDetector] queue is full!
[2026-07-22 18:59:51.266] [debug] [MultiThreadDetector] queue is full!
[2026-07-22 18:59:51.282] [debug] [MultiThreadDetector] queue is full!
[2026-07-22 18:59:51.306] [debug] [MultiThreadDetector] queue is full!
[2026-07-22 18:59:51.321] [debug] [MultiThreadDetector] queue is full!
[2026-07-22 18:59:51.332] [debug] [MultiThreadDetector] queue is full!
[2026-07-22 18:59:51.344] [debug] [MultiThreadDetector] queue is full!
[2026-07-22 18:59:51.361] [debug] [MultiThreadDetector] queue is full!
[2026-07-22 18:59:51.377] [debug] [MultiThreadDetector] queue is full!
[2026-07-22 18:59:51.391] [debug] [MultiThreadDetector] queue is full!
[2026-07-22 18:59:51.401] [debug] [MultiThreadDetector] queue is full!
[2026-07-22 18:59:51.412] [debug] [MultiThreadDetector] queue is full!
[2026-07-22 18:59:51.428] [debug] [MultiThreadDetector] queue is full!
[2026-07-22 18:59:51.440] [debug] [MultiThreadDetector] queue is full!
[2026-07-22 18:59:51.453] [debug] [MultiThreadDetector] queue is full!
[2026-07-22 18:59:51.471] [debug] [MultiThreadDetector] queue is full!
[2026-07-22 18:59:51.498] [debug] [MultiThreadDetector] queue is full!
[2026-07-22 18:59:51.514] [debug] [MultiThreadDetector] queue is full!
[2026-07-22 18:59:51.542] [debug] [MultiThreadDetector] queue is full!
[2026-07-22 18:59:51.557] [debug] [MultiThreadDetector] queue is full!
[2026-07-22 18:59:51.568] [debug] [MultiThreadDetector] queue is full!
[2026-07-22 18:59:51.580] [debug] [MultiThreadDetector] queue is full!
[2026-07-22 18:59:51.600] [debug] [MultiThreadDetector] queue is full!
[2026-07-22 18:59:51.612] [debug] [MultiThreadDetector] queue is full!
[2026-07-22 18:59:51.628] [debug] [MultiThreadDetector] queue is full!
[2026-07-22 18:59:51.649] [debug] [MultiThreadDetector] queue is full!
[2026-07-22 18:59:51.664] [debug] [MultiThreadDetector] queue is full!
[2026-07-22 18:59:51.677] [debug] [MultiThreadDetector] queue is full!
[2026-07-22 18:59:51.691] [debug] [MultiThreadDetector] queue is full!
[2026-07-22 18:59:51.703] [debug] [MultiThreadDetector] queue is full!
[2026-07-22 18:59:51.730] [debug] [MultiThreadDetector] queue is full!
[2026-07-22 18:59:51.748] [debug] [MultiThreadDetector] queue is full!
[2026-07-22 18:59:51.762] [debug] [MultiThreadDetector] queue is full!
[2026-07-22 18:59:51.779] [debug] [MultiThreadDetector] queue is full!
[2026-07-22 18:59:51.790] [debug] [MultiThreadDetector] queue is full!
[2026-07-22 18:59:51.808] [debug] [MultiThreadDetector] queue is full!
[2026-07-22 18:59:51.821] [debug] [MultiThreadDetector] queue is full!
[2026-07-22 18:59:51.838] [debug] [MultiThreadDetector] queue is full!
[2026-07-22 18:59:51.859] [debug] [MultiThreadDetector] queue is full!
[2026-07-22 18:59:51.873] [debug] [MultiThreadDetector] queue is full!
[2026-07-22 18:59:51.886] [debug] [MultiThreadDetector] queue is full!
[2026-07-22 18:59:51.910] [debug] [MultiThreadDetector] queue is full!
[2026-07-22 18:59:51.925] [debug] [MultiThreadDetector] queue is full!
[2026-07-22 18:59:51.936] [debug] [MultiThreadDetector] queue is full!
[2026-07-22 18:59:51.960] [debug] [MultiThreadDetector] queue is full!
[2026-07-22 18:59:51.978] [debug] [MultiThreadDetector] queue is full!
[2026-07-22 18:59:52.007] [debug] [MultiThreadDetector] queue is full!
[2026-07-22 18:59:52.024] [debug] [MultiThreadDetector] queue is full!
[2026-07-22 18:59:52.050] [debug] [MultiThreadDetector] queue is full!
[2026-07-22 18:59:52.071] [debug] [MultiThreadDetector] queue is full!
[2026-07-22 18:59:52.098] [debug] [MultiThreadDetector] queue is full!
[2026-07-22 18:59:52.113] [debug] [MultiThreadDetector] queue is full!
[2026-07-22 18:59:52.140] [debug] [MultiThreadDetector] queue is full!
[2026-07-22 18:59:52.156] [debug] [MultiThreadDetector] queue is full!
[2026-07-22 18:59:52.181] [debug] [MultiThreadDetector] queue is full!
[2026-07-22 18:59:52.196] [debug] [MultiThreadDetector] queue is full!
[2026-07-22 18:59:52.223] [debug] [MultiThreadDetector] queue is full!
[2026-07-22 18:59:52.238] [debug] [MultiThreadDetector] queue is full!
[2026-07-22 18:59:52.253] [debug] [MultiThreadDetector] queue is full!
[2026-07-22 18:59:52.264] [debug] [MultiThreadDetector] queue is full!
[2026-07-22 18:59:52.281] [debug] [MultiThreadDetector] queue is full!
[2026-07-22 18:59:52.298] [debug] [MultiThreadDetector] queue is full!
[2026-07-22 18:59:52.313] [debug] [MultiThreadDetector] queue is full!
[2026-07-22 18:59:52.324] [debug] [MultiThreadDetector] queue is full!
[2026-07-22 18:59:52.337] [debug] [MultiThreadDetector] queue is full!
[2026-07-22 18:59:52.354] [debug] [MultiThreadDetector] queue is full!
[2026-07-22 18:59:52.367] [debug] [MultiThreadDetector] queue is full!
[2026-07-22 18:59:52.383] [debug] [MultiThreadDetector] queue is full!
[2026-07-22 18:59:52.403] [debug] [MultiThreadDetector] queue is full!
[2026-07-22 18:59:52.418] [debug] [MultiThreadDetector] queue is full!
[2026-07-22 18:59:52.429] [debug] [MultiThreadDetector] queue is full!
[2026-07-22 18:59:52.442] [debug] [MultiThreadDetector] queue is full!
[2026-07-22 18:59:52.463] [debug] [MultiThreadDetector] queue is full!
[2026-07-22 18:59:52.474] [debug] [MultiThreadDetector] queue is full!
[2026-07-22 18:59:52.491] [debug] [MultiThreadDetector] queue is full!
[2026-07-22 18:59:52.502] [debug] [MultiThreadDetector] queue is full!
[2026-07-22 18:59:52.520] [debug] [MultiThreadDetector] queue is full!
[2026-07-22 18:59:52.531] [debug] [MultiThreadDetector] queue is full!
[2026-07-22 18:59:52.549] [debug] [MultiThreadDetector] queue is full!
[2026-07-22 18:59:52.576] [debug] [MultiThreadDetector] queue is full!
[2026-07-22 18:59:52.596] [debug] [MultiThreadDetector] queue is full!
[2026-07-22 18:59:52.610] [debug] [MultiThreadDetector] queue is full!
[2026-07-22 18:59:52.627] [debug] [MultiThreadDetector] queue is full!
[2026-07-22 18:59:52.648] [debug] [MultiThreadDetector] queue is full!
[2026-07-22 18:59:52.664] [debug] [MultiThreadDetector] queue is full!
[2026-07-22 18:59:52.676] [debug] [MultiThreadDetector] queue is full!
[2026-07-22 18:59:52.688] [debug] [MultiThreadDetector] queue is full!
[2026-07-22 18:59:52.705] [debug] [MultiThreadDetector] queue is full!
[2026-07-22 18:59:52.729] [debug] [MultiThreadDetector] queue is full!
[2026-07-22 18:59:52.746] [debug] [MultiThreadDetector] queue is full!
[2026-07-22 18:59:52.757] [debug] [MultiThreadDetector] queue is full!
[2026-07-22 18:59:52.769] [debug] [MultiThreadDetector] queue is full!
[2026-07-22 18:59:52.785] [debug] [MultiThreadDetector] queue is full!
[2026-07-22 18:59:52.810] [debug] [MultiThreadDetector] queue is full!
[2026-07-22 18:59:52.822] [debug] [MultiThreadDetector] queue is full!
[2026-07-22 18:59:52.836] [debug] [MultiThreadDetector] queue is full!
[2026-07-22 18:59:52.849] [debug] [MultiThreadDetector] queue is full!
[2026-07-22 18:59:52.865] [debug] [MultiThreadDetector] queue is full!
[2026-07-22 18:59:52.891] [debug] [MultiThreadDetector] queue is full!
[2026-07-22 18:59:52.905] [debug] [MultiThreadDetector] queue is full!
[2026-07-22 18:59:52.916] [debug] [MultiThreadDetector] queue is full!
[2026-07-22 18:59:52.929] [debug] [MultiThreadDetector] queue is full!
[2026-07-22 18:59:52.946] [debug] [MultiThreadDetector] queue is full!
[2026-07-22 18:59:52.960] [debug] [MultiThreadDetector] queue is full!
[2026-07-22 18:59:52.978] [debug] [MultiThreadDetector] queue is full!
[2026-07-22 18:59:52.999] [debug] [MultiThreadDetector] queue is full!
[2026-07-22 18:59:53.012] [debug] [MultiThreadDetector] queue is full!
[2026-07-22 18:59:53.030] [debug] [MultiThreadDetector] queue is full!
[2026-07-22 18:59:53.040] [debug] [MultiThreadDetector] queue is full!
[2026-07-22 18:59:53.056] [debug] [MultiThreadDetector] queue is full!
[2026-07-22 18:59:53.081] [debug] [MultiThreadDetector] queue is full!
[2026-07-22 18:59:53.097] [debug] [MultiThreadDetector] queue is full!
[2026-07-22 18:59:53.125] [debug] [MultiThreadDetector] queue is full!
[2026-07-22 18:59:53.139] [debug] [MultiThreadDetector] queue is full!
[2026-07-22 18:59:53.167] [debug] [MultiThreadDetector] queue is full!
[2026-07-22 18:59:53.186] [debug] [MultiThreadDetector] queue is full!
[2026-07-22 18:59:53.203] [debug] [MultiThreadDetector] queue is full!
[2026-07-22 18:59:53.223] [debug] [MultiThreadDetector] queue is full!
[2026-07-22 18:59:53.236] [debug] [MultiThreadDetector] queue is full!
[2026-07-22 18:59:53.252] [debug] [MultiThreadDetector] queue is full!
[2026-07-22 18:59:53.273] [debug] [MultiThreadDetector] queue is full!
[2026-07-22 18:59:53.293] [debug] [MultiThreadDetector] queue is full!
[2026-07-22 18:59:53.320] [debug] [MultiThreadDetector] queue is full!
[2026-07-22 18:59:53.336] [debug] [MultiThreadDetector] queue is full!
[2026-07-22 18:59:53.350] [debug] [MultiThreadDetector] queue is full!
[2026-07-22 18:59:53.361] [debug] [MultiThreadDetector] queue is full!
[2026-07-22 18:59:53.378] [debug] [MultiThreadDetector] queue is full!
[2026-07-22 18:59:53.389] [debug] [MultiThreadDetector] queue is full!
[2026-07-22 18:59:53.406] [debug] [MultiThreadDetector] queue is full!
[2026-07-22 18:59:53.417] [debug] [MultiThreadDetector] queue is full!
[2026-07-22 18:59:53.430] [debug] [MultiThreadDetector] queue is full!
[2026-07-22 18:59:53.447] [debug] [MultiThreadDetector] queue is full!
[2026-07-22 18:59:53.474] [debug] [MultiThreadDetector] queue is full!
[2026-07-22 18:59:53.489] [debug] [MultiThreadDetector] queue is full!
[2026-07-22 18:59:53.506] [debug] [MultiThreadDetector] queue is full!
[2026-07-22 18:59:53.516] [debug] [MultiThreadDetector] queue is full!
[2026-07-22 18:59:53.533] [debug] [MultiThreadDetector] queue is full!
[2026-07-22 18:59:53.557] [debug] [MultiThreadDetector] queue is full!
[2026-07-22 18:59:53.571] [debug] [MultiThreadDetector] queue is full!
[2026-07-22 18:59:53.581] [debug] [MultiThreadDetector] queue is full!
[2026-07-22 18:59:53.593] [debug] [MultiThreadDetector] queue is full!
[2026-07-22 18:59:53.610] [debug] [MultiThreadDetector] queue is full!
[2026-07-22 18:59:53.638] [debug] [MultiThreadDetector] queue is full!
[2026-07-22 18:59:53.658] [debug] [MultiThreadDetector] queue is full!
[2026-07-22 18:59:53.686] [debug] [MultiThreadDetector] queue is full!
[2026-07-22 18:59:53.700] [debug] [MultiThreadDetector] queue is full!
[2026-07-22 18:59:53.729] [debug] [MultiThreadDetector] queue is full!
[2026-07-22 18:59:53.745] [debug] [MultiThreadDetector] queue is full!
[2026-07-22 18:59:53.769] [debug] [MultiThreadDetector] queue is full!
[2026-07-22 18:59:53.783] [debug] [MultiThreadDetector] queue is full!
[2026-07-22 18:59:53.793] [debug] [MultiThreadDetector] queue is full!
[2026-07-22 18:59:53.805] [debug] [MultiThreadDetector] queue is full!
[2026-07-22 18:59:53.822] [debug] [MultiThreadDetector] queue is full!
[2026-07-22 18:59:53.847] [debug] [MultiThreadDetector] queue is full!
[2026-07-22 18:59:53.861] [debug] [MultiThreadDetector] queue is full!
[2026-07-22 18:59:53.873] [debug] [MultiThreadDetector] queue is full!
[2026-07-22 18:59:53.886] [debug] [MultiThreadDetector] queue is full!
[2026-07-22 18:59:53.901] [debug] [MultiThreadDetector] queue is full!
[2026-07-22 18:59:53.926] [debug] [MultiThreadDetector] queue is full!
[2026-07-22 18:59:53.939] [debug] [MultiThreadDetector] queue is full!
[2026-07-22 18:59:53.953] [debug] [MultiThreadDetector] queue is full!
[2026-07-22 18:59:53.965] [debug] [MultiThreadDetector] queue is full!
[2026-07-22 18:59:53.981] [debug] [MultiThreadDetector] queue is full!
[2026-07-22 18:59:54.004] [debug] [MultiThreadDetector] queue is full!
[2026-07-22 18:59:54.019] [debug] [MultiThreadDetector] queue is full!
[2026-07-22 18:59:54.030] [debug] [MultiThreadDetector] queue is full!
[2026-07-22 18:59:54.042] [debug] [MultiThreadDetector] queue is full!
[2026-07-22 18:59:54.058] [debug] [MultiThreadDetector] queue is full!
[2026-07-22 18:59:54.084] [debug] [MultiThreadDetector] queue is full!
[2026-07-22 18:59:54.101] [debug] [MultiThreadDetector] queue is full!
[2026-07-22 18:59:54.126] [debug] [MultiThreadDetector] queue is full!
[2026-07-22 18:59:54.141] [debug] [MultiThreadDetector] queue is full!
[2026-07-22 18:59:54.169] [debug] [MultiThreadDetector] queue is full!
[2026-07-22 18:59:54.188] [debug] [MultiThreadDetector] queue is full!
[2026-07-22 18:59:54.216] [debug] [MultiThreadDetector] queue is full!
[2026-07-22 18:59:54.230] [debug] [MultiThreadDetector] queue is full!
[2026-07-22 18:59:54.247] [debug] [MultiThreadDetector] queue is full!
[2026-07-22 18:59:54.257] [debug] [MultiThreadDetector] queue is full!
[2026-07-22 18:59:54.273] [debug] [MultiThreadDetector] queue is full!
[2026-07-22 18:59:54.298] [debug] [MultiThreadDetector] queue is full!
[2026-07-22 18:59:54.312] [debug] [MultiThreadDetector] queue is full!
[2026-07-22 18:59:54.323] [debug] [MultiThreadDetector] queue is full!
[2026-07-22 18:59:54.336] [debug] [MultiThreadDetector] queue is full!
[2026-07-22 18:59:54.352] [debug] [MultiThreadDetector] queue is full!
[2026-07-22 18:59:54.377] [debug] [MultiThreadDetector] queue is full!
[2026-07-22 18:59:54.392] [debug] [MultiThreadDetector] queue is full!
[2026-07-22 18:59:54.428] [debug] [MultiThreadDetector] queue is full!
[2026-07-22 18:59:54.438] [debug] [MultiThreadDetector] queue is full!
[2026-07-22 18:59:54.453] [debug] [MultiThreadDetector] queue is full!
[2026-07-22 18:59:54.464] [debug] [MultiThreadDetector] queue is full!
[2026-07-22 18:59:54.476] [debug] [MultiThreadDetector] queue is full!
[2026-07-22 18:59:54.501] [debug] [MultiThreadDetector] queue is full!
[2026-07-22 18:59:54.519] [debug] [MultiThreadDetector] queue is full!
[2026-07-22 18:59:54.545] [debug] [MultiThreadDetector] queue is full!
[2026-07-22 18:59:54.560] [debug] [MultiThreadDetector] queue is full!
[2026-07-22 18:59:54.586] [debug] [MultiThreadDetector] queue is full!
[2026-07-22 18:59:54.604] [debug] [MultiThreadDetector] queue is full!
[2026-07-22 18:59:54.629] [debug] [MultiThreadDetector] queue is full!
[2026-07-22 18:59:54.645] [debug] [MultiThreadDetector] queue is full!
[2026-07-22 18:59:54.672] [debug] [MultiThreadDetector] queue is full!
[2026-07-22 18:59:54.688] [debug] [MultiThreadDetector] queue is full!
[2026-07-22 18:59:54.712] [debug] [MultiThreadDetector] queue is full!
[2026-07-22 18:59:54.732] [debug] [MultiThreadDetector] queue is full!
[2026-07-22 18:59:54.765] [debug] [MultiThreadDetector] queue is full!
[2026-07-22 18:59:54.779] [debug] [MultiThreadDetector] queue is full!
[2026-07-22 18:59:54.805] [debug] [MultiThreadDetector] queue is full!
[2026-07-22 18:59:54.820] [debug] [MultiThreadDetector] queue is full!
[2026-07-22 18:59:54.843] [debug] [MultiThreadDetector] queue is full!
[2026-07-22 18:59:54.854] [debug] [MultiThreadDetector] queue is full!
[2026-07-22 18:59:54.869] [debug] [MultiThreadDetector] queue is full!
[2026-07-22 18:59:54.880] [debug] [MultiThreadDetector] queue is full!
[2026-07-22 18:59:54.893] [debug] [MultiThreadDetector] queue is full!
[2026-07-22 18:59:54.917] [debug] [MultiThreadDetector] queue is full!
[2026-07-22 18:59:54.930] [debug] [MultiThreadDetector] queue is full!
[2026-07-22 18:59:54.948] [debug] [MultiThreadDetector] queue is full!
[2026-07-22 18:59:54.958] [debug] [MultiThreadDetector] queue is full!
[2026-07-22 18:59:54.975] [debug] [MultiThreadDetector] queue is full!
[2026-07-22 18:59:54.999] [debug] [MultiThreadDetector] queue is full!
[2026-07-22 18:59:55.012] [debug] [MultiThreadDetector] queue is full!
[2026-07-22 18:59:55.022] [debug] [MultiThreadDetector] queue is full!
[2026-07-22 18:59:55.046] [debug] [MultiThreadDetector] queue is full!
[2026-07-22 18:59:55.061] [debug] [MultiThreadDetector] queue is full!
[2026-07-22 18:59:55.087] [debug] [MultiThreadDetector] queue is full!
[2026-07-22 18:59:55.102] [debug] [MultiThreadDetector] queue is full!
[2026-07-22 18:59:55.113] [debug] [MultiThreadDetector] queue is full!
[2026-07-22 18:59:55.124] [debug] [MultiThreadDetector] queue is full!
[2026-07-22 18:59:55.140] [debug] [MultiThreadDetector] queue is full!
[2026-07-22 18:59:55.155] [debug] [MultiThreadDetector] queue is full!
[2026-07-22 18:59:55.165] [debug] [MultiThreadDetector] queue is full!
[2026-07-22 18:59:55.179] [debug] [MultiThreadDetector] queue is full!
[2026-07-22 18:59:55.195] [debug] [MultiThreadDetector] queue is full!
[2026-07-22 18:59:55.204] [debug] [MultiThreadDetector] queue is full!
[2026-07-22 18:59:55.220] [debug] [MultiThreadDetector] queue is full!
[2026-07-22 18:59:55.230] [debug] [MultiThreadDetector] queue is full!
[2026-07-22 18:59:55.242] [debug] [MultiThreadDetector] queue is full!
[2026-07-22 18:59:55.261] [debug] [MultiThreadDetector] queue is full!
[2026-07-22 18:59:55.290] [debug] [MultiThreadDetector] queue is full!
[2026-07-22 18:59:55.311] [debug] [MultiThreadDetector] queue is full!
[2026-07-22 18:59:55.323] [debug] [MultiThreadDetector] queue is full!
[2026-07-22 18:59:55.342] [debug] [MultiThreadDetector] queue is full!
[2026-07-22 18:59:55.353] [debug] [MultiThreadDetector] queue is full!
[2026-07-22 18:59:55.370] [debug] [MultiThreadDetector] queue is full!
[2026-07-22 18:59:55.393] [debug] [MultiThreadDetector] queue is full!
[2026-07-22 18:59:55.403] [debug] [MultiThreadDetector] queue is full!
[2026-07-22 18:59:55.436] [debug] [MultiThreadDetector] queue is full!
[2026-07-22 18:59:55.453] [debug] [MultiThreadDetector] queue is full!
[2026-07-22 18:59:55.479] [debug] [MultiThreadDetector] queue is full!
[2026-07-22 18:59:55.498] [debug] [MultiThreadDetector] queue is full!
[2026-07-22 18:59:55.525] [debug] [MultiThreadDetector] queue is full!
[2026-07-22 18:59:55.541] [debug] [MultiThreadDetector] queue is full!
[2026-07-22 18:59:55.565] [debug] [MultiThreadDetector] queue is full!
[2026-07-22 18:59:55.576] [debug] [MultiThreadDetector] queue is full!
[2026-07-22 18:59:55.602] [debug] [MultiThreadDetector] queue is full!
[2026-07-22 18:59:55.613] [debug] [MultiThreadDetector] queue is full!
[2026-07-22 18:59:55.638] [debug] [MultiThreadDetector] queue is full!
[2026-07-22 18:59:55.648] [debug] [MultiThreadDetector] queue is full!
[2026-07-22 18:59:55.664] [debug] [MultiThreadDetector] queue is full!
[2026-07-22 18:59:55.683] [debug] [MultiThreadDetector] queue is full!
[2026-07-22 18:59:55.711] [debug] [MultiThreadDetector] queue is full!
[2026-07-22 18:59:55.728] [debug] [MultiThreadDetector] queue is full!
[2026-07-22 18:59:55.755] [debug] [MultiThreadDetector] queue is full!
[2026-07-22 18:59:55.770] [debug] [MultiThreadDetector] queue is full!
[2026-07-22 18:59:55.794] [debug] [MultiThreadDetector] queue is full!
[2026-07-22 18:59:55.811] [debug] [MultiThreadDetector] queue is full!
[2026-07-22 18:59:55.839] [debug] [MultiThreadDetector] queue is full!
[2026-07-22 18:59:55.859] [debug] [MultiThreadDetector] queue is full!
[2026-07-22 18:59:55.886] [debug] [MultiThreadDetector] queue is full!
[2026-07-22 18:59:55.903] [debug] [MultiThreadDetector] queue is full!
[2026-07-22 18:59:55.930] [debug] [MultiThreadDetector] queue is full!
[2026-07-22 18:59:55.946] [debug] [MultiThreadDetector] queue is full!
[2026-07-22 18:59:55.973] [debug] [MultiThreadDetector] queue is full!
[2026-07-22 18:59:55.989] [debug] [MultiThreadDetector] queue is full!
[2026-07-22 18:59:56.016] [debug] [MultiThreadDetector] queue is full!
[2026-07-22 18:59:56.032] [debug] [MultiThreadDetector] queue is full!
[2026-07-22 18:59:56.060] [debug] [MultiThreadDetector] queue is full!
[2026-07-22 18:59:56.077] [debug] [MultiThreadDetector] queue is full!
[2026-07-22 18:59:56.100] [debug] [MultiThreadDetector] queue is full!
[2026-07-22 18:59:56.116] [debug] [MultiThreadDetector] queue is full!
[2026-07-22 18:59:56.152] [debug] [MultiThreadDetector] queue is full!
[2026-07-22 18:59:56.165] [debug] [MultiThreadDetector] queue is full!
[2026-07-22 18:59:56.194] [debug] [MultiThreadDetector] queue is full!
[2026-07-22 18:59:56.211] [debug] [MultiThreadDetector] queue is full!
[2026-07-22 18:59:56.235] [debug] [MultiThreadDetector] queue is full!
[2026-07-22 18:59:56.252] [debug] [MultiThreadDetector] queue is full!
[2026-07-22 18:59:56.280] [debug] [MultiThreadDetector] queue is full!
[2026-07-22 18:59:56.298] [debug] [MultiThreadDetector] queue is full!
[2026-07-22 18:59:56.324] [debug] [MultiThreadDetector] queue is full!
[2026-07-22 18:59:56.340] [debug] [MultiThreadDetector] queue is full!
[2026-07-22 18:59:56.366] [debug] [MultiThreadDetector] queue is full!
[2026-07-22 18:59:56.384] [debug] [MultiThreadDetector] queue is full!
[2026-07-22 18:59:56.410] [debug] [MultiThreadDetector] queue is full!
[2026-07-22 18:59:56.429] [debug] [MultiThreadDetector] queue is full!
[2026-07-22 18:59:56.453] [debug] [MultiThreadDetector] queue is full!
[2026-07-22 18:59:56.469] [debug] [MultiThreadDetector] queue is full!
[2026-07-22 18:59:56.497] [debug] [MultiThreadDetector] queue is full!
[2026-07-22 18:59:56.512] [debug] [MultiThreadDetector] queue is full!
[2026-07-22 18:59:56.537] [debug] [MultiThreadDetector] queue is full!
[2026-07-22 18:59:56.557] [debug] [MultiThreadDetector] queue is full!
[2026-07-22 18:59:56.581] [debug] [MultiThreadDetector] queue is full!
[2026-07-22 18:59:56.591] [debug] [MultiThreadDetector] queue is full!
[2026-07-22 18:59:56.618] [debug] [MultiThreadDetector] queue is full!
[2026-07-22 18:59:56.629] [debug] [MultiThreadDetector] queue is full!
[2026-07-22 18:59:56.656] [debug] [MultiThreadDetector] queue is full!
[2026-07-22 18:59:56.671] [debug] [MultiThreadDetector] queue is full!
[2026-07-22 18:59:56.696] [debug] [MultiThreadDetector] queue is full!
[2026-07-22 18:59:56.707] [debug] [MultiThreadDetector] queue is full!
[2026-07-22 18:59:56.736] [debug] [MultiThreadDetector] queue is full!
[2026-07-22 18:59:56.752] [debug] [MultiThreadDetector] queue is full!
[2026-07-22 18:59:56.777] [debug] [MultiThreadDetector] queue is full!
[2026-07-22 18:59:56.788] [debug] [MultiThreadDetector] queue is full!
[2026-07-22 18:59:56.805] [debug] [MultiThreadDetector] queue is full!
[2026-07-22 18:59:56.818] [debug] [MultiThreadDetector] queue is full!
[2026-07-22 18:59:56.835] [debug] [MultiThreadDetector] queue is full!
[2026-07-22 18:59:56.846] [debug] [MultiThreadDetector] queue is full!
[2026-07-22 18:59:56.862] [debug] [MultiThreadDetector] queue is full!
[2026-07-22 18:59:56.874] [debug] [MultiThreadDetector] queue is full!
[2026-07-22 18:59:56.894] [debug] [MultiThreadDetector] queue is full!
[2026-07-22 18:59:56.915] [debug] [MultiThreadDetector] queue is full!
[2026-07-22 18:59:56.931] [debug] [MultiThreadDetector] queue is full!
[2026-07-22 18:59:56.941] [debug] [MultiThreadDetector] queue is full!
[2026-07-22 18:59:56.967] [debug] [MultiThreadDetector] queue is full!
[2026-07-22 18:59:56.978] [debug] [MultiThreadDetector] queue is full!
[2026-07-22 18:59:57.006] [debug] [MultiThreadDetector] queue is full!
[2026-07-22 18:59:57.022] [debug] [MultiThreadDetector] queue is full!
[2026-07-22 18:59:57.036] [debug] [MultiThreadDetector] queue is full!
[2026-07-22 18:59:57.047] [debug] [MultiThreadDetector] queue is full!
[2026-07-22 18:59:57.064] [debug] [MultiThreadDetector] queue is full!
[2026-07-22 18:59:57.077] [debug] [MultiThreadDetector] queue is full!
[2026-07-22 18:59:57.091] [debug] [MultiThreadDetector] queue is full!
[2026-07-22 18:59:57.104] [debug] [MultiThreadDetector] queue is full!
[2026-07-22 18:59:57.121] [debug] [MultiThreadDetector] queue is full!
[2026-07-22 18:59:57.133] [debug] [MultiThreadDetector] queue is full!
[2026-07-22 18:59:57.148] [debug] [MultiThreadDetector] queue is full!
[2026-07-22 18:59:57.169] [debug] [MultiThreadDetector] queue is full!
[2026-07-22 18:59:57.184] [debug] [MultiThreadDetector] queue is full!
[2026-07-22 18:59:57.208] [debug] [MultiThreadDetector] queue is full!
[2026-07-22 18:59:57.223] [debug] [MultiThreadDetector] queue is full!
[2026-07-22 18:59:57.241] [debug] [MultiThreadDetector] queue is full!
[2026-07-22 18:59:57.251] [debug] [MultiThreadDetector] queue is full!
[2026-07-22 18:59:57.266] [debug] [MultiThreadDetector] queue is full!
[2026-07-22 18:59:57.293] [debug] [MultiThreadDetector] queue is full!
[2026-07-22 18:59:57.304] [debug] [MultiThreadDetector] queue is full!
[2026-07-22 18:59:57.319] [debug] [MultiThreadDetector] queue is full!
[2026-07-22 18:59:57.330] [debug] [MultiThreadDetector] queue is full!
[2026-07-22 18:59:57.346] [debug] [MultiThreadDetector] queue is full!
[2026-07-22 18:59:57.371] [debug] [MultiThreadDetector] queue is full!
[2026-07-22 18:59:57.381] [debug] [MultiThreadDetector] queue is full!
[2026-07-22 18:59:57.397] [debug] [MultiThreadDetector] queue is full!
[2026-07-22 18:59:57.408] [debug] [MultiThreadDetector] queue is full!
[2026-07-22 18:59:57.427] [debug] [MultiThreadDetector] queue is full!
[2026-07-22 18:59:57.442] [debug] [MultiThreadDetector] queue is full!
[2026-07-22 18:59:57.454] [debug] [MultiThreadDetector] queue is full!
[2026-07-22 18:59:57.479] [debug] [MultiThreadDetector] queue is full!
[2026-07-22 18:59:57.494] [debug] [MultiThreadDetector] queue is full!
[2026-07-22 18:59:57.510] [debug] [MultiThreadDetector] queue is full!
[2026-07-22 18:59:57.521] [debug] [MultiThreadDetector] queue is full!
[2026-07-22 18:59:57.536] [debug] [MultiThreadDetector] queue is full!
[2026-07-22 18:59:57.560] [debug] [MultiThreadDetector] queue is full!
[2026-07-22 18:59:57.571] [debug] [MultiThreadDetector] queue is full!
[2026-07-22 18:59:57.589] [debug] [MultiThreadDetector] queue is full!
[2026-07-22 18:59:57.602] [debug] [MultiThreadDetector] queue is full!
[2026-07-22 18:59:57.620] [debug] [MultiThreadDetector] queue is full!
[2026-07-22 18:59:57.634] [debug] [MultiThreadDetector] queue is full!
[2026-07-22 18:59:57.647] [debug] [MultiThreadDetector] queue is full!
[2026-07-22 18:59:57.659] [debug] [MultiThreadDetector] queue is full!
[2026-07-22 18:59:57.679] [debug] [MultiThreadDetector] queue is full!
[2026-07-22 18:59:57.689] [debug] [MultiThreadDetector] queue is full!
[2026-07-22 18:59:57.707] [debug] [MultiThreadDetector] queue is full!
[2026-07-22 18:59:57.720] [debug] [MultiThreadDetector] queue is full!
[2026-07-22 18:59:57.737] [debug] [MultiThreadDetector] queue is full!
[2026-07-22 18:59:57.749] [debug] [MultiThreadDetector] queue is full!
[2026-07-22 18:59:57.767] [debug] [MultiThreadDetector] queue is full!
[2026-07-22 18:59:57.780] [debug] [MultiThreadDetector] queue is full!
[2026-07-22 18:59:57.798] [debug] [MultiThreadDetector] queue is full!
[2026-07-22 18:59:57.818] [debug] [MultiThreadDetector] queue is full!
[2026-07-22 18:59:57.834] [debug] [MultiThreadDetector] queue is full!
[2026-07-22 18:59:57.845] [debug] [MultiThreadDetector] queue is full!
[2026-07-22 18:59:57.858] [debug] [MultiThreadDetector] queue is full!
[2026-07-22 18:59:57.874] [debug] [MultiThreadDetector] queue is full!
[2026-07-22 18:59:57.898] [debug] [MultiThreadDetector] queue is full!
[2026-07-22 18:59:57.913] [debug] [MultiThreadDetector] queue is full!
[2026-07-22 18:59:57.941] [debug] [MultiThreadDetector] queue is full!
[2026-07-22 18:59:57.954] [debug] [MultiThreadDetector] queue is full!
[2026-07-22 18:59:57.971] [debug] [MultiThreadDetector] queue is full!
[2026-07-22 18:59:57.982] [debug] [MultiThreadDetector] queue is full!
[2026-07-22 18:59:57.999] [debug] [MultiThreadDetector] queue is full!
[2026-07-22 18:59:58.010] [debug] [MultiThreadDetector] queue is full!
[2026-07-22 18:59:58.029] [debug] [MultiThreadDetector] queue is full!
[2026-07-22 18:59:58.038] [debug] [MultiThreadDetector] queue is full!
[2026-07-22 18:59:58.051] [debug] [MultiThreadDetector] queue is full!
[2026-07-22 18:59:58.069] [debug] [MultiThreadDetector] queue is full!
[2026-07-22 18:59:58.081] [debug] [MultiThreadDetector] queue is full!
[2026-07-22 18:59:58.096] [debug] [MultiThreadDetector] queue is full!
[2026-07-22 18:59:58.120] [debug] [MultiThreadDetector] queue is full!
[2026-07-22 18:59:58.136] [debug] [MultiThreadDetector] queue is full!
[2026-07-22 18:59:58.163] [debug] [MultiThreadDetector] queue is full!
[2026-07-22 18:59:58.177] [debug] [MultiThreadDetector] queue is full!
[2026-07-22 18:59:58.205] [debug] [MultiThreadDetector] queue is full!
[2026-07-22 18:59:58.223] [debug] [MultiThreadDetector] queue is full!
[2026-07-22 18:59:58.248] [debug] [MultiThreadDetect