[2026-07-02 11:01:43.308] [info] [0] yolo: 206.3ms, tracker: 0.0ms, aimer: 0.0ms
[2026-07-02 11:01:43.361] [info] [1] yolo: 8.8ms, tracker: 0.4ms, aimer: 0.0ms
[2026-07-02 11:01:43.373] [info] [2] yolo: 8.6ms, tracker: 0.0ms, aimer: 0.0ms
[2026-07-02 11:01:43.423] [info] [3] yolo: 10.9ms, tracker: 0.7ms, aimer: 0.0ms
[2026-07-02 11:01:43.471] [info] [4] yolo: 9.9ms, tracker: 0.7ms, aimer: 0.0ms
[2026-07-02 11:01:43.518] [info] [5] yolo: 10.2ms, tracker: 0.6ms, aimer: 0.0ms
[2026-07-02 11:01:43.564] [info] [6] yolo: 9.4ms, tracker: 0.7ms, aimer: 0.0ms
[2026-07-02 11:01:43.606] [info] [7] yolo: 7.2ms, tracker: 0.7ms, aimer: 0.0ms
[2026-07-02 11:01:43.652] [info] [8] yolo: 10.8ms, tracker: 0.6ms, aimer: 0.0ms
[2026-07-02 11:01:43.700] [info] [9] yolo: 11.5ms, tracker: 0.5ms, aimer: 0.0ms
[2026-07-02 11:01:43.746] [info] [10] yolo: 11.9ms, tracker: 0.5ms, aimer: 0.0ms
[2026-07-02 11:01:43.790] [info] [11] yolo: 9.6ms, tracker: 0.5ms, aimer: 0.0ms
[2026-07-02 11:01:43.838] [info] [12] yolo: 9.3ms, tracker: 0.5ms, aimer: 0.0ms
[2026-07-02 11:01:43.886] [info] [13] yolo: 10.1ms, tracker: 0.5ms, aimer: 0.0ms
[2026-07-02 11:01:43.930] [info] [14] yolo: 8.2ms, tracker: 0.6ms, aimer: 0.0ms
[2026-07-02 11:01:43.976] [info] [15] yolo: 9.8ms, tracker: 0.5ms, aimer: 0.0ms
[2026-07-02 11:01:44.018] [info] [16] yolo: 5.7ms, tracker: 1.0ms, aimer: 0.1ms
[2026-07-02 11:01:44.061] [info] [17] yolo: 6.7ms, tracker: 0.9ms, aimer: 0.0ms
[2026-07-02 11:01:44.107] [info] [18] yolo: 10.8ms, tracker: 0.6ms, aimer: 0.0ms
[2026-07-02 11:01:44.150] [info] [19] yolo: 7.0ms, tracker: 1.0ms, aimer: 0.1ms
[2026-07-02 11:01:44.199] [info] [20] yolo: 11.4ms, tracker: 0.6ms, aimer: 0.0ms
[2026-07-02 11:01:44.245] [info] [21] yolo: 8.4ms, tracker: 0.7ms, aimer: 0.0ms
[2026-07-02 11:01:44.286] [info] [22] yolo: 5.9ms, tracker: 0.9ms, aimer: 0.1ms
[2026-07-02 11:01:44.332] [info] [23] yolo: 8.3ms, tracker: 0.6ms, aimer: 0.0ms
[2026-07-02 11:01:44.382] [info] [24] yolo: 10.0ms, tracker: 0.5ms, aimer: 0.0ms
[2026-07-02 11:01:44.427] [info] [25] yolo: 7.1ms, tracker: 0.6ms, aimer: 0.0ms
[2026-07-02 11:01:44.470] [info] [26] yolo: 7.1ms, tracker: 0.6ms, aimer: 0.0ms
[2026-07-02 11:01:44.517] [info] [27] yolo: 8.6ms, tracker: 0.6ms, aimer: 0.0ms
[2026-07-02 11:01:44.563] [info] [28] yolo: 8.3ms, tracker: 0.6ms, aimer: 0.0ms
[2026-07-02 11:01:44.605] [info] [29] yolo: 6.2ms, tracker: 1.1ms, aimer: 0.1ms
[2026-07-02 11:01:44.648] [debug] [Target] r=0.044, l=0.000
[2026-07-02 11:01:44.648] [debug] [Tracker] Target diverged!
[2026-07-02 11:01:44.648] [info] [30] yolo: 6.7ms, tracker: 1.2ms, aimer: 0.0ms
[2026-07-02 11:01:44.695] [info] [31] yolo: 9.2ms, tracker: 0.5ms, aimer: 0.0ms
[2026-07-02 11:01:44.739] [info] [32] yolo: 6.4ms, tracker: 0.9ms, aimer: 0.0ms
[2026-07-02 11:01:44.783] [info] [33] yolo: 8.5ms, tracker: 0.6ms, aimer: 0.0ms
[2026-07-02 11:01:44.828] [info] [34] yolo: 7.0ms, tracker: 1.0ms, aimer: 0.0ms
[2026-07-02 11:01:44.870] [info] [35] yolo: 8.4ms, tracker: 0.6ms, aimer: 0.0ms
[2026-07-02 11:01:44.915] [info] [36] yolo: 10.0ms, tracker: 0.5ms, aimer: 0.0ms
[2026-07-02 11:01:44.958] [info] [37] yolo: 6.8ms, tracker: 1.1ms, aimer: 0.1ms
[2026-07-02 11:01:45.001] [info] [38] yolo: 9.0ms, tracker: 0.5ms, aimer: 0.0ms
[2026-07-02 11:01:45.047] [info] [39] yolo: 9.4ms, tracker: 0.5ms, aimer: 0.0ms
[2026-07-02 11:01:45.095] [info] [40] yolo: 10.8ms, tracker: 0.6ms, aimer: 0.0ms
[2026-07-02 11:01:45.138] [info] [41] yolo: 6.1ms, tracker: 1.0ms, aimer: 0.0ms
[2026-07-02 11:01:45.184] [info] [42] yolo: 9.7ms, tracker: 0.0ms, aimer: 0.0ms
[2026-07-02 11:01:45.229] [info] [43] yolo: 8.1ms, tracker: 1.0ms, aimer: 0.1ms
[2026-07-02 11:01:45.277] [info] [44] yolo: 9.5ms, tracker: 0.5ms, aimer: 0.0ms
[2026-07-02 11:01:45.325] [info] [45] yolo: 8.4ms, tracker: 0.5ms, aimer: 0.0ms
[2026-07-02 11:01:45.373] [info] [46] yolo: 10.7ms, tracker: 0.5ms, aimer: 0.0ms
[2026-07-02 11:01:45.421] [info] [47] yolo: 9.6ms, tracker: 0.5ms, aimer: 0.0ms
[2026-07-02 11:01:45.472] [info] [48] yolo: 12.8ms, tracker: 0.5ms, aimer: 0.0ms
[2026-07-02 11:01:45.521] [info] [49] yolo: 10.9ms, tracker: 0.6ms, aimer: 0.0ms
[2026-07-02 11:01:45.565] [info] [50] yolo: 7.0ms, tracker: 0.6ms, aimer: 0.0ms
[2026-07-02 11:01:45.606] [info] [51] yolo: 6.2ms, tracker: 0.0ms, aimer: 0.1ms
[2026-07-02 11:01:45.651] [info] [52] yolo: 9.3ms, tracker: 0.6ms, aimer: 0.0ms
[2026-07-02 11:01:45.696] [info] [53] yolo: 10.7ms, tracker: 0.0ms, aimer: 0.0ms
[2026-07-02 11:01:45.742] [info] [54] yolo: 9.6ms, tracker: 0.0ms, aimer: 0.0ms
[2026-07-02 11:01:45.787] [info] [55] yolo: 7.8ms, tracker: 0.0ms, aimer: 0.0ms
[2026-07-02 11:01:45.832] [info] [56] yolo: 10.2ms, tracker: 0.0ms, aimer: 0.0ms
[2026-07-02 11:01:45.878] [info] [57] yolo: 10.8ms, tracker: 0.0ms, aimer: 0.0ms
[2026-07-02 11:01:45.924] [info] [58] yolo: 8.7ms, tracker: 0.0ms, aimer: 0.1ms
[2026-07-02 11:01:45.966] [info] [59] yolo: 8.2ms, tracker: 0.0ms, aimer: 0.0ms
[2026-07-02 11:01:46.007] [info] [60] yolo: 7.6ms, tracker: 1.0ms, aimer: 0.1ms
[2026-07-02 11:01:46.048] [info] [61] yolo: 6.9ms, tracker: 0.0ms, aimer: 0.1ms
[2026-07-02 11:01:46.092] [debug] [Target] r=0.042, l=0.000
[2026-07-02 11:01:46.092] [debug] [Tracker] Target diverged!
[2026-07-02 11:01:46.092] [info] [62] yolo: 10.6ms, tracker: 0.5ms, aimer: 0.0ms
[2026-07-02 11:01:46.138] [info] [63] yolo: 10.5ms, tracker: 0.6ms, aimer: 0.0ms
[2026-07-02 11:01:46.181] [info] [64] yolo: 5.9ms, tracker: 1.0ms, aimer: 0.1ms
[2026-07-02 11:01:46.223] [info] [65] yolo: 6.4ms, tracker: 0.0ms, aimer: 0.0ms
[2026-07-02 11:01:46.267] [info] [66] yolo: 6.9ms, tracker: 0.9ms, aimer: 0.1ms
[2026-07-02 11:01:46.309] [info] [67] yolo: 7.8ms, tracker: 0.0ms, aimer: 0.0ms
[2026-07-02 11:01:46.354] [info] [68] yolo: 10.4ms, tracker: 0.5ms, aimer: 0.0ms
[2026-07-02 11:01:46.395] [info] [69] yolo: 6.0ms, tracker: 0.0ms, aimer: 0.0ms
[2026-07-02 11:01:46.440] [info] [70] yolo: 10.7ms, tracker: 0.0ms, aimer: 0.0ms
[2026-07-02 11:01:46.489] [info] [71] yolo: 10.5ms, tracker: 0.5ms, aimer: 0.0ms
[2026-07-02 11:01:46.535] [info] [72] yolo: 9.4ms, tracker: 0.0ms, aimer: 0.0ms
[2026-07-02 11:01:46.579] [info] [73] yolo: 6.1ms, tracker: 0.9ms, aimer: 0.1ms
[2026-07-02 11:01:46.621] [info] [74] yolo: 7.4ms, tracker: 0.6ms, aimer: 0.0ms
[2026-07-02 11:01:46.668] [info] [75] yolo: 9.4ms, tracker: 0.6ms, aimer: 0.0ms
[2026-07-02 11:01:46.710] [info] [76] yolo: 7.1ms, tracker: 0.7ms, aimer: 0.0ms
[2026-07-02 11:01:46.756] [info] [77] yolo: 10.7ms, tracker: 0.5ms, aimer: 0.0ms
[2026-07-02 11:01:46.800] [info] [78] yolo: 9.5ms, tracker: 0.5ms, aimer: 0.0ms
[2026-07-02 11:01:46.841] [info] [79] yolo: 6.9ms, tracker: 1.0ms, aimer: 0.1ms
[2026-07-02 11:01:46.889] [info] [80] yolo: 10.2ms, tracker: 0.5ms, aimer: 0.0ms
[2026-07-02 11:01:46.935] [info] [81] yolo: 9.2ms, tracker: 0.0ms, aimer: 0.1ms
[2026-07-02 11:01:46.976] [info] [82] yolo: 6.0ms, tracker: 0.0ms, aimer: 0.1ms
[2026-07-02 11:01:47.025] [info] [83] yolo: 11.5ms, tracker: 0.0ms, aimer: 0.0ms
[2026-07-02 11:01:47.071] [info] [84] yolo: 9.2ms, tracker: 0.0ms, aimer: 0.0ms
[2026-07-02 11:01:47.115] [info] [85] yolo: 9.7ms, tracker: 0.0ms, aimer: 0.0ms
[2026-07-02 11:01:47.156] [info] [86] yolo: 6.4ms, tracker: 0.0ms, aimer: 0.1ms
[2026-07-02 11:01:47.198] [info] [87] yolo: 9.2ms, tracker: 0.0ms, aimer: 0.0ms
[2026-07-02 11:01:47.241] [info] [88] yolo: 7.4ms, tracker: 0.0ms, aimer: 0.0ms
[2026-07-02 11:01:47.288] [info] [89] yolo: 10.4ms, tracker: 0.0ms, aimer: 0.0ms
[2026-07-02 11:01:47.330] [info] [90] yolo: 9.1ms, tracker: 0.0ms, aimer: 0.0ms
[2026-07-02 11:01:47.375] [info] [91] yolo: 9.3ms, tracker: 0.0ms, aimer: 0.1ms
[2026-07-02 11:01:47.420] [info] [92] yolo: 11.2ms, tracker: 0.0ms, aimer: 0.0ms
[2026-07-02 11:01:47.465] [info] [93] yolo: 7.6ms, tracker: 0.0ms, aimer: 0.1ms
[2026-07-02 11:01:47.783] [info] [94] yolo: 9.9ms, tracker: 0.6ms, aimer: 0.0ms
[2026-07-02 11:01:47.828] [info] [95] yolo: 10.4ms, tracker: 0.0ms, aimer: 0.0ms
[2026-07-02 11:01:47.871] [debug] [Target] r=0.325, l=-0.275
[2026-07-02 11:01:47.871] [debug] [Tracker] Target diverged!
[2026-07-02 11:01:47.871] [info] [96] yolo: 10.4ms, tracker: 0.5ms, aimer: 0.0ms
[2026-07-02 11:01:47.915] [info] [97] yolo: 10.1ms, tracker: 0.4ms, aimer: 0.0ms
[2026-07-02 11:01:47.956] [info] [98] yolo: 6.5ms, tracker: 0.8ms, aimer: 0.1ms
[2026-07-02 11:01:47.996] [info] [99] yolo: 5.9ms, tracker: 0.0ms, aimer: 0.0ms
[2026-07-02 11:01:48.038] [info] [100] yolo: 6.7ms, tracker: 0.0ms, aimer: 0.0ms
[2026-07-02 11:01:48.082] [info] [101] yolo: 9.5ms, tracker: 0.0ms, aimer: 0.0ms
[2026-07-02 11:01:48.127] [info] [102] yolo: 9.3ms, tracker: 0.4ms, aimer: 0.0ms
[2026-07-02 11:01:48.168] [info] [103] yolo: 6.9ms, tracker: 0.0ms, aimer: 0.0ms
[2026-07-02 11:01:48.214] [info] [104] yolo: 8.9ms, tracker: 0.5ms, aimer: 0.0ms
[2026-07-02 11:01:48.257] [info] [105] yolo: 6.9ms, tracker: 0.0ms, aimer: 0.0ms
[2026-07-02 11:01:48.301] [info] [106] yolo: 9.4ms, tracker: 0.4ms, aimer: 0.0ms
[2026-07-02 11:01:48.346] [info] [107] yolo: 10.5ms, tracker: 0.5ms, aimer: 0.0ms
[2026-07-02 11:01:48.389] [info] [108] yolo: 9.9ms, tracker: 0.0ms, aimer: 0.0ms
[2026-07-02 11:01:48.436] [info] [109] yolo: 9.7ms, tracker: 0.4ms, aimer: 0.0ms
[2026-07-02 11:01:48.478] [info] [110] yolo: 8.7ms, tracker: 0.5ms, aimer: 0.0ms
[2026-07-02 11:01:48.518] [info] [111] yolo: 5.1ms, tracker: 0.6ms, aimer: 0.0ms
[2026-07-02 11:01:48.560] [info] [112] yolo: 6.6ms, tracker: 0.0ms, aimer: 0.0ms
[2026-07-02 11:01:48.612] [info] [113] yolo: 8.1ms, tracker: 0.0ms, aimer: 0.0ms
[2026-07-02 11:01:48.656] [info] [114] yolo: 10.5ms, tracker: 0.5ms, aimer: 0.0ms
[2026-07-02 11:01:48.698] [info] [115] yolo: 6.5ms, tracker: 0.5ms, aimer: 0.0ms
[2026-07-02 11:01:48.736] [info] [116] yolo: 5.0ms, tracker: 0.0ms, aimer: 0.0ms
[2026-07-02 11:01:48.779] [info] [117] yolo: 9.9ms, tracker: 0.5ms, aimer: 0.0ms
[2026-07-02 11:01:48.823] [info] [118] yolo: 9.7ms, tracker: 0.5ms, aimer: 0.0ms
[2026-07-02 11:01:48.867] [info] [119] yolo: 9.9ms, tracker: 0.5ms, aimer: 0.0ms
[2026-07-02 11:01:48.910] [info] [120] yolo: 9.1ms, tracker: 0.0ms, aimer: 0.0ms
[2026-07-02 11:01:48.951] [info] [121] yolo: 8.1ms, tracker: 0.4ms, aimer: 0.0ms
[2026-07-02 11:01:48.992] [info] [122] yolo: 7.7ms, tracker: 0.0ms, aimer: 0.0ms
[2026-07-02 11:01:49.039] [info] [123] yolo: 11.5ms, tracker: 0.5ms, aimer: 0.0ms
[2026-07-02 11:01:49.084] [info] [124] yolo: 10.7ms, tracker: 0.5ms, aimer: 0.0ms
[2026-07-02 11:01:49.126] [info] [125] yolo: 9.1ms, tracker: 0.0ms, aimer: 0.0ms
[2026-07-02 11:01:49.172] [info] [126] yolo: 10.1ms, tracker: 0.5ms, aimer: 0.0ms
[2026-07-02 11:01:49.213] [info] [127] yolo: 8.5ms, tracker: 0.0ms, aimer: 0.0ms
[2026-07-02 11:01:49.256] [info] [128] yolo: 8.7ms, tracker: 0.5ms, aimer: 0.0ms
[2026-07-02 11:01:49.298] [info] [129] yolo: 7.8ms, tracker: 0.6ms, aimer: 0.0ms
[2026-07-02 11:01:49.339] [info] [130] yolo: 6.7ms, tracker: 0.9ms, aimer: 0.0ms
[2026-07-02 11:01:49.383] [info] [131] yolo: 8.5ms, tracker: 0.6ms, aimer: 0.0ms
[2026-07-02 11:01:49.424] [info] [132] yolo: 5.8ms, tracker: 0.0ms, aimer: 0.0ms
[2026-07-02 11:01:49.471] [info] [133] yolo: 9.5ms, tracker: 0.5ms, aimer: 0.0ms
[2026-07-02 11:01:49.515] [info] [134] yolo: 8.7ms, tracker: 0.6ms, aimer: 0.0ms
[2026-07-02 11:01:49.560] [info] [135] yolo: 9.2ms, tracker: 0.5ms, aimer: 0.0ms
[2026-07-02 11:01:49.604] [info] [136] yolo: 10.1ms, tracker: 0.0ms, aimer: 0.0ms
[2026-07-02 11:01:49.648] [info] [137] yolo: 9.3ms, tracker: 0.5ms, aimer: 0.0ms
[2026-07-02 11:01:49.690] [info] [138] yolo: 8.4ms, tracker: 0.6ms, aimer: 0.0ms
[2026-07-02 11:01:49.734] [warning] [Tracker] Large dt: 0.167s
[2026-07-02 11:01:49.734] [info] [139] yolo: 7.8ms, tracker: 0.6ms, aimer: 0.0ms
[2026-07-02 11:01:49.776] [info] [140] yolo: 7.1ms, tracker: 0.0ms, aimer: 0.0ms
[2026-07-02 11:01:49.822] [info] [141] yolo: 8.4ms, tracker: 0.5ms, aimer: 0.0ms
[2026-07-02 11:01:49.863] [info] [142] yolo: 6.4ms, tracker: 0.0ms, aimer: 0.0ms
[2026-07-02 11:01:49.909] [info] [143] yolo: 10.9ms, tracker: 0.6ms, aimer: 0.0ms
[2026-07-02 11:01:49.951] [info] [144] yolo: 7.3ms, tracker: 0.7ms, aimer: 0.0ms
[2026-07-02 11:01:49.992] [info] [145] yolo: 6.9ms, tracker: 0.6ms, aimer: 0.0ms
[2026-07-02 11:01:50.037] [info] [146] yolo: 9.7ms, tracker: 0.5ms, aimer: 0.0ms
[2026-07-02 11:01:50.084] [info] [147] yolo: 11.1ms, tracker: 0.6ms, aimer: 0.0ms
[2026-07-02 11:01:50.132] [debug] [Target] r=0.067, l=-0.132
[2026-07-02 11:01:50.132] [debug] [Tracker] Target diverged!
[2026-07-02 11:01:50.132] [info] [148] yolo: 10.0ms, tracker: 0.6ms, aimer: 0.0ms
[2026-07-02 11:01:50.175] [info] [149] yolo: 9.5ms, tracker: 0.6ms, aimer: 0.0ms
[2026-07-02 11:01:50.216] [debug] [Target] r=0.119, l=-0.081
[2026-07-02 11:01:50.216] [debug] [Tracker] Target diverged!
[2026-07-02 11:01:50.216] [info] [150] yolo: 6.1ms, tracker: 1.4ms, aimer: 0.0ms
[2026-07-02 11:01:50.263] [info] [151] yolo: 11.4ms, tracker: 0.5ms, aimer: 0.0ms
[2026-07-02 11:01:50.306] [info] [152] yolo: 7.6ms, tracker: 1.1ms, aimer: 0.1ms
[2026-07-02 11:01:50.348] [warning] [Tracker] Large dt: 26.099s
[2026-07-02 11:01:50.349] [info] [153] yolo: 8.6ms, tracker: 0.5ms, aimer: 0.0ms
[2026-07-02 11:01:50.393] [info] [154] yolo: 8.8ms, tracker: 0.5ms, aimer: 0.0ms
[2026-07-02 11:01:50.437] [info] [155] yolo: 10.2ms, tracker: 0.0ms, aimer: 0.0ms
[2026-07-02 11:01:50.482] [info] [156] yolo: 8.6ms, tracker: 0.5ms, aimer: 0.0ms
[2026-07-02 11:01:50.523] [info] [157] yolo: 5.5ms, tracker: 1.0ms, aimer: 0.1ms
[2026-07-02 11:01:50.568] [info] [158] yolo: 10.5ms, tracker: 0.6ms, aimer: 0.0ms
[2026-07-02 11:01:50.612] [info] [159] yolo: 7.0ms, tracker: 0.0ms, aimer: 0.0ms
[2026-07-02 11:01:50.650] [info] [160] yolo: 5.3ms, tracker: 0.0ms, aimer: 0.0ms
[2026-07-02 11:01:50.693] [info] [161] yolo: 6.8ms, tracker: 0.7ms, aimer: 0.0ms
[2026-07-02 11:01:50.736] [info] [162] yolo: 8.0ms, tracker: 0.7ms, aimer: 0.0ms
[2026-07-02 11:01:50.779] [info] [163] yolo: 10.0ms, tracker: 0.6ms, aimer: 0.0ms
[2026-07-02 11:01:50.822] [info] [164] yolo: 7.7ms, tracker: 1.0ms, aimer: 0.1ms
[2026-07-02 11:01:50.868] [info] [165] yolo: 9.6ms, tracker: 0.9ms, aimer: 0.1ms
[2026-07-02 11:01:50.913] [info] [166] yolo: 7.1ms, tracker: 1.3ms, aimer: 0.1ms
[2026-07-02 11:01:50.959] [info] [167] yolo: 11.3ms, tracker: 0.7ms, aimer: 0.0ms
[2026-07-02 11:01:51.004] [info] [168] yolo: 10.2ms, tracker: 0.6ms, aimer: 0.0ms
[2026-07-02 11:01:51.048] [info] [169] yolo: 10.1ms, tracker: 0.5ms, aimer: 0.0ms
[2026-07-02 11:01:51.088] [info] [170] yolo: 5.9ms, tracker: 1.0ms, aimer: 0.0ms
[2026-07-02 11:01:51.131] [info] [171] yolo: 10.0ms, tracker: 0.0ms, aimer: 0.0ms
[2026-07-02 11:01:51.177] [info] [172] yolo: 10.7ms, tracker: 0.5ms, aimer: 0.0ms
[2026-07-02 11:01:51.222] [info] [173] yolo: 9.1ms, tracker: 0.5ms, aimer: 0.0ms
[2026-07-02 11:01:51.267] [info] [174] yolo: 9.6ms, tracker: 0.0ms, aimer: 0.1ms
[2026-07-02 11:01:51.312] [info] [175] yolo: 9.3ms, tracker: 0.7ms, aimer: 0.0ms
[2026-07-02 11:01:51.353] [info] [176] yolo: 7.3ms, tracker: 0.6ms, aimer: 0.0ms
[2026-07-02 11:01:51.397] [info] [177] yolo: 9.4ms, tracker: 0.6ms, aimer: 0.0ms
[2026-07-02 11:01:51.439] [info] [178] yolo: 7.2ms, tracker: 0.5ms, aimer: 0.0ms
[2026-07-02 11:01:51.484] [info] [179] yolo: 10.1ms, tracker: 0.5ms, aimer: 0.0ms
[2026-07-02 11:01:51.533] [info] [180] yolo: 10.7ms, tracker: 0.5ms, aimer: 0.0ms
[2026-07-02 11:01:51.580] [info] [181] yolo: 10.0ms, tracker: 0.0ms, aimer: 0.0ms
[2026-07-02 11:01:51.624] [info] [182] yolo: 9.8ms, tracker: 0.6ms, aimer: 0.0ms
[2026-07-02 11:01:51.672] [info] [183] yolo: 9.0ms, tracker: 1.1ms, aimer: 0.1ms
[2026-07-02 11:01:51.715] [info] [184] yolo: 9.6ms, tracker: 0.6ms, aimer: 0.0ms
[2026-07-02 11:01:51.758] [info] [185] yolo: 8.2ms, tracker: 0.5ms, aimer: 0.0ms
[2026-07-02 11:01:51.801] [info] [186] yolo: 8.8ms, tracker: 0.7ms, aimer: 0.0ms
[2026-07-02 11:01:51.842] [info] [187] yolo: 5.4ms, tracker: 1.2ms, aimer: 0.1ms
[2026-07-02 11:01:51.885] [info] [188] yolo: 7.9ms, tracker: 0.8ms, aimer: 0.0ms
[2026-07-02 11:01:51.928] [info] [189] yolo: 5.9ms, tracker: 1.0ms, aimer: 0.0ms
[2026-07-02 11:01:51.972] [info] [190] yolo: 5.9ms, tracker: 0.9ms, aimer: 0.0ms
[2026-07-02 11:01:52.015] [info] [191] yolo: 9.5ms, tracker: 0.6ms, aimer: 0.0ms
[2026-07-02 11:01:52.059] [info] [192] yolo: 9.0ms, tracker: 0.6ms, aimer: 0.0ms
[2026-07-02 11:01:52.101] [info] [193] yolo: 7.7ms, tracker: 0.6ms, aimer: 0.0ms
[2026-07-02 11:01:52.147] [info] [194] yolo: 10.9ms, tracker: 0.5ms, aimer: 0.0ms
[2026-07-02 11:01:52.192] [info] [195] yolo: 9.7ms, tracker: 0.5ms, aimer: 0.0ms
[2026-07-02 11:01:52.234] [info] [196] yolo: 8.0ms, tracker: 0.7ms, aimer: 0.0ms
[2026-07-02 11:01:52.279] [info] [197] yolo: 9.7ms, tracker: 0.6ms, aimer: 0.0ms
[2026-07-02 11:01:52.320] [info] [198] yolo: 6.1ms, tracker: 0.9ms, aimer: 0.0ms
[2026-07-02 11:01:52.363] [info] [199] yolo: 9.1ms, tracker: 0.5ms, aimer: 0.0ms
[2026-07-02 11:01:52.408] [info] [200] yolo: 10.2ms, tracker: 0.5ms, aimer: 0.0ms
[2026-07-02 11:01:52.449] [info] [201] yolo: 6.5ms, tracker: 0.9ms, aimer: 0.0ms
[2026-07-02 11:01:52.492] [info] [202] yolo: 8.2ms, tracker: 0.5ms, aimer: 0.0ms
[2026-07-02 11:01:52.538] [info] [203] yolo: 10.8ms, tracker: 0.5ms, aimer: 0.0ms
[2026-07-02 11:01:52.582] [info] [204] yolo: 8.3ms, tracker: 0.5ms, aimer: 0.0ms
[2026-07-02 11:01:52.624] [info] [205] yolo: 5.8ms, tracker: 0.9ms, aimer: 0.0ms
[2026-07-02 11:01:52.668] [info] [206] yolo: 10.2ms, tracker: 0.6ms, aimer: 0.0ms
[2026-07-02 11:01:52.712] [info] [207] yolo: 10.1ms, tracker: 0.5ms, aimer: 0.0ms
[2026-07-02 11:01:52.755] [info] [208] yolo: 9.8ms, tracker: 0.0ms, aimer: 0.0ms
[2026-07-02 11:01:52.802] [info] [209] yolo: 12.4ms, tracker: 0.6ms, aimer: 0.0ms
[2026-07-02 11:01:52.846] [info] [210] yolo: 10.1ms, tracker: 0.7ms, aimer: 0.0ms
[2026-07-02 11:01:52.890] [info] [211] yolo: 8.6ms, tracker: 0.8ms, aimer: 0.0ms
[2026-07-02 11:01:52.935] [info] [212] yolo: 8.6ms, tracker: 0.6ms, aimer: 0.0ms
[2026-07-02 11:01:52.980] [info] [213] yolo: 9.9ms, tracker: 0.6ms, aimer: 0.0ms
[2026-07-02 11:01:53.028] [info] [214] yolo: 10.0ms, tracker: 0.0ms, aimer: 0.0ms
[2026-07-02 11:01:53.072] [info] [215] yolo: 10.1ms, tracker: 0.0ms, aimer: 0.0ms
[2026-07-02 11:01:53.116] [info] [216] yolo: 9.1ms, tracker: 0.6ms, aimer: 0.0ms
[2026-07-02 11:01:53.160] [info] [217] yolo: 10.2ms, tracker: 0.0ms, aimer: 0.1ms
[2026-07-02 11:01:53.201] [info] [218] yolo: 8.1ms, tracker: 0.0ms, aimer: 0.0ms
[2026-07-02 11:01:53.245] [info] [219] yolo: 10.0ms, tracker: 0.0ms, aimer: 0.1ms
[2026-07-02 11:01:53.288] [info] [220] yolo: 8.5ms, tracker: 0.0ms, aimer: 0.0ms
[2026-07-02 11:01:53.330] [info] [221] yolo: 7.8ms, tracker: 0.0ms, aimer: 0.0ms
[2026-07-02 11:01:53.374] [info] [222] yolo: 9.2ms, tracker: 0.0ms, aimer: 0.0ms
[2026-07-02 11:01:53.415] [info] [223] yolo: 5.5ms, tracker: 0.0ms, aimer: 0.1ms
[2026-07-02 11:01:53.458] [info] [224] yolo: 8.1ms, tracker: 0.6ms, aimer: 0.0ms
[2026-07-02 11:01:53.503] [info] [225] yolo: 10.1ms, tracker: 0.8ms, aimer: 0.1ms
[2026-07-02 11:01:53.548] [info] [226] yolo: 10.3ms, tracker: 0.5ms, aimer: 0.0ms
[2026-07-02 11:01:53.592] [info] [227] yolo: 9.9ms, tracker: 0.6ms, aimer: 0.0ms
[2026-07-02 11:01:53.638] [info] [228] yolo: 10.0ms, tracker: 0.6ms, aimer: 0.0ms
[2026-07-02 11:01:53.683] [info] [229] yolo: 8.6ms, tracker: 0.5ms, aimer: 0.0ms
[2026-07-02 11:01:53.726] [info] [230] yolo: 8.1ms, tracker: 0.6ms, aimer: 0.0ms
[2026-07-02 11:01:53.770] [info] [231] yolo: 8.5ms, tracker: 0.0ms, aimer: 0.1ms
[2026-07-02 11:01:53.813] [info] [232] yolo: 7.0ms, tracker: 0.0ms, aimer: 0.1ms
[2026-07-02 11:01:53.856] [info] [233] yolo: 8.2ms, tracker: 0.6ms, aimer: 0.0ms
[2026-07-02 11:01:53.898] [info] [234] yolo: 5.7ms, tracker: 1.0ms, aimer: 0.0ms
[2026-07-02 11:01:53.944] [info] [235] yolo: 11.2ms, tracker: 0.0ms, aimer: 0.0ms
[2026-07-02 11:01:53.987] [info] [236] yolo: 8.9ms, tracker: 0.6ms, aimer: 0.0ms
[2026-07-02 11:01:54.032] [info] [237] yolo: 10.3ms, tracker: 0.7ms, aimer: 0.0ms
[2026-07-02 11:01:54.081] [info] [238] yolo: 11.6ms, tracker: 0.6ms, aimer: 0.0ms
[2026-07-02 11:01:54.125] [info] [239] yolo: 7.0ms, tracker: 1.1ms, aimer: 0.1ms
[2026-07-02 11:01:54.170] [info] [240] yolo: 6.9ms, tracker: 1.1ms, aimer: 0.1ms
[2026-07-02 11:01:54.216] [info] [241] yolo: 9.2ms, tracker: 0.6ms, aimer: 0.0ms
[2026-07-02 11:01:54.259] [info] [242] yolo: 9.5ms, tracker: 0.0ms, aimer: 0.0ms
[2026-07-02 11:01:54.304] [info] [243] yolo: 10.9ms, tracker: 0.0ms, aimer: 0.0ms
[2026-07-02 11:01:54.351] [info] [244] yolo: 11.0ms, tracker: 0.6ms, aimer: 0.0ms
[2026-07-02 11:01:54.397] [info] [245] yolo: 10.9ms, tracker: 0.6ms, aimer: 0.0ms
[2026-07-02 11:01:54.442] [info] [246] yolo: 10.0ms, tracker: 0.6ms, aimer: 0.0ms
[2026-07-02 11:01:54.488] [info] [247] yolo: 10.8ms, tracker: 0.0ms, aimer: 0.0ms
[2026-07-02 11:01:54.536] [info] [248] yolo: 9.9ms, tracker: 0.5ms, aimer: 0.0ms
[2026-07-02 11:01:54.583] [info] [249] yolo: 9.4ms, tracker: 0.5ms, aimer: 0.0ms
[2026-07-02 11:01:54.628] [info] [250] yolo: 9.7ms, tracker: 0.5ms, aimer: 0.0ms
[2026-07-02 11:01:54.667] [info] [251] yolo: 6.3ms, tracker: 0.0ms, aimer: 0.1ms
[2026-07-02 11:01:54.712] [info] [252] yolo: 10.6ms, tracker: 0.6ms, aimer: 0.0ms
[2026-07-02 11:01:54.757] [info] [253] yolo: 9.4ms, tracker: 0.0ms, aimer: 0.0ms
[2026-07-02 11:01:54.804] [info] [254] yolo: 11.6ms, tracker: 0.5ms, aimer: 0.0ms
[2026-07-02 11:01:54.847] [info] [255] yolo: 9.6ms, tracker: 0.5ms, aimer: 0.0ms
[2026-07-02 11:01:54.888] [info] [256] yolo: 6.2ms, tracker: 1.1ms, aimer: 0.1ms
[2026-07-02 11:01:54.937] [info] [257] yolo: 10.9ms, tracker: 0.7ms, aimer: 0.0ms
[2026-07-02 11:01:54.984] [info] [258] yolo: 10.3ms, tracker: 0.0ms, aimer: 0.0ms
[2026-07-02 11:01:55.027] [info] [259] yolo: 9.9ms, tracker: 0.0ms, aimer: 0.1ms
[2026-07-02 11:01:55.073] [info] [260] yolo: 11.2ms, tracker: 0.5ms, aimer: 0.0ms
[2026-07-02 11:01:55.119] [info] [261] yolo: 9.3ms, tracker: 0.5ms, aimer: 0.0ms
[2026-07-02 11:01:55.165] [info] [262] yolo: 10.9ms, tracker: 0.6ms, aimer: 0.0ms
[2026-07-02 11:01:55.210] [info] [263] yolo: 9.6ms, tracker: 0.6ms, aimer: 0.0ms
[2026-07-02 11:01:55.251] [info] [264] yolo: 5.8ms, tracker: 1.1ms, aimer: 0.1ms
[2026-07-02 11:01:55.294] [info] [265] yolo: 8.9ms, tracker: 0.0ms, aimer: 0.0ms
[2026-07-02 11:01:55.340] [info] [266] yolo: 10.3ms, tracker: 0.5ms, aimer: 0.0ms
[2026-07-02 11:01:55.387] [info] [267] yolo: 13.3ms, tracker: 0.5ms, aimer: 0.0ms
[2026-07-02 11:01:55.431] [info] [268] yolo: 8.7ms, tracker: 0.8ms, aimer: 0.0ms
[2026-07-02 11:01:55.476] [info] [269] yolo: 10.3ms, tracker: 0.5ms, aimer: 0.0ms
[2026-07-02 11:01:55.524] [info] [270] yolo: 10.5ms, tracker: 0.5ms, aimer: 0.0ms
[2026-07-02 11:01:55.568] [info] [271] yolo: 11.1ms, tracker: 0.5ms, aimer: 0.0ms
[2026-07-02 11:01:55.615] [info] [272] yolo: 8.6ms, tracker: 0.5ms, aimer: 0.0ms
[2026-07-02 11:01:55.658] [info] [273] yolo: 7.8ms, tracker: 0.9ms, aimer: 0.0ms
[2026-07-02 11:01:55.699] [info] [274] yolo: 6.7ms, tracker: 0.9ms, aimer: 0.0ms
[2026-07-02 11:01:55.745] [info] [275] yolo: 11.0ms, tracker: 0.6ms, aimer: 0.0ms
[2026-07-02 11:01:55.791] [info] [276] yolo: 11.0ms, tracker: 0.5ms, aimer: 0.0ms
[2026-07-02 11:01:55.833] [info] [277] yolo: 7.9ms, tracker: 0.0ms, aimer: 0.0ms
[2026-07-02 11:01:55.876] [info] [278] yolo: 5.8ms, tracker: 0.0ms, aimer: 0.1ms
[2026-07-02 11:01:55.922] [info] [279] yolo: 8.8ms, tracker: 0.0ms, aimer: 0.0ms
[2026-07-02 11:01:55.968] [info] [280] yolo: 10.5ms, tracker: 0.0ms, aimer: 0.0ms
[2026-07-02 11:01:56.016] [info] [281] yolo: 10.2ms, tracker: 0.0ms, aimer: 0.0ms
[2026-07-02 11:01:56.059] [info] [282] yolo: 9.5ms, tracker: 0.0ms, aimer: 0.0ms
[2026-07-02 11:01:56.104] [info] [283] yolo: 9.9ms, tracker: 0.5ms, aimer: 0.0ms
[2026-07-02 11:01:56.150] [info] [284] yolo: 11.2ms, tracker: 0.6ms, aimer: 0.0ms
[2026-07-02 11:01:56.192] [info] [285] yolo: 7.2ms, tracker: 1.0ms, aimer: 0.1ms
[2026-07-02 11:01:56.234] [info] [286] yolo: 5.5ms, tracker: 1.0ms, aimer: 0.1ms
[2026-07-02 11:01:56.277] [info] [287] yolo: 6.8ms, tracker: 0.7ms, aimer: 0.0ms
[2026-07-02 11:01:56.324] [info] [288] yolo: 10.4ms, tracker: 0.0ms, aimer: 0.0ms
[2026-07-02 11:01:56.366] [info] [289] yolo: 8.2ms, tracker: 0.0ms, aimer: 0.0ms
[2026-07-02 11:01:56.410] [info] [290] yolo: 10.1ms, tracker: 0.0ms, aimer: 0.0ms
[2026-07-02 11:01:56.453] [info] [291] yolo: 10.2ms, tracker: 0.0ms, aimer: 0.0ms
[2026-07-02 11:01:56.498] [info] [292] yolo: 10.3ms, tracker: 0.0ms, aimer: 0.0ms
[2026-07-02 11:01:56.542] [info] [293] yolo: 10.2ms, tracker: 0.6ms, aimer: 0.0ms
[2026-07-02 11:01:56.586] [info] [294] yolo: 8.9ms, tracker: 0.0ms, aimer: 0.0ms
[2026-07-02 11:01:56.633] [info] [295] yolo: 10.1ms, tracker: 0.8ms, aimer: 0.0ms
[2026-07-02 11:01:56.681] [info] [296] yolo: 10.7ms, tracker: 0.7ms, aimer: 0.0ms
[2026-07-02 11:01:56.727] [info] [297] yolo: 9.3ms, tracker: 0.0ms, aimer: 0.1ms
[2026-07-02 11:01:56.772] [info] [298] yolo: 10.6ms, tracker: 0.5ms, aimer: 0.0ms
[2026-07-02 11:01:56.817] [info] [299] yolo: 7.7ms, tracker: 0.0ms, aimer: 0.1ms
[2026-07-02 11:01:56.863] [info] [300] yolo: 9.4ms, tracker: 0.0ms, aimer: 0.1ms
[2026-07-02 11:01:56.909] [info] [301] yolo: 10.8ms, tracker: 0.7ms, aimer: 0.0ms
[2026-07-02 11:01:56.954] [info] [302] yolo: 10.1ms, tracker: 0.0ms, aimer: 0.0ms
[2026-07-02 11:01:56.997] [info] [303] yolo: 9.4ms, tracker: 0.0ms, aimer: 0.1ms
[2026-07-02 11:01:57.042] [info] [304] yolo: 10.2ms, tracker: 0.0ms, aimer: 0.1ms
[2026-07-02 11:01:57.087] [info] [305] yolo: 9.2ms, tracker: 0.0ms, aimer: 0.1ms
[2026-07-02 11:01:57.131] [info] [306] yolo: 9.2ms, tracker: 0.0ms, aimer: 0.0ms
[2026-07-02 11:01:57.176] [info] [307] yolo: 10.1ms, tracker: 0.0ms, aimer: 0.0ms
[2026-07-02 11:01:57.221] [info] [308] yolo: 12.2ms, tracker: 0.0ms, aimer: 0.1ms
[2026-07-02 11:01:57.264] [info] [309] yolo: 6.8ms, tracker: 0.1ms, aimer: 0.1ms
[2026-07-02 11:01:57.307] [info] [310] yolo: 8.3ms, tracker: 0.0ms, aimer: 0.1ms
[2026-07-02 11:01:57.348] [info] [311] yolo: 6.6ms, tracker: 0.0ms, aimer: 0.0ms
[2026-07-02 11:01:57.392] [info] [312] yolo: 8.4ms, tracker: 0.0ms, aimer: 0.0ms
[2026-07-02 11:01:57.434] [info] [313] yolo: 9.0ms, tracker: 0.0ms, aimer: 0.0ms
[2026-07-02 11:01:57.480] [info] [314] yolo: 11.0ms, tracker: 0.0ms, aimer: 0.0ms
[2026-07-02 11:01:57.528] [info] [315] yolo: 11.2ms, tracker: 0.0ms, aimer: 0.0ms
[2026-07-02 11:01:57.576] [info] [316] yolo: 10.6ms, tracker: 0.0ms, aimer: 0.0ms
[2026-07-02 11:01:57.617] [info] [317] yolo: 7.5ms, tracker: 0.0ms, aimer: 0.0ms
[2026-07-02 11:01:57.661] [info] [318] yolo: 7.3ms, tracker: 0.5ms, aimer: 0.0ms
[2026-07-02 11:01:57.705] [info] [319] yolo: 10.0ms, tracker: 0.0ms, aimer: 0.0ms
[2026-07-02 11:01:57.749] [info] [320] yolo: 9.8ms, tracker: 0.0ms, aimer: 0.0ms
[2026-07-02 11:01:57.792] [info] [321] yolo: 8.9ms, tracker: 0.0ms, aimer: 0.0ms
[2026-07-02 11:01:57.835] [info] [322] yolo: 7.4ms, tracker: 0.0ms, aimer: 0.0ms
[2026-07-02 11:01:57.878] [info] [323] yolo: 8.2ms, tracker: 0.0ms, aimer: 0.0ms
[2026-07-02 11:01:57.923] [info] [324] yolo: 9.5ms, tracker: 0.0ms, aimer: 0.0ms
[2026-07-02 11:01:57.967] [info] [325] yolo: 9.4ms, tracker: 0.0ms, aimer: 0.0ms
[2026-07-02 11:01:58.009] [info] [326] yolo: 8.0ms, tracker: 0.0ms, aimer: 0.0ms
[2026-07-02 11:01:58.054] [info] [327] yolo: 10.2ms, tracker: 0.0ms, aimer: 0.0ms
[2026-07-02 11:01:58.094] [info] [328] yolo: 6.5ms, tracker: 0.0ms, aimer: 0.0ms
[2026-07-02 11:01:58.140] [info] [329] yolo: 10.2ms, tracker: 0.0ms, aimer: 0.0ms
[2026-07-02 11:01:58.184] [info] [330] yolo: 10.4ms, tracker: 0.0ms, aimer: 0.0ms
[2026-07-02 11:01:58.227] [info] [331] yolo: 9.4ms, tracker: 0.0ms, aimer: 0.0ms
[2026-07-02 11:01:58.270] [info] [332] yolo: 8.8ms, tracker: 0.0ms, aimer: 0.0ms
[2026-07-02 11:01:58.313] [info] [333] yolo: 7.8ms, tracker: 0.0ms, aimer: 0.0ms
[2026-07-02 11:01:58.358] [info] [334] yolo: 9.5ms, tracker: 0.0ms, aimer: 0.0ms
[2026-07-02 11:01:58.402] [info] [335] yolo: 9.5ms, tracker: 0.0ms, aimer: 0.0ms
[2026-07-02 11:01:58.442] [info] [336] yolo: 6.0ms, tracker: 0.0ms, aimer: 0.0ms
[2026-07-02 11:01:58.487] [info] [337] yolo: 8.8ms, tracker: 0.0ms, aimer: 0.0ms
[2026-07-02 11:01:58.531] [info] [338] yolo: 9.0ms, tracker: 0.0ms, aimer: 0.0ms
[2026-07-02 11:01:58.576] [info] [339] yolo: 10.9ms, tracker: 0.0ms, aimer: 0.0ms
[2026-07-02 11:01:58.624] [info] [340] yolo: 10.8ms, tracker: 0.0ms, aimer: 0.0ms
[2026-07-02 11:01:58.673] [info] [341] yolo: 11.1ms, tracker: 0.0ms, aimer: 0.0ms
[2026-07-02 11:01:58.716] [info] [342] yolo: 5.8ms, tracker: 0.0ms, aimer: 0.0ms
[2026-07-02 11:01:58.763] [info] [343] yolo: 10.6ms, tracker: 0.7ms, aimer: 0.1ms
[2026-07-02 11:01:58.811] [info] [344] yolo: 12.8ms, tracker: 0.7ms, aimer: 0.0ms
[2026-07-02 11:01:58.854] [info] [345] yolo: 8.4ms, tracker: 0.6ms, aimer: 0.0ms
[2026-07-02 11:01:58.898] [info] [346] yolo: 8.7ms, tracker: 0.5ms, aimer: 0.0ms
[2026-07-02 11:01:58.942] [info] [347] yolo: 9.6ms, tracker: 0.5ms, aimer: 0.0ms
[2026-07-02 11:01:58.987] [info] [348] yolo: 9.7ms, tracker: 0.5ms, aimer: 0.0ms
[2026-07-02 11:01:59.031] [info] [349] yolo: 7.3ms, tracker: 1.8ms, aimer: 0.1ms
[2026-07-02 11:01:59.074] [info] [350] yolo: 8.0ms, tracker: 0.6ms, aimer: 0.0ms
[2026-07-02 11:01:59.122] [info] [351] yolo: 11.6ms, tracker: 0.7ms, aimer: 0.0ms
[2026-07-02 11:01:59.167] [info] [352] yolo: 9.3ms, tracker: 0.9ms, aimer: 0.0ms
[2026-07-02 11:01:59.207] [info] [353] yolo: 6.4ms, tracker: 0.0ms, aimer: 0.1ms
[2026-07-02 11:01:59.250] [debug] [Target] r=0.184, l=-0.201
[2026-07-02 11:01:59.250] [debug] [Tracker] Target diverged!
[2026-07-02 11:01:59.250] [info] [354] yolo: 8.2ms, tracker: 0.6ms, aimer: 0.0ms
[2026-07-02 11:01:59.295] [info] [355] yolo: 10.2ms, tracker: 0.0ms, aimer: 0.0ms
[2026-07-02 11:01:59.338] [info] [356] yolo: 9.0ms, tracker: 0.0ms, aimer: 0.0ms
[2026-07-02 11:01:59.381] [info] [357] yolo: 7.5ms, tracker: 0.5ms, aimer: 0.0ms
[2026-07-02 11:01:59.430] [info] [358] yolo: 11.2ms, tracker: 1.0ms, aimer: 0.0ms
[2026-07-02 11:01:59.476] [info] [359] yolo: 10.4ms, tracker: 0.0ms, aimer: 0.0ms
[2026-07-02 11:01:59.520] [info] [360] yolo: 9.8ms, tracker: 0.8ms, aimer: 0.1ms
[2026-07-02 11:01:59.563] [info] [361] yolo: 8.3ms, tracker: 0.5ms, aimer: 0.0ms
[2026-07-02 11:01:59.607] [info] [362] yolo: 9.0ms, tracker: 0.6ms, aimer: 0.0ms
[2026-07-02 11:01:59.649] [info] [363] yolo: 7.8ms, tracker: 0.6ms, aimer: 0.0ms
[2026-07-02 11:01:59.695] [info] [364] yolo: 11.4ms, tracker: 0.7ms, aimer: 0.0ms
[2026-07-02 11:01:59.741] [info] [365] yolo: 10.5ms, tracker: 0.8ms, aimer: 0.0ms
[2026-07-02 11:01:59.787] [info] [366] yolo: 9.0ms, tracker: 0.6ms, aimer: 0.0ms
[2026-07-02 11:01:59.833] [info] [367] yolo: 10.5ms, tracker: 0.6ms, aimer: 0.0ms
[2026-07-02 11:01:59.879] [info] [368] yolo: 9.1ms, tracker: 0.5ms, aimer: 0.0ms
[2026-07-02 11:01:59.922] [info] [369] yolo: 8.6ms, tracker: 0.6ms, aimer: 0.0ms
[2026-07-02 11:01:59.967] [info] [370] yolo: 8.3ms, tracker: 0.5ms, aimer: 0.0ms
[2026-07-02 11:02:00.011] [info] [371] yolo: 8.7ms, tracker: 0.6ms, aimer: 0.0ms
[2026-07-02 11:02:00.056] [info] [372] yolo: 9.5ms, tracker: 0.7ms, aimer: 0.0ms
[2026-07-02 11:02:00.100] [info] [373] yolo: 10.0ms, tracker: 0.8ms, aimer: 0.1ms
[2026-07-02 11:02:00.145] [info] [374] yolo: 9.1ms, tracker: 1.0ms, aimer: 0.1ms
[2026-07-02 11:02:00.188] [info] [375] yolo: 8.8ms, tracker: 0.0ms, aimer: 0.0ms
[2026-07-02 11:02:00.236] [info] [376] yolo: 10.3ms, tracker: 0.6ms, aimer: 0.0ms
[2026-07-02 11:02:00.281] [info] [377] yolo: 11.1ms, tracker: 0.9ms, aimer: 0.0ms
[2026-07-02 11:02:00.325] [info] [378] yolo: 8.3ms, tracker: 0.5ms, aimer: 0.0ms
[2026-07-02 11:02:00.371] [info] [379] yolo: 9.5ms, tracker: 0.5ms, aimer: 0.0ms
[2026-07-02 11:02:00.416] [info] [380] yolo: 9.1ms, tracker: 1.1ms, aimer: 0.0ms
[2026-07-02 11:02:00.457] [info] [381] yolo: 7.1ms, tracker: 0.8ms, aimer: 0.0ms
[2026-07-02 11:02:00.501] [info] [382] yolo: 9.0ms, tracker: 0.6ms, aimer: 0.0ms
[2026-07-02 11:02:00.542] [info] [383] yolo: 5.7ms, tracker: 1.4ms, aimer: 0.0ms
[2026-07-02 11:02:00.589] [warning] [Tracker] Large dt: 0.153s
[2026-07-02 11:02:00.589] [info] [384] yolo: 11.4ms, tracker: 0.5ms, aimer: 0.0ms
[2026-07-02 11:02:00.636] [info] [385] yolo: 10.5ms, tracker: 0.5ms, aimer: 0.0ms
[2026-07-02 11:02:00.680] [info] [386] yolo: 9.9ms, tracker: 0.5ms, aimer: 0.0ms
[2026-07-02 11:02:00.721] [info] [387] yolo: 6.3ms, tracker: 0.9ms, aimer: 0.1ms
[2026-07-02 11:02:00.765] [info] [388] yolo: 7.7ms, tracker: 0.5ms, aimer: 0.0ms
[2026-07-02 11:02:00.809] [info] [389] yolo: 9.4ms, tracker: 0.0ms, aimer: 0.0ms
[2026-07-02 11:02:00.853] [info] [390] yolo: 9.5ms, tracker: 0.0ms, aimer: 0.0ms
[2026-07-02 11:02:00.896] [info] [391] yolo: 8.2ms, tracker: 0.5ms, aimer: 0.0ms
[2026-07-02 11:02:00.938] [info] [392] yolo: 8.0ms, tracker: 0.6ms, aimer: 0.0ms
[2026-07-02 11:02:00.978] [info] [393] yolo: 5.1ms, tracker: 0.0ms, aimer: 0.1ms
[2026-07-02 11:02:01.019] [info] [394] yolo: 6.0ms, tracker: 0.5ms, aimer: 0.0ms
[2026-07-02 11:02:01.064] [info] [395] yolo: 10.5ms, tracker: 0.4ms, aimer: 0.0ms
[2026-07-02 11:02:01.104] [info] [396] yolo: 5.9ms, tracker: 0.5ms, aimer: 0.0ms
[2026-07-02 11:02:01.147] [info] [397] yolo: 9.3ms, tracker: 0.6ms, aimer: 0.0ms
[2026-07-02 11:02:01.192] [info] [398] yolo: 10.2ms, tracker: 0.8ms, aimer: 0.0ms
[2026-07-02 11:02:01.237] [info] [399] yolo: 9.3ms, tracker: 0.8ms, aimer: 0.0ms
[2026-07-02 11:02:01.284] [info] [400] yolo: 9.3ms, tracker: 0.9ms, aimer: 0.0ms
[2026-07-02 11:02:01.326] [info] [401] yolo: 8.8ms, tracker: 0.9ms, aimer: 0.0ms
[2026-07-02 11:02:01.369] [info] [402] yolo: 7.6ms, tracker: 0.8ms, aimer: 0.0ms
[2026-07-02 11:02:01.414] [info] [403] yolo: 8.9ms, tracker: 0.5ms, aimer: 0.0ms
[2026-07-02 11:02:01.457] [info] [404] yolo: 9.3ms, tracker: 0.5ms, aimer: 0.0ms
[2026-07-02 11:02:01.501] [info] [405] yolo: 9.4ms, tracker: 0.5ms, aimer: 0.0ms
[2026-07-02 11:02:01.546] [info] [406] yolo: 9.6ms, tracker: 0.6ms, aimer: 0.0ms
[2026-07-02 11:02:01.587] [info] [407] yolo: 6.8ms, tracker: 0.6ms, aimer: 0.0ms
[2026-07-02 11:02:01.630] [info] [408] yolo: 7.8ms, tracker: 0.7ms, aimer: 0.0ms
[2026-07-02 11:02:01.673] [info] [409] yolo: 6.3ms, tracker: 1.2ms, aimer: 0.1ms
[2026-07-02 11:02:01.719] [info] [410] yolo: 9.7ms, tracker: 0.0ms, aimer: 0.1ms
[2026-07-02 11:02:01.763] [info] [411] yolo: 9.5ms, tracker: 0.0ms, aimer: 0.1ms
[2026-07-02 11:02:01.809] [info] [412] yolo: 11.1ms, tracker: 0.6ms, aimer: 0.0ms
[2026-07-02 11:02:01.853] [info] [413] yolo: 10.0ms, tracker: 0.0ms, aimer: 0.0ms
[2026-07-02 11:02:01.897] [info] [414] yolo: 8.6ms, tracker: 0.5ms, aimer: 0.0ms
[2026-07-02 11:02:01.942] [info] [415] yolo: 9.2ms, tracker: 0.6ms, aimer: 0.0ms
[2026-07-02 11:02:01.987] [info] [416] yolo: 9.4ms, tracker: 0.7ms, aimer: 0.0ms
[2026-07-02 11:02:02.033] [info] [417] yolo: 11.2ms, tracker: 0.7ms, aimer: 0.0ms
[2026-07-02 11:02:02.078] [info] [418] yolo: 7.7ms, tracker: 0.0ms, aimer: 0.0ms
[2026-07-02 11:02:02.123] [info] [419] yolo: 8.7ms, tracker: 0.6ms, aimer: 0.0ms
[2026-07-02 11:02:02.168] [info] [420] yolo: 9.5ms, tracker: 1.0ms, aimer: 0.0ms
[2026-07-02 11:02:02.213] [info] [421] yolo: 6.2ms, tracker: 2.1ms, aimer: 0.1ms
[2026-07-02 11:02:02.255] [info] [422] yolo: 7.1ms, tracker: 1.1ms, aimer: 0.1ms
[2026-07-02 11:02:02.300] [info] [423] yolo: 10.2ms, tracker: 0.9ms, aimer: 0.0ms
[2026-07-02 11:02:02.343] [info] [424] yolo: 7.3ms, tracker: 0.6ms, aimer: 0.0ms
[2026-07-02 11:02:02.387] [info] [425] yolo: 7.5ms, tracker: 0.9ms, aimer: 0.1ms
[2026-07-02 11:02:02.432] [info] [426] yolo: 9.3ms, tracker: 0.5ms, aimer: 0.0ms
[2026-07-02 11:02:02.475] [info] [427] yolo: 8.3ms, tracker: 0.0ms, aimer: 0.0ms
[2026-07-02 11:02:02.521] [info] [428] yolo: 10.7ms, tracker: 0.7ms, aimer: 0.0ms
[2026-07-02 11:02:02.569] [info] [429] yolo: 10.9ms, tracker: 0.7ms, aimer: 0.0ms
[2026-07-02 11:02:02.615] [info] [430] yolo: 9.9ms, tracker: 0.0ms, aimer: 0.0ms
[2026-07-02 11:02:02.659] [info] [431] yolo: 9.0ms, tracker: 0.5ms, aimer: 0.0ms
[2026-07-02 11:02:02.701] [info] [432] yolo: 6.4ms, tracker: 1.2ms, aimer: 0.1ms
[2026-07-02 11:02:02.743] [info] [433] yolo: 7.4ms, tracker: 0.8ms, aimer: 0.1ms
[2026-07-02 11:02:02.786] [info] [434] yolo: 8.1ms, tracker: 0.6ms, aimer: 0.0ms
[2026-07-02 11:02:02.833] [info] [435] yolo: 10.6ms, tracker: 0.5ms, aimer: 0.0ms
[2026-07-02 11:02:02.880] [info] [436] yolo: 9.8ms, tracker: 1.0ms, aimer: 0.0ms
[2026-07-02 11:02:02.921] [info] [437] yolo: 5.5ms, tracker: 2.0ms, aimer: 0.1ms
[2026-07-02 11:02:02.965] [info] [438] yolo: 5.9ms, tracker: 1.1ms, aimer: 0.1ms
[2026-07-02 11:02:03.006] [info] [439] yolo: 6.2ms, tracker: 1.0ms, aimer: 0.1ms
[2026-07-02 11:02:03.048] [info] [440] yolo: 5.7ms, tracker: 0.0ms, aimer: 0.1ms
[2026-07-02 11:02:03.091] [info] [441] yolo: 9.3ms, tracker: 0.8ms, aimer: 0.0ms
[2026-07-02 11:02:03.136] [info] [442] yolo: 10.0ms, tracker: 0.6ms, aimer: 0.0ms
[2026-07-02 11:02:03.177] [info] [443] yolo: 6.2ms, tracker: 0.9ms, aimer: 0.1ms
[2026-07-02 11:02:03.221] [info] [444] yolo: 7.1ms, tracker: 0.7ms, aimer: 0.0ms
[2026-07-02 11:02:03.268] [info] [445] yolo: 9.9ms, tracker: 0.7ms, aimer: 0.0ms
[2026-07-02 11:02:03.312] [info] [446] yolo: 10.5ms, tracker: 0.0ms, aimer: 0.0ms
[2026-07-02 11:02:03.352] [info] [447] yolo: 6.9ms, tracker: 0.0ms, aimer: 0.0ms
[2026-07-02 11:02:03.397] [info] [448] yolo: 9.2ms, tracker: 0.0ms, aimer: 0.0ms
[2026-07-02 11:02:03.440] [info] [449] yolo: 7.9ms, tracker: 0.7ms, aimer: 0.0ms
[2026-07-02 11:02:03.487] [info] [450] yolo: 9.3ms, tracker: 0.0ms, aimer: 0.1ms
[2026-07-02 11:02:03.530] [info] [451] yolo: 6.2ms, tracker: 1.0ms, aimer: 0.0ms
[2026-07-02 11:02:03.576] [info] [452] yolo: 9.9ms, tracker: 0.6ms, aimer: 0.0ms
[2026-07-02 11:02:03.620] [info] [453] yolo: 11.1ms, tracker: 0.0ms, aimer: 0.0ms
[2026-07-02 11:02:03.668] [info] [454] yolo: 8.6ms, tracker: 0.0ms, aimer: 0.0ms
[2026-07-02 11:02:03.711] [info] [455] yolo: 9.4ms, tracker: 0.0ms, aimer: 0.1ms
[2026-07-02 11:02:03.755] [info] [456] yolo: 9.1ms, tracker: 0.0ms, aimer: 0.1ms
[2026-07-02 11:02:03.800] [info] [457] yolo: 11.6ms, tracker: 0.0ms, aimer: 0.1ms
[2026-07-02 11:02:03.842] [info] [458] yolo: 6.9ms, tracker: 0.0ms, aimer: 0.1ms
[2026-07-02 11:02:03.888] [info] [459] yolo: 10.6ms, tracker: 0.0ms, aimer: 0.0ms
[2026-07-02 11:02:03.928] [info] [460] yolo: 6.9ms, tracker: 0.0ms, aimer: 0.1ms
[2026-07-02 11:02:03.974] [info] [461] yolo: 9.2ms, tracker: 0.0ms, aimer: 0.0ms
[2026-07-02 11:02:04.018] [info] [462] yolo: 9.1ms, tracker: 0.0ms, aimer: 0.0ms
[2026-07-02 11:02:04.065] [warning] [Tracker] Large dt: 1.021s
[2026-07-02 11:02:04.065] [info] [463] yolo: 11.4ms, tracker: 0.6ms, aimer: 0.0ms
[2026-07-02 11:02:04.110] [info] [464] yolo: 9.9ms, tracker: 0.6ms, aimer: 0.0ms
[2026-07-02 11:02:04.153] [info] [465] yolo: 8.7ms, tracker: 0.5ms, aimer: 0.0ms
[2026-07-02 11:02:04.196] [info] [466] yolo: 7.5ms, tracker: 1.1ms, aimer: 0.1ms
[2026-07-02 11:02:04.240] [info] [467] yolo: 7.7ms, tracker: 1.1ms, aimer: 0.1ms
[2026-07-02 11:02:04.279] [info] [468] yolo: 5.8ms, tracker: 0.6ms, aimer: 0.0ms
[2026-07-02 11:02:04.321] [info] [469] yolo: 7.7ms, tracker: 0.6ms, aimer: 0.0ms
[2026-07-02 11:02:04.367] [info] [470] yolo: 8.9ms, tracker: 0.6ms, aimer: 0.0ms
[2026-07-02 11:02:04.410] [info] [471] yolo: 6.7ms, tracker: 2.0ms, aimer: 0.1ms
[2026-07-02 11:02:04.451] [info] [472] yolo: 6.2ms, tracker: 1.7ms, aimer: 0.0ms
[2026-07-02 11:02:04.494] [info] [473] yolo: 7.7ms, tracker: 0.8ms, aimer: 0.1ms
[2026-07-02 11:02:04.539] [info] [474] yolo: 8.5ms, tracker: 0.6ms, aimer: 0.0ms
[2026-07-02 11:02:04.583] [info] [475] yolo: 8.1ms, tracker: 1.1ms, aimer: 0.0ms
[2026-07-02 11:02:04.625] [info] [476] yolo: 6.5ms, tracker: 1.0ms, aimer: 0.0ms
[2026-07-02 11:02:04.671] [info] [477] yolo: 8.8ms, tracker: 0.6ms, aimer: 0.0ms
[2026-07-02 11:02:04.716] [info] [478] yolo: 10.2ms, tracker: 0.6ms, aimer: 0.0ms
[2026-07-02 11:02:04.758] [info] [479] yolo: 7.9ms, tracker: 0.6ms, aimer: 0.0ms
[2026-07-02 11:02:04.801] [info] [480] yolo: 8.3ms, tracker: 0.0ms, aimer: 0.1ms
[2026-07-02 11:02:04.843] [info] [481] yolo: 7.9ms, tracker: 0.0ms, aimer: 0.0ms
[2026-07-02 11:02:04.887] [info] [482] yolo: 8.7ms, tracker: 0.7ms, aimer: 0.0ms
[2026-07-02 11:02:04.931] [info] [483] yolo: 9.7ms, tracker: 0.0ms, aimer: 0.0ms
[2026-07-02 11:02:04.976] [info] [484] yolo: 10.0ms, tracker: 0.5ms, aimer: 0.0ms
[2026-07-02 11:02:05.019] [info] [485] yolo: 9.2ms, tracker: 0.5ms, aimer: 0.0ms
[2026-07-02 11:02:05.061] [info] [486] yolo: 7.2ms, tracker: 0.7ms, aimer: 0.0ms
[2026-07-02 11:02:05.106] [info] [487] yolo: 10.1ms, tracker: 0.6ms, aimer: 0.0ms
[2026-07-02 11:02:05.152] [info] [488] yolo: 12.0ms, tracker: 0.7ms, aimer: 0.0ms
[2026-07-02 11:02:05.198] [info] [489] yolo: 9.0ms, tracker: 0.6ms, aimer: 0.0ms
[2026-07-02 11:02:05.242] [info] [490] yolo: 9.6ms, tracker: 0.8ms, aimer: 0.1ms
[2026-07-02 11:02:05.286] [info] [491] yolo: 7.4ms, tracker: 0.6ms, aimer: 0.0ms
[2026-07-02 11:02:05.330] [info] [492] yolo: 8.3ms, tracker: 0.0ms, aimer: 0.0ms
[2026-07-02 11:02:05.374] [info] [493] yolo: 8.8ms, tracker: 0.0ms, aimer: 0.1ms
[2026-07-02 11:02:05.416] [info] [494] yolo: 5.8ms, tracker: 0.9ms, aimer: 0.0ms
[2026-07-02 11:02:05.461] [info] [495] yolo: 9.1ms, tracker: 0.0ms, aimer: 0.1ms
[2026-07-02 11:02:05.503] [info] [496] yolo: 6.0ms, tracker: 1.1ms, aimer: 0.1ms
[2026-07-02 11:02:05.545] [info] [497] yolo: 7.5ms, tracker: 0.6ms, aimer: 0.0ms
[2026-07-02 11:02:05.589] [info] [498] yolo: 10.3ms, tracker: 0.0ms, aimer: 0.0ms
[2026-07-02 11:02:05.635] [info] [499] yolo: 9.5ms, tracker: 0.0ms, aimer: 0.0ms
[2026-07-02 11:02:05.678] [info] [500] yolo: 8.9ms, tracker: 0.0ms, aimer: 0.0ms
[2026-07-02 11:02:05.723] [info] [501] yolo: 10.3ms, tracker: 0.0ms, aimer: 0.0ms
[2026-07-02 11:02:05.767] [info] [502] yolo: 10.0ms, tracker: 0.0ms, aimer: 0.0ms
[2026-07-02 11:02:05.811] [info] [503] yolo: 9.0ms, tracker: 0.0ms, aimer: 0.0ms
[2026-07-02 11:02:05.855] [info] [504] yolo: 10.3ms, tracker: 0.0ms, aimer: 0.0ms
[2026-07-02 11:02:05.900] [info] [505] yolo: 11.1ms, tracker: 0.0ms, aimer: 0.0ms
[2026-07-02 11:02:05.944] [info] [506] yolo: 10.1ms, tracker: 0.0ms, aimer: 0.0ms
[2026-07-02 11:02:05.987] [info] [507] yolo: 9.9ms, tracker: 0.0ms, aimer: 0.0ms
[2026-07-02 11:02:06.032] [info] [508] yolo: 10.1ms, tracker: 0.0ms, aimer: 0.0ms
[2026-07-02 11:02:06.078] [info] [509] yolo: 12.0ms, tracker: 0.0ms, aimer: 0.0ms
[2026-07-02 11:02:06.124] [info] [510] yolo: 10.5ms, tracker: 0.0ms, aimer: 0.0ms
[2026-07-02 11:02:06.171] [info] [511] yolo: 9.0ms, tracker: 0.0ms, aimer: 0.0ms
[2026-07-02 11:02:06.212] [info] [512] yolo: 7.1ms, tracker: 0.0ms, aimer: 0.1ms
[2026-07-02 11:02:06.257] [warning] [Tracker] Large dt: 17.228s
[2026-07-02 11:02:06.257] [info] [513] yolo: 9.4ms, tracker: 0.7ms, aimer: 0.0ms
[2026-07-02 11:02:06.303] [info] [514] yolo: 10.4ms, tracker: 0.9ms, aimer: 0.0ms
[2026-07-02 11:02:06.350] [info] [515] yolo: 11.3ms, tracker: 1.0ms, aimer: 0.0ms
[2026-07-02 11:02:06.395] [info] [516] yolo: 8.9ms, tracker: 0.6ms, aimer: 0.0ms
[2026-07-02 11:02:06.440] [info] [517] yolo: 9.5ms, tracker: 1.0ms, aimer: 0.0ms
[2026-07-02 11:02:06.485] [info] [518] yolo: 11.2ms, tracker: 0.6ms, aimer: 0.0ms
[2026-07-02 11:02:06.531] [info] [519] yolo: 8.5ms, tracker: 0.5ms, aimer: 0.0ms
[2026-07-02 11:02:06.575] [info] [520] yolo: 9.2ms, tracker: 0.6ms, aimer: 0.0ms
[2026-07-02 11:02:06.616] [info] [521] yolo: 5.7ms, tracker: 1.0ms, aimer: 0.1ms
[2026-07-02 11:02:06.658] [info] [522] yolo: 7.8ms, tracker: 0.5ms, aimer: 0.0ms
[2026-07-02 11:02:06.702] [info] [523] yolo: 11.1ms, tracker: 0.0ms, aimer: 0.0ms
[2026-07-02 11:02:06.748] [info] [524] yolo: 10.4ms, tracker: 0.0ms, aimer: 0.1ms
[2026-07-02 11:02:06.795] [info] [525] yolo: 10.9ms, tracker: 0.5ms, aimer: 0.0ms
[2026-07-02 11:02:06.838] [info] [526] yolo: 9.0ms, tracker: 0.0ms, aimer: 0.1ms
[2026-07-02 11:02:06.883] [info] [527] yolo: 9.6ms, tracker: 0.6ms, aimer: 0.0ms
[2026-07-02 11:02:06.924] [info] [528] yolo: 5.5ms, tracker: 1.1ms, aimer: 0.1ms
[2026-07-02 11:02:06.968] [info] [529] yolo: 6.4ms, tracker: 0.7ms, aimer: 0.0ms
[2026-07-02 11:02:07.015] [info] [530] yolo: 10.3ms, tracker: 0.0ms, aimer: 0.0ms
[2026-07-02 11:02:07.056] [info] [531] yolo: 6.4ms, tracker: 0.9ms, aimer: 0.1ms
[2026-07-02 11:02:07.097] [info] [532] yolo: 6.3ms, tracker: 0.0ms, aimer: 0.1ms
[2026-07-02 11:02:07.142] [info] [533] yolo: 10.4ms, tracker: 0.5ms, aimer: 0.0ms
[2026-07-02 11:02:07.188] [info] [534] yolo: 9.1ms, tracker: 0.6ms, aimer: 0.0ms
[2026-07-02 11:02:07.231] [info] [535] yolo: 8.7ms, tracker: 0.5ms, aimer: 0.0ms
[2026-07-02 11:02:07.274] [info] [536] yolo: 8.5ms, tracker: 0.0ms, aimer: 0.0ms
[2026-07-02 11:02:07.323] [info] [537] yolo: 10.8ms, tracker: 0.5ms, aimer: 0.0ms
[2026-07-02 11:02:07.366] [info] [538] yolo: 6.6ms, tracker: 0.9ms, aimer: 0.0ms
[2026-07-02 11:02:07.414] [info] [539] yolo: 11.9ms, tracker: 0.6ms, aimer: 0.0ms
[2026-07-02 11:02:07.460] [info] [540] yolo: 9.7ms, tracker: 0.6ms, aimer: 0.0ms
[2026-07-02 11:02:07.507] [info] [541] yolo: 10.9ms, tracker: 0.6ms, aimer: 0.0ms
[2026-07-02 11:02:07.555] [info] [542] yolo: 10.3ms, tracker: 0.6ms, aimer: 0.0ms
[2026-07-02 11:02:07.596] [info] [543] yolo: 5.5ms, tracker: 0.9ms, aimer: 0.1ms
[2026-07-02 11:02:07.638] [info] [544] yolo: 5.8ms, tracker: 0.7ms, aimer: 0.0ms
[2026-07-02 11:02:07.684] [info] [545] yolo: 9.6ms, tracker: 0.9ms, aimer: 0.0ms
[2026-07-02 11:02:07.726] [info] [546] yolo: 7.5ms, tracker: 1.1ms, aimer: 0.0ms
[2026-07-02 11:02:07.769] [info] [547] yolo: 6.8ms, tracker: 1.0ms, aimer: 0.1ms
[2026-07-02 11:02:07.814] [info] [548] yolo: 7.8ms, tracker: 1.2ms, aimer: 0.0ms
[2026-07-02 11:02:07.856] [info] [549] yolo: 7.8ms, tracker: 0.7ms, aimer: 0.0ms
[2026-07-02 11:02:07.897] [info] [550] yolo: 5.9ms, tracker: 0.9ms, aimer: 0.1ms
[2026-07-02 11:02:07.942] [info] [551] yolo: 10.4ms, tracker: 0.6ms, aimer: 0.0ms
[2026-07-02 11:02:07.962] [info] [552] yolo: 8.0ms, tracker: 1.0ms, aimer: 0.1ms
[2026-07-02 11:02:08.004] [info] [553] yolo: 5.8ms, tracker: 1.1ms, aimer: 0.1ms
[2026-07-02 11:02:08.047] [info] [554] yolo: 6.6ms, tracker: 1.0ms, aimer: 0.1ms
[2026-07-02 11:02:08.092] [info] [555] yolo: 9.9ms, tracker: 0.6ms, aimer: 0.0ms
[2026-07-02 11:02:08.140] [info] [556] yolo: 11.2ms, tracker: 0.7ms, aimer: 0.0ms
[2026-07-02 11:02:08.184] [info] [557] yolo: 9.9ms, tracker: 0.6ms, aimer: 0.0ms
[2026-07-02 11:02:08.229] [info] [558] yolo: 11.1ms, tracker: 0.7ms, aimer: 0.0ms
[2026-07-02 11:02:08.276] [info] [559] yolo: 10.3ms, tracker: 0.7ms, aimer: 0.0ms
[2026-07-02 11:02:08.323] [info] [560] yolo: 10.0ms, tracker: 0.0ms, aimer: 0.0ms
[2026-07-02 11:02:08.369] [info] [561] yolo: 12.2ms, tracker: 0.0ms, aimer: 0.0ms
[2026-07-02 11:02:08.417] [info] [562] yolo: 10.3ms, tracker: 0.5ms, aimer: 0.0ms
[2026-07-02 11:02:08.463] [info] [563] yolo: 11.6ms, tracker: 0.0ms, aimer: 0.0ms
[2026-07-02 11:02:08.509] [info] [564] yolo: 10.4ms, tracker: 0.6ms, aimer: 0.0ms
[2026-07-02 11:02:08.553] [info] [565] yolo: 8.0ms, tracker: 0.6ms, aimer: 0.0ms
[2026-07-02 11:02:08.596] [info] [566] yolo: 7.8ms, tracker: 1.0ms, aimer: 0.1ms
[2026-07-02 11:02:08.641] [info] [567] yolo: 10.0ms, tracker: 0.0ms, aimer: 0.0ms
[2026-07-02 11:02:08.684] [info] [568] yolo: 6.3ms, tracker: 1.0ms, aimer: 0.1ms
[2026-07-02 11:02:08.732] [info] [569] yolo: 10.5ms, tracker: 0.0ms, aimer: 0.0ms
[2026-07-02 11:02:08.776] [info] [570] yolo: 10.5ms, tracker: 0.0ms, aimer: 0.0ms
[2026-07-02 11:02:08.817] [info] [571] yolo: 7.7ms, tracker: 0.7ms, aimer: 0.0ms
[2026-07-02 11:02:08.865] [info] [572] yolo: 10.8ms, tracker: 0.5ms, aimer: 0.0ms
[2026-07-02 11:02:08.909] [info] [573] yolo: 9.4ms, tracker: 0.0ms, aimer: 0.0ms
[2026-07-02 11:02:08.954] [info] [574] yolo: 10.1ms, tracker: 0.0ms, aimer: 0.0ms
[2026-07-02 11:02:08.995] [info] [575] yolo: 6.4ms, tracker: 0.9ms, aimer: 0.1ms
[2026-07-02 11:02:09.042] [info] [576] yolo: 10.1ms, tracker: 0.0ms, aimer: 0.1ms
[2026-07-02 11:02:09.092] [info] [577] yolo: 11.1ms, tracker: 0.6ms, aimer: 0.0ms
[2026-07-02 11:02:09.141] [info] [578] yolo: 13.7ms, tracker: 0.8ms, aimer: 0.0ms
[2026-07-02 11:02:09.188] [info] [579] yolo: 10.0ms, tracker: 0.6ms, aimer: 0.0ms
[2026-07-02 11:02:09.232] [info] [580] yolo: 9.4ms, tracker: 0.5ms, aimer: 0.0ms
[2026-07-02 11:02:09.274] [info] [581] yolo: 8.3ms, tracker: 0.5ms, aimer: 0.0ms
[2026-07-02 11:02:09.322] [info] [582] yolo: 12.0ms, tracker: 0.7ms, aimer: 0.0ms
[2026-07-02 11:02:09.367] [info] [583] yolo: 9.2ms, tracker: 0.6ms, aimer: 0.0ms
[2026-07-02 11:02:09.411] [info] [584] yolo: 9.3ms, tracker: 0.0ms, aimer: 0.0ms
[2026-07-02 11:02:09.454] [info] [585] yolo: 8.7ms, tracker: 0.5ms, aimer: 0.0ms
[2026-07-02 11:02:09.497] [info] [586] yolo: 10.2ms, tracker: 0.0ms, aimer: 0.0ms
[2026-07-02 11:02:09.543] [info] [587] yolo: 11.5ms, tracker: 0.0ms, aimer: 0.0ms
[2026-07-02 11:02:09.586] [info] [588] yolo: 8.5ms, tracker: 0.5ms, aimer: 0.0ms
[2026-07-02 11:02:09.629] [info] [589] yolo: 7.8ms, tracker: 0.5ms, aimer: 0.0ms
[2026-07-02 11:02:09.674] [warning] [Tracker] Large dt: 82.573s
[2026-07-02 11:02:09.675] [info] [590] yolo: 8.6ms, tracker: 0.6ms, aimer: 0.0ms
[2026-07-02 11:02:09.719] [info] [591] yolo: 7.8ms, tracker: 2.0ms, aimer: 0.1ms
[2026-07-02 11:02:09.761] [info] [592] yolo: 6.9ms, tracker: 1.0ms, aimer: 0.0ms
[2026-07-02 11:02:09.805] [info] [593] yolo: 9.0ms, tracker: 0.7ms, aimer: 0.0ms
[2026-07-02 11:02:09.850] [info] [594] yolo: 10.0ms, tracker: 1.1ms, aimer: 0.0ms
[2026-07-02 11:02:09.891] [info] [595] yolo: 4.8ms, tracker: 1.2ms, aimer: 0.1ms
[2026-07-02 11:02:09.936] [info] [596] yolo: 9.6ms, tracker: 0.0ms, aimer: 0.1ms
[2026-07-02 11:02:09.980] [info] [597] yolo: 9.4ms, tracker: 1.4ms, aimer: 0.0ms
[2026-07-02 11:02:10.022] [info] [598] yolo: 8.3ms, tracker: 0.0ms, aimer: 0.0ms
[2026-07-02 11:02:10.068] [info] [599] yolo: 10.0ms, tracker: 0.0ms, aimer: 0.1ms
[2026-07-02 11:02:10.114] [info] [600] yolo: 11.8ms, tracker: 0.6ms, aimer: 0.0ms
[2026-07-02 11:02:10.158] [info] [601] yolo: 9.4ms, tracker: 1.1ms, aimer: 0.0ms
[2026-07-02 11:02:10.200] [info] [602] yolo: 8.7ms, tracker: 0.7ms, aimer: 0.0ms
[2026-07-02 11:02:10.242] [info] [603] yolo: 5.9ms, tracker: 1.0ms, aimer: 0.1ms
[2026-07-02 11:02:10.288] [info] [604] yolo: 9.7ms, tracker: 0.8ms, aimer: 0.0ms
[2026-07-02 11:02:10.327] [info] [605] yolo: 5.9ms, tracker: 0.0ms, aimer: 0.1ms
[2026-07-02 11:02:10.368] [info] [606] yolo: 6.8ms, tracker: 0.0ms, aimer: 0.1ms
[2026-07-02 11:02:10.408] [info] [607] yolo: 7.0ms, tracker: 0.0ms, aimer: 0.0ms
[2026-07-02 11:02:10.452] [info] [608] yolo: 8.1ms, tracker: 0.6ms, aimer: 0.0ms
[2026-07-02 11:02:10.493] [warning] [Tracker] Large dt: 1.521s
[2026-07-02 11:02:10.493] [info] [609] yolo: 6.8ms, tracker: 0.1ms, aimer: 0.0ms
[2026-07-02 11:02:10.537] [info] [610] yolo: 8.5ms, tracker: 0.8ms, aimer: 0.1ms
[2026-07-02 11:02:10.583] [info] [611] yolo: 9.9ms, tracker: 0.0ms, aimer: 0.0ms
[2026-07-02 11:02:10.627] [info] [612] yolo: 9.0ms, tracker: 1.0ms, aimer: 0.1ms
[2026-07-02 11:02:10.670] [info] [613] yolo: 8.3ms, tracker: 0.6ms, aimer: 0.0ms
[2026-07-02 11:02:10.713] [info] [614] yolo: 8.0ms, tracker: 0.0ms, aimer: 0.0ms
[2026-07-02 11:02:10.758] [info] [615] yolo: 11.1ms, tracker: 0.0ms, aimer: 0.0ms
[2026-07-02 11:02:10.802] [info] [616] yolo: 10.0ms, tracker: 0.7ms, aimer: 0.1ms
[2026-07-02 11:02:10.845] [info] [617] yolo: 8.1ms, tracker: 0.0ms, aimer: 0.0ms
[2026-07-02 11:02:10.888] [info] [618] yolo: 8.1ms, tracker: 0.5ms, aimer: 0.0ms
[2026-07-02 11:02:10.932] [info] [619] yolo: 9.3ms, tracker: 0.6ms, aimer: 0.0ms
[2026-07-02 11:02:10.976] [info] [620] yolo: 9.8ms, tracker: 0.6ms, aimer: 0.0ms
[2026-07-02 11:02:11.019] [info] [621] yolo: 9.7ms, tracker: 0.0ms, aimer: 0.0ms
[2026-07-02 11:02:11.062] [info] [622] yolo: 8.7ms, tracker: 0.5ms, aimer: 0.0ms
[2026-07-02 11:02:11.107] [info] [623] yolo: 9.4ms, tracker: 0.6ms, aimer: 0.0ms
[2026-07-02 11:02:11.152] [info] [624] yolo: 9.6ms, tracker: 0.6ms, aimer: 0.0ms
[2026-07-02 11:02:11.193] [info] [625] yolo: 7.0ms, tracker: 0.8ms, aimer: 0.0ms
[2026-07-02 11:02:11.236] [info] [626] yolo: 9.1ms, tracker: 0.5ms, aimer: 0.0ms
[2026-07-02 11:02:11.278] [info] [627] yolo: 8.8ms, tracker: 0.8ms, aimer: 0.0ms
[2026-07-02 11:02:11.323] [info] [628] yolo: 9.0ms, tracker: 0.9ms, aimer: 0.0ms
[2026-07-02 11:02:11.364] [info] [629] yolo: 6.7ms, tracker: 0.6ms, aimer: 0.0ms
[2026-07-02 11:02:11.406] [info] [630] yolo: 8.4ms, tracker: 0.0ms, aimer: 0.0ms
[2026-07-02 11:02:11.449] [info] [631] yolo: 9.4ms, tracker: 0.5ms, aimer: 0.0ms
[2026-07-02 11:02:11.493] [info] [632] yolo: 8.9ms, tracker: 0.5ms, aimer: 0.0ms
[2026-07-02 11:02:11.537] [info] [633] yolo: 8.8ms, tracker: 0.0ms, aimer: 0.0ms
[2026-07-02 11:02:11.582] [info] [634] yolo: 8.4ms, tracker: 0.0ms, aimer: 0.0ms
[2026-07-02 11:02:11.625] [info] [635] yolo: 7.6ms, tracker: 0.5ms, aimer: 0.0ms
[2026-07-02 11:02:11.668] [info] [636] yolo: 7.1ms, tracker: 0.5ms, aimer: 0.0ms
[2026-07-02 11:02:11.714] [info] [637] yolo: 9.4ms, tracker: 0.0ms, aimer: 0.0ms
[2026-07-02 11:02:11.755] [info] [638] yolo: 7.5ms, tracker: 0.5ms, aimer: 0.0ms
[2026-07-02 11:02:11.799] [info] [639] yolo: 9.8ms, tracker: 0.7ms, aimer: 0.0ms
[2026-07-02 11:02:11.843] [info] [640] yolo: 8.5ms, tracker: 0.5ms, aimer: 0.0ms
[2026-07-02 11:02:11.885] [info] [641] yolo: 7.4ms, tracker: 0.0ms, aimer: 0.0ms
[2026-07-02 11:02:11.928] [info] [642] yolo: 6.8ms, tracker: 0.0ms, aimer: 0.0ms
[2026-07-02 11:02:11.969] [info] [643] yolo: 8.9ms, tracker: 0.0ms, aimer: 0.0ms
[2026-07-02 11:02:12.012] [info] [644] yolo: 7.0ms, tracker: 0.0ms, aimer: 0.0ms
[2026-07-02 11:02:12.053] [info] [645] yolo: 8.3ms, tracker: 0.0ms, aimer: 0.0ms
[2026-07-02 11:02:12.096] [info] [646] yolo: 8.6ms, tracker: 0.0ms, aimer: 0.0ms
[2026-07-02 11:02:12.136] [info] [647] yolo: 7.2ms, tracker: 0.0ms, aimer: 0.0ms
[2026-07-02 11:02:12.176] [info] [648] yolo: 7.6ms, tracker: 0.0ms, aimer: 0.0ms
[2026-07-02 11:02:12.215] [info] [649] yolo: 5.7ms, tracker: 0.0ms, aimer: 0.1ms
[2026-07-02 11:02:12.257] [info] [650] yolo: 8.3ms, tracker: 0.0ms, aimer: 0.0ms
[2026-07-02 11:02:12.299] [info] [651] yolo: 8.2ms, tracker: 0.5ms, aimer: 0.0ms
[2026-07-02 11:02:12.343] [info] [652] yolo: 9.4ms, tracker: 0.5ms, aimer: 0.0ms
[2026-07-02 11:02:12.387] [info] [653] yolo: 9.7ms, tracker: 0.5ms, aimer: 0.0ms
[2026-07-02 11:02:12.432] [info] [654] yolo: 10.7ms, tracker: 0.5ms, aimer: 0.0ms
[2026-07-02 11:02:12.474] [info] [655] yolo: 9.0ms, tracker: 0.0ms, aimer: 0.0ms
[2026-07-02 11:02:12.516] [info] [656] yolo: 6.9ms, tracker: 0.7ms, aimer: 0.0ms
[2026-07-02 11:02:12.558] [info] [657] yolo: 5.9ms, tracker: 0.6ms, aimer: 0.0ms
[2026-07-02 11:02:12.599] [info] [658] yolo: 7.6ms, tracker: 0.0ms, aimer: 0.0ms
[2026-07-02 11:02:12.643] [info] [659] yolo: 9.0ms, tracker: 0.5ms, aimer: 0.0ms
[2026-07-02 11:02:12.685] [info] [660] yolo: 7.7ms, tracker: 0.5ms, aimer: 0.0ms
[2026-07-02 11:02:12.732] [debug] [Target] r=0.034, l=0.152
[2026-07-02 11:02:12.732] [debug] [Tracker] Target diverged!
[2026-07-02 11:02:12.732] [info] [661] yolo: 9.7ms, tracker: 0.5ms, aimer: 0.0ms
[2026-07-02 11:02:12.774] [info] [662] yolo: 8.2ms, tracker: 0.5ms, aimer: 0.0ms
[2026-07-02 11:02:12.820] [info] [663] yolo: 10.5ms, tracker: 0.0ms, aimer: 0.0ms
[2026-07-02 11:02:12.866] [info] [664] yolo: 8.4ms, tracker: 0.5ms, aimer: 0.0ms
[2026-07-02 11:02:12.909] [info] [665] yolo: 8.9ms, tracker: 0.0ms, aimer: 0.0ms
[2026-07-02 11:02:12.954] [info] [666] yolo: 8.7ms, tracker: 0.5ms, aimer: 0.0ms
[2026-07-02 11:02:12.997] [info] [667] yolo: 7.3ms, tracker: 0.6ms, aimer: 0.0ms
[2026-07-02 11:02:13.043] [info] [668] yolo: 9.2ms, tracker: 0.5ms, aimer: 0.0ms
[2026-07-02 11:02:13.089] [info] [669] yolo: 10.3ms, tracker: 0.6ms, aimer: 0.0ms
[2026-07-02 11:02:13.137] [debug] [Target] r=0.031, l=0.000
[2026-07-02 11:02:13.137] [debug] [Tracker] Target diverged!
[2026-07-02 11:02:13.137] [info] [670] yolo: 10.3ms, tracker: 0.6ms, aimer: 0.0ms
[2026-07-02 11:02:13.187] [info] [671] yolo: 11.9ms, tracker: 0.5ms, aimer: 0.0ms
[2026-07-02 11:02:13.234] [info] [672] yolo: 11.4ms, tracker: 0.6ms, aimer: 0.0ms
[2026-07-02 11:02:13.282] [info] [673] yolo: 10.7ms, tracker: 0.6ms, aimer: 0.0ms
[2026-07-02 11:02:13.328] [info] [674] yolo: 8.5ms, tracker: 0.5ms, aimer: 0.0ms
[2026-07-02 11:02:13.373] [info] [675] yolo: 10.1ms, tracker: 0.8ms, aimer: 0.0ms
[2026-07-02 11:02:13.422] [info] [676] yolo: 11.2ms, tracker: 0.6ms, aimer: 0.0ms
[2026-07-02 11:02:13.466] [info] [677] yolo: 8.7ms, tracker: 0.0ms, aimer: 0.1ms
[2026-07-02 11:02:13.510] [info] [678] yolo: 8.7ms, tracker: 0.0ms, aimer: 0.0ms
[2026-07-02 11:02:13.556] [info] [679] yolo: 13.1ms, tracker: 0.0ms, aimer: 0.0ms
[2026-07-02 11:02:13.598] [info] [680] yolo: 7.5ms, tracker: 0.0ms, aimer: 0.1ms
[2026-07-02 11:02:13.644] [info] [681] yolo: 11.2ms, tracker: 0.0ms, aimer: 0.0ms
[2026-07-02 11:02:13.686] [info] [682] yolo: 8.7ms, tracker: 0.0ms, aimer: 0.0ms
[2026-07-02 11:02:13.729] [info] [683] yolo: 7.5ms, tracker: 0.0ms, aimer: 0.1ms
[2026-07-02 11:02:13.775] [info] [684] yolo: 9.8ms, tracker: 0.0ms, aimer: 0.1ms
[2026-07-02 11:02:13.818] [info] [685] yolo: 8.9ms, tracker: 0.0ms, aimer: 0.0ms
[2026-07-02 11:02:13.862] [info] [686] yolo: 9.9ms, tracker: 0.0ms, aimer: 0.0ms
