[2026-07-22 18:59:16.615] [warning] [DesktopGimbal] NO-GIMBAL mode: visual detection only.
[2026-07-22 18:59:16.616] [info] [DesktopGimbal] Opening camera...
[2026-07-22 18:59:18.450] [info] [MultiThreadDetector] initialized !
[2026-07-22 18:59:18.452] [info] [DesktopGimbal] Entering main loop.
[2026-07-22 18:59:18.532] [debug] [MultiThreadDetector] queue is full!
[2026-07-22 18:59:18.542] [debug] [MultiThreadDetector] queue is full!
[2026-07-22 18:59:18.556] [debug] [MultiThreadDetector] queue is full!
[2026-07-22 18:59:18.567] [debug] [MultiThreadDetector] queue is full!
[2026-07-22 18:59:18.575] [debug] [MultiThreadDetector] queue is full!
[2026-07-22 18:59:18.583] [debug] [MultiThreadDetector] queue is full!
[2026-07-22 18:59:18.595] [debug] [MultiThreadDetector] queue is full!
[2026-07-22 18:59:18.612] [debug] [MultiThreadDetector] queue is full!
[2026-07-22 18:59:18.624] [debug] [MultiThreadDetector] queue is full!
[2026-07-22 18:59:18.636] [debug] [MultiThreadDetector] queue is full!
[2026-07-22 18:59:18.643] [debug] [MultiThreadDetector] queue is full!
[2026-07-22 18:59:18.651] [debug] [MultiThreadDetector] queue is full!
[2026-07-22 18:59:18.675] [debug] [MultiThreadDetector] queue is full!
[2026-07-22 18:59:18.686] [debug] [MultiThreadDetector] queue is full!
[2026-07-22 18:59:18.697] [debug] [MultiThreadDetector] queue is full!
[2026-07-22 18:59:18.710] [debug] [MultiThreadDetector] queue is full!
[2026-07-22 18:59:18.719] [debug] [MultiThreadDetector] queue is full!
[2026-07-22 18:59:18.729] [debug] [MultiThreadDetector] queue is full!
[2026-07-22 18:59:18.743] [debug] [MultiThreadDetector] queue is full!
[2026-07-22 18:59:18.759] [debug] [MultiThreadDetector] queue is full!
[2026-07-22 18:59:18.782] [debug] [MultiThreadDetector] queue is full!
[2026-07-22 18:59:18.798] [debug] [MultiThreadDetector] queue is full!
[2026-07-22 18:59:18.810] [debug] [MultiThreadDetector] queue is full!
[2026-07-22 18:59:18.823] [debug] [MultiThreadDetector] queue is full!
[2026-07-22 18:59:18.842] [debug] [MultiThreadDetector] queue is full!
[2026-07-22 18:59:18.857] [debug] [MultiThreadDetector] queue is full!
[2026-07-22 18:59:18.890] [debug] [MultiThreadDetector] queue is full!
[2026-07-22 18:59:18.902] [debug] [MultiThreadDetector] queue is full!
[2026-07-22 18:59:18.928] [debug] [MultiThreadDetector] queue is full!
[2026-07-22 18:59:18.945] [debug] [MultiThreadDetector] queue is full!
[2026-07-22 18:59:18.973] [debug] [MultiThreadDetector] queue is full!
[2026-07-22 18:59:18.988] [debug] [MultiThreadDetector] queue is full!
[2026-07-22 18:59:19.003] [debug] [MultiThreadDetector] queue is full!
[2026-07-22 18:59:19.016] [debug] [MultiThreadDetector] queue is full!
[2026-07-22 18:59:19.030] [debug] [MultiThreadDetector] queue is full!
[2026-07-22 18:59:19.044] [debug] [MultiThreadDetector] queue is full!
[2026-07-22 18:59:19.058] [debug] [MultiThreadDetector] queue is full!
[2026-07-22 18:59:19.085] [debug] [MultiThreadDetector] queue is full!
[2026-07-22 18:59:19.101] [debug] [MultiThreadDetector] queue is full!
[2026-07-22 18:59:19.125] [debug] [MultiThreadDetector] queue is full!
[2026-07-22 18:59:19.143] [debug] [MultiThreadDetector] queue is full!
[2026-07-22 18:59:19.170] [debug] [MultiThreadDetector] queue is full!
[2026-07-22 18:59:19.186] [debug] [MultiThreadDetector] queue is full!
[2026-07-22 18:59:19.205] [debug] [MultiThreadDetector] queue is full!
[2026-07-22 18:59:19.222] [debug] [MultiThreadDetector] queue is full!
[2026-07-22 18:59:19.249] [debug] [MultiThreadDetector] queue is full!
[2026-07-22 18:59:19.266] [debug] [MultiThreadDetector] queue is full!
[2026-07-22 18:59:19.290] [debug] [MultiThreadDetector] queue is full!
[2026-07-22 18:59:19.308] [debug] [MultiThreadDetector] queue is full!
[2026-07-22 18:59:19.335] [debug] [MultiThreadDetector] queue is full!
[2026-07-22 18:59:19.352] [debug] [MultiThreadDetector] queue is full!
[2026-07-22 18:59:19.378] [debug] [MultiThreadDetector] queue is full!
[2026-07-22 18:59:19.393] [debug] [MultiThreadDetector] queue is full!
[2026-07-22 18:59:19.419] [debug] [MultiThreadDetector] queue is full!
[2026-07-22 18:59:19.436] [debug] [MultiThreadDetector] queue is full!
[2026-07-22 18:59:19.465] [debug] [MultiThreadDetector] queue is full!
[2026-07-22 18:59:19.481] [debug] [MultiThreadDetector] queue is full!
[2026-07-22 18:59:19.508] [debug] [MultiThreadDetector] queue is full!
[2026-07-22 18:59:19.525] [debug] [MultiThreadDetector] queue is full!
[2026-07-22 18:59:19.549] [debug] [MultiThreadDetector] queue is full!
[2026-07-22 18:59:19.568] [debug] [MultiThreadDetector] queue is full!
[2026-07-22 18:59:19.592] [debug] [MultiThreadDetector] queue is full!
[2026-07-22 18:59:19.610] [debug] [MultiThreadDetector] queue is full!
[2026-07-22 18:59:19.634] [debug] [MultiThreadDetector] queue is full!
[2026-07-22 18:59:19.649] [debug] [MultiThreadDetector] queue is full!
[2026-07-22 18:59:19.673] [debug] [MultiThreadDetector] queue is full!
[2026-07-22 18:59:19.691] [debug] [MultiThreadDetector] queue is full!
[2026-07-22 18:59:19.716] [debug] [MultiThreadDetector] queue is full!
[2026-07-22 18:59:19.734] [debug] [MultiThreadDetector] queue is full!
[2026-07-22 18:59:19.760] [debug] [MultiThreadDetector] queue is full!
[2026-07-22 18:59:19.777] [debug] [MultiThreadDetector] queue is full!
[2026-07-22 18:59:19.801] [debug] [MultiThreadDetector] queue is full!
[2026-07-22 18:59:19.819] [debug] [MultiThreadDetector] queue is full!
[2026-07-22 18:59:19.848] [debug] [MultiThreadDetector] queue is full!
[2026-07-22 18:59:19.870] [debug] [MultiThreadDetector] queue is full!
[2026-07-22 18:59:19.883] [debug] [MultiThreadDetector] queue is full!
[2026-07-22 18:59:19.899] [debug] [MultiThreadDetector] queue is full!
[2026-07-22 18:59:19.910] [debug] [MultiThreadDetector] queue is full!
[2026-07-22 18:59:19.928] [debug] [MultiThreadDetector] queue is full!
[2026-07-22 18:59:19.939] [debug] [MultiThreadDetector] queue is full!
[2026-07-22 18:59:19.955] [debug] [MultiThreadDetector] queue is full!
[2026-07-22 18:59:19.974] [debug] [MultiThreadDetector] queue is full!
[2026-07-22 18:59:19.990] [debug] [MultiThreadDetector] queue is full!
[2026-07-22 18:59:20.002] [debug] [MultiThreadDetector] queue is full!
[2026-07-22 18:59:20.016] [debug] [MultiThreadDetector] queue is full!
[2026-07-22 18:59:20.029] [debug] [MultiThreadDetector] queue is full!
[2026-07-22 18:59:20.055] [debug] [MultiThreadDetector] queue is full!
[2026-07-22 18:59:20.067] [debug] [MultiThreadDetector] queue is full!
[2026-07-22 18:59:20.094] [debug] [MultiThreadDetector] queue is full!
[2026-07-22 18:59:20.112] [debug] [MultiThreadDetector] queue is full!
[2026-07-22 18:59:20.136] [debug] [MultiThreadDetector] queue is full!
[2026-07-22 18:59:20.153] [debug] [MultiThreadDetector] queue is full!
[2026-07-22 18:59:20.177] [debug] [MultiThreadDetector] queue is full!
[2026-07-22 18:59:20.193] [debug] [MultiThreadDetector] queue is full!
[2026-07-22 18:59:20.219] [debug] [MultiThreadDetector] queue is full!
[2026-07-22 18:59:20.237] [debug] [MultiThreadDetector] queue is full!
[2026-07-22 18:59:20.264] [debug] [MultiThreadDetector] queue is full!
[2026-07-22 18:59:20.280] [debug] [MultiThreadDetector] queue is full!
[2026-07-22 18:59:20.307] [debug] [MultiThreadDetector] queue is full!
[2026-07-22 18:59:20.324] [debug] [MultiThreadDetector] queue is full!
[2026-07-22 18:59:20.351] [debug] [MultiThreadDetector] queue is full!
[2026-07-22 18:59:20.367] [debug] [MultiThreadDetector] queue is full!
[2026-07-22 18:59:20.393] [debug] [MultiThreadDetector] queue is full!
[2026-07-22 18:59:20.411] [debug] [MultiThreadDetector] queue is full!
[2026-07-22 18:59:20.436] [debug] [MultiThreadDetector] queue is full!
[2026-07-22 18:59:20.453] [debug] [MultiThreadDetector] queue is full!
[2026-07-22 18:59:20.467] [debug] [MultiThreadDetector] queue is full!
[2026-07-22 18:59:20.478] [debug] [MultiThreadDetector] queue is full!
[2026-07-22 18:59:20.496] [debug] [MultiThreadDetector] queue is full!
[2026-07-22 18:59:20.507] [debug] [MultiThreadDetector] queue is full!
[2026-07-22 18:59:20.521] [debug] [MultiThreadDetector] queue is full!
[2026-07-22 18:59:20.532] [debug] [MultiThreadDetector] queue is full!
[2026-07-22 18:59:20.549] [debug] [MultiThreadDetector] queue is full!
[2026-07-22 18:59:20.573] [debug] [MultiThreadDetector] queue is full!
[2026-07-22 18:59:20.589] [debug] [MultiThreadDetector] queue is full!
[2026-07-22 18:59:20.617] [debug] [MultiThreadDetector] queue is full!
[2026-07-22 18:59:20.635] [debug] [MultiThreadDetector] queue is full!
[2026-07-22 18:59:20.664] [debug] [MultiThreadDetector] queue is full!
[2026-07-22 18:59:20.677] [debug] [MultiThreadDetector] queue is full!
[2026-07-22 18:59:20.704] [debug] [MultiThreadDetector] queue is full!
[2026-07-22 18:59:20.721] [debug] [MultiThreadDetector] queue is full!
[2026-07-22 18:59:20.750] [debug] [MultiThreadDetector] queue is full!
[2026-07-22 18:59:20.765] [debug] [MultiThreadDetector] queue is full!
[2026-07-22 18:59:20.790] [debug] [MultiThreadDetector] queue is full!
[2026-07-22 18:59:20.802] [debug] [MultiThreadDetector] queue is full!
[2026-07-22 18:59:20.826] [debug] [MultiThreadDetector] queue is full!
[2026-07-22 18:59:20.839] [debug] [MultiThreadDetector] queue is full!
[2026-07-22 18:59:20.864] [debug] [MultiThreadDetector] queue is full!
[2026-07-22 18:59:20.875] [debug] [MultiThreadDetector] queue is full!
[2026-07-22 18:59:20.891] [debug] [MultiThreadDetector] queue is full!
[2026-07-22 18:59:20.903] [debug] [MultiThreadDetector] queue is full!
[2026-07-22 18:59:20.919] [debug] [MultiThreadDetector] queue is full!
[2026-07-22 18:59:20.943] [debug] [MultiThreadDetector] queue is full!
[2026-07-22 18:59:20.955] [debug] [MultiThreadDetector] queue is full!
[2026-07-22 18:59:20.980] [debug] [MultiThreadDetector] queue is full!
[2026-07-22 18:59:20.991] [debug] [MultiThreadDetector] queue is full!
[2026-07-22 18:59:21.007] [debug] [MultiThreadDetector] queue is full!
[2026-07-22 18:59:21.018] [debug] [MultiThreadDetector] queue is full!
[2026-07-22 18:59:21.030] [debug] [MultiThreadDetector] queue is full!
[2026-07-22 18:59:21.054] [debug] [MultiThreadDetector] queue is full!
[2026-07-22 18:59:21.065] [debug] [MultiThreadDetector] queue is full!
[2026-07-22 18:59:21.090] [debug] [MultiThreadDetector] queue is full!
[2026-07-22 18:59:21.103] [debug] [MultiThreadDetector] queue is full!
[2026-07-22 18:59:21.126] [debug] [MultiThreadDetector] queue is full!
[2026-07-22 18:59:21.142] [debug] [MultiThreadDetector] queue is full!
[2026-07-22 18:59:21.169] [debug] [MultiThreadDetector] queue is full!
[2026-07-22 18:59:21.185] [debug] [MultiThreadDetector] queue is full!
[2026-07-22 18:59:21.212] [debug] [MultiThreadDetector] queue is full!
[2026-07-22 18:59:21.228] [debug] [MultiThreadDetector] queue is full!
[2026-07-22 18:59:21.252] [debug] [MultiThreadDetector] queue is full!
[2026-07-22 18:59:21.269] [debug] [MultiThreadDetector] queue is full!
[2026-07-22 18:59:21.294] [debug] [MultiThreadDetector] queue is full!
[2026-07-22 18:59:21.310] [debug] [MultiThreadDetector] queue is full!
[2026-07-22 18:59:21.337] [debug] [MultiThreadDetector] queue is full!
[2026-07-22 18:59:21.354] [debug] [MultiThreadDetector] queue is full!
[2026-07-22 18:59:21.382] [debug] [MultiThreadDetector] queue is full!
[2026-07-22 18:59:21.399] [debug] [MultiThreadDetector] queue is full!
[2026-07-22 18:59:21.426] [debug] [MultiThreadDetector] queue is full!
[2026-07-22 18:59:21.442] [debug] [MultiThreadDetector] queue is full!
[2026-07-22 18:59:21.467] [debug] [MultiThreadDetector] queue is full!
[2026-07-22 18:59:21.484] [debug] [MultiThreadDetector] queue is full!
[2026-07-22 18:59:21.520] [debug] [MultiThreadDetector] queue is full!
[2026-07-22 18:59:21.533] [debug] [MultiThreadDetector] queue is full!
[2026-07-22 18:59:21.546] [debug] [MultiThreadDetector] queue is full!
[2026-07-22 18:59:21.560] [debug] [MultiThreadDetector] queue is full!
[2026-07-22 18:59:21.583] [debug] [MultiThreadDetector] queue is full!
[2026-07-22 18:59:21.593] [debug] [MultiThreadDetector] queue is full!
[2026-07-22 18:59:21.607] [debug] [MultiThreadDetector] queue is full!
[2026-07-22 18:59:21.634] [debug] [MultiThreadDetector] queue is full!
[2026-07-22 18:59:21.651] [debug] [MultiThreadDetector] queue is full!
[2026-07-22 18:59:21.678] [debug] [MultiThreadDetector] queue is full!
[2026-07-22 18:59:21.692] [debug] [MultiThreadDetector] queue is full!
[2026-07-22 18:59:21.708] [debug] [MultiThreadDetector] queue is full!
[2026-07-22 18:59:21.720] [debug] [MultiThreadDetector] queue is full!
[2026-07-22 18:59:21.736] [debug] [MultiThreadDetector] queue is full!
[2026-07-22 18:59:21.759] [debug] [MultiThreadDetector] queue is full!
[2026-07-22 18:59:21.775] [debug] [MultiThreadDetector] queue is full!
[2026-07-22 18:59:21.801] [debug] [MultiThreadDetector] queue is full!
[2026-07-22 18:59:21.817] [debug] [MultiThreadDetector] queue is full!
[2026-07-22 18:59:21.843] [debug] [MultiThreadDetector] queue is full!
[2026-07-22 18:59:21.857] [debug] [MultiThreadDetector] queue is full!
[2026-07-22 18:59:21.882] [debug] [MultiThreadDetector] queue is full!
[2026-07-22 18:59:21.897] [debug] [MultiThreadDetector] queue is full!
[2026-07-22 18:59:21.922] [debug] [MultiThreadDetector] queue is full!
[2026-07-22 18:59:21.937] [debug] [MultiThreadDetector] queue is full!
[2026-07-22 18:59:21.962] [debug] [MultiThreadDetector] queue is full!
[2026-07-22 18:59:21.975] [debug] [MultiThreadDetector] queue is full!
[2026-07-22 18:59:21.985] [debug] [MultiThreadDetector] queue is full!
[2026-07-22 18:59:21.999] [debug] [MultiThreadDetector] queue is full!
[2026-07-22 18:59:22.018] [debug] [MultiThreadDetector] queue is full!
[2026-07-22 18:59:22.029] [debug] [MultiThreadDetector] queue is full!
[2026-07-22 18:59:22.048] [debug] [MultiThreadDetector] queue is full!
[2026-07-22 18:59:22.059] [debug] [MultiThreadDetector] queue is full!
[2026-07-22 18:59:22.077] [debug] [MultiThreadDetector] queue is full!
[2026-07-22 18:59:22.100] [debug] [MultiThreadDetector] queue is full!
[2026-07-22 18:59:22.117] [debug] [MultiThreadDetector] queue is full!
[2026-07-22 18:59:22.142] [debug] [MultiThreadDetector] queue is full!
[2026-07-22 18:59:22.157] [debug] [MultiThreadDetector] queue is full!
[2026-07-22 18:59:22.180] [debug] [MultiThreadDetector] queue is full!
[2026-07-22 18:59:22.192] [debug] [MultiThreadDetector] queue is full!
[2026-07-22 18:59:22.216] [debug] [MultiThreadDetector] queue is full!
[2026-07-22 18:59:22.233] [debug] [MultiThreadDetector] queue is full!
[2026-07-22 18:59:22.260] [debug] [MultiThreadDetector] queue is full!
[2026-07-22 18:59:22.277] [debug] [MultiThreadDetector] queue is full!
[2026-07-22 18:59:22.305] [debug] [MultiThreadDetector] queue is full!
[2026-07-22 18:59:22.320] [debug] [MultiThreadDetector] queue is full!
[2026-07-22 18:59:22.348] [debug] [MultiThreadDetector] queue is full!
[2026-07-22 18:59:22.363] [debug] [MultiThreadDetector] queue is full!
[2026-07-22 18:59:22.388] [debug] [MultiThreadDetector] queue is full!
[2026-07-22 18:59:22.403] [debug] [MultiThreadDetector] queue is full!
[2026-07-22 18:59:22.429] [debug] [MultiThreadDetector] queue is full!
[2026-07-22 18:59:22.445] [debug] [MultiThreadDetector] queue is full!
[2026-07-22 18:59:22.472] [debug] [MultiThreadDetector] queue is full!
[2026-07-22 18:59:22.488] [debug] [MultiThreadDetector] queue is full!
[2026-07-22 18:59:22.514] [debug] [MultiThreadDetector] queue is full!
[2026-07-22 18:59:22.530] [debug] [MultiThreadDetector] queue is full!
[2026-07-22 18:59:22.557] [debug] [MultiThreadDetector] queue is full!
[2026-07-22 18:59:22.573] [debug] [MultiThreadDetector] queue is full!
[2026-07-22 18:59:22.591] [debug] [MultiThreadDetector] queue is full!
[2026-07-22 18:59:22.607] [debug] [MultiThreadDetector] queue is full!
[2026-07-22 18:59:22.620] [debug] [MultiThreadDetector] queue is full!
[2026-07-22 18:59:22.633] [debug] [MultiThreadDetector] queue is full!
[2026-07-22 18:59:22.650] [debug] [MultiThreadDetector] queue is full!
[2026-07-22 18:59:22.663] [debug] [MultiThreadDetector] queue is full!
[2026-07-22 18:59:22.683] [debug] [MultiThreadDetector] queue is full!
[2026-07-22 18:59:22.694] [debug] [MultiThreadDetector] queue is full!
[2026-07-22 18:59:22.713] [debug] [MultiThreadDetector] queue is full!
[2026-07-22 18:59:22.733] [debug] [MultiThreadDetector] queue is full!
[2026-07-22 18:59:22.747] [debug] [MultiThreadDetector] queue is full!
[2026-07-22 18:59:22.758] [debug] [MultiThreadDetector] queue is full!
[2026-07-22 18:59:22.787] [debug] [MultiThreadDetector] queue is full!
[2026-07-22 18:59:22.805] [debug] [MultiThreadDetector] queue is full!
[2026-07-22 18:59:22.817] [debug] [MultiThreadDetector] queue is full!
[2026-07-22 18:59:22.835] [debug] [MultiThreadDetector] queue is full!
[2026-07-22 18:59:22.845] [debug] [MultiThreadDetector] queue is full!
[2026-07-22 18:59:22.862] [debug] [MultiThreadDetector] queue is full!
[2026-07-22 18:59:22.886] [debug] [MultiThreadDetector] queue is full!
[2026-07-22 18:59:22.903] [debug] [MultiThreadDetector] queue is full!
[2026-07-22 18:59:22.928] [debug] [MultiThreadDetector] queue is full!
[2026-07-22 18:59:22.944] [debug] [MultiThreadDetector] queue is full!
[2026-07-22 18:59:22.971] [debug] [MultiThreadDetector] queue is full!
[2026-07-22 18:59:22.986] [debug] [MultiThreadDetector] queue is full!
[2026-07-22 18:59:23.002] [debug] [MultiThreadDetector] queue is full!
[2026-07-22 18:59:23.013] [debug] [MultiThreadDetector] queue is full!
[2026-07-22 18:59:23.029] [debug] [MultiThreadDetector] queue is full!
[2026-07-22 18:59:23.041] [debug] [MultiThreadDetector] queue is full!
[2026-07-22 18:59:23.058] [debug] [MultiThreadDetector] queue is full!
[2026-07-22 18:59:23.069] [debug] [MultiThreadDetector] queue is full!
[2026-07-22 18:59:23.086] [debug] [MultiThreadDetector] queue is full!
[2026-07-22 18:59:23.101] [debug] [MultiThreadDetector] queue is full!
[2026-07-22 18:59:23.116] [debug] [MultiThreadDetector] queue is full!
[2026-07-22 18:59:23.139] [debug] [MultiThreadDetector] queue is full!
[2026-07-22 18:59:23.153] [debug] [MultiThreadDetector] queue is full!
[2026-07-22 18:59:23.170] [debug] [MultiThreadDetector] queue is full!
[2026-07-22 18:59:23.180] [debug] [MultiThreadDetector] queue is full!
[2026-07-22 18:59:23.198] [debug] [MultiThreadDetector] queue is full!
[2026-07-22 18:59:23.210] [debug] [MultiThreadDetector] queue is full!
[2026-07-22 18:59:23.225] [debug] [MultiThreadDetector] queue is full!
[2026-07-22 18:59:23.238] [debug] [MultiThreadDetector] queue is full!
[2026-07-22 18:59:23.262] [debug] [MultiThreadDetector] queue is full!
[2026-07-22 18:59:23.273] [debug] [MultiThreadDetector] queue is full!
[2026-07-22 18:59:23.289] [debug] [MultiThreadDetector] queue is full!
[2026-07-22 18:59:23.302] [debug] [MultiThreadDetector] queue is full!
[2026-07-22 18:59:23.320] [debug] [MultiThreadDetector] queue is full!
[2026-07-22 18:59:23.333] [debug] [MultiThreadDetector] queue is full!
[2026-07-22 18:59:23.345] [debug] [MultiThreadDetector] queue is full!
[2026-07-22 18:59:23.370] [debug] [MultiThreadDetector] queue is full!
[2026-07-22 18:59:23.382] [debug] [MultiThreadDetector] queue is full!
[2026-07-22 18:59:23.409] [debug] [MultiThreadDetector] queue is full!
[2026-07-22 18:59:23.426] [debug] [MultiThreadDetector] queue is full!
[2026-07-22 18:59:23.444] [debug] [MultiThreadDetector] queue is full!
[2026-07-22 18:59:23.455] [debug] [MultiThreadDetector] queue is full!
[2026-07-22 18:59:23.482] [debug] [MultiThreadDetector] queue is full!
[2026-07-22 18:59:23.494] [debug] [MultiThreadDetector] queue is full!
[2026-07-22 18:59:23.521] [debug] [MultiThreadDetector] queue is full!
[2026-07-22 18:59:23.532] [debug] [MultiThreadDetector] queue is full!
[2026-07-22 18:59:23.548] [debug] [MultiThreadDetector] queue is full!
[2026-07-22 18:59:23.559] [debug] [MultiThreadDetector] queue is full!
[2026-07-22 18:59:23.576] [debug] [MultiThreadDetector] queue is full!
[2026-07-22 18:59:23.587] [debug] [MultiThreadDetector] queue is full!
[2026-07-22 18:59:23.601] [debug] [MultiThreadDetector] queue is full!
[2026-07-22 18:59:23.614] [debug] [MultiThreadDetector] queue is full!
[2026-07-22 18:59:23.633] [debug] [MultiThreadDetector] queue is full!
[2026-07-22 18:59:23.645] [debug] [MultiThreadDetector] queue is full!
[2026-07-22 18:59:23.662] [debug] [MultiThreadDetector] queue is full!
[2026-07-22 18:59:23.683] [debug] [MultiThreadDetector] queue is full!
[2026-07-22 18:59:23.699] [debug] [MultiThreadDetector] queue is full!
[2026-07-22 18:59:23.711] [debug] [MultiThreadDetector] queue is full!
[2026-07-22 18:59:23.724] [debug] [MultiThreadDetector] queue is full!
[2026-07-22 18:59:23.742] [debug] [MultiThreadDetector] queue is full!
[2026-07-22 18:59:23.753] [debug] [MultiThreadDetector] queue is full!
[2026-07-22 18:59:23.768] [debug] [MultiThreadDetector] queue is full!
[2026-07-22 18:59:23.792] [debug] [MultiThreadDetector] queue is full!
[2026-07-22 18:59:23.808] [debug] [MultiThreadDetector] queue is full!
[2026-07-22 18:59:23.823] [debug] [MultiThreadDetector] queue is full!
[2026-07-22 18:59:23.833] [debug] [MultiThreadDetector] queue is full!
[2026-07-22 18:59:23.848] [debug] [MultiThreadDetector] queue is full!
[2026-07-22 18:59:23.877] [debug] [MultiThreadDetector] queue is full!
[2026-07-22 18:59:23.893] [debug] [MultiThreadDetector] queue is full!
[2026-07-22 18:59:23.922] [debug] [MultiThreadDetector] queue is full!
[2026-07-22 18:59:23.939] [debug] [MultiThreadDetector] queue is full!
[2026-07-22 18:59:23.958] [debug] [MultiThreadDetector] queue is full!
[2026-07-22 18:59:23.976] [debug] [MultiThreadDetector] queue is full!
[2026-07-22 18:59:24.002] [debug] [MultiThreadDetector] queue is full!
[2026-07-22 18:59:24.018] [debug] [MultiThreadDetector] queue is full!
[2026-07-22 18:59:24.044] [debug] [MultiThreadDetector] queue is full!
[2026-07-22 18:59:24.061] [debug] [MultiThreadDetector] queue is full!
[2026-07-22 18:59:24.088] [debug] [MultiThreadDetector] queue is full!
[2026-07-22 18:59:24.105] [debug] [MultiThreadDetector] queue is full!
[2026-07-22 18:59:24.133] [debug] [MultiThreadDetector] queue is full!
[2026-07-22 18:59:24.145] [debug] [MultiThreadDetector] queue is full!
[2026-07-22 18:59:24.173] [debug] [MultiThreadDetector] queue is full!
[2026-07-22 18:59:24.189] [debug] [MultiThreadDetector] queue is full!
[2026-07-22 18:59:24.213] [debug] [MultiThreadDetector] queue is full!
[2026-07-22 18:59:24.231] [debug] [MultiThreadDetector] queue is full!
[2026-07-22 18:59:24.258] [debug] [MultiThreadDetector] queue is full!
[2026-07-22 18:59:24.278] [debug] [MultiThreadDetector] queue is full!
[2026-07-22 18:59:24.302] [debug] [MultiThreadDetector] queue is full!
[2026-07-22 18:59:24.321] [debug] [MultiThreadDetector] queue is full!
[2026-07-22 18:59:24.332] [debug] [MultiThreadDetector] queue is full!
[2026-07-22 18:59:24.345] [debug] [MultiThreadDetector] queue is full!
[2026-07-22 18:59:24.369] [debug] [MultiThreadDetector] queue is full!
[2026-07-22 18:59:24.382] [debug] [MultiThreadDetector] queue is full!
[2026-07-22 18:59:24.409] [debug] [MultiThreadDetector] queue is full!
[2026-07-22 18:59:24.426] [debug] [MultiThreadDetector] queue is full!
[2026-07-22 18:59:24.451] [debug] [MultiThreadDetector] queue is full!
[2026-07-22 18:59:24.467] [debug] [MultiThreadDetector] queue is full!
[2026-07-22 18:59:24.492] [debug] [MultiThreadDetector] queue is full!
[2026-07-22 18:59:24.503] [debug] [MultiThreadDetector] queue is full!
[2026-07-22 18:59:24.530] [debug] [MultiThreadDetector] queue is full!
[2026-07-22 18:59:24.543] [debug] [MultiThreadDetector] queue is full!
[2026-07-22 18:59:24.568] [debug] [MultiThreadDetector] queue is full!
[2026-07-22 18:59:24.579] [debug] [MultiThreadDetector] queue is full!
[2026-07-22 18:59:24.607] [debug] [MultiThreadDetector] queue is full!
[2026-07-22 18:59:24.624] [debug] [MultiThreadDetector] queue is full!
[2026-07-22 18:59:24.648] [debug] [MultiThreadDetector] queue is full!
[2026-07-22 18:59:24.658] [debug] [MultiThreadDetector] queue is full!
[2026-07-22 18:59:24.686] [debug] [MultiThreadDetector] queue is full!
[2026-07-22 18:59:24.702] [debug] [MultiThreadDetector] queue is full!
[2026-07-22 18:59:24.729] [debug] [MultiThreadDetector] queue is full!
[2026-07-22 18:59:24.745] [debug] [MultiThreadDetector] queue is full!
[2026-07-22 18:59:24.771] [debug] [MultiThreadDetector] queue is full!
[2026-07-22 18:59:24.787] [debug] [MultiThreadDetector] queue is full!
[2026-07-22 18:59:24.817] [debug] [MultiThreadDetector] queue is full!
[2026-07-22 18:59:24.833] [debug] [MultiThreadDetector] queue is full!
[2026-07-22 18:59:24.861] [debug] [MultiThreadDetector] queue is full!
[2026-07-22 18:59:24.877] [debug] [MultiThreadDetector] queue is full!
[2026-07-22 18:59:24.905] [debug] [MultiThreadDetector] queue is full!
[2026-07-22 18:59:24.923] [debug] [MultiThreadDetector] queue is full!
[2026-07-22 18:59:24.947] [debug] [MultiThreadDetector] queue is full!
[2026-07-22 18:59:24.966] [debug] [MultiThreadDetector] queue is full!
[2026-07-22 18:59:24.992] [debug] [MultiThreadDetector] queue is full!
[2026-07-22 18:59:25.006] [debug] [MultiThreadDetector] queue is full!
[2026-07-22 18:59:25.021] [debug] [MultiThreadDetector] queue is full!
[2026-07-22 18:59:25.031] [debug] [MultiThreadDetector] queue is full!
[2026-07-22 18:59:25.049] [debug] [MultiThreadDetector] queue is full!
[2026-07-22 18:59:25.059] [debug] [MultiThreadDetector] queue is full!
[2026-07-22 18:59:25.078] [debug] [MultiThreadDetector] queue is full!
[2026-07-22 18:59:25.093] [debug] [MultiThreadDetector] queue is full!
[2026-07-22 18:59:25.110] [debug] [MultiThreadDetector] queue is full!
[2026-07-22 18:59:25.131] [debug] [MultiThreadDetector] queue is full!
[2026-07-22 18:59:25.147] [debug] [MultiThreadDetector] queue is full!
[2026-07-22 18:59:25.174] [debug] [MultiThreadDetector] queue is full!
[2026-07-22 18:59:25.191] [debug] [MultiThreadDetector] queue is full!
[2026-07-22 18:59:25.216] [debug] [MultiThreadDetector] queue is full!
[2026-07-22 18:59:25.231] [debug] [MultiThreadDetector] queue is full!
[2026-07-22 18:59:25.260] [debug] [MultiThreadDetector] queue is full!
[2026-07-22 18:59:25.275] [debug] [MultiThreadDetector] queue is full!
[2026-07-22 18:59:25.299] [debug] [MultiThreadDetector] queue is full!
[2026-07-22 18:59:25.316] [debug] [MultiThreadDetector] queue is full!
[2026-07-22 18:59:25.344] [debug] [MultiThreadDetector] queue is full!
[2026-07-22 18:59:25.362] [debug] [MultiThreadDetector] queue is full!
[2026-07-22 18:59:25.388] [debug] [MultiThreadDetector] queue is full!
[2026-07-22 18:59:25.403] [debug] [MultiThreadDetector] queue is full!
[2026-07-22 18:59:25.430] [debug] [MultiThreadDetector] queue is full!
[2026-07-22 18:59:25.448] [debug] [MultiThreadDetector] queue is full!
[2026-07-22 18:59:25.473] [debug] [MultiThreadDetector] queue is full!
[2026-07-22 18:59:25.493] [debug] [MultiThreadDetector] queue is full!
[2026-07-22 18:59:25.505] [debug] [MultiThreadDetector] queue is full!
[2026-07-22 18:59:25.521] [debug] [MultiThreadDetector] queue is full!
[2026-07-22 18:59:25.543] [debug] [MultiThreadDetector] queue is full!
[2026-07-22 18:59:25.561] [debug] [MultiThreadDetector] queue is full!
[2026-07-22 18:59:25.586] [debug] [MultiThreadDetector] queue is full!
[2026-07-22 18:59:25.601] [debug] [MultiThreadDetector] queue is full!
[2026-07-22 18:59:25.625] [debug] [MultiThreadDetector] queue is full!
[2026-07-22 18:59:25.641] [debug] [MultiThreadDetector] queue is full!
[2026-07-22 18:59:25.667] [debug] [MultiThreadDetector] queue is full!
[2026-07-22 18:59:25.683] [debug] [MultiThreadDetector] queue is full!
[2026-07-22 18:59:25.709] [debug] [MultiThreadDetector] queue is full!
[2026-07-22 18:59:25.724] [debug] [MultiThreadDetector] queue is full!
[2026-07-22 18:59:25.751] [debug] [MultiThreadDetector] queue is full!
[2026-07-22 18:59:25.767] [debug] [MultiThreadDetector] queue is full!
[2026-07-22 18:59:25.792] [debug] [MultiThreadDetector] queue is full!
[2026-07-22 18:59:25.812] [debug] [MultiThreadDetector] queue is full!
[2026-07-22 18:59:25.830] [debug] [MultiThreadDetector] queue is full!
[2026-07-22 18:59:25.847] [debug] [MultiThreadDetector] queue is full!
[2026-07-22 18:59:25.864] [debug] [MultiThreadDetector] queue is full!
[2026-07-22 18:59:25.876] [debug] [MultiThreadDetector] queue is full!
[2026-07-22 18:59:25.889] [debug] [MultiThreadDetector] queue is full!
[2026-07-22 18:59:25.918] [debug] [MultiThreadDetector] queue is full!
[2026-07-22 18:59:25.935] [debug] [MultiThreadDetector] queue is full!
[2026-07-22 18:59:25.959] [debug] [MultiThreadDetector] queue is full!
[2026-07-22 18:59:25.975] [debug] [MultiThreadDetector] queue is full!
[2026-07-22 18:59:26.002] [debug] [MultiThreadDetector] queue is full!
[2026-07-22 18:59:26.019] [debug] [MultiThreadDetector] queue is full!
[2026-07-22 18:59:26.045] [debug] [MultiThreadDetector] queue is full!
[2026-07-22 18:59:26.062] [debug] [MultiThreadDetector] queue is full!
[2026-07-22 18:59:26.088] [debug] [MultiThreadDetector] queue is full!
[2026-07-22 18:59:26.104] [debug] [MultiThreadDetector] queue is full!
[2026-07-22 18:59:26.131] [debug] [MultiThreadDetector] queue is full!
[2026-07-22 18:59:26.147] [debug] [MultiThreadDetector] queue is full!
[2026-07-22 18:59:26.173] [debug] [MultiThreadDetector] queue is full!
[2026-07-22 18:59:26.189] [debug] [MultiThreadDetector] queue is full!
[2026-07-22 18:59:26.216] [debug] [MultiThreadDetector] queue is full!
[2026-07-22 18:59:26.232] [debug] [MultiThreadDetector] queue is full!
[2026-07-22 18:59:26.262] [debug] [MultiThreadDetector] queue is full!
[2026-07-22 18:59:26.278] [debug] [MultiThreadDetector] queue is full!
[2026-07-22 18:59:26.301] [debug] [MultiThreadDetector] queue is full!
[2026-07-22 18:59:26.313] [debug] [MultiThreadDetector] queue is full!
[2026-07-22 18:59:26.341] [debug] [MultiThreadDetector] queue is full!
[2026-07-22 18:59:26.356] [debug] [MultiThreadDetector] queue is full!
[2026-07-22 18:59:26.380] [debug] [MultiThreadDetector] queue is full!
[2026-07-22 18:59:26.391] [debug] [MultiThreadDetector] queue is full!
[2026-07-22 18:59:26.419] [debug] [MultiThreadDetector] queue is full!
[2026-07-22 18:59:26.432] [debug] [MultiThreadDetector] queue is full!
[2026-07-22 18:59:26.461] [debug] [MultiThreadDetector] queue is full!
[2026-07-22 18:59:26.473] [debug] [MultiThreadDetector] queue is full!
[2026-07-22 18:59:26.501] [debug] [MultiThreadDetector] queue is full!
[2026-07-22 18:59:26.517] [debug] [MultiThreadDetector] queue is full!
[2026-07-22 18:59:26.541] [debug] [MultiThreadDetector] queue is full!
[2026-07-22 18:59:26.551] [debug] [MultiThreadDetector] queue is full!
[2026-07-22 18:59:26.578] [debug] [MultiThreadDetector] queue is full!
[2026-07-22 18:59:26.595] [debug] [MultiThreadDetector] queue is full!
[2026-07-22 18:59:26.621] [debug] [MultiThreadDetector] queue is full!
[2026-07-22 18:59:26.633] [debug] [MultiThreadDetector] queue is full!
[2026-07-22 18:59:26.661] [debug] [MultiThreadDetector] queue is full!
[2026-07-22 18:59:26.676] [debug] [MultiThreadDetector] queue is full!
[2026-07-22 18:59:26.701] [debug] [MultiThreadDetector] queue is full!
[2026-07-22 18:59:26.720] [debug] [MultiThreadDetector] queue is full!
[2026-07-22 18:59:26.745] [debug] [MultiThreadDetector] queue is full!
[2026-07-22 18:59:26.765] [debug] [MultiThreadDetector] queue is full!
[2026-07-22 18:59:26.781] [debug] [MultiThreadDetector] queue is full!
[2026-07-22 18:59:26.798] [debug] [MultiThreadDetector] queue is full!
[2026-07-22 18:59:26.823] [debug] [MultiThreadDetector] queue is full!
[2026-07-22 18:59:26.835] [debug] [MultiThreadDetector] queue is full!
[2026-07-22 18:59:26.860] [debug] [MultiThreadDetector] queue is full!
[2026-07-22 18:59:26.873] [debug] [MultiThreadDetector] queue is full!
[2026-07-22 18:59:26.899] [debug] [MultiThreadDetector] queue is full!
[2026-07-22 18:59:26.910] [debug] [MultiThreadDetector] queue is full!
[2026-07-22 18:59:26.938] [debug] [MultiThreadDetector] queue is full!
[2026-07-22 18:59:26.956] [debug] [MultiThreadDetector] queue is full!
[2026-07-22 18:59:26.967] [debug] [MultiThreadDetector] queue is full!
[2026-07-22 18:59:26.985] [debug] [MultiThreadDetector] queue is full!
[2026-07-22 18:59:26.998] [debug] [MultiThreadDetector] queue is full!
[2026-07-22 18:59:27.016] [debug] [MultiThreadDetector] queue is full!
[2026-07-22 18:59:27.028] [debug] [MultiThreadDetector] queue is full!
[2026-07-22 18:59:27.045] [debug] [MultiThreadDetector] queue is full!
[2026-07-22 18:59:27.069] [debug] [MultiThreadDetector] queue is full!
[2026-07-22 18:59:27.084] [debug] [MultiThreadDetector] queue is full!
[2026-07-22 18:59:27.113] [debug] [MultiThreadDetector] queue is full!
[2026-07-22 18:59:27.129] [debug] [MultiThreadDetector] queue is full!
[2026-07-22 18:59:27.156] [debug] [MultiThreadDetector] queue is full!
[2026-07-22 18:59:27.174] [debug] [MultiThreadDetector] queue is full!
[2026-07-22 18:59:27.186] [debug] [MultiThreadDetector] queue is full!
[2026-07-22 18:59:27.203] [debug] [MultiThreadDetector] queue is full!
[2026-07-22 18:59:27.227] [debug] [MultiThreadDetector] queue is full!
[2026-07-22 18:59:27.242] [debug] [MultiThreadDetector] queue is full!
[2026-07-22 18:59:27.269] [debug] [MultiThreadDetector] queue is full!
[2026-07-22 18:59:27.285] [debug] [MultiThreadDetector] queue is full!
[2026-07-22 18:59:27.309] [debug] [MultiThreadDetector] queue is full!
[2026-07-22 18:59:27.326] [debug] [MultiThreadDetector] queue is full!
[2026-07-22 18:59:27.353] [debug] [MultiThreadDetector] queue is full!
[2026-07-22 18:59:27.368] [debug] [MultiThreadDetector] queue is full!
[2026-07-22 18:59:27.394] [debug] [MultiThreadDetector] queue is full!
[2026-07-22 18:59:27.407] [debug] [MultiThreadDetector] queue is full!
[2026-07-22 18:59:27.433] [debug] [MultiThreadDetector] queue is full!
[2026-07-22 18:59:27.448] [debug] [MultiThreadDetector] queue is full!
[2026-07-22 18:59:27.475] [debug] [MultiThreadDetector] queue is full!
[2026-07-22 18:59:27.492] [debug] [MultiThreadDetector] queue is full!
[2026-07-22 18:59:27.519] [debug] [MultiThreadDetector] queue is full!
[2026-07-22 18:59:27.536] [debug] [MultiThreadDetector] queue is full!
[2026-07-22 18:59:27.564] [debug] [MultiThreadDetector] queue is full!
[2026-07-22 18:59:27.580] [debug] [MultiThreadDetector] queue is full!
[2026-07-22 18:59:27.606] [debug] [MultiThreadDetector] queue is full!
[2026-07-22 18:59:27.621] [debug] [MultiThreadDetector] queue is full!
[2026-07-22 18:59:27.648] [debug] [MultiThreadDetector] queue is full!
[2026-07-22 18:59:27.664] [debug] [MultiThreadDetector] queue is full!
[2026-07-22 18:59:27.688] [debug] [MultiThreadDetector] queue is full!
[2026-07-22 18:59:27.703] [debug] [MultiThreadDetector] queue is full!
[2026-07-22 18:59:27.730] [debug] [MultiThreadDetector] queue is full!
[2026-07-22 18:59:27.744] [debug] [MultiThreadDetector] queue is full!
[2026-07-22 18:59:27.759] [debug] [MultiThreadDetector] queue is full!
[2026-07-22 18:59:27.769] [debug] [MultiThreadDetector] queue is full!
[2026-07-22 18:59:27.786] [debug] [MultiThreadDetector] queue is full!
[2026-07-22 18:59:27.799] [debug] [MultiThreadDetector] queue is full!
[2026-07-22 18:59:27.817] [debug] [MultiThreadDetector] queue is full!
[2026-07-22 18:59:27.841] [debug] [MultiThreadDetector] queue is full!
[2026-07-22 18:59:27.859] [debug] [MultiThreadDetector] queue is full!
[2026-07-22 18:59:27.883] [debug] [MultiThreadDetector] queue is full!
[2026-07-22 18:59:27.898] [debug] [MultiThreadDetector] queue is full!
[2026-07-22 18:59:27.924] [debug] [MultiThreadDetector] queue is full!
[2026-07-22 18:59:27.939] [debug] [MultiThreadDetector] queue is full!
[2026-07-22 18:59:27.966] [debug] [MultiThreadDetector] queue is full!
[2026-07-22 18:59:27.981] [debug] [MultiThreadDetector] queue is full!
[2026-07-22 18:59:28.006] [debug] [MultiThreadDetector] queue is full!
[2026-07-22 18:59:28.019] [debug] [MultiThreadDetector] queue is full!
[2026-07-22 18:59:28.031] [debug] [MultiThreadDetector] queue is full!
[2026-07-22 18:59:28.043] [debug] [MultiThreadDetector] queue is full!
[2026-07-22 18:59:28.061] [debug] [MultiThreadDetector] queue is full!
[2026-07-22 18:59:28.081] [debug] [MultiThreadDetector] queue is full!
[2026-07-22 18:59:28.098] [debug] [MultiThreadDetector] queue is full!
[2026-07-22 18:59:28.111] [debug] [MultiThreadDetector] queue is full!
[2026-07-22 18:59:28.127] [debug] [MultiThreadDetector] queue is full!
[2026-07-22 18:59:28.148] [debug] [MultiThreadDetector] queue is full!
[2026-07-22 18:59:28.162] [debug] [MultiThreadDetector] queue is full!
[2026-07-22 18:59:28.173] [debug] [MultiThreadDetector] queue is full!
[2026-07-22 18:59:28.185] [debug] [MultiThreadDetector] queue is full!
[2026-07-22 18:59:28.203] [debug] [MultiThreadDetector] queue is full!
[2026-07-22 18:59:28.228] [debug] [MultiThreadDetector] queue is full!
[2026-07-22 18:59:28.245] [debug] [MultiThreadDetector] queue is full!
[2026-07-22 18:59:28.269] [debug] [MultiThreadDetector] queue is full!
[2026-07-22 18:59:28.285] [debug] [MultiThreadDetector] queue is full!
[2026-07-22 18:59:28.311] [debug] [MultiThreadDetector] queue is full!
[2026-07-22 18:59:28.325] [debug] [MultiThreadDetector] queue is full!
[2026-07-22 18:59:28.340] [debug] [MultiThreadDetector] queue is full!
[2026-07-22 18:59:28.350] [debug] [MultiThreadDetector] queue is full!
[2026-07-22 18:59:28.367] [debug] [MultiThreadDetector] queue is full!
[2026-07-22 18:59:28.380] [debug] [MultiThreadDetector] queue is full!
[2026-07-22 18:59:28.397] [debug] [MultiThreadDetector] queue is full!
[2026-07-22 18:59:28.418] [debug] [MultiThreadDetector] queue is full!
[2026-07-22 18:59:28.434] [debug] [MultiThreadDetector] queue is full!
[2026-07-22 18:59:28.460] [debug] [MultiThreadDetector] queue is full!
[2026-07-22 18:59:28.475] [debug] [MultiThreadDetector] queue is full!
[2026-07-22 18:59:28.501] [debug] [MultiThreadDetector] queue is full!
[2026-07-22 18:59:28.517] [debug] [MultiThreadDetector] queue is full!
[2026-07-22 18:59:28.542] [debug] [MultiThreadDetector] queue is full!
[2026-07-22 18:59:28.559] [debug] [MultiThreadDetector] queue is full!
[2026-07-22 18:59:28.573] [debug] [MultiThreadDetector] queue is full!
[2026-07-22 18:59:28.584] [debug] [MultiThreadDetector] queue is full!
[2026-07-22 18:59:28.602] [debug] [MultiThreadDetector] queue is full!
[2026-07-22 18:59:28.618] [debug] [MultiThreadDetector] queue is full!
[2026-07-22 18:59:28.638] [debug] [MultiThreadDetector] queue is full!
[2026-07-22 18:59:28.650] [debug] [MultiThreadDetector] queue is full!
[2026-07-22 18:59:28.670] [debug] [MultiThreadDetector] queue is full!
[2026-07-22 18:59:28.693] [debug] [MultiThreadDetector] queue is full!
[2026-07-22 18:59:28.710] [debug] [MultiThreadDetector] queue is full!
[2026-07-22 18:59:28.735] [debug] [MultiThreadDetector] queue is full!
[2026-07-22 18:59:28.751] [debug] [MultiThreadDetector] queue is full!
[2026-07-22 18:59:28.778] [debug] [MultiThreadDetector] queue is full!
[2026-07-22 18:59:28.792] [debug] [MultiThreadDetector] queue is full!
[2026-07-22 18:59:28.821] [debug] [MultiThreadDetector] queue is full!
[2026-07-22 18:59:28.839] [debug] [MultiThreadDetector] queue is full!
[2026-07-22 18:59:28.851] [debug] [MultiThreadDetector] queue is full!
[2026-07-22 18:59:28.867] [debug] [MultiThreadDetector] queue is full!
[2026-07-22 18:59:28.892] [debug] [MultiThreadDetector] queue is full!
[2026-07-22 18:59:28.908] [debug] [MultiThreadDetector] queue is full!
[2026-07-22 18:59:28.932] [debug] [MultiThreadDetector] queue is full!
[2026-07-22 18:59:28.947] [debug] [MultiThreadDetector] queue is full!
[2026-07-22 18:59:28.973] [debug] [MultiThreadDetector] queue is full!
[2026-07-22 18:59:28.992] [debug] [MultiThreadDetector] queue is full!
[2026-07-22 18:59:29.019] [debug] [MultiThreadDetector] queue is full!
[2026-07-22 18:59:29.036] [debug] [MultiThreadDetector] queue is full!
[2026-07-22 18:59:29.064] [debug] [MultiThreadDetector] queue is full!
[2026-07-22 18:59:29.082] [debug] [MultiThreadDetector] queue is full!
[2026-07-22 18:59:29.108] [debug] [MultiThreadDetector] queue is full!
[2026-07-22 18:59:29.123] [debug] [MultiThreadDetector] queue is full!
[2026-07-22 18:59:29.150] [debug] [MultiThreadDetector] queue is full!
[2026-07-22 18:59:29.165] [debug] [MultiThreadDetector] queue is full!
[2026-07-22 18:59:29.192] [debug] [MultiThreadDetector] queue is full!
[2026-07-22 18:59:29.213] [debug] [MultiThreadDetector] queue is full!
[2026-07-22 18:59:29.224] [debug] [MultiThreadDetector] queue is full!
[2026-07-22 18:59:29.242] [debug] [MultiThreadDetector] queue is full!
[2026-07-22 18:59:29.254] [debug] [MultiThreadDetector] queue is full!
[2026-07-22 18:59:29.273] [debug] [MultiThreadDetector] queue is full!
[2026-07-22 18:59:29.283] [debug] [MultiThreadDetector] queue is full!
[2026-07-22 18:59:29.297] [debug] [MultiThreadDetector] queue is full!
[2026-07-22 18:59:29.321] [debug] [MultiThreadDetector] queue is full!
[2026-07-22 18:59:29.335] [debug] [MultiThreadDetector] queue is full!
[2026-07-22 18:59:29.364] [debug] [MultiThreadDetector] queue is full!
[2026-07-22 18:59:29.379] [debug] [MultiThreadDetector] queue is full!
[2026-07-22 18:59:29.406] [debug] [MultiThreadDetector] queue is full!
[2026-07-22 18:59:29.423] [debug] [MultiThreadDetector] queue is full!
[2026-07-22 18:59:29.449] [debug] [MultiThreadDetector] queue is full!
[2026-07-22 18:59:29.466] [debug] [MultiThreadDetector] queue is full!
[2026-07-22 18:59:29.493] [debug] [MultiThreadDetector] queue is full!
[2026-07-22 18:59:29.510] [debug] [MultiThreadDetector] queue is full!
[2026-07-22 18:59:29.536] [debug] [MultiThreadDetector] queue is full!
[2026-07-22 18:59:29.553] [debug] [MultiThreadDetector] queue is full!
[2026-07-22 18:59:29.579] [debug] [MultiThreadDetector] queue is full!
[2026-07-22 18:59:29.596] [debug] [MultiThreadDetector] queue is full!
[2026-07-22 18:59:29.622] [debug] [MultiThreadDetector] queue is full!
[2026-07-22 18:59:29.638] [debug] [MultiThreadDetector] queue is full!
[2026-07-22 18:59:29.665] [debug] [MultiThreadDetector] queue is full!
[2026-07-22 18:59:29.682] [debug] [MultiThreadDetector] queue is full!
[2026-07-22 18:59:29.692] [debug] [MultiThreadDetector] queue is full!
[2026-07-22 18:59:29.710] [debug] [MultiThreadDetector] queue is full!
[2026-07-22 18:59:29.722] [debug] [MultiThreadDetector] queue is full!
[2026-07-22 18:59:29.738] [debug] [MultiThreadDetector] queue is full!
[2026-07-22 18:59:29.763] [debug] [MultiThreadDetector] queue is full!
[2026-07-22 18:59:29.779] [debug] [MultiThreadDetector] queue is full!
[2026-07-22 18:59:29.805] [debug] [MultiThreadDetector] queue is full!
[2026-07-22 18:59:29.822] [debug] [MultiThreadDetector] queue is full!
[2026-07-22 18:59:29.849] [debug] [MultiThreadDetector] queue is full!
[2026-07-22 18:59:29.866] [debug] [MultiThreadDetector] queue is full!
[2026-07-22 18:59:29.891] [debug] [MultiThreadDetector] queue is full!
[2026-07-22 18:59:29.907] [debug] [MultiThreadDetector] queue is full!
[2026-07-22 18:59:29.933] [debug] [MultiThreadDetector] queue is full!
[2026-07-22 18:59:29.948] [debug] [MultiThreadDetector] queue is full!
[2026-07-22 18:59:29.974] [debug] [MultiThreadDetector] queue is full!
[2026-07-22 18:59:29.990] [debug] [MultiThreadDetector] queue is full!
[2026-07-22 18:59:30.015] [debug] [MultiThreadDetector] queue is full!
[2026-07-22 18:59:30.033] [debug] [MultiThreadDetector] queue is full!
[2026-07-22 18:59:30.060] [debug] [MultiThreadDetector] queue is full!
[2026-07-22 18:59:30.078] [debug] [MultiThreadDetector] queue is full!
[2026-07-22 18:59:30.104] [debug] [MultiThreadDetector] queue is full!
[2026-07-22 18:59:30.119] [debug] [MultiThreadDetector] queue is full!
[2026-07-22 18:59:30.145] [debug] [MultiThreadDetector] queue is full!
[2026-07-22 18:59:30.161] [debug] [MultiThreadDetector] queue is full!
[2026-07-22 18:59:30.190] [debug] [MultiThreadDetector] queue is full!
[2026-07-22 18:59:30.202] [debug] [MultiThreadDetector] queue is full!
[2026-07-22 18:59:30.229] [debug] [MultiThreadDetector] queue is full!
[2026-07-22 18:59:30.246] [debug] [MultiThreadDetector] queue is full!
[2026-07-22 18:59:30.275] [debug] [MultiThreadDetector] queue is full!
[2026-07-22 18:59:30.292] [debug] [MultiThreadDetector] queue is full!
[2026-07-22 18:59:30.317] [debug] [MultiThreadDetector] queue is full!
[2026-07-22 18:59:30.333] [debug] [MultiThreadDetector] queue is full!
[2026-07-22 18:59:30.359] [debug] [MultiThreadDetector] queue is full!
[2026-07-22 18:59:30.376] [debug] [MultiThreadDetector] queue is full!
[2026-07-22 18:59:30.402] [debug] [MultiThreadDetector] queue is full!
[2026-07-22 18:59:30.417] [debug] [MultiThreadDetector] queue is full!
[2026-07-22 18:59:30.444] [debug] [MultiThreadDetector] queue is full!
[2026-07-22 18:59:30.460] [debug] [MultiThreadDetector] queue is full!
[2026-07-22 18:59:30.485] [debug] [MultiThreadDetector] queue is full!
[2026-07-22 18:59:30.495] [debug] [MultiThreadDetector] queue is full!
[2026-07-22 18:59:30.524] [debug] [MultiTh