[2026-07-04 14:36:42.549] [info] [0] yolo: 240.6ms, tracker: 0.0ms, aimer: 0.0ms
[2026-07-04 14:36:42.626] [info] [1] yolo: 19.6ms, tracker: 0.6ms, aimer: 0.1ms
[2026-07-04 14:36:42.649] [info] [2] yolo: 17.5ms, tracker: 0.0ms, aimer: 0.0ms
[2026-07-04 14:36:42.701] [info] [3] yolo: 16.4ms, tracker: 0.5ms, aimer: 0.0ms
[2026-07-04 14:36:42.754] [info] [4] yolo: 16.9ms, tracker: 0.6ms, aimer: 0.0ms
[2026-07-04 14:36:42.812] [info] [5] yolo: 18.4ms, tracker: 0.6ms, aimer: 0.0ms
[2026-07-04 14:36:42.867] [info] [6] yolo: 18.3ms, tracker: 0.6ms, aimer: 0.0ms
[2026-07-04 14:36:42.922] [info] [7] yolo: 16.8ms, tracker: 0.6ms, aimer: 0.0ms
[2026-07-04 14:36:42.980] [info] [8] yolo: 18.8ms, tracker: 0.6ms, aimer: 0.0ms
[2026-07-04 14:36:43.033] [info] [9] yolo: 18.0ms, tracker: 0.6ms, aimer: 0.0ms
[2026-07-04 14:36:43.086] [info] [10] yolo: 16.9ms, tracker: 0.6ms, aimer: 0.0ms
[2026-07-04 14:36:43.138] [info] [11] yolo: 17.2ms, tracker: 0.6ms, aimer: 0.0ms
[2026-07-04 14:36:43.195] [info] [12] yolo: 19.7ms, tracker: 0.5ms, aimer: 0.0ms
[2026-07-04 14:36:43.247] [info] [13] yolo: 16.5ms, tracker: 0.6ms, aimer: 0.0ms
[2026-07-04 14:36:43.300] [info] [14] yolo: 17.5ms, tracker: 0.6ms, aimer: 0.0ms
[2026-07-04 14:36:43.354] [info] [15] yolo: 17.0ms, tracker: 0.6ms, aimer: 0.0ms
[2026-07-04 14:36:43.410] [info] [16] yolo: 16.4ms, tracker: 0.6ms, aimer: 0.0ms
[2026-07-04 14:36:43.463] [info] [17] yolo: 17.1ms, tracker: 0.6ms, aimer: 0.0ms
[2026-07-04 14:36:43.519] [info] [18] yolo: 17.4ms, tracker: 0.6ms, aimer: 0.0ms
[2026-07-04 14:36:43.575] [info] [19] yolo: 17.2ms, tracker: 0.6ms, aimer: 0.0ms
[2026-07-04 14:36:43.630] [info] [20] yolo: 17.7ms, tracker: 0.6ms, aimer: 0.0ms
[2026-07-04 14:36:43.684] [info] [21] yolo: 16.6ms, tracker: 0.6ms, aimer: 0.0ms
[2026-07-04 14:36:43.738] [info] [22] yolo: 16.6ms, tracker: 0.6ms, aimer: 0.0ms
[2026-07-04 14:36:43.794] [info] [23] yolo: 20.7ms, tracker: 0.6ms, aimer: 0.0ms
[2026-07-04 14:36:43.847] [info] [24] yolo: 17.2ms, tracker: 0.6ms, aimer: 0.0ms
[2026-07-04 14:36:43.900] [info] [25] yolo: 16.7ms, tracker: 0.6ms, aimer: 0.0ms
[2026-07-04 14:36:43.957] [info] [26] yolo: 19.5ms, tracker: 0.6ms, aimer: 0.0ms
[2026-07-04 14:36:44.012] [info] [27] yolo: 17.6ms, tracker: 0.6ms, aimer: 0.0ms
[2026-07-04 14:36:44.067] [info] [28] yolo: 17.2ms, tracker: 0.6ms, aimer: 0.0ms
[2026-07-04 14:36:44.122] [info] [29] yolo: 15.8ms, tracker: 0.6ms, aimer: 0.0ms
[2026-07-04 14:36:44.176] [debug] [Target] r=0.044, l=0.000
[2026-07-04 14:36:44.176] [debug] [Tracker] Target diverged!
[2026-07-04 14:36:44.176] [info] [30] yolo: 18.9ms, tracker: 0.6ms, aimer: 0.0ms
[2026-07-04 14:36:44.230] [info] [31] yolo: 18.9ms, tracker: 0.5ms, aimer: 0.0ms
[2026-07-04 14:36:44.286] [info] [32] yolo: 17.5ms, tracker: 0.6ms, aimer: 0.0ms
[2026-07-04 14:36:44.337] [info] [33] yolo: 15.5ms, tracker: 0.6ms, aimer: 0.0ms
[2026-07-04 14:36:44.389] [info] [34] yolo: 16.2ms, tracker: 0.6ms, aimer: 0.0ms
[2026-07-04 14:36:44.444] [info] [35] yolo: 18.8ms, tracker: 0.6ms, aimer: 0.0ms
[2026-07-04 14:36:44.498] [info] [36] yolo: 18.0ms, tracker: 0.6ms, aimer: 0.0ms
[2026-07-04 14:36:44.551] [info] [37] yolo: 17.7ms, tracker: 0.6ms, aimer: 0.0ms
[2026-07-04 14:36:44.609] [info] [38] yolo: 19.4ms, tracker: 0.6ms, aimer: 0.0ms
[2026-07-04 14:36:44.663] [info] [39] yolo: 17.5ms, tracker: 0.6ms, aimer: 0.0ms
[2026-07-04 14:36:44.720] [info] [40] yolo: 17.9ms, tracker: 0.6ms, aimer: 0.0ms
[2026-07-04 14:36:44.773] [info] [41] yolo: 16.1ms, tracker: 0.6ms, aimer: 0.0ms
[2026-07-04 14:36:44.827] [info] [42] yolo: 18.6ms, tracker: 0.0ms, aimer: 0.0ms
[2026-07-04 14:36:44.880] [info] [43] yolo: 16.4ms, tracker: 0.6ms, aimer: 0.0ms
[2026-07-04 14:36:44.933] [info] [44] yolo: 18.0ms, tracker: 0.6ms, aimer: 0.0ms
[2026-07-04 14:36:44.988] [info] [45] yolo: 18.3ms, tracker: 0.6ms, aimer: 0.0ms
[2026-07-04 14:36:45.045] [info] [46] yolo: 22.5ms, tracker: 0.7ms, aimer: 0.0ms
[2026-07-04 14:36:45.098] [info] [47] yolo: 16.8ms, tracker: 0.6ms, aimer: 0.0ms
[2026-07-04 14:36:45.152] [info] [48] yolo: 19.8ms, tracker: 0.6ms, aimer: 0.0ms
[2026-07-04 14:36:45.206] [info] [49] yolo: 17.3ms, tracker: 0.6ms, aimer: 0.0ms
[2026-07-04 14:36:45.262] [info] [50] yolo: 16.8ms, tracker: 0.6ms, aimer: 0.0ms
[2026-07-04 14:36:45.313] [info] [51] yolo: 16.3ms, tracker: 0.0ms, aimer: 0.0ms
[2026-07-04 14:36:45.367] [info] [52] yolo: 18.1ms, tracker: 0.6ms, aimer: 0.0ms
[2026-07-04 14:36:45.421] [info] [53] yolo: 17.1ms, tracker: 0.0ms, aimer: 0.0ms
[2026-07-04 14:36:45.474] [info] [54] yolo: 17.0ms, tracker: 0.0ms, aimer: 0.0ms
[2026-07-04 14:36:45.526] [info] [55] yolo: 18.0ms, tracker: 0.0ms, aimer: 0.0ms
[2026-07-04 14:36:45.579] [info] [56] yolo: 18.4ms, tracker: 0.0ms, aimer: 0.0ms
[2026-07-04 14:36:45.630] [info] [57] yolo: 16.0ms, tracker: 0.0ms, aimer: 0.0ms
[2026-07-04 14:36:45.682] [info] [58] yolo: 18.3ms, tracker: 0.0ms, aimer: 0.0ms
[2026-07-04 14:36:45.735] [info] [59] yolo: 17.3ms, tracker: 0.0ms, aimer: 0.0ms
[2026-07-04 14:36:45.789] [info] [60] yolo: 18.0ms, tracker: 0.6ms, aimer: 0.0ms
[2026-07-04 14:36:45.843] [info] [61] yolo: 18.5ms, tracker: 0.0ms, aimer: 0.0ms
[2026-07-04 14:36:45.896] [debug] [Target] r=0.042, l=0.000
[2026-07-04 14:36:45.896] [debug] [Tracker] Target diverged!
[2026-07-04 14:36:45.896] [info] [62] yolo: 16.3ms, tracker: 0.6ms, aimer: 0.0ms
[2026-07-04 14:36:45.948] [info] [63] yolo: 17.0ms, tracker: 0.5ms, aimer: 0.0ms
[2026-07-04 14:36:45.999] [info] [64] yolo: 16.4ms, tracker: 0.6ms, aimer: 0.0ms
[2026-07-04 14:36:46.052] [info] [65] yolo: 15.6ms, tracker: 0.0ms, aimer: 0.0ms
[2026-07-04 14:36:46.108] [info] [66] yolo: 19.2ms, tracker: 0.6ms, aimer: 0.1ms
[2026-07-04 14:36:46.164] [info] [67] yolo: 18.6ms, tracker: 0.0ms, aimer: 0.0ms
[2026-07-04 14:36:46.226] [info] [68] yolo: 21.8ms, tracker: 0.5ms, aimer: 0.0ms
[2026-07-04 14:36:46.280] [info] [69] yolo: 17.1ms, tracker: 0.0ms, aimer: 0.0ms
[2026-07-04 14:36:46.332] [info] [70] yolo: 17.6ms, tracker: 0.0ms, aimer: 0.0ms
[2026-07-04 14:36:46.384] [info] [71] yolo: 16.4ms, tracker: 0.5ms, aimer: 0.0ms
[2026-07-04 14:36:46.435] [info] [72] yolo: 16.4ms, tracker: 0.0ms, aimer: 0.0ms
[2026-07-04 14:36:46.491] [info] [73] yolo: 19.8ms, tracker: 0.5ms, aimer: 0.0ms
[2026-07-04 14:36:46.545] [info] [74] yolo: 17.6ms, tracker: 0.6ms, aimer: 0.0ms
[2026-07-04 14:36:46.601] [info] [75] yolo: 17.5ms, tracker: 0.6ms, aimer: 0.0ms
[2026-07-04 14:36:46.658] [info] [76] yolo: 20.1ms, tracker: 0.6ms, aimer: 0.0ms
[2026-07-04 14:36:46.711] [info] [77] yolo: 16.9ms, tracker: 0.6ms, aimer: 0.0ms
[2026-07-04 14:36:46.771] [info] [78] yolo: 17.9ms, tracker: 0.6ms, aimer: 0.0ms
[2026-07-04 14:36:46.829] [info] [79] yolo: 18.9ms, tracker: 0.6ms, aimer: 0.0ms
[2026-07-04 14:36:46.883] [info] [80] yolo: 17.1ms, tracker: 0.6ms, aimer: 0.0ms
[2026-07-04 14:36:46.936] [info] [81] yolo: 17.1ms, tracker: 0.0ms, aimer: 0.0ms
[2026-07-04 14:36:46.989] [info] [82] yolo: 16.3ms, tracker: 0.0ms, aimer: 0.0ms
[2026-07-04 14:36:47.040] [info] [83] yolo: 15.9ms, tracker: 0.0ms, aimer: 0.0ms
[2026-07-04 14:36:47.094] [info] [84] yolo: 17.0ms, tracker: 0.0ms, aimer: 0.0ms
[2026-07-04 14:36:47.145] [info] [85] yolo: 16.5ms, tracker: 0.0ms, aimer: 0.0ms
[2026-07-04 14:36:47.200] [info] [86] yolo: 18.7ms, tracker: 0.0ms, aimer: 0.0ms
[2026-07-04 14:36:47.256] [info] [87] yolo: 18.7ms, tracker: 0.0ms, aimer: 0.0ms
[2026-07-04 14:36:47.309] [info] [88] yolo: 16.2ms, tracker: 0.1ms, aimer: 0.0ms
[2026-07-04 14:36:47.361] [info] [89] yolo: 16.5ms, tracker: 0.0ms, aimer: 0.1ms
[2026-07-04 14:36:47.413] [info] [90] yolo: 16.8ms, tracker: 0.0ms, aimer: 0.0ms
[2026-07-04 14:36:47.467] [info] [91] yolo: 17.8ms, tracker: 0.0ms, aimer: 0.0ms
[2026-07-04 14:36:47.523] [info] [92] yolo: 18.6ms, tracker: 0.0ms, aimer: 0.0ms
[2026-07-04 14:36:47.579] [info] [93] yolo: 17.6ms, tracker: 0.0ms, aimer: 0.0ms
[2026-07-04 14:36:48.214] [info] [94] yolo: 16.3ms, tracker: 0.6ms, aimer: 0.0ms
[2026-07-04 14:36:48.275] [info] [95] yolo: 21.9ms, tracker: 0.0ms, aimer: 0.0ms
[2026-07-04 14:36:48.330] [debug] [Target] r=0.325, l=-0.275
[2026-07-04 14:36:48.330] [debug] [Tracker] Target diverged!
[2026-07-04 14:36:48.330] [info] [96] yolo: 19.1ms, tracker: 0.6ms, aimer: 0.0ms
[2026-07-04 14:36:48.383] [info] [97] yolo: 17.6ms, tracker: 0.5ms, aimer: 0.0ms
[2026-07-04 14:36:48.438] [info] [98] yolo: 18.8ms, tracker: 0.6ms, aimer: 0.0ms
[2026-07-04 14:36:48.492] [info] [99] yolo: 17.2ms, tracker: 0.0ms, aimer: 0.0ms
[2026-07-04 14:36:48.545] [info] [100] yolo: 18.9ms, tracker: 0.0ms, aimer: 0.0ms
[2026-07-04 14:36:48.598] [info] [101] yolo: 17.1ms, tracker: 0.0ms, aimer: 0.0ms
[2026-07-04 14:36:48.652] [info] [102] yolo: 18.4ms, tracker: 0.5ms, aimer: 0.0ms
[2026-07-04 14:36:48.709] [info] [103] yolo: 19.4ms, tracker: 0.0ms, aimer: 0.0ms
[2026-07-04 14:36:48.764] [info] [104] yolo: 18.0ms, tracker: 0.5ms, aimer: 0.0ms
[2026-07-04 14:36:48.821] [info] [105] yolo: 19.2ms, tracker: 0.0ms, aimer: 0.0ms
[2026-07-04 14:36:48.877] [info] [106] yolo: 19.0ms, tracker: 0.5ms, aimer: 0.0ms
[2026-07-04 14:36:48.931] [info] [107] yolo: 17.2ms, tracker: 0.6ms, aimer: 0.0ms
[2026-07-04 14:36:48.986] [info] [108] yolo: 18.2ms, tracker: 0.0ms, aimer: 0.0ms
[2026-07-04 14:36:49.038] [info] [109] yolo: 17.3ms, tracker: 0.5ms, aimer: 0.0ms
[2026-07-04 14:36:49.094] [info] [110] yolo: 18.9ms, tracker: 0.6ms, aimer: 0.0ms
[2026-07-04 14:36:49.147] [info] [111] yolo: 15.6ms, tracker: 0.6ms, aimer: 0.0ms
[2026-07-04 14:36:49.199] [info] [112] yolo: 16.0ms, tracker: 0.0ms, aimer: 0.0ms
[2026-07-04 14:36:49.251] [info] [113] yolo: 15.9ms, tracker: 0.0ms, aimer: 0.0ms
[2026-07-04 14:36:49.307] [info] [114] yolo: 17.3ms, tracker: 0.5ms, aimer: 0.0ms
[2026-07-04 14:36:49.362] [info] [115] yolo: 16.7ms, tracker: 0.6ms, aimer: 0.0ms
[2026-07-04 14:36:49.420] [info] [116] yolo: 19.4ms, tracker: 0.0ms, aimer: 0.0ms
[2026-07-04 14:36:49.474] [info] [117] yolo: 17.1ms, tracker: 0.5ms, aimer: 0.0ms
[2026-07-04 14:36:49.528] [info] [118] yolo: 18.8ms, tracker: 0.5ms, aimer: 0.0ms
[2026-07-04 14:36:49.579] [info] [119] yolo: 16.7ms, tracker: 0.6ms, aimer: 0.0ms
[2026-07-04 14:36:49.633] [info] [120] yolo: 18.5ms, tracker: 0.0ms, aimer: 0.0ms
[2026-07-04 14:36:49.688] [info] [121] yolo: 18.1ms, tracker: 0.6ms, aimer: 0.0ms
[2026-07-04 14:36:49.740] [info] [122] yolo: 17.4ms, tracker: 0.0ms, aimer: 0.0ms
[2026-07-04 14:36:49.791] [info] [123] yolo: 16.6ms, tracker: 0.5ms, aimer: 0.0ms
[2026-07-04 14:36:49.845] [info] [124] yolo: 17.9ms, tracker: 0.6ms, aimer: 0.0ms
[2026-07-04 14:36:49.897] [info] [125] yolo: 16.3ms, tracker: 0.0ms, aimer: 0.0ms
[2026-07-04 14:36:49.952] [info] [126] yolo: 18.5ms, tracker: 0.5ms, aimer: 0.0ms
[2026-07-04 14:36:50.005] [info] [127] yolo: 16.1ms, tracker: 0.0ms, aimer: 0.0ms
[2026-07-04 14:36:50.057] [info] [128] yolo: 16.1ms, tracker: 0.5ms, aimer: 0.0ms
[2026-07-04 14:36:50.112] [info] [129] yolo: 18.1ms, tracker: 0.5ms, aimer: 0.0ms
[2026-07-04 14:36:50.166] [info] [130] yolo: 16.1ms, tracker: 0.6ms, aimer: 0.0ms
[2026-07-04 14:36:50.217] [info] [131] yolo: 15.8ms, tracker: 0.6ms, aimer: 0.0ms
[2026-07-04 14:36:50.273] [info] [132] yolo: 19.6ms, tracker: 0.0ms, aimer: 0.0ms
[2026-07-04 14:36:50.327] [info] [133] yolo: 17.3ms, tracker: 0.5ms, aimer: 0.0ms
[2026-07-04 14:36:50.381] [info] [134] yolo: 17.2ms, tracker: 0.6ms, aimer: 0.0ms
[2026-07-04 14:36:50.434] [info] [135] yolo: 16.0ms, tracker: 0.6ms, aimer: 0.0ms
[2026-07-04 14:36:50.489] [info] [136] yolo: 20.2ms, tracker: 0.0ms, aimer: 0.0ms
[2026-07-04 14:36:50.544] [info] [137] yolo: 18.0ms, tracker: 0.5ms, aimer: 0.0ms
[2026-07-04 14:36:50.598] [info] [138] yolo: 18.4ms, tracker: 0.6ms, aimer: 0.0ms
[2026-07-04 14:36:50.650] [warning] [Tracker] Large dt: 0.167s
[2026-07-04 14:36:50.650] [info] [139] yolo: 16.9ms, tracker: 0.6ms, aimer: 0.0ms
[2026-07-04 14:36:50.701] [info] [140] yolo: 16.4ms, tracker: 0.0ms, aimer: 0.0ms
[2026-07-04 14:36:50.754] [info] [141] yolo: 16.9ms, tracker: 0.5ms, aimer: 0.0ms
[2026-07-04 14:36:50.805] [info] [142] yolo: 16.3ms, tracker: 0.0ms, aimer: 0.0ms
[2026-07-04 14:36:50.859] [info] [143] yolo: 18.4ms, tracker: 0.5ms, aimer: 0.0ms
[2026-07-04 14:36:50.917] [info] [144] yolo: 19.8ms, tracker: 0.6ms, aimer: 0.0ms
[2026-07-04 14:36:50.971] [info] [145] yolo: 17.9ms, tracker: 0.6ms, aimer: 0.0ms
[2026-07-04 14:36:51.027] [info] [146] yolo: 18.1ms, tracker: 0.6ms, aimer: 0.0ms
[2026-07-04 14:36:51.084] [info] [147] yolo: 20.9ms, tracker: 0.6ms, aimer: 0.0ms
[2026-07-04 14:36:51.138] [debug] [Target] r=0.067, l=-0.132
[2026-07-04 14:36:51.138] [debug] [Tracker] Target diverged!
[2026-07-04 14:36:51.138] [info] [148] yolo: 18.0ms, tracker: 0.6ms, aimer: 0.0ms
[2026-07-04 14:36:51.191] [info] [149] yolo: 16.5ms, tracker: 0.5ms, aimer: 0.0ms
[2026-07-04 14:36:51.243] [debug] [Target] r=0.119, l=-0.081
[2026-07-04 14:36:51.243] [debug] [Tracker] Target diverged!
[2026-07-04 14:36:51.243] [info] [150] yolo: 16.3ms, tracker: 0.6ms, aimer: 0.0ms
[2026-07-04 14:36:51.295] [info] [151] yolo: 16.4ms, tracker: 0.5ms, aimer: 0.0ms
[2026-07-04 14:36:51.349] [info] [152] yolo: 18.2ms, tracker: 0.6ms, aimer: 0.0ms
[2026-07-04 14:36:51.401] [warning] [Tracker] Large dt: 26.099s
[2026-07-04 14:36:51.402] [info] [153] yolo: 17.5ms, tracker: 0.6ms, aimer: 0.1ms
[2026-07-04 14:36:51.454] [info] [154] yolo: 17.0ms, tracker: 0.6ms, aimer: 0.0ms
[2026-07-04 14:36:51.512] [info] [155] yolo: 19.6ms, tracker: 0.0ms, aimer: 0.0ms
[2026-07-04 14:36:51.567] [info] [156] yolo: 17.8ms, tracker: 0.5ms, aimer: 0.0ms
[2026-07-04 14:36:51.625] [info] [157] yolo: 19.8ms, tracker: 0.6ms, aimer: 0.0ms
[2026-07-04 14:36:51.680] [info] [158] yolo: 19.2ms, tracker: 0.6ms, aimer: 0.0ms
[2026-07-04 14:36:51.733] [info] [159] yolo: 18.3ms, tracker: 0.0ms, aimer: 0.0ms
[2026-07-04 14:36:51.785] [info] [160] yolo: 17.2ms, tracker: 0.0ms, aimer: 0.0ms
[2026-07-04 14:36:51.840] [info] [161] yolo: 18.6ms, tracker: 0.5ms, aimer: 0.0ms
[2026-07-04 14:36:51.896] [info] [162] yolo: 19.3ms, tracker: 0.5ms, aimer: 0.0ms
[2026-07-04 14:36:51.950] [info] [163] yolo: 17.3ms, tracker: 0.6ms, aimer: 0.0ms
[2026-07-04 14:36:52.004] [info] [164] yolo: 18.5ms, tracker: 0.6ms, aimer: 0.0ms
[2026-07-04 14:36:52.060] [info] [165] yolo: 18.9ms, tracker: 0.6ms, aimer: 0.0ms
[2026-07-04 14:36:52.114] [info] [166] yolo: 17.7ms, tracker: 0.6ms, aimer: 0.0ms
[2026-07-04 14:36:52.171] [info] [167] yolo: 18.3ms, tracker: 0.6ms, aimer: 0.0ms
[2026-07-04 14:36:52.228] [info] [168] yolo: 18.2ms, tracker: 0.6ms, aimer: 0.0ms
[2026-07-04 14:36:52.286] [info] [169] yolo: 19.3ms, tracker: 0.6ms, aimer: 0.0ms
[2026-07-04 14:36:52.338] [info] [170] yolo: 16.6ms, tracker: 0.6ms, aimer: 0.0ms
[2026-07-04 14:36:52.390] [info] [171] yolo: 18.1ms, tracker: 0.0ms, aimer: 0.0ms
[2026-07-04 14:36:52.445] [info] [172] yolo: 18.2ms, tracker: 0.6ms, aimer: 0.0ms
[2026-07-04 14:36:52.499] [info] [173] yolo: 16.8ms, tracker: 0.6ms, aimer: 0.0ms
[2026-07-04 14:36:52.569] [info] [174] yolo: 33.4ms, tracker: 0.0ms, aimer: 0.1ms
[2026-07-04 14:36:52.644] [info] [175] yolo: 36.9ms, tracker: 0.7ms, aimer: 0.0ms
[2026-07-04 14:36:52.722] [info] [176] yolo: 37.9ms, tracker: 0.7ms, aimer: 0.0ms
[2026-07-04 14:36:52.798] [info] [177] yolo: 35.9ms, tracker: 0.7ms, aimer: 0.1ms
[2026-07-04 14:36:52.851] [info] [178] yolo: 16.0ms, tracker: 0.6ms, aimer: 0.0ms
[2026-07-04 14:36:52.908] [info] [179] yolo: 19.0ms, tracker: 0.6ms, aimer: 0.0ms
[2026-07-04 14:36:52.962] [info] [180] yolo: 16.4ms, tracker: 0.6ms, aimer: 0.0ms
[2026-07-04 14:36:53.031] [info] [181] yolo: 27.7ms, tracker: 0.0ms, aimer: 0.0ms
[2026-07-04 14:36:53.097] [info] [182] yolo: 27.4ms, tracker: 0.6ms, aimer: 0.0ms
[2026-07-04 14:36:53.149] [info] [183] yolo: 16.1ms, tracker: 0.6ms, aimer: 0.0ms
[2026-07-04 14:36:53.203] [info] [184] yolo: 17.0ms, tracker: 0.6ms, aimer: 0.0ms
[2026-07-04 14:36:53.261] [info] [185] yolo: 19.5ms, tracker: 0.6ms, aimer: 0.0ms
[2026-07-04 14:36:53.314] [info] [186] yolo: 17.3ms, tracker: 0.6ms, aimer: 0.0ms
[2026-07-04 14:36:53.370] [info] [187] yolo: 17.0ms, tracker: 0.6ms, aimer: 0.0ms
[2026-07-04 14:36:53.427] [info] [188] yolo: 18.5ms, tracker: 0.6ms, aimer: 0.0ms
[2026-07-04 14:36:53.484] [info] [189] yolo: 20.5ms, tracker: 0.6ms, aimer: 0.0ms
[2026-07-04 14:36:53.538] [info] [190] yolo: 19.6ms, tracker: 0.6ms, aimer: 0.0ms
[2026-07-04 14:36:53.592] [info] [191] yolo: 16.9ms, tracker: 0.6ms, aimer: 0.0ms
[2026-07-04 14:36:53.655] [info] [192] yolo: 27.2ms, tracker: 0.7ms, aimer: 0.0ms
[2026-07-04 14:36:53.723] [info] [193] yolo: 24.5ms, tracker: 0.7ms, aimer: 0.0ms
[2026-07-04 14:36:53.801] [info] [194] yolo: 37.3ms, tracker: 0.6ms, aimer: 0.0ms
[2026-07-04 14:36:53.866] [info] [195] yolo: 27.4ms, tracker: 0.6ms, aimer: 0.0ms
[2026-07-04 14:36:53.941] [info] [196] yolo: 32.5ms, tracker: 0.6ms, aimer: 0.0ms
[2026-07-04 14:36:53.996] [info] [197] yolo: 18.6ms, tracker: 0.6ms, aimer: 0.0ms
[2026-07-04 14:36:54.049] [info] [198] yolo: 17.2ms, tracker: 0.6ms, aimer: 0.0ms
[2026-07-04 14:36:54.119] [info] [199] yolo: 29.5ms, tracker: 0.6ms, aimer: 0.1ms
[2026-07-04 14:36:54.188] [info] [200] yolo: 29.4ms, tracker: 0.7ms, aimer: 0.0ms
[2026-07-04 14:36:54.242] [info] [201] yolo: 17.3ms, tracker: 0.6ms, aimer: 0.0ms
[2026-07-04 14:36:54.293] [info] [202] yolo: 16.3ms, tracker: 0.6ms, aimer: 0.0ms
[2026-07-04 14:36:54.347] [info] [203] yolo: 17.7ms, tracker: 0.6ms, aimer: 0.0ms
[2026-07-04 14:36:54.402] [info] [204] yolo: 18.4ms, tracker: 0.6ms, aimer: 0.0ms
[2026-07-04 14:36:54.456] [info] [205] yolo: 18.1ms, tracker: 0.6ms, aimer: 0.0ms
[2026-07-04 14:36:54.512] [info] [206] yolo: 18.7ms, tracker: 0.6ms, aimer: 0.0ms
[2026-07-04 14:36:54.566] [info] [207] yolo: 16.7ms, tracker: 0.6ms, aimer: 0.0ms
[2026-07-04 14:36:54.617] [info] [208] yolo: 16.4ms, tracker: 0.0ms, aimer: 0.0ms
[2026-07-04 14:36:54.670] [info] [209] yolo: 16.3ms, tracker: 0.6ms, aimer: 0.0ms
[2026-07-04 14:36:54.723] [info] [210] yolo: 18.0ms, tracker: 0.6ms, aimer: 0.0ms
[2026-07-04 14:36:54.778] [info] [211] yolo: 16.8ms, tracker: 0.6ms, aimer: 0.0ms
[2026-07-04 14:36:54.830] [info] [212] yolo: 16.8ms, tracker: 0.6ms, aimer: 0.0ms
[2026-07-04 14:36:54.884] [info] [213] yolo: 16.4ms, tracker: 0.6ms, aimer: 0.0ms
[2026-07-04 14:36:54.939] [info] [214] yolo: 19.3ms, tracker: 0.0ms, aimer: 0.0ms
[2026-07-04 14:36:54.993] [info] [215] yolo: 18.5ms, tracker: 0.0ms, aimer: 0.0ms
[2026-07-04 14:36:55.047] [info] [216] yolo: 17.1ms, tracker: 0.6ms, aimer: 0.0ms
[2026-07-04 14:36:55.099] [info] [217] yolo: 16.4ms, tracker: 0.0ms, aimer: 0.0ms
[2026-07-04 14:36:55.153] [info] [218] yolo: 15.9ms, tracker: 0.0ms, aimer: 0.0ms
[2026-07-04 14:36:55.208] [info] [219] yolo: 18.4ms, tracker: 0.0ms, aimer: 0.0ms
[2026-07-04 14:36:55.262] [info] [220] yolo: 17.1ms, tracker: 0.0ms, aimer: 0.0ms
[2026-07-04 14:36:55.317] [info] [221] yolo: 15.6ms, tracker: 0.0ms, aimer: 0.0ms
[2026-07-04 14:36:55.369] [info] [222] yolo: 16.9ms, tracker: 0.0ms, aimer: 0.0ms
[2026-07-04 14:36:55.420] [info] [223] yolo: 14.6ms, tracker: 0.0ms, aimer: 0.0ms
[2026-07-04 14:36:55.478] [info] [224] yolo: 20.4ms, tracker: 0.5ms, aimer: 0.0ms
[2026-07-04 14:36:55.530] [info] [225] yolo: 16.5ms, tracker: 0.6ms, aimer: 0.0ms
[2026-07-04 14:36:55.583] [info] [226] yolo: 18.1ms, tracker: 0.6ms, aimer: 0.0ms
[2026-07-04 14:36:55.636] [info] [227] yolo: 16.8ms, tracker: 0.6ms, aimer: 0.0ms
[2026-07-04 14:36:55.694] [info] [228] yolo: 22.5ms, tracker: 0.6ms, aimer: 0.0ms
[2026-07-04 14:36:55.745] [info] [229] yolo: 16.7ms, tracker: 0.6ms, aimer: 0.0ms
[2026-07-04 14:36:55.800] [info] [230] yolo: 17.9ms, tracker: 0.6ms, aimer: 0.0ms
[2026-07-04 14:36:55.852] [info] [231] yolo: 15.4ms, tracker: 0.0ms, aimer: 0.0ms
[2026-07-04 14:36:55.906] [info] [232] yolo: 17.0ms, tracker: 0.0ms, aimer: 0.0ms
[2026-07-04 14:36:55.960] [info] [233] yolo: 18.8ms, tracker: 0.6ms, aimer: 0.0ms
[2026-07-04 14:36:56.020] [info] [234] yolo: 22.5ms, tracker: 0.6ms, aimer: 0.0ms
[2026-07-04 14:36:56.075] [info] [235] yolo: 17.1ms, tracker: 0.0ms, aimer: 0.0ms
[2026-07-04 14:36:56.134] [info] [236] yolo: 23.4ms, tracker: 0.5ms, aimer: 0.0ms
[2026-07-04 14:36:56.192] [info] [237] yolo: 20.8ms, tracker: 0.6ms, aimer: 0.0ms
[2026-07-04 14:36:56.243] [info] [238] yolo: 16.5ms, tracker: 0.6ms, aimer: 0.0ms
[2026-07-04 14:36:56.296] [info] [239] yolo: 17.0ms, tracker: 0.6ms, aimer: 0.0ms
[2026-07-04 14:36:56.349] [info] [240] yolo: 18.1ms, tracker: 0.5ms, aimer: 0.0ms
[2026-07-04 14:36:56.404] [info] [241] yolo: 18.2ms, tracker: 0.6ms, aimer: 0.0ms
[2026-07-04 14:36:56.456] [info] [242] yolo: 15.2ms, tracker: 0.0ms, aimer: 0.0ms
[2026-07-04 14:36:56.512] [info] [243] yolo: 19.2ms, tracker: 0.0ms, aimer: 0.0ms
[2026-07-04 14:36:56.568] [info] [244] yolo: 18.2ms, tracker: 0.6ms, aimer: 0.0ms
[2026-07-04 14:36:56.622] [info] [245] yolo: 16.6ms, tracker: 0.6ms, aimer: 0.0ms
[2026-07-04 14:36:56.675] [info] [246] yolo: 17.1ms, tracker: 0.6ms, aimer: 0.0ms
[2026-07-04 14:36:56.730] [info] [247] yolo: 18.3ms, tracker: 0.0ms, aimer: 0.0ms
[2026-07-04 14:36:56.781] [info] [248] yolo: 16.3ms, tracker: 0.6ms, aimer: 0.0ms
[2026-07-04 14:36:56.835] [info] [249] yolo: 17.5ms, tracker: 0.6ms, aimer: 0.0ms
[2026-07-04 14:36:56.888] [info] [250] yolo: 16.1ms, tracker: 0.6ms, aimer: 0.0ms
[2026-07-04 14:36:56.946] [info] [251] yolo: 20.2ms, tracker: 0.0ms, aimer: 0.0ms
[2026-07-04 14:36:56.998] [info] [252] yolo: 17.1ms, tracker: 0.6ms, aimer: 0.0ms
[2026-07-04 14:36:57.053] [info] [253] yolo: 17.9ms, tracker: 0.0ms, aimer: 0.0ms
[2026-07-04 14:36:57.108] [info] [254] yolo: 18.3ms, tracker: 0.6ms, aimer: 0.0ms
[2026-07-04 14:36:57.161] [info] [255] yolo: 15.0ms, tracker: 0.6ms, aimer: 0.0ms
[2026-07-04 14:36:57.214] [info] [256] yolo: 16.7ms, tracker: 0.6ms, aimer: 0.0ms
[2026-07-04 14:36:57.270] [info] [257] yolo: 16.6ms, tracker: 0.6ms, aimer: 0.0ms
[2026-07-04 14:36:57.327] [info] [258] yolo: 22.9ms, tracker: 0.0ms, aimer: 0.0ms
[2026-07-04 14:36:57.380] [info] [259] yolo: 16.5ms, tracker: 0.0ms, aimer: 0.0ms
[2026-07-04 14:36:57.433] [info] [260] yolo: 17.9ms, tracker: 0.6ms, aimer: 0.0ms
[2026-07-04 14:36:57.487] [info] [261] yolo: 18.0ms, tracker: 0.6ms, aimer: 0.0ms
[2026-07-04 14:36:57.542] [info] [262] yolo: 18.6ms, tracker: 0.6ms, aimer: 0.0ms
[2026-07-04 14:36:57.595] [info] [263] yolo: 17.7ms, tracker: 0.6ms, aimer: 0.0ms
[2026-07-04 14:36:57.650] [info] [264] yolo: 18.5ms, tracker: 0.6ms, aimer: 0.0ms
[2026-07-04 14:36:57.702] [info] [265] yolo: 16.8ms, tracker: 0.0ms, aimer: 0.0ms
[2026-07-04 14:36:57.755] [info] [266] yolo: 18.1ms, tracker: 0.5ms, aimer: 0.0ms
[2026-07-04 14:36:57.808] [info] [267] yolo: 15.7ms, tracker: 0.6ms, aimer: 0.0ms
[2026-07-04 14:36:57.864] [info] [268] yolo: 17.9ms, tracker: 0.6ms, aimer: 0.0ms
[2026-07-04 14:36:57.918] [info] [269] yolo: 16.5ms, tracker: 0.6ms, aimer: 0.0ms
[2026-07-04 14:36:57.971] [info] [270] yolo: 17.6ms, tracker: 0.6ms, aimer: 0.0ms
[2026-07-04 14:36:58.023] [info] [271] yolo: 14.1ms, tracker: 0.6ms, aimer: 0.0ms
[2026-07-04 14:36:58.078] [info] [272] yolo: 16.7ms, tracker: 0.6ms, aimer: 0.0ms
[2026-07-04 14:36:58.130] [info] [273] yolo: 16.6ms, tracker: 0.6ms, aimer: 0.0ms
[2026-07-04 14:36:58.181] [info] [274] yolo: 15.6ms, tracker: 0.6ms, aimer: 0.0ms
[2026-07-04 14:36:58.236] [info] [275] yolo: 17.9ms, tracker: 0.6ms, aimer: 0.0ms
[2026-07-04 14:36:58.288] [info] [276] yolo: 16.4ms, tracker: 0.6ms, aimer: 0.0ms
[2026-07-04 14:36:58.339] [info] [277] yolo: 16.0ms, tracker: 0.0ms, aimer: 0.0ms
[2026-07-04 14:36:58.392] [info] [278] yolo: 16.4ms, tracker: 0.0ms, aimer: 0.0ms
[2026-07-04 14:36:58.443] [info] [279] yolo: 15.9ms, tracker: 0.0ms, aimer: 0.0ms
[2026-07-04 14:36:58.498] [info] [280] yolo: 18.8ms, tracker: 0.0ms, aimer: 0.0ms
[2026-07-04 14:36:58.551] [info] [281] yolo: 16.7ms, tracker: 0.0ms, aimer: 0.0ms
[2026-07-04 14:36:58.604] [info] [282] yolo: 15.6ms, tracker: 0.0ms, aimer: 0.0ms
[2026-07-04 14:36:58.658] [info] [283] yolo: 16.2ms, tracker: 0.6ms, aimer: 0.0ms
[2026-07-04 14:36:58.713] [info] [284] yolo: 19.8ms, tracker: 0.5ms, aimer: 0.0ms
[2026-07-04 14:36:58.768] [info] [285] yolo: 18.9ms, tracker: 0.6ms, aimer: 0.0ms
[2026-07-04 14:36:58.822] [info] [286] yolo: 17.3ms, tracker: 0.6ms, aimer: 0.0ms
[2026-07-04 14:36:58.877] [info] [287] yolo: 15.6ms, tracker: 0.6ms, aimer: 0.0ms
[2026-07-04 14:36:58.928] [info] [288] yolo: 15.1ms, tracker: 0.0ms, aimer: 0.0ms
[2026-07-04 14:36:58.982] [info] [289] yolo: 18.9ms, tracker: 0.0ms, aimer: 0.0ms
[2026-07-04 14:36:59.035] [info] [290] yolo: 16.0ms, tracker: 0.0ms, aimer: 0.0ms
[2026-07-04 14:36:59.087] [info] [291] yolo: 16.8ms, tracker: 0.0ms, aimer: 0.0ms
[2026-07-04 14:36:59.138] [info] [292] yolo: 15.8ms, tracker: 0.0ms, aimer: 0.0ms
[2026-07-04 14:36:59.193] [info] [293] yolo: 17.2ms, tracker: 0.6ms, aimer: 0.0ms
[2026-07-04 14:36:59.245] [info] [294] yolo: 15.7ms, tracker: 0.0ms, aimer: 0.0ms
[2026-07-04 14:36:59.299] [info] [295] yolo: 17.4ms, tracker: 0.6ms, aimer: 0.0ms
[2026-07-04 14:36:59.353] [info] [296] yolo: 17.4ms, tracker: 0.6ms, aimer: 0.0ms
[2026-07-04 14:36:59.408] [info] [297] yolo: 18.3ms, tracker: 0.0ms, aimer: 0.0ms
[2026-07-04 14:36:59.462] [info] [298] yolo: 16.3ms, tracker: 0.6ms, aimer: 0.0ms
[2026-07-04 14:36:59.514] [info] [299] yolo: 17.0ms, tracker: 0.0ms, aimer: 0.0ms
[2026-07-04 14:36:59.565] [info] [300] yolo: 16.6ms, tracker: 0.0ms, aimer: 0.0ms
[2026-07-04 14:36:59.619] [info] [301] yolo: 17.6ms, tracker: 0.6ms, aimer: 0.0ms
[2026-07-04 14:36:59.674] [info] [302] yolo: 16.8ms, tracker: 0.0ms, aimer: 0.0ms
[2026-07-04 14:36:59.726] [info] [303] yolo: 17.5ms, tracker: 0.0ms, aimer: 0.0ms
[2026-07-04 14:36:59.779] [info] [304] yolo: 16.5ms, tracker: 0.0ms, aimer: 0.0ms
[2026-07-04 14:36:59.832] [info] [305] yolo: 16.8ms, tracker: 0.0ms, aimer: 0.0ms
[2026-07-04 14:36:59.884] [info] [306] yolo: 17.1ms, tracker: 0.0ms, aimer: 0.0ms
[2026-07-04 14:36:59.935] [info] [307] yolo: 15.8ms, tracker: 0.0ms, aimer: 0.0ms
[2026-07-04 14:36:59.987] [info] [308] yolo: 16.1ms, tracker: 0.0ms, aimer: 0.0ms
[2026-07-04 14:37:00.039] [info] [309] yolo: 16.1ms, tracker: 0.0ms, aimer: 0.0ms
[2026-07-04 14:37:00.091] [info] [310] yolo: 16.7ms, tracker: 0.0ms, aimer: 0.0ms
[2026-07-04 14:37:00.143] [info] [311] yolo: 15.9ms, tracker: 0.0ms, aimer: 0.0ms
[2026-07-04 14:37:00.196] [info] [312] yolo: 16.9ms, tracker: 0.0ms, aimer: 0.0ms
[2026-07-04 14:37:00.250] [info] [313] yolo: 16.7ms, tracker: 0.0ms, aimer: 0.0ms
[2026-07-04 14:37:00.302] [info] [314] yolo: 17.7ms, tracker: 0.0ms, aimer: 0.0ms
[2026-07-04 14:37:00.358] [info] [315] yolo: 17.8ms, tracker: 0.0ms, aimer: 0.0ms
[2026-07-04 14:37:00.416] [info] [316] yolo: 18.8ms, tracker: 0.0ms, aimer: 0.0ms
[2026-07-04 14:37:00.470] [info] [317] yolo: 17.2ms, tracker: 0.0ms, aimer: 0.0ms
[2026-07-04 14:37:00.525] [info] [318] yolo: 19.4ms, tracker: 0.5ms, aimer: 0.0ms
[2026-07-04 14:37:00.589] [info] [319] yolo: 27.3ms, tracker: 0.0ms, aimer: 0.0ms
[2026-07-04 14:37:00.661] [info] [320] yolo: 35.1ms, tracker: 0.0ms, aimer: 0.0ms
[2026-07-04 14:37:00.730] [info] [321] yolo: 31.8ms, tracker: 0.0ms, aimer: 0.0ms
[2026-07-04 14:37:00.806] [info] [322] yolo: 37.2ms, tracker: 0.0ms, aimer: 0.0ms
[2026-07-04 14:37:00.861] [info] [323] yolo: 16.7ms, tracker: 0.0ms, aimer: 0.0ms
[2026-07-04 14:37:00.913] [info] [324] yolo: 15.8ms, tracker: 0.0ms, aimer: 0.0ms
[2026-07-04 14:37:00.966] [info] [325] yolo: 16.7ms, tracker: 0.0ms, aimer: 0.0ms
[2026-07-04 14:37:01.030] [info] [326] yolo: 22.4ms, tracker: 0.0ms, aimer: 0.0ms
[2026-07-04 14:37:01.089] [info] [327] yolo: 22.6ms, tracker: 0.0ms, aimer: 0.0ms
[2026-07-04 14:37:01.145] [info] [328] yolo: 18.3ms, tracker: 0.0ms, aimer: 0.0ms
[2026-07-04 14:37:01.197] [info] [329] yolo: 16.7ms, tracker: 0.0ms, aimer: 0.0ms
[2026-07-04 14:37:01.247] [info] [330] yolo: 14.3ms, tracker: 0.0ms, aimer: 0.0ms
[2026-07-04 14:37:01.300] [info] [331] yolo: 16.2ms, tracker: 0.0ms, aimer: 0.0ms
[2026-07-04 14:37:01.353] [info] [332] yolo: 16.2ms, tracker: 0.0ms, aimer: 0.0ms
[2026-07-04 14:37:01.408] [info] [333] yolo: 18.4ms, tracker: 0.0ms, aimer: 0.0ms
[2026-07-04 14:37:01.461] [info] [334] yolo: 16.2ms, tracker: 0.0ms, aimer: 0.0ms
[2026-07-04 14:37:01.516] [info] [335] yolo: 17.9ms, tracker: 0.0ms, aimer: 0.0ms
[2026-07-04 14:37:01.573] [info] [336] yolo: 19.3ms, tracker: 0.0ms, aimer: 0.0ms
[2026-07-04 14:37:01.626] [info] [337] yolo: 16.3ms, tracker: 0.0ms, aimer: 0.0ms
[2026-07-04 14:37:01.678] [info] [338] yolo: 16.8ms, tracker: 0.0ms, aimer: 0.0ms
[2026-07-04 14:37:01.730] [info] [339] yolo: 16.9ms, tracker: 0.0ms, aimer: 0.0ms
[2026-07-04 14:37:01.783] [info] [340] yolo: 16.4ms, tracker: 0.0ms, aimer: 0.0ms
[2026-07-04 14:37:01.835] [info] [341] yolo: 16.1ms, tracker: 0.0ms, aimer: 0.0ms
[2026-07-04 14:37:01.886] [info] [342] yolo: 15.6ms, tracker: 0.0ms, aimer: 0.0ms
[2026-07-04 14:37:01.938] [info] [343] yolo: 16.7ms, tracker: 0.5ms, aimer: 0.0ms
[2026-07-04 14:37:01.991] [info] [344] yolo: 15.4ms, tracker: 0.6ms, aimer: 0.0ms
[2026-07-04 14:37:02.046] [info] [345] yolo: 18.4ms, tracker: 0.6ms, aimer: 0.0ms
[2026-07-04 14:37:02.100] [info] [346] yolo: 16.0ms, tracker: 0.6ms, aimer: 0.0ms
[2026-07-04 14:37:02.154] [info] [347] yolo: 17.3ms, tracker: 0.6ms, aimer: 0.0ms
[2026-07-04 14:37:02.209] [info] [348] yolo: 16.4ms, tracker: 0.6ms, aimer: 0.0ms
[2026-07-04 14:37:02.264] [info] [349] yolo: 18.2ms, tracker: 1.1ms, aimer: 0.0ms
[2026-07-04 14:37:02.319] [info] [350] yolo: 17.2ms, tracker: 0.6ms, aimer: 0.0ms
[2026-07-04 14:37:02.375] [info] [351] yolo: 18.1ms, tracker: 0.6ms, aimer: 0.0ms
[2026-07-04 14:37:02.428] [info] [352] yolo: 17.1ms, tracker: 1.0ms, aimer: 0.0ms
[2026-07-04 14:37:02.480] [info] [353] yolo: 17.6ms, tracker: 0.0ms, aimer: 0.0ms
[2026-07-04 14:37:02.533] [debug] [Target] r=0.184, l=-0.201
[2026-07-04 14:37:02.533] [debug] [Tracker] Target diverged!
[2026-07-04 14:37:02.533] [info] [354] yolo: 17.3ms, tracker: 0.6ms, aimer: 0.0ms
[2026-07-04 14:37:02.587] [info] [355] yolo: 18.4ms, tracker: 0.0ms, aimer: 0.0ms
[2026-07-04 14:37:02.639] [info] [356] yolo: 16.5ms, tracker: 0.0ms, aimer: 0.0ms
[2026-07-04 14:37:02.691] [info] [357] yolo: 16.0ms, tracker: 0.5ms, aimer: 0.0ms
[2026-07-04 14:37:02.743] [info] [358] yolo: 15.6ms, tracker: 1.0ms, aimer: 0.0ms
[2026-07-04 14:37:02.795] [info] [359] yolo: 16.2ms, tracker: 0.0ms, aimer: 0.0ms
[2026-07-04 14:37:02.848] [info] [360] yolo: 17.1ms, tracker: 0.5ms, aimer: 0.0ms
[2026-07-04 14:37:02.901] [info] [361] yolo: 16.1ms, tracker: 0.6ms, aimer: 0.0ms
[2026-07-04 14:37:02.953] [info] [362] yolo: 15.1ms, tracker: 0.6ms, aimer: 0.0ms
[2026-07-04 14:37:03.004] [info] [363] yolo: 14.8ms, tracker: 0.6ms, aimer: 0.0ms
[2026-07-04 14:37:03.058] [info] [364] yolo: 17.0ms, tracker: 0.6ms, aimer: 0.0ms
[2026-07-04 14:37:03.110] [info] [365] yolo: 16.9ms, tracker: 0.6ms, aimer: 0.0ms
[2026-07-04 14:37:03.164] [info] [366] yolo: 18.5ms, tracker: 0.6ms, aimer: 0.0ms
[2026-07-04 14:37:03.218] [info] [367] yolo: 16.4ms, tracker: 0.6ms, aimer: 0.0ms
[2026-07-04 14:37:03.271] [info] [368] yolo: 17.8ms, tracker: 0.6ms, aimer: 0.0ms
[2026-07-04 14:37:03.325] [info] [369] yolo: 16.6ms, tracker: 0.6ms, aimer: 0.0ms
[2026-07-04 14:37:03.379] [info] [370] yolo: 17.7ms, tracker: 0.6ms, aimer: 0.0ms
[2026-07-04 14:37:03.432] [info] [371] yolo: 17.2ms, tracker: 0.6ms, aimer: 0.0ms
[2026-07-04 14:37:03.485] [info] [372] yolo: 15.7ms, tracker: 0.6ms, aimer: 0.0ms
[2026-07-04 14:37:03.535] [info] [373] yolo: 14.4ms, tracker: 0.6ms, aimer: 0.0ms
[2026-07-04 14:37:03.588] [info] [374] yolo: 17.2ms, tracker: 0.7ms, aimer: 0.0ms
[2026-07-04 14:37:03.638] [info] [375] yolo: 16.1ms, tracker: 0.0ms, aimer: 0.0ms
[2026-07-04 14:37:03.694] [info] [376] yolo: 19.2ms, tracker: 0.6ms, aimer: 0.0ms
[2026-07-04 14:37:03.749] [info] [377] yolo: 17.6ms, tracker: 1.0ms, aimer: 0.0ms
[2026-07-04 14:37:03.801] [info] [378] yolo: 16.4ms, tracker: 0.6ms, aimer: 0.0ms
[2026-07-04 14:37:03.853] [info] [379] yolo: 15.1ms, tracker: 0.6ms, aimer: 0.0ms
[2026-07-04 14:37:03.907] [info] [380] yolo: 17.0ms, tracker: 1.0ms, aimer: 0.0ms
[2026-07-04 14:37:03.961] [info] [381] yolo: 16.0ms, tracker: 1.0ms, aimer: 0.0ms
[2026-07-04 14:37:04.015] [info] [382] yolo: 17.9ms, tracker: 0.5ms, aimer: 0.0ms
[2026-07-04 14:37:04.071] [info] [383] yolo: 17.3ms, tracker: 1.0ms, aimer: 0.0ms
[2026-07-04 14:37:04.125] [warning] [Tracker] Large dt: 0.153s
[2026-07-04 14:37:04.125] [info] [384] yolo: 15.6ms, tracker: 0.6ms, aimer: 0.0ms
[2026-07-04 14:37:04.177] [info] [385] yolo: 16.4ms, tracker: 0.6ms, aimer: 0.0ms
[2026-07-04 14:37:04.228] [info] [386] yolo: 15.5ms, tracker: 0.6ms, aimer: 0.0ms
[2026-07-04 14:37:04.283] [info] [387] yolo: 16.9ms, tracker: 0.5ms, aimer: 0.0ms
[2026-07-04 14:37:04.337] [info] [388] yolo: 17.2ms, tracker: 0.6ms, aimer: 0.0ms
[2026-07-04 14:37:04.387] [info] [389] yolo: 14.8ms, tracker: 0.0ms, aimer: 0.0ms
[2026-07-04 14:37:04.439] [info] [390] yolo: 16.3ms, tracker: 0.0ms, aimer: 0.0ms
[2026-07-04 14:37:04.492] [info] [391] yolo: 16.0ms, tracker: 0.6ms, aimer: 0.0ms
[2026-07-04 14:37:04.543] [info] [392] yolo: 15.6ms, tracker: 0.6ms, aimer: 0.0ms
[2026-07-04 14:37:04.594] [info] [393] yolo: 16.1ms, tracker: 0.0ms, aimer: 0.0ms
[2026-07-04 14:37:04.648] [info] [394] yolo: 16.6ms, tracker: 0.6ms, aimer: 0.0ms
[2026-07-04 14:37:04.701] [info] [395] yolo: 17.6ms, tracker: 0.6ms, aimer: 0.0ms
[2026-07-04 14:37:04.752] [info] [396] yolo: 15.0ms, tracker: 0.6ms, aimer: 0.0ms
[2026-07-04 14:37:04.810] [info] [397] yolo: 20.3ms, tracker: 0.5ms, aimer: 0.0ms
[2026-07-04 14:37:04.862] [info] [398] yolo: 16.2ms, tracker: 1.0ms, aimer: 0.0ms
[2026-07-04 14:37:04.916] [info] [399] yolo: 18.1ms, tracker: 1.0ms, aimer: 0.0ms
[2026-07-04 14:37:04.969] [info] [400] yolo: 16.0ms, tracker: 1.0ms, aimer: 0.0ms
[2026-07-04 14:37:05.025] [info] [401] yolo: 19.2ms, tracker: 1.0ms, aimer: 0.0ms
[2026-07-04 14:37:05.078] [info] [402] yolo: 17.0ms, tracker: 1.0ms, aimer: 0.0ms
[2026-07-04 14:37:05.135] [info] [403] yolo: 20.1ms, tracker: 0.6ms, aimer: 0.0ms
[2026-07-04 14:37:05.189] [info] [404] yolo: 17.3ms, tracker: 0.6ms, aimer: 0.0ms
[2026-07-04 14:37:05.242] [info] [405] yolo: 16.5ms, tracker: 0.6ms, aimer: 0.0ms
[2026-07-04 14:37:05.295] [info] [406] yolo: 17.8ms, tracker: 0.6ms, aimer: 0.0ms
[2026-07-04 14:37:05.350] [info] [407] yolo: 18.3ms, tracker: 0.6ms, aimer: 0.0ms
[2026-07-04 14:37:05.408] [info] [408] yolo: 18.6ms, tracker: 0.6ms, aimer: 0.0ms
[2026-07-04 14:37:05.461] [info] [409] yolo: 16.2ms, tracker: 0.6ms, aimer: 0.0ms
[2026-07-04 14:37:05.513] [info] [410] yolo: 16.1ms, tracker: 0.0ms, aimer: 0.0ms
[2026-07-04 14:37:05.566] [info] [411] yolo: 17.0ms, tracker: 0.0ms, aimer: 0.0ms
[2026-07-04 14:37:05.617] [info] [412] yolo: 15.8ms, tracker: 0.6ms, aimer: 0.0ms
[2026-07-04 14:37:05.670] [info] [413] yolo: 17.4ms, tracker: 0.0ms, aimer: 0.0ms
[2026-07-04 14:37:05.720] [info] [414] yolo: 15.7ms, tracker: 0.6ms, aimer: 0.0ms
[2026-07-04 14:37:05.774] [info] [415] yolo: 16.2ms, tracker: 0.6ms, aimer: 0.0ms
[2026-07-04 14:37:05.828] [info] [416] yolo: 17.9ms, tracker: 0.6ms, aimer: 0.0ms
[2026-07-04 14:37:05.881] [info] [417] yolo: 17.6ms, tracker: 0.6ms, aimer: 0.0ms
[2026-07-04 14:37:05.933] [info] [418] yolo: 16.6ms, tracker: 0.0ms, aimer: 0.0ms
[2026-07-04 14:37:05.986] [info] [419] yolo: 16.6ms, tracker: 0.6ms, aimer: 0.0ms
[2026-07-04 14:37:06.037] [info] [420] yolo: 16.1ms, tracker: 1.1ms, aimer: 0.0ms
[2026-07-04 14:37:06.090] [info] [421] yolo: 16.6ms, tracker: 1.1ms, aimer: 0.0ms
[2026-07-04 14:37:06.142] [info] [422] yolo: 16.7ms, tracker: 0.6ms, aimer: 0.0ms
[2026-07-04 14:37:06.196] [info] [423] yolo: 17.9ms, tracker: 1.0ms, aimer: 0.0ms
[2026-07-04 14:37:06.249] [info] [424] yolo: 17.3ms, tracker: 0.6ms, aimer: 0.0ms
[2026-07-04 14:37:06.303] [info] [425] yolo: 18.2ms, tracker: 0.6ms, aimer: 0.0ms
[2026-07-04 14:37:06.358] [info] [426] yolo: 17.2ms, tracker: 0.6ms, aimer: 0.0ms
[2026-07-04 14:37:06.408] [info] [427] yolo: 15.8ms, tracker: 0.0ms, aimer: 0.0ms
[2026-07-04 14:37:06.463] [info] [428] yolo: 17.2ms, tracker: 0.6ms, aimer: 0.0ms
[2026-07-04 14:37:06.521] [info] [429] yolo: 19.3ms, tracker: 0.6ms, aimer: 0.0ms
[2026-07-04 14:37:06.575] [info] [430] yolo: 18.5ms, tracker: 0.0ms, aimer: 0.0ms
[2026-07-04 14:37:06.643] [info] [431] yolo: 31.2ms, tracker: 0.6ms, aimer: 0.0ms
[2026-07-04 14:37:06.708] [info] [432] yolo: 27.0ms, tracker: 0.6ms, aimer: 0.0ms
[2026-07-04 14:37:06.786] [info] [433] yolo: 38.2ms, tracker: 0.8ms, aimer: 0.1ms
[2026-07-04 14:37:06.850] [info] [434] yolo: 26.5ms, tracker: 0.6ms, aimer: 0.0ms
[2026-07-04 14:37:06.913] [info] [435] yolo: 24.9ms, tracker: 0.6ms, aimer: 0.0ms
[2026-07-04 14:37:06.967] [info] [436] yolo: 16.9ms, tracker: 1.2ms, aimer: 0.0ms
[2026-07-04 14:37:07.025] [info] [437] yolo: 18.3ms, tracker: 1.1ms, aimer: 0.0ms
[2026-07-04 14:37:07.089] [info] [438] yolo: 27.5ms, tracker: 0.6ms, aimer: 0.0ms
[2026-07-04 14:37:07.155] [info] [439] yolo: 28.4ms, tracker: 0.7ms, aimer: 0.0ms
[2026-07-04 14:37:07.213] [info] [440] yolo: 19.1ms, tracker: 0.0ms, aimer: 0.0ms
[2026-07-04 14:37:07.266] [info] [441] yolo: 16.1ms, tracker: 0.6ms, aimer: 0.0ms
[2026-07-04 14:37:07.317] [info] [442] yolo: 15.4ms, tracker: 0.6ms, aimer: 0.0ms
[2026-07-04 14:37:07.371] [info] [443] yolo: 17.4ms, tracker: 0.6ms, aimer: 0.0ms
[2026-07-04 14:37:07.427] [info] [444] yolo: 17.4ms, tracker: 0.6ms, aimer: 0.0ms
[2026-07-04 14:37:07.482] [info] [445] yolo: 18.5ms, tracker: 0.6ms, aimer: 0.0ms
[2026-07-04 14:37:07.536] [info] [446] yolo: 19.5ms, tracker: 0.0ms, aimer: 0.1ms
[2026-07-04 14:37:07.587] [info] [447] yolo: 16.7ms, tracker: 0.0ms, aimer: 0.0ms
[2026-07-04 14:37:07.642] [info] [448] yolo: 19.1ms, tracker: 0.0ms, aimer: 0.0ms
[2026-07-04 14:37:07.696] [info] [449] yolo: 19.0ms, tracker: 0.5ms, aimer: 0.0ms
[2026-07-04 14:37:07.747] [info] [450] yolo: 16.1ms, tracker: 0.0ms, aimer: 0.0ms
[2026-07-04 14:37:07.802] [info] [451] yolo: 18.8ms, tracker: 0.6ms, aimer: 0.0ms
[2026-07-04 14:37:07.857] [info] [452] yolo: 19.0ms, tracker: 0.6ms, aimer: 0.0ms
[2026-07-04 14:37:07.910] [info] [453] yolo: 17.5ms, tracker: 0.0ms, aimer: 0.0ms
[2026-07-04 14:37:07.963] [info] [454] yolo: 18.5ms, tracker: 0.0ms, aimer: 0.0ms
[2026-07-04 14:37:08.016] [info] [455] yolo: 14.9ms, tracker: 0.0ms, aimer: 0.0ms
[2026-07-04 14:37:08.069] [info] [456] yolo: 17.0ms, tracker: 0.0ms, aimer: 0.0ms
[2026-07-04 14:37:08.121] [info] [457] yolo: 16.7ms, tracker: 0.0ms, aimer: 0.0ms
[2026-07-04 14:37:08.173] [info] [458] yolo: 15.9ms, tracker: 0.0ms, aimer: 0.0ms
[2026-07-04 14:37:08.226] [info] [459] yolo: 17.5ms, tracker: 0.0ms, aimer: 0.0ms
[2026-07-04 14:37:08.279] [info] [460] yolo: 16.8ms, tracker: 0.0ms, aimer: 0.0ms
[2026-07-04 14:37:08.330] [info] [461] yolo: 16.1ms, tracker: 0.0ms, aimer: 0.0ms
[2026-07-04 14:37:08.386] [info] [462] yolo: 19.4ms, tracker: 0.0ms, aimer: 0.0ms
[2026-07-04 14:37:08.437] [warning] [Tracker] Large dt: 1.021s
[2026-07-04 14:37:08.438] [info] [463] yolo: 16.8ms, tracker: 0.6ms, aimer: 0.0ms
[2026-07-04 14:37:08.490] [info] [464] yolo: 16.5ms, tracker: 0.6ms, aimer: 0.0ms
[2026-07-04 14:37:08.542] [info] [465] yolo: 16.7ms, tracker: 0.6ms, aimer: 0.0ms
[2026-07-04 14:37:08.596] [info] [466] yolo: 17.0ms, tracker: 0.5ms, aimer: 0.0ms
[2026-07-04 14:37:08.653] [info] [467] yolo: 21.0ms, tracker: 0.6ms, aimer: 0.0ms
[2026-07-04 14:37:08.706] [info] [468] yolo: 16.9ms, tracker: 0.6ms, aimer: 0.0ms
[2026-07-04 14:37:08.764] [info] [469] yolo: 18.8ms, tracker: 0.6ms, aimer: 0.0ms
[2026-07-04 14:37:08.819] [info] [470] yolo: 18.6ms, tracker: 0.6ms, aimer: 0.0ms
[2026-07-04 14:37:08.874] [info] [471] yolo: 16.0ms, tracker: 1.0ms, aimer: 0.0ms
[2026-07-04 14:37:08.929] [info] [472] yolo: 19.2ms, tracker: 1.0ms, aimer: 0.0ms
[2026-07-04 14:37:08.985] [info] [473] yolo: 20.0ms, tracker: 0.6ms, aimer: 0.0ms
[2026-07-04 14:37:09.037] [info] [474] yolo: 15.9ms, tracker: 0.6ms, aimer: 0.0ms
[2026-07-04 14:37:09.093] [info] [475] yolo: 19.9ms, tracker: 1.1ms, aimer: 0.0ms
[2026-07-04 14:37:09.147] [info] [476] yolo: 17.0ms, tracker: 1.0ms, aimer: 0.0ms
[2026-07-04 14:37:09.202] [info] [477] yolo: 17.8ms, tracker: 0.6ms, aimer: 0.0ms
[2026-07-04 14:37:09.261] [info] [478] yolo: 23.2ms, tracker: 0.6ms, aimer: 0.0ms
[2026-07-04 14:37:09.318] [info] [479] yolo: 20.7ms, tracker: 0.6ms, aimer: 0.0ms
[2026-07-04 14:37:09.370] [info] [480] yolo: 17.7ms, tracker: 0.0ms, aimer: 0.0ms
[2026-07-04 14:37:09.423] [info] [481] yolo: 18.0ms, tracker: 0.0ms, aimer: 0.0ms
[2026-07-04 14:37:09.478] [info] [482] yolo: 17.4ms, tracker: 0.6ms, aimer: 0.0ms
[2026-07-04 14:37:09.533] [info] [483] yolo: 17.8ms, tracker: 0.0ms, aimer: 0.0ms
[2026-07-04 14:37:09.587] [info] [484] yolo: 18.0ms, tracker: 0.6ms, aimer: 0.0ms
[2026-07-04 14:37:09.640] [info] [485] yolo: 16.7ms, tracker: 0.6ms, aimer: 0.0ms
[2026-07-04 14:37:09.696] [info] [486] yolo: 18.4ms, tracker: 0.6ms, aimer: 0.0ms
[2026-07-04 14:37:09.750] [info] [487] yolo: 17.9ms, tracker: 0.6ms, aimer: 0.0ms
[2026-07-04 14:37:09.817] [info] [488] yolo: 30.4ms, tracker: 0.6ms, aimer: 0.0ms
[2026-07-04 14:37:09.878] [info] [489] yolo: 23.8ms, tracker: 0.7ms, aimer: 0.0ms
[2026-07-04 14:37:09.947] [info] [490] yolo: 30.9ms, tracker: 0.6ms, aimer: 0.0ms
[2026-07-04 14:37:10.014] [info] [491] yolo: 29.6ms, tracker: 0.6ms, aimer: 0.0ms
[2026-07-04 14:37:10.085] [info] [492] yolo: 33.3ms, tracker: 0.0ms, aimer: 0.0ms
[2026-07-04 14:37:10.139] [info] [493] yolo: 18.2ms, tracker: 0.0ms, aimer: 0.0ms
[2026-07-04 14:37:10.197] [info] [494] yolo: 21.0ms, tracker: 0.6ms, aimer: 0.0ms
[2026-07-04 14:37:10.266] [info] [495] yolo: 31.4ms, tracker: 0.0ms, aimer: 0.1ms
[2026-07-04 14:37:10.334] [info] [496] yolo: 27.9ms, tracker: 0.6ms, aimer: 0.0ms
[2026-07-04 14:37:10.399] [info] [497] yolo: 25.8ms, tracker: 0.6ms, aimer: 0.0ms
[2026-07-04 14:37:10.455] [info] [498] yolo: 18.8ms, tracker: 0.0ms, aimer: 0.0ms
[2026-07-04 14:37:10.508] [info] [499] yolo: 15.4ms, tracker: 0.0ms, aimer: 0.0ms
[2026-07-04 14:37:10.561] [info] [500] yolo: 15.9ms, tracker: 0.0ms, aimer: 0.0ms
[2026-07-04 14:37:10.615] [info] [501] yolo: 17.2ms, tracker: 0.0ms, aimer: 0.0ms
[2026-07-04 14:37:10.670] [info] [502] yolo: 17.0ms, tracker: 0.0ms, aimer: 0.0ms
[2026-07-04 14:37:10.722] [info] [503] yolo: 16.6ms, tracker: 0.0ms, aimer: 0.0ms
[2026-07-04 14:37:10.775] [info] [504] yolo: 17.8ms, tracker: 0.0ms, aimer: 0.0ms
[2026-07-04 14:37:10.828] [info] [505] yolo: 17.0ms, tracker: 0.0ms, aimer: 0.0ms
[2026-07-04 14:37:10.880] [info] [506] yolo: 16.7ms, tracker: 0.0ms, aimer: 0.0ms
[2026-07-04 14:37:10.933] [info] [507] yolo: 16.7ms, tracker: 0.0ms, aimer: 0.0ms
[2026-07-04 14:37:10.986] [info] [508] yolo: 16.9ms, tracker: 0.0ms, aimer: 0.0ms
[2026-07-04 14:37:11.037] [info] [509] yolo: 16.8ms, tracker: 0.0ms, aimer: 0.0ms
[2026-07-04 14:37:11.092] [info] [510] yolo: 19.2ms, tracker: 0.0ms, aimer: 0.0ms
[2026-07-04 14:37:11.145] [info] [511] yolo: 17.7ms, tracker: 0.0ms, aimer: 0.0ms
[2026-07-04 14:37:11.198] [info] [512] yolo: 18.0ms, tracker: 0.0ms, aimer: 0.0ms
[2026-07-04 14:37:11.253] [warning] [Tracker] Large dt: 17.228s
[2026-07-04 14:37:11.253] [info] [513] yolo: 18.3ms, tracker: 0.6ms, aimer: 0.0ms
[2026-07-04 14:37:11.307] [info] [514] yolo: 17.1ms, tracker: 1.1ms, aimer: 0.0ms
[2026-07-04 14:37:11.363] [info] [515] yolo: 17.3ms, tracker: 1.1ms, aimer: 0.0ms
[2026-07-04 14:37:11.418] [info] [516] yolo: 17.2ms, tracker: 0.6ms, aimer: 0.0ms
[2026-07-04 14:37:11.476] [info] [517] yolo: 18.0ms, tracker: 1.0ms, aimer: 0.0ms
[2026-07-04 14:37:11.528] [info] [518] yolo: 16.6ms, tracker: 0.6ms, aimer: 0.0ms
[2026-07-04 14:37:11.580] [info] [519] yolo: 15.4ms, tracker: 0.6ms, aimer: 0.0ms
[2026-07-04 14:37:11.634] [info] [520] yolo: 16.7ms, tracker: 0.6ms, aimer: 0.0ms
[2026-07-04 14:37:11.688] [info] [521] yolo: 16.5ms, tracker: 0.6ms, aimer: 0.0ms
[2026-07-04 14:37:11.742] [info] [522] yolo: 16.8ms, tracker: 0.6ms, aimer: 0.0ms
[2026-07-04 14:37:11.798] [info] [523] yolo: 19.3ms, tracker: 0.0ms, aimer: 0.0ms
[2026-07-04 14:37:11.847] [info] [524] yolo: 13.9ms, tracker: 0.0ms, aimer: 0.0ms
[2026-07-04 14:37:11.901] [info] [525] yolo: 18.6ms, tracker: 0.6ms, aimer: 0.0ms
[2026-07-04 14:37:11.955] [info] [526] yolo: 18.0ms, tracker: 0.0ms, aimer: 0.0ms
[2026-07-04 14:37:12.010] [info] [527] yolo: 16.5ms, tracker: 0.6ms, aimer: 0.0ms
[2026-07-04 14:37:12.061] [info] [528] yolo: 15.5ms, tracker: 0.6ms, aimer: 0.0ms
[2026-07-04 14:37:12.135] [info] [529] yolo: 35.4ms, tracker: 0.6ms, aimer: 0.0ms
[2026-07-04 14:37:12.201] [info] [530] yolo: 28.4ms, tracker: 0.0ms, aimer: 0.1ms
[2026-07-04 14:37:12.269] [info] [531] yolo: 30.0ms, tracker: 0.6ms, aimer: 0.0ms
[2026-07-04 14:37:12.335] [info] [532] yolo: 28.2ms, tracker: 0.0ms, aimer: 0.0ms
[2026-07-04 14:37:12.404] [info] [533] yolo: 30.1ms, tracker: 0.6ms, aimer: 0.0ms
[2026-07-04 14:37:12.459] [info] [534] yolo: 17.3ms, tracker: 0.6ms, aimer: 0.0ms
[2026-07-04 14:37:12.517] [info] [535] yolo: 18.8ms, tracker: 0.7ms, aimer: 0.0ms
[2026-07-04 14:37:12.584] [info] [536] yolo: 29.9ms, tracker: 0.0ms, aimer: 0.0ms
[2026-07-04 14:37:12.651] [info] [537] yolo: 30.1ms, tracker: 0.6ms, aimer: 0.0ms
[2026-07-04 14:37:12.711] [info] [538] yolo: 19.7ms, tracker: 0.6ms, aimer: 0.0ms
[2026-07-04 14:37:12.771] [info] [539] yolo: 22.0ms, tracker: 0.7ms, aimer: 0.0ms
[2026-07-04 14:37:12.827] [info] [540] yolo: 17.4ms, tracker: 0.6ms, aimer: 0.0ms
[2026-07-04 14:37:12.882] [info] [541] yolo: 19.0ms, tracker: 0.6ms, aimer: 0.0ms
[2026-07-04 14:37:12.936] [info] [542] yolo: 16.3ms, tracker: 0.6ms, aimer: 0.0ms
[2026-07-04 14:37:12.991] [info] [543] yolo: 17.2ms, tracker: 0.6ms, aimer: 0.0ms
[2026-07-04 14:37:13.047] [info] [544] yolo: 18.9ms, tracker: 0.6ms, aimer: 0.0ms
[2026-07-04 14:37:13.102] [info] [545] yolo: 17.9ms, tracker: 1.0ms, aimer: 0.0ms
[2026-07-04 14:37:13.157] [info] [546] yolo: 18.7ms, tracker: 1.1ms, aimer: 0.0ms
[2026-07-04 14:37:13.210] [info] [547] yolo: 16.4ms, tracker: 0.6ms, aimer: 0.0ms
[2026-07-04 14:37:13.267] [info] [548] yolo: 16.7ms, tracker: 1.0ms, aimer: 0.0ms
[2026-07-04 14:37:13.322] [info] [549] yolo: 16.5ms, tracker: 0.6ms, aimer: 0.0ms
[2026-07-04 14:37:13.374] [info] [550] yolo: 16.3ms, tracker: 0.6ms, aimer: 0.0ms
[2026-07-04 14:37:13.428] [info] [551] yolo: 18.4ms, tracker: 0.6ms, aimer: 0.0ms
[2026-07-04 14:37:13.482] [info] [552] yolo: 18.3ms, tracker: 0.6ms, aimer: 0.0ms
[2026-07-04 14:37:13.535] [info] [553] yolo: 17.4ms, tracker: 0.6ms, aimer: 0.0ms
[2026-07-04 14:37:13.591] [info] [554] yolo: 18.5ms, tracker: 0.6ms, aimer: 0.0ms
[2026-07-04 14:37:13.645] [info] [555] yolo: 17.4ms, tracker: 0.6ms, aimer: 0.0ms
[2026-07-04 14:37:13.698] [info] [556] yolo: 16.6ms, tracker: 0.6ms, aimer: 0.0ms
[2026-07-04 14:37:13.751] [info] [557] yolo: 18.0ms, tracker: 0.6ms, aimer: 0.0ms
[2026-07-04 14:37:13.808] [info] [558] yolo: 18.5ms, tracker: 0.7ms, aimer: 0.0ms
[2026-07-04 14:37:13.863] [info] [559] yolo: 17.4ms, tracker: 0.6ms, aimer: 0.0ms
[2026-07-04 14:37:13.918] [info] [560] yolo: 16.6ms, tracker: 0.0ms, aimer: 0.0ms
[2026-07-04 14:37:13.975] [info] [561] yolo: 21.6ms, tracker: 0.0ms, aimer: 0.0ms
[2026-07-04 14:37:14.045] [info] [562] yolo: 31.8ms, tracker: 0.6ms, aimer: 0.0ms
[2026-07-04 14:37:14.124] [info] [563] yolo: 41.4ms, tracker: 0.0ms, aimer: 0.1ms
[2026-07-04 14:37:14.195] [info] [564] yolo: 31.7ms, tracker: 0.7ms, aimer: 0.0ms
[2026-07-04 14:37:14.270] [info] [565] yolo: 35.6ms, tracker: 0.6ms, aimer: 0.0ms
[2026-07-04 14:37:14.326] [info] [566] yolo: 16.5ms, tracker: 0.6ms, aimer: 0.0ms
[2026-07-04 14:37:14.380] [info] [567] yolo: 16.0ms, tracker: 0.0ms, aimer: 0.0ms
[2026-07-04 14:37:14.442] [info] [568] yolo: 24.8ms, tracker: 0.6ms, aimer: 0.0ms
[2026-07-04 14:37:14.502] [info] [569] yolo: 22.0ms, tracker: 0.0ms, aimer: 0.0ms
[2026-07-04 14:37:14.564] [info] [570] yolo: 21.3ms, tracker: 0.0ms, aimer: 0.0ms
[2026-07-04 14:37:14.618] [info] [571] yolo: 16.8ms, tracker: 0.6ms, aimer: 0.0ms
[2026-07-04 14:37:14.671] [info] [572] yolo: 16.4ms, tracker: 0.6ms, aimer: 0.0ms
[2026-07-04 14:37:14.725] [info] [573] yolo: 16.7ms, tracker: 0.0ms, aimer: 0.0ms
[2026-07-04 14:37:14.794] [info] [574] yolo: 33.3ms, tracker: 0.0ms, aimer: 0.1ms
[2026-07-04 14:37:14.866] [info] [575] yolo: 32.9ms, tracker: 0.6ms, aimer: 0.0ms
[2026-07-04 14:37:14.928] [info] [576] yolo: 26.3ms, tracker: 0.0ms, aimer: 0.0ms
[2026-07-04 14:37:15.000] [info] [577] yolo: 32.0ms, tracker: 0.6ms, aimer: 0.0ms
[2026-07-04 14:37:15.068] [info] [578] yolo: 29.1ms, tracker: 0.6ms, aimer: 0.0ms
[2026-07-04 14:37:15.122] [info] [579] yolo: 16.7ms, tracker: 0.6ms, aimer: 0.0ms
[2026-07-04 14:37:15.178] [info] [580] yolo: 16.8ms, tracker: 0.6ms, aimer: 0.0ms
[2026-07-04 14:37:15.243] [info] [581] yolo: 27.0ms, tracker: 0.6ms, aimer: 0.0ms
[2026-07-04 14:37:15.302] [info] [582] yolo: 21.3ms, tracker: 0.6ms, aimer: 0.0ms
[2026-07-04 14:37:15.361] [info] [583] yolo: 22.2ms, tracker: 0.5ms, aimer: 0.0ms
[2026-07-04 14:37:15.412] [info] [584] yolo: 15.1ms, tracker: 0.0ms, aimer: 0.0ms
[2026-07-04 14:37:15.466] [info] [585] yolo: 16.3ms, tracker: 0.6ms, aimer: 0.0ms
[2026-07-04 14:37:15.518] [info] [586] yolo: 16.9ms, tracker: 0.0ms, aimer: 0.0ms
[2026-07-04 14:37:15.569] [info] [587] yolo: 16.1ms, tracker: 0.0ms, aimer: 0.0ms
[2026-07-04 14:37:15.637] [info] [588] yolo: 31.2ms, tracker: 0.6ms, aimer: 0.0ms
[2026-07-04 14:37:15.703] [info] [589] yolo: 28.5ms, tracker: 0.7ms, aimer: 0.0ms
[2026-07-04 14:37:15.772] [warning] [Tracker] Large dt: 82.573s
[2026-07-04 14:37:15.773] [info] [590] yolo: 30.0ms, tracker: 0.6ms, aimer: 0.1ms
[2026-07-04 14:37:15.849] [info] [591] yolo: 38.9ms, tracker: 1.2ms, aimer: 0.0ms
[2026-07-04 14:37:15.907] [info] [592] yolo: 20.6ms, tracker: 1.0ms, aimer: 0.0ms
[2026-07-04 14:37:15.962] [info] [593] yolo: 16.6ms, tracker: 0.6ms, aimer: 0.0ms
[2026-07-04 14:37:16.014] [info] [594] yolo: 16.3ms, tracker: 1.1ms, aimer: 0.0ms
[2026-07-04 14:37:16.075] [info] [595] yolo: 24.7ms, tracker: 0.7ms, aimer: 0.0ms
[2026-07-04 14:37:16.135] [info] [596] yolo: 24.1ms, tracker: 0.0ms, aimer: 0.1ms
[2026-07-04 14:37:16.191] [info] [597] yolo: 18.1ms, tracker: 1.0ms, aimer: 0.0ms
[2026-07-04 14:37:16.243] [info] [598] yolo: 16.5ms, tracker: 0.0ms, aimer: 0.0ms
[2026-07-04 14:37:16.295] [info] [599] yolo: 16.6ms, tracker: 0.0ms, aimer: 0.0ms
[2026-07-04 14:37:16.349] [info] [600] yolo: 17.6ms, tracker: 0.6ms, aimer: 0.0ms
[2026-07-04 14:37:16.401] [info] [601] yolo: 15.2ms, tracker: 1.1ms, aimer: 0.0ms
[2026-07-04 14:37:16.472] [info] [602] yolo: 33.6ms, tracker: 0.6ms, aimer: 0.0ms
[2026-07-04 14:37:16.539] [info] [603] yolo: 27.8ms, tracker: 0.6ms, aimer: 0.0ms
[2026-07-04 14:37:16.603] [info] [604] yolo: 26.3ms, tracker: 0.7ms, aimer: 0.0ms
[2026-07-04 14:37:16.672] [info] [605] yolo: 31.0ms, tracker: 0.0ms, aimer: 0.1ms
[2026-07-04 14:37:16.740] [info] [606] yolo: 29.1ms, tracker: 0.0ms, aimer: 0.0ms
[2026-07-04 14:37:16.791] [info] [607] yolo: 16.3ms, tracker: 0.0ms, aimer: 0.0ms
[2026-07-04 14:37:16.843] [info] [608] yolo: 16.1ms, tracker: 0.6ms, aimer: 0.0ms
[2026-07-04 14:37:16.904] [warning] [Tracker] Large dt: 1.521s
[2026-07-04 14:37:16.904] [info] [609] yolo: 25.0ms, tracker: 0.1ms, aimer: 0.0ms
[2026-07-04 14:37:16.970] [info] [610] yolo: 26.8ms, tracker: 0.6ms, aimer: 0.1ms
[2026-07-04 14:37:17.028] [info] [611] yolo: 22.9ms, tracker: 0.0ms, aimer: 0.0ms
[2026-07-04 14:37:17.081] [info] [612] yolo: 15.8ms, tracker: 0.5ms, aimer: 0.0ms
[2026-07-04 14:37:17.134] [info] [613] yolo: 16.9ms, tracker: 0.6ms, aimer: 0.0ms
[2026-07-04 14:37:17.200] [info] [614] yolo: 30.7ms, tracker: 0.0ms, aimer: 0.0ms
[2026-07-04 14:37:17.266] [info] [615] yolo: 28.3ms, tracker: 0.0ms, aimer: 0.0ms
[2026-07-04 14:37:17.338] [info] [616] yolo: 31.7ms, tracker: 0.5ms, aimer: 0.0ms
[2026-07-04 14:37:17.401] [info] [617] yolo: 27.8ms, tracker: 0.0ms, aimer: 0.0ms
[2026-07-04 14:37:17.465] [info] [618] yolo: 25.6ms, tracker: 0.5ms, aimer: 0.0ms
[2026-07-04 14:37:17.518] [info] [619] yolo: 16.6ms, tracker: 0.6ms, aimer: 0.0ms
[2026-07-04 14:37:17.569] [info] [620] yolo: 16.1ms, tracker: 0.6ms, aimer: 0.0ms
[2026-07-04 14:37:17.632] [info] [621] yolo: 26.1ms, tracker: 0.0ms, aimer: 0.0ms
[2026-07-04 14:37:17.697] [info] [622] yolo: 26.7ms, tracker: 0.6ms, aimer: 0.1ms
[2026-07-04 14:37:17.760] [info] [623] yolo: 26.0ms, tracker: 0.6ms, aimer: 0.0ms
[2026-07-04 14:37:17.814] [info] [624] yolo: 17.5ms, tracker: 0.6ms, aimer: 0.0ms
[2026-07-04 14:37:17.871] [info] [625] yolo: 17.6ms, tracker: 1.1ms, aimer: 0.0ms
[2026-07-04 14:37:17.941] [info] [626] yolo: 30.5ms, tracker: 0.6ms, aimer: 0.0ms
[2026-07-04 14:37:18.006] [info] [627] yolo: 26.9ms, tracker: 1.1ms, aimer: 0.0ms
[2026-07-04 14:37:18.075] [info] [628] yolo: 27.3ms, tracker: 1.2ms, aimer: 0.0ms
[2026-07-04 14:37:18.143] [info] [629] yolo: 30.7ms, tracker: 0.7ms, aimer: 0.1ms
[2026-07-04 14:37:18.195] [info] [630] yolo: 16.9ms, tracker: 0.0ms, aimer: 0.0ms
[2026-07-04 14:37:18.248] [info] [631] yolo: 16.7ms, tracker: 0.6ms, aimer: 0.0ms
[2026-07-04 14:37:18.301] [info] [632] yolo: 15.6ms, tracker: 0.6ms, aimer: 0.0ms
[2026-07-04 14:37:18.368] [info] [633] yolo: 30.8ms, tracker: 0.0ms, aimer: 0.0ms
[2026-07-04 14:37:18.430] [info] [634] yolo: 24.5ms, tracker: 0.0ms, aimer: 0.0ms
[2026-07-04 14:37:18.489] [info] [635] yolo: 20.7ms, tracker: 0.6ms, aimer: 0.0ms
[2026-07-04 14:37:18.557] [info] [636] yolo: 30.5ms, tracker: 0.6ms, aimer: 0.0ms
[2026-07-04 14:37:18.625] [info] [637] yolo: 31.3ms, tracker: 0.0ms, aimer: 0.0ms
[2026-07-04 14:37:18.689] [info] [638] yolo: 26.9ms, tracker: 0.7ms, aimer: 0.0ms
[2026-07-04 14:37:18.756] [info] [639] yolo: 29.8ms, tracker: 0.7ms, aimer: 0.1ms
[2026-07-04 14:37:18.811] [info] [640] yolo: 17.3ms, tracker: 0.6ms, aimer: 0.0ms
[2026-07-04 14:37:18.865] [info] [641] yolo: 16.6ms, tracker: 0.0ms, aimer: 0.0ms
[2026-07-04 14:37:18.919] [info] [642] yolo: 18.5ms, tracker: 0.0ms, aimer: 0.0ms
[2026-07-04 14:37:18.994] [info] [643] yolo: 36.3ms, tracker: 0.0ms, aimer: 0.0ms
[2026-07-04 14:37:19.056] [info] [644] yolo: 24.3ms, tracker: 0.0ms, aimer: 0.0ms
[2026-07-04 14:37:19.110] [info] [645] yolo: 17.0ms, tracker: 0.0ms, aimer: 0.0ms
[2026-07-04 14:37:19.178] [info] [646] yolo: 27.4ms, tracker: 0.0ms, aimer: 0.0ms
[2026-07-04 14:37:19.236] [info] [647] yolo: 22.6ms, tracker: 0.0ms, aimer: 0.0ms
[2026-07-04 14:37:19.293] [info] [648] yolo: 21.7ms, tracker: 0.0ms, aimer: 0.0ms
[2026-07-04 14:37:19.355] [info] [649] yolo: 25.5ms, tracker: 0.0ms, aimer: 0.0ms
[2026-07-04 14:37:19.417] [info] [650] yolo: 23.1ms, tracker: 0.0ms, aimer: 0.0ms
[2026-07-04 14:37:19.488] [info] [651] yolo: 30.9ms, tracker: 0.6ms, aimer: 0.0ms
[2026-07-04 14:37:19.539] [info] [652] yolo: 16.3ms, tracker: 0.6ms, aimer: 0.0ms
[2026-07-04 14:37:19.591] [info] [653] yolo: 15.4ms, tracker: 0.6ms, aimer: 0.0ms
[2026-07-04 14:37:19.660] [info] [654] yolo: 31.5ms, tracker: 0.7ms, aimer: 0.0ms
[2026-07-04 14:37:19.725] [info] [655] yolo: 26.4ms, tracker: 0.0ms, aimer: 0.1ms
[2026-07-04 14:37:19.782] [info] [656] yolo: 19.4ms, tracker: 0.6ms, aimer: 0.0ms
[2026-07-04 14:37:19.856] [info] [657] yolo: 37.4ms, tracker: 0.6ms, aimer: 0.0ms
[2026-07-04 14:37:19.924] [info] [658] yolo: 28.7ms, tracker: 0.0ms, aimer: 0.1ms
[2026-07-04 14:37:19.996] [info] [659] yolo: 32.4ms, tracker: 0.7ms, aimer: 0.0ms
[2026-07-04 14:37:20.088] [info] [660] yolo: 53.1ms, tracker: 0.6ms, aimer: 0.0ms
[2026-07-04 14:37:20.142] [debug] [Target] r=0.034, l=0.152
[2026-07-04 14:37:20.142] [debug] [Tracker] Target diverged!
[2026-07-04 14:37:20.142] [info] [661] yolo: 16.0ms, tracker: 0.6ms, aimer: 0.0ms
[2026-07-04 14:37:20.195] [info] [662] yolo: 16.9ms, tracker: 0.6ms, aimer: 0.0ms
[2026-07-04 14:37:20.257] [info] [663] yolo: 25.9ms, tracker: 0.0ms, aimer: 0.0ms
[2026-07-04 14:37:20.320] [info] [664] yolo: 25.0ms, tracker: 0.6ms, aimer: 0.1ms
[2026-07-04 14:37:20.385] [info] [665] yolo: 26.1ms, tracker: 0.0ms, aimer: 0.0ms
[2026-07-04 14:37:20.447] [info] [666] yolo: 23.2ms, tracker: 0.6ms, aimer: 0.1ms
[2026-07-04 14:37:20.508] [info] [667] yolo: 22.7ms, tracker: 0.7ms, aimer: 0.0ms
[2026-07-04 14:37:20.569] [info] [668] yolo: 22.0ms, tracker: 0.6ms, aimer: 0.0ms
[2026-07-04 14:37:20.629] [info] [669] yolo: 21.7ms, tracker: 0.6ms, aimer: 0.0ms
[2026-07-04 14:37:20.689] [debug] [Target] r=0.031, l=0.000
[2026-07-04 14:37:20.689] [debug] [Tracker] Target diverged!
[2026-07-04 14:37:20.689] [info] [670] yolo: 22.2ms, tracker: 0.7ms, aimer: 0.0ms
[2026-07-04 14:37:20.764] [info] [671] yolo: 37.0ms, tracker: 0.5ms, aimer: 0.0ms
[2026-07-04 14:37:20.820] [info] [672] yolo: 18.2ms, tracker: 0.6ms, aimer: 0.0ms
[2026-07-04 14:37:20.877] [info] [673] yolo: 18.8ms, tracker: 0.7ms, aimer: 0.0ms
[2026-07-04 14:37:20.945] [info] [674] yolo: 30.1ms, tracker: 0.6ms, aimer: 0.0ms
[2026-07-04 14:37:21.012] [info] [675] yolo: 28.9ms, tracker: 0.6ms, aimer: 0.0ms
[2026-07-04 14:37:21.086] [info] [676] yolo: 29.6ms, tracker: 0.6ms, aimer: 0.0ms
[2026-07-04 14:37:21.146] [info] [677] yolo: 22.4ms, tracker: 0.0ms, aimer: 0.0ms
[2026-07-04 14:37:21.206] [info] [678] yolo: 22.5ms, tracker: 0.0ms, aimer: 0.0ms
[2026-07-04 14:37:21.261] [info] [679] yolo: 20.2ms, tracker: 0.0ms, aimer: 0.0ms
[2026-07-04 14:37:21.319] [info] [680] yolo: 21.5ms, tracker: 0.0ms, aimer: 0.1ms
[2026-07-04 14:37:21.385] [info] [681] yolo: 27.5ms, tracker: 0.0ms, aimer: 0.0ms
[2026-07-04 14:37:21.445] [info] [682] yolo: 23.5ms, tracker: 0.0ms, aimer: 0.0ms
[2026-07-04 14:37:21.500] [info] [683] yolo: 19.0ms, tracker: 0.0ms, aimer: 0.0ms
[2026-07-04 14:37:21.553] [info] [684] yolo: 16.8ms, tracker: 0.0ms, aimer: 0.0ms
[2026-07-04 14:37:21.618] [info] [685] yolo: 28.6ms, tracker: 0.0ms, aimer: 0.0ms
[2026-07-04 14:37:21.680] [info] [686] yolo: 24.2ms, tracker: 0.0ms, aimer: 0.0ms
