[2026-07-02 11:12:05.954] [info] [0] yolo: 138.3ms, tracker: 0.0ms, aimer: 0.0ms
[2026-07-02 11:12:06.020] [info] [1] yolo: 10.6ms, tracker: 0.5ms, aimer: 0.0ms
[2026-07-02 11:12:06.034] [info] [2] yolo: 9.7ms, tracker: 0.0ms, aimer: 0.0ms
[2026-07-02 11:12:06.079] [info] [3] yolo: 9.3ms, tracker: 0.5ms, aimer: 0.0ms
[2026-07-02 11:12:06.121] [info] [4] yolo: 7.6ms, tracker: 0.5ms, aimer: 0.0ms
[2026-07-02 11:12:06.168] [info] [5] yolo: 9.9ms, tracker: 0.5ms, aimer: 0.0ms
[2026-07-02 11:12:06.211] [info] [6] yolo: 10.3ms, tracker: 0.5ms, aimer: 0.0ms
[2026-07-02 11:12:06.255] [info] [7] yolo: 9.7ms, tracker: 0.4ms, aimer: 0.0ms
[2026-07-02 11:12:06.297] [info] [8] yolo: 8.2ms, tracker: 0.6ms, aimer: 0.0ms
[2026-07-02 11:12:06.341] [info] [9] yolo: 9.0ms, tracker: 0.6ms, aimer: 0.0ms
[2026-07-02 11:12:06.386] [info] [10] yolo: 8.6ms, tracker: 0.6ms, aimer: 0.0ms
[2026-07-02 11:12:06.428] [info] [11] yolo: 7.5ms, tracker: 0.5ms, aimer: 0.0ms
[2026-07-02 11:12:06.475] [info] [12] yolo: 9.8ms, tracker: 0.5ms, aimer: 0.0ms
[2026-07-02 11:12:06.518] [info] [13] yolo: 8.7ms, tracker: 0.5ms, aimer: 0.0ms
[2026-07-02 11:12:06.561] [info] [14] yolo: 7.6ms, tracker: 0.5ms, aimer: 0.0ms
[2026-07-02 11:12:06.606] [info] [15] yolo: 9.3ms, tracker: 0.4ms, aimer: 0.0ms
[2026-07-02 11:12:06.649] [info] [16] yolo: 10.2ms, tracker: 0.5ms, aimer: 0.0ms
[2026-07-02 11:12:06.694] [info] [17] yolo: 8.7ms, tracker: 0.5ms, aimer: 0.0ms
[2026-07-02 11:12:06.733] [info] [18] yolo: 5.6ms, tracker: 0.6ms, aimer: 0.0ms
[2026-07-02 11:12:06.782] [info] [19] yolo: 10.7ms, tracker: 0.5ms, aimer: 0.0ms
[2026-07-02 11:12:06.826] [info] [20] yolo: 7.2ms, tracker: 0.5ms, aimer: 0.0ms
[2026-07-02 11:12:06.870] [info] [21] yolo: 8.3ms, tracker: 0.5ms, aimer: 0.0ms
[2026-07-02 11:12:06.913] [info] [22] yolo: 8.3ms, tracker: 0.5ms, aimer: 0.0ms
[2026-07-02 11:12:06.956] [info] [23] yolo: 9.1ms, tracker: 0.5ms, aimer: 0.0ms
[2026-07-02 11:12:06.995] [info] [24] yolo: 5.6ms, tracker: 0.7ms, aimer: 0.0ms
[2026-07-02 11:12:07.038] [info] [25] yolo: 8.6ms, tracker: 0.5ms, aimer: 0.0ms
[2026-07-02 11:12:07.083] [info] [26] yolo: 9.2ms, tracker: 0.5ms, aimer: 0.0ms
[2026-07-02 11:12:07.124] [info] [27] yolo: 6.2ms, tracker: 0.5ms, aimer: 0.0ms
[2026-07-02 11:12:07.168] [info] [28] yolo: 10.2ms, tracker: 0.5ms, aimer: 0.0ms
[2026-07-02 11:12:07.212] [info] [29] yolo: 6.0ms, tracker: 0.8ms, aimer: 0.0ms
[2026-07-02 11:12:07.258] [debug] [Target] r=0.044, l=0.000
[2026-07-02 11:12:07.258] [debug] [Tracker] Target diverged!
[2026-07-02 11:12:07.258] [info] [30] yolo: 9.4ms, tracker: 0.5ms, aimer: 0.0ms
[2026-07-02 11:12:07.301] [info] [31] yolo: 8.9ms, tracker: 0.4ms, aimer: 0.0ms
[2026-07-02 11:12:07.345] [info] [32] yolo: 9.1ms, tracker: 0.5ms, aimer: 0.0ms
[2026-07-02 11:12:07.388] [info] [33] yolo: 8.8ms, tracker: 0.6ms, aimer: 0.0ms
[2026-07-02 11:12:07.436] [info] [34] yolo: 11.1ms, tracker: 0.4ms, aimer: 0.0ms
[2026-07-02 11:12:07.479] [info] [35] yolo: 10.1ms, tracker: 0.5ms, aimer: 0.0ms
[2026-07-02 11:12:07.524] [info] [36] yolo: 10.8ms, tracker: 0.5ms, aimer: 0.0ms
[2026-07-02 11:12:07.567] [info] [37] yolo: 5.9ms, tracker: 0.6ms, aimer: 0.0ms
[2026-07-02 11:12:07.611] [info] [38] yolo: 9.3ms, tracker: 0.5ms, aimer: 0.0ms
[2026-07-02 11:12:07.656] [info] [39] yolo: 11.0ms, tracker: 0.5ms, aimer: 0.0ms
[2026-07-02 11:12:07.700] [info] [40] yolo: 9.9ms, tracker: 0.5ms, aimer: 0.0ms
[2026-07-02 11:12:07.741] [info] [41] yolo: 8.5ms, tracker: 0.5ms, aimer: 0.0ms
[2026-07-02 11:12:07.785] [info] [42] yolo: 7.9ms, tracker: 0.0ms, aimer: 0.0ms
[2026-07-02 11:12:07.831] [info] [43] yolo: 10.0ms, tracker: 0.4ms, aimer: 0.0ms
[2026-07-02 11:12:07.875] [info] [44] yolo: 9.4ms, tracker: 0.5ms, aimer: 0.0ms
[2026-07-02 11:12:07.918] [info] [45] yolo: 8.8ms, tracker: 0.4ms, aimer: 0.0ms
[2026-07-02 11:12:07.963] [info] [46] yolo: 8.9ms, tracker: 0.5ms, aimer: 0.0ms
[2026-07-02 11:12:08.007] [info] [47] yolo: 9.3ms, tracker: 0.5ms, aimer: 0.0ms
[2026-07-02 11:12:08.051] [info] [48] yolo: 10.4ms, tracker: 0.5ms, aimer: 0.0ms
[2026-07-02 11:12:08.095] [info] [49] yolo: 10.2ms, tracker: 0.5ms, aimer: 0.0ms
[2026-07-02 11:12:08.139] [info] [50] yolo: 9.9ms, tracker: 0.5ms, aimer: 0.0ms
[2026-07-02 11:12:08.180] [info] [51] yolo: 7.4ms, tracker: 0.0ms, aimer: 0.0ms
[2026-07-02 11:12:08.224] [info] [52] yolo: 9.7ms, tracker: 0.5ms, aimer: 0.0ms
[2026-07-02 11:12:08.267] [info] [53] yolo: 10.5ms, tracker: 0.0ms, aimer: 0.0ms
[2026-07-02 11:12:08.308] [info] [54] yolo: 6.9ms, tracker: 0.0ms, aimer: 0.0ms
[2026-07-02 11:12:08.348] [info] [55] yolo: 7.4ms, tracker: 0.0ms, aimer: 0.0ms
[2026-07-02 11:12:08.390] [info] [56] yolo: 8.9ms, tracker: 0.0ms, aimer: 0.1ms
[2026-07-02 11:12:08.436] [info] [57] yolo: 9.5ms, tracker: 0.0ms, aimer: 0.0ms
[2026-07-02 11:12:08.479] [info] [58] yolo: 10.7ms, tracker: 0.0ms, aimer: 0.0ms
[2026-07-02 11:12:08.525] [info] [59] yolo: 10.8ms, tracker: 0.0ms, aimer: 0.0ms
[2026-07-02 11:12:08.571] [info] [60] yolo: 9.0ms, tracker: 0.5ms, aimer: 0.0ms
[2026-07-02 11:12:08.616] [info] [61] yolo: 10.4ms, tracker: 0.0ms, aimer: 0.0ms
[2026-07-02 11:12:08.660] [debug] [Target] r=0.042, l=0.000
[2026-07-02 11:12:08.660] [debug] [Tracker] Target diverged!
[2026-07-02 11:12:08.660] [info] [62] yolo: 9.5ms, tracker: 0.6ms, aimer: 0.0ms
[2026-07-02 11:12:08.706] [info] [63] yolo: 11.2ms, tracker: 0.8ms, aimer: 0.1ms
[2026-07-02 11:12:08.750] [info] [64] yolo: 9.8ms, tracker: 0.6ms, aimer: 0.0ms
[2026-07-02 11:12:08.794] [info] [65] yolo: 10.4ms, tracker: 0.0ms, aimer: 0.0ms
[2026-07-02 11:12:08.838] [info] [66] yolo: 10.7ms, tracker: 0.6ms, aimer: 0.0ms
[2026-07-02 11:12:08.885] [info] [67] yolo: 11.1ms, tracker: 0.0ms, aimer: 0.0ms
[2026-07-02 11:12:08.933] [info] [68] yolo: 10.9ms, tracker: 0.6ms, aimer: 0.0ms
[2026-07-02 11:12:08.978] [info] [69] yolo: 8.1ms, tracker: 0.0ms, aimer: 0.0ms
[2026-07-02 11:12:09.021] [info] [70] yolo: 8.4ms, tracker: 0.0ms, aimer: 0.0ms
[2026-07-02 11:12:09.065] [info] [71] yolo: 7.0ms, tracker: 1.0ms, aimer: 0.1ms
[2026-07-02 11:12:09.106] [info] [72] yolo: 6.6ms, tracker: 0.0ms, aimer: 0.0ms
[2026-07-02 11:12:09.150] [info] [73] yolo: 9.6ms, tracker: 0.5ms, aimer: 0.0ms
[2026-07-02 11:12:09.193] [info] [74] yolo: 8.8ms, tracker: 0.6ms, aimer: 0.0ms
[2026-07-02 11:12:09.238] [info] [75] yolo: 10.1ms, tracker: 0.7ms, aimer: 0.0ms
[2026-07-02 11:12:09.285] [info] [76] yolo: 10.1ms, tracker: 0.6ms, aimer: 0.0ms
[2026-07-02 11:12:09.329] [info] [77] yolo: 6.7ms, tracker: 1.1ms, aimer: 0.1ms
[2026-07-02 11:12:09.374] [info] [78] yolo: 7.0ms, tracker: 0.6ms, aimer: 0.0ms
[2026-07-02 11:12:09.417] [info] [79] yolo: 6.3ms, tracker: 1.1ms, aimer: 0.1ms
[2026-07-02 11:12:09.462] [info] [80] yolo: 6.9ms, tracker: 1.1ms, aimer: 0.1ms
[2026-07-02 11:12:09.501] [info] [81] yolo: 5.3ms, tracker: 0.0ms, aimer: 0.1ms
[2026-07-02 11:12:09.542] [info] [82] yolo: 7.3ms, tracker: 0.0ms, aimer: 0.1ms
[2026-07-02 11:12:09.587] [info] [83] yolo: 9.3ms, tracker: 0.0ms, aimer: 0.1ms
[2026-07-02 11:12:09.626] [info] [84] yolo: 5.3ms, tracker: 0.0ms, aimer: 0.1ms
[2026-07-02 11:12:09.672] [info] [85] yolo: 10.8ms, tracker: 0.0ms, aimer: 0.0ms
[2026-07-02 11:12:09.714] [info] [86] yolo: 9.4ms, tracker: 0.0ms, aimer: 0.1ms
[2026-07-02 11:12:09.759] [info] [87] yolo: 9.5ms, tracker: 0.0ms, aimer: 0.0ms
[2026-07-02 11:12:09.803] [info] [88] yolo: 10.2ms, tracker: 0.0ms, aimer: 0.0ms
[2026-07-02 11:12:09.848] [info] [89] yolo: 10.9ms, tracker: 0.0ms, aimer: 0.0ms
[2026-07-02 11:12:09.893] [info] [90] yolo: 11.3ms, tracker: 0.0ms, aimer: 0.1ms
[2026-07-02 11:12:09.937] [info] [91] yolo: 9.1ms, tracker: 0.0ms, aimer: 0.0ms
[2026-07-02 11:12:09.983] [info] [92] yolo: 9.2ms, tracker: 0.0ms, aimer: 0.0ms
[2026-07-02 11:12:10.025] [info] [93] yolo: 7.7ms, tracker: 0.0ms, aimer: 0.0ms
[2026-07-02 11:12:10.341] [info] [94] yolo: 5.1ms, tracker: 0.6ms, aimer: 0.0ms
[2026-07-02 11:12:10.385] [info] [95] yolo: 8.8ms, tracker: 0.0ms, aimer: 0.0ms
[2026-07-02 11:12:10.429] [debug] [Target] r=0.325, l=-0.275
[2026-07-02 11:12:10.429] [debug] [Tracker] Target diverged!
[2026-07-02 11:12:10.429] [info] [96] yolo: 6.5ms, tracker: 1.1ms, aimer: 0.0ms
[2026-07-02 11:12:10.476] [info] [97] yolo: 10.7ms, tracker: 0.5ms, aimer: 0.0ms
[2026-07-02 11:12:10.521] [info] [98] yolo: 10.4ms, tracker: 0.6ms, aimer: 0.0ms
[2026-07-02 11:12:10.564] [info] [99] yolo: 6.5ms, tracker: 0.0ms, aimer: 0.0ms
[2026-07-02 11:12:10.606] [info] [100] yolo: 8.9ms, tracker: 0.0ms, aimer: 0.0ms
[2026-07-02 11:12:10.651] [info] [101] yolo: 10.9ms, tracker: 0.0ms, aimer: 0.0ms
[2026-07-02 11:12:10.697] [info] [102] yolo: 10.7ms, tracker: 0.5ms, aimer: 0.0ms
[2026-07-02 11:12:10.739] [info] [103] yolo: 7.0ms, tracker: 0.0ms, aimer: 0.0ms
[2026-07-02 11:12:10.784] [info] [104] yolo: 10.4ms, tracker: 0.5ms, aimer: 0.0ms
[2026-07-02 11:12:10.831] [info] [105] yolo: 8.2ms, tracker: 0.0ms, aimer: 0.0ms
[2026-07-02 11:12:10.875] [info] [106] yolo: 8.2ms, tracker: 0.6ms, aimer: 0.0ms
[2026-07-02 11:12:10.919] [info] [107] yolo: 8.7ms, tracker: 0.8ms, aimer: 0.0ms
[2026-07-02 11:12:10.960] [info] [108] yolo: 6.6ms, tracker: 0.0ms, aimer: 0.0ms
[2026-07-02 11:12:11.004] [info] [109] yolo: 6.9ms, tracker: 1.1ms, aimer: 0.1ms
[2026-07-02 11:12:11.050] [info] [110] yolo: 11.9ms, tracker: 0.6ms, aimer: 0.0ms
[2026-07-02 11:12:11.092] [info] [111] yolo: 7.7ms, tracker: 0.6ms, aimer: 0.0ms
[2026-07-02 11:12:11.135] [info] [112] yolo: 9.6ms, tracker: 0.0ms, aimer: 0.0ms
[2026-07-02 11:12:11.177] [info] [113] yolo: 7.5ms, tracker: 0.0ms, aimer: 0.0ms
[2026-07-02 11:12:11.225] [info] [114] yolo: 11.3ms, tracker: 0.5ms, aimer: 0.0ms
[2026-07-02 11:12:11.272] [info] [115] yolo: 9.8ms, tracker: 0.6ms, aimer: 0.0ms
[2026-07-02 11:12:11.311] [info] [116] yolo: 5.8ms, tracker: 0.0ms, aimer: 0.0ms
[2026-07-02 11:12:11.353] [info] [117] yolo: 6.9ms, tracker: 0.9ms, aimer: 0.1ms
[2026-07-02 11:12:11.398] [info] [118] yolo: 10.4ms, tracker: 0.6ms, aimer: 0.0ms
[2026-07-02 11:12:11.439] [info] [119] yolo: 6.7ms, tracker: 1.1ms, aimer: 0.1ms
[2026-07-02 11:12:11.484] [info] [120] yolo: 10.7ms, tracker: 0.0ms, aimer: 0.0ms
[2026-07-02 11:12:11.527] [info] [121] yolo: 9.8ms, tracker: 0.5ms, aimer: 0.0ms
[2026-07-02 11:12:11.570] [info] [122] yolo: 8.9ms, tracker: 0.0ms, aimer: 0.0ms
[2026-07-02 11:12:11.614] [info] [123] yolo: 8.2ms, tracker: 0.5ms, aimer: 0.0ms
[2026-07-02 11:12:11.658] [info] [124] yolo: 10.5ms, tracker: 0.6ms, aimer: 0.0ms
[2026-07-02 11:12:11.704] [info] [125] yolo: 9.8ms, tracker: 0.0ms, aimer: 0.0ms
[2026-07-02 11:12:11.749] [info] [126] yolo: 10.6ms, tracker: 0.5ms, aimer: 0.0ms
[2026-07-02 11:12:11.793] [info] [127] yolo: 8.8ms, tracker: 0.0ms, aimer: 0.0ms
[2026-07-02 11:12:11.838] [info] [128] yolo: 10.3ms, tracker: 0.5ms, aimer: 0.0ms
[2026-07-02 11:12:11.884] [info] [129] yolo: 10.0ms, tracker: 0.5ms, aimer: 0.0ms
[2026-07-02 11:12:11.924] [info] [130] yolo: 6.1ms, tracker: 0.9ms, aimer: 0.0ms
[2026-07-02 11:12:11.969] [info] [131] yolo: 6.1ms, tracker: 1.2ms, aimer: 0.1ms
[2026-07-02 11:12:12.017] [info] [132] yolo: 10.6ms, tracker: 0.0ms, aimer: 0.0ms
[2026-07-02 11:12:12.063] [info] [133] yolo: 10.0ms, tracker: 0.8ms, aimer: 0.1ms
[2026-07-02 11:12:12.110] [info] [134] yolo: 11.7ms, tracker: 0.5ms, aimer: 0.0ms
[2026-07-02 11:12:12.157] [info] [135] yolo: 11.2ms, tracker: 0.6ms, aimer: 0.0ms
[2026-07-02 11:12:12.201] [info] [136] yolo: 9.4ms, tracker: 0.0ms, aimer: 0.0ms
[2026-07-02 11:12:12.244] [info] [137] yolo: 8.6ms, tracker: 0.5ms, aimer: 0.0ms
[2026-07-02 11:12:12.290] [info] [138] yolo: 9.4ms, tracker: 0.6ms, aimer: 0.0ms
[2026-07-02 11:12:12.333] [warning] [Tracker] Large dt: 0.167s
[2026-07-02 11:12:12.334] [info] [139] yolo: 8.1ms, tracker: 0.6ms, aimer: 0.0ms
[2026-07-02 11:12:12.379] [info] [140] yolo: 9.8ms, tracker: 0.0ms, aimer: 0.0ms
[2026-07-02 11:12:12.425] [info] [141] yolo: 10.9ms, tracker: 0.5ms, aimer: 0.0ms
[2026-07-02 11:12:12.470] [info] [142] yolo: 8.7ms, tracker: 0.0ms, aimer: 0.0ms
[2026-07-02 11:12:12.513] [info] [143] yolo: 7.7ms, tracker: 0.8ms, aimer: 0.1ms
[2026-07-02 11:12:12.556] [info] [144] yolo: 8.5ms, tracker: 0.8ms, aimer: 0.0ms
[2026-07-02 11:12:12.601] [info] [145] yolo: 9.9ms, tracker: 0.6ms, aimer: 0.0ms
[2026-07-02 11:12:12.648] [info] [146] yolo: 12.1ms, tracker: 0.6ms, aimer: 0.0ms
[2026-07-02 11:12:12.691] [info] [147] yolo: 9.7ms, tracker: 0.6ms, aimer: 0.0ms
[2026-07-02 11:12:12.735] [debug] [Target] r=0.067, l=-0.132
[2026-07-02 11:12:12.735] [debug] [Tracker] Target diverged!
[2026-07-02 11:12:12.735] [info] [148] yolo: 10.0ms, tracker: 0.6ms, aimer: 0.0ms
[2026-07-02 11:12:12.777] [info] [149] yolo: 8.1ms, tracker: 0.5ms, aimer: 0.0ms
[2026-07-02 11:12:12.820] [debug] [Target] r=0.119, l=-0.081
[2026-07-02 11:12:12.820] [debug] [Tracker] Target diverged!
[2026-07-02 11:12:12.820] [info] [150] yolo: 6.2ms, tracker: 1.0ms, aimer: 0.0ms
[2026-07-02 11:12:12.869] [info] [151] yolo: 11.6ms, tracker: 0.5ms, aimer: 0.0ms
[2026-07-02 11:12:12.915] [info] [152] yolo: 9.6ms, tracker: 0.6ms, aimer: 0.0ms
[2026-07-02 11:12:12.957] [warning] [Tracker] Large dt: 26.099s
[2026-07-02 11:12:12.958] [info] [153] yolo: 8.4ms, tracker: 0.8ms, aimer: 0.1ms
[2026-07-02 11:12:13.003] [info] [154] yolo: 9.6ms, tracker: 0.5ms, aimer: 0.0ms
[2026-07-02 11:12:13.046] [info] [155] yolo: 8.5ms, tracker: 0.0ms, aimer: 0.0ms
[2026-07-02 11:12:13.087] [info] [156] yolo: 6.5ms, tracker: 0.8ms, aimer: 0.1ms
[2026-07-02 11:12:13.132] [info] [157] yolo: 9.5ms, tracker: 0.8ms, aimer: 0.0ms
[2026-07-02 11:12:13.177] [info] [158] yolo: 11.2ms, tracker: 0.5ms, aimer: 0.0ms
[2026-07-02 11:12:13.223] [info] [159] yolo: 10.0ms, tracker: 0.0ms, aimer: 0.0ms
[2026-07-02 11:12:13.267] [info] [160] yolo: 9.4ms, tracker: 0.0ms, aimer: 0.0ms
[2026-07-02 11:12:13.313] [info] [161] yolo: 11.5ms, tracker: 0.5ms, aimer: 0.0ms
[2026-07-02 11:12:13.357] [info] [162] yolo: 9.5ms, tracker: 0.5ms, aimer: 0.0ms
[2026-07-02 11:12:13.401] [info] [163] yolo: 9.8ms, tracker: 0.6ms, aimer: 0.0ms
[2026-07-02 11:12:13.447] [info] [164] yolo: 11.8ms, tracker: 0.6ms, aimer: 0.0ms
[2026-07-02 11:12:13.488] [info] [165] yolo: 5.9ms, tracker: 1.0ms, aimer: 0.0ms
[2026-07-02 11:12:13.530] [info] [166] yolo: 7.1ms, tracker: 1.0ms, aimer: 0.1ms
[2026-07-02 11:12:13.574] [info] [167] yolo: 7.7ms, tracker: 0.6ms, aimer: 0.0ms
[2026-07-02 11:12:13.620] [info] [168] yolo: 9.8ms, tracker: 0.5ms, aimer: 0.0ms
[2026-07-02 11:12:13.661] [info] [169] yolo: 7.2ms, tracker: 0.7ms, aimer: 0.0ms
[2026-07-02 11:12:13.707] [info] [170] yolo: 11.4ms, tracker: 0.5ms, aimer: 0.0ms
[2026-07-02 11:12:13.748] [info] [171] yolo: 6.5ms, tracker: 0.0ms, aimer: 0.1ms
[2026-07-02 11:12:13.792] [info] [172] yolo: 7.5ms, tracker: 0.6ms, aimer: 0.0ms
[2026-07-02 11:12:13.835] [info] [173] yolo: 9.1ms, tracker: 0.6ms, aimer: 0.0ms
[2026-07-02 11:12:13.880] [info] [174] yolo: 11.2ms, tracker: 0.0ms, aimer: 0.0ms
[2026-07-02 11:12:13.926] [info] [175] yolo: 7.6ms, tracker: 1.0ms, aimer: 0.1ms
[2026-07-02 11:12:13.972] [info] [176] yolo: 10.1ms, tracker: 0.5ms, aimer: 0.0ms
[2026-07-02 11:12:14.014] [info] [177] yolo: 7.4ms, tracker: 1.0ms, aimer: 0.1ms
[2026-07-02 11:12:14.058] [info] [178] yolo: 10.0ms, tracker: 0.5ms, aimer: 0.0ms
[2026-07-02 11:12:14.103] [info] [179] yolo: 10.3ms, tracker: 0.5ms, aimer: 0.0ms
[2026-07-02 11:12:14.150] [info] [180] yolo: 12.2ms, tracker: 0.5ms, aimer: 0.0ms
[2026-07-02 11:12:14.194] [info] [181] yolo: 8.2ms, tracker: 0.0ms, aimer: 0.0ms
[2026-07-02 11:12:14.239] [info] [182] yolo: 10.8ms, tracker: 0.6ms, aimer: 0.0ms
[2026-07-02 11:12:14.286] [info] [183] yolo: 12.1ms, tracker: 0.6ms, aimer: 0.0ms
[2026-07-02 11:12:14.332] [info] [184] yolo: 10.5ms, tracker: 0.5ms, aimer: 0.0ms
[2026-07-02 11:12:14.380] [info] [185] yolo: 10.2ms, tracker: 0.5ms, aimer: 0.0ms
[2026-07-02 11:12:14.425] [info] [186] yolo: 11.4ms, tracker: 0.5ms, aimer: 0.0ms
[2026-07-02 11:12:14.473] [info] [187] yolo: 11.2ms, tracker: 0.5ms, aimer: 0.0ms
[2026-07-02 11:12:14.517] [info] [188] yolo: 6.5ms, tracker: 1.0ms, aimer: 0.1ms
[2026-07-02 11:12:14.564] [info] [189] yolo: 10.5ms, tracker: 0.6ms, aimer: 0.0ms
[2026-07-02 11:12:14.605] [info] [190] yolo: 7.1ms, tracker: 1.0ms, aimer: 0.1ms
[2026-07-02 11:12:14.649] [info] [191] yolo: 9.5ms, tracker: 0.6ms, aimer: 0.0ms
[2026-07-02 11:12:14.694] [info] [192] yolo: 10.2ms, tracker: 0.5ms, aimer: 0.0ms
[2026-07-02 11:12:14.737] [info] [193] yolo: 9.4ms, tracker: 0.5ms, aimer: 0.0ms
[2026-07-02 11:12:14.782] [info] [194] yolo: 8.7ms, tracker: 0.6ms, aimer: 0.0ms
[2026-07-02 11:12:14.827] [info] [195] yolo: 9.8ms, tracker: 0.6ms, aimer: 0.0ms
[2026-07-02 11:12:14.872] [info] [196] yolo: 9.9ms, tracker: 0.5ms, aimer: 0.0ms
[2026-07-02 11:12:14.916] [info] [197] yolo: 9.8ms, tracker: 0.7ms, aimer: 0.0ms
[2026-07-02 11:12:14.956] [info] [198] yolo: 5.6ms, tracker: 1.0ms, aimer: 0.0ms
[2026-07-02 11:12:15.002] [info] [199] yolo: 10.4ms, tracker: 0.5ms, aimer: 0.0ms
[2026-07-02 11:12:15.043] [info] [200] yolo: 8.1ms, tracker: 0.6ms, aimer: 0.0ms
[2026-07-02 11:12:15.087] [info] [201] yolo: 9.7ms, tracker: 0.5ms, aimer: 0.0ms
[2026-07-02 11:12:15.130] [info] [202] yolo: 8.0ms, tracker: 1.0ms, aimer: 0.0ms
[2026-07-02 11:12:15.176] [info] [203] yolo: 10.3ms, tracker: 0.5ms, aimer: 0.0ms
[2026-07-02 11:12:15.223] [info] [204] yolo: 9.3ms, tracker: 0.5ms, aimer: 0.0ms
[2026-07-02 11:12:15.269] [info] [205] yolo: 11.2ms, tracker: 0.6ms, aimer: 0.0ms
[2026-07-02 11:12:15.316] [info] [206] yolo: 9.6ms, tracker: 0.5ms, aimer: 0.0ms
[2026-07-02 11:12:15.359] [info] [207] yolo: 9.4ms, tracker: 0.7ms, aimer: 0.0ms
[2026-07-02 11:12:15.402] [info] [208] yolo: 8.4ms, tracker: 0.0ms, aimer: 0.0ms
[2026-07-02 11:12:15.445] [info] [209] yolo: 6.3ms, tracker: 0.9ms, aimer: 0.0ms
[2026-07-02 11:12:15.489] [info] [210] yolo: 9.6ms, tracker: 0.5ms, aimer: 0.0ms
[2026-07-02 11:12:15.537] [info] [211] yolo: 11.2ms, tracker: 0.5ms, aimer: 0.0ms
[2026-07-02 11:12:15.584] [info] [212] yolo: 10.3ms, tracker: 0.5ms, aimer: 0.0ms
[2026-07-02 11:12:15.631] [info] [213] yolo: 9.4ms, tracker: 0.6ms, aimer: 0.0ms
[2026-07-02 11:12:15.673] [info] [214] yolo: 7.5ms, tracker: 0.0ms, aimer: 0.0ms
[2026-07-02 11:12:15.720] [info] [215] yolo: 10.4ms, tracker: 0.0ms, aimer: 0.0ms
[2026-07-02 11:12:15.762] [info] [216] yolo: 8.9ms, tracker: 0.6ms, aimer: 0.0ms
[2026-07-02 11:12:15.808] [info] [217] yolo: 11.2ms, tracker: 0.0ms, aimer: 0.0ms
[2026-07-02 11:12:15.852] [info] [218] yolo: 8.6ms, tracker: 0.0ms, aimer: 0.0ms
[2026-07-02 11:12:15.894] [info] [219] yolo: 9.2ms, tracker: 0.0ms, aimer: 0.0ms
[2026-07-02 11:12:15.934] [info] [220] yolo: 6.7ms, tracker: 0.0ms, aimer: 0.1ms
[2026-07-02 11:12:15.978] [info] [221] yolo: 8.6ms, tracker: 0.0ms, aimer: 0.0ms
[2026-07-02 11:12:16.023] [info] [222] yolo: 9.9ms, tracker: 0.0ms, aimer: 0.0ms
[2026-07-02 11:12:16.066] [info] [223] yolo: 8.8ms, tracker: 0.0ms, aimer: 0.1ms
[2026-07-02 11:12:16.113] [info] [224] yolo: 10.9ms, tracker: 0.5ms, aimer: 0.0ms
[2026-07-02 11:12:16.157] [info] [225] yolo: 9.4ms, tracker: 0.6ms, aimer: 0.0ms
[2026-07-02 11:12:16.203] [info] [226] yolo: 11.1ms, tracker: 0.5ms, aimer: 0.0ms
[2026-07-02 11:12:16.247] [info] [227] yolo: 8.8ms, tracker: 0.6ms, aimer: 0.0ms
[2026-07-02 11:12:16.288] [info] [228] yolo: 6.1ms, tracker: 1.0ms, aimer: 0.1ms
[2026-07-02 11:12:16.336] [info] [229] yolo: 9.6ms, tracker: 0.5ms, aimer: 0.0ms
[2026-07-02 11:12:16.380] [info] [230] yolo: 10.5ms, tracker: 0.6ms, aimer: 0.0ms
[2026-07-02 11:12:16.426] [info] [231] yolo: 8.4ms, tracker: 0.0ms, aimer: 0.0ms
[2026-07-02 11:12:16.471] [info] [232] yolo: 10.2ms, tracker: 0.0ms, aimer: 0.0ms
[2026-07-02 11:12:16.516] [info] [233] yolo: 10.0ms, tracker: 0.5ms, aimer: 0.0ms
[2026-07-02 11:12:16.556] [info] [234] yolo: 5.8ms, tracker: 1.0ms, aimer: 0.1ms
[2026-07-02 11:12:16.597] [info] [235] yolo: 7.8ms, tracker: 0.0ms, aimer: 0.1ms
[2026-07-02 11:12:16.643] [info] [236] yolo: 11.7ms, tracker: 0.5ms, aimer: 0.0ms
[2026-07-02 11:12:16.688] [info] [237] yolo: 10.3ms, tracker: 0.5ms, aimer: 0.0ms
[2026-07-02 11:12:16.729] [info] [238] yolo: 7.5ms, tracker: 0.8ms, aimer: 0.0ms
[2026-07-02 11:12:16.773] [info] [239] yolo: 6.7ms, tracker: 1.0ms, aimer: 0.1ms
[2026-07-02 11:12:16.820] [info] [240] yolo: 10.1ms, tracker: 0.5ms, aimer: 0.0ms
[2026-07-02 11:12:16.864] [info] [241] yolo: 10.5ms, tracker: 0.5ms, aimer: 0.0ms
[2026-07-02 11:12:16.910] [info] [242] yolo: 10.4ms, tracker: 0.0ms, aimer: 0.1ms
[2026-07-02 11:12:16.951] [info] [243] yolo: 7.6ms, tracker: 0.0ms, aimer: 0.0ms
[2026-07-02 11:12:16.993] [info] [244] yolo: 6.8ms, tracker: 0.8ms, aimer: 0.0ms
[2026-07-02 11:12:17.036] [info] [245] yolo: 8.4ms, tracker: 0.5ms, aimer: 0.0ms
[2026-07-02 11:12:17.083] [info] [246] yolo: 9.2ms, tracker: 0.6ms, aimer: 0.0ms
[2026-07-02 11:12:17.126] [info] [247] yolo: 7.6ms, tracker: 0.0ms, aimer: 0.0ms
[2026-07-02 11:12:17.169] [info] [248] yolo: 7.0ms, tracker: 1.0ms, aimer: 0.0ms
[2026-07-02 11:12:17.215] [info] [249] yolo: 9.0ms, tracker: 0.6ms, aimer: 0.0ms
[2026-07-02 11:12:17.260] [info] [250] yolo: 9.6ms, tracker: 0.5ms, aimer: 0.0ms
[2026-07-02 11:12:17.300] [info] [251] yolo: 6.3ms, tracker: 0.0ms, aimer: 0.1ms
[2026-07-02 11:12:17.346] [info] [252] yolo: 10.2ms, tracker: 0.6ms, aimer: 0.0ms
[2026-07-02 11:12:17.392] [info] [253] yolo: 9.6ms, tracker: 0.0ms, aimer: 0.0ms
[2026-07-02 11:12:17.436] [info] [254] yolo: 10.1ms, tracker: 0.6ms, aimer: 0.0ms
[2026-07-02 11:12:17.481] [info] [255] yolo: 6.8ms, tracker: 1.1ms, aimer: 0.1ms
[2026-07-02 11:12:17.528] [info] [256] yolo: 10.2ms, tracker: 0.5ms, aimer: 0.0ms
[2026-07-02 11:12:17.571] [info] [257] yolo: 9.1ms, tracker: 0.6ms, aimer: 0.0ms
[2026-07-02 11:12:17.612] [info] [258] yolo: 7.6ms, tracker: 0.0ms, aimer: 0.0ms
[2026-07-02 11:12:17.658] [info] [259] yolo: 11.4ms, tracker: 0.0ms, aimer: 0.0ms
[2026-07-02 11:12:17.702] [info] [260] yolo: 8.8ms, tracker: 0.6ms, aimer: 0.0ms
[2026-07-02 11:12:17.747] [info] [261] yolo: 9.8ms, tracker: 0.6ms, aimer: 0.0ms
[2026-07-02 11:12:17.792] [info] [262] yolo: 10.1ms, tracker: 0.6ms, aimer: 0.0ms
[2026-07-02 11:12:17.832] [info] [263] yolo: 5.8ms, tracker: 1.0ms, aimer: 0.1ms
[2026-07-02 11:12:17.877] [info] [264] yolo: 7.2ms, tracker: 1.0ms, aimer: 0.1ms
[2026-07-02 11:12:17.924] [info] [265] yolo: 10.8ms, tracker: 0.0ms, aimer: 0.0ms
[2026-07-02 11:12:17.968] [info] [266] yolo: 10.4ms, tracker: 0.5ms, aimer: 0.0ms
[2026-07-02 11:12:18.008] [info] [267] yolo: 6.2ms, tracker: 1.0ms, aimer: 0.1ms
[2026-07-02 11:12:18.054] [info] [268] yolo: 9.5ms, tracker: 0.6ms, aimer: 0.0ms
[2026-07-02 11:12:18.095] [info] [269] yolo: 7.5ms, tracker: 0.7ms, aimer: 0.0ms
[2026-07-02 11:12:18.140] [info] [270] yolo: 10.4ms, tracker: 0.5ms, aimer: 0.0ms
[2026-07-02 11:12:18.184] [info] [271] yolo: 10.0ms, tracker: 0.6ms, aimer: 0.0ms
[2026-07-02 11:12:18.233] [info] [272] yolo: 10.8ms, tracker: 0.5ms, aimer: 0.0ms
[2026-07-02 11:12:18.280] [info] [273] yolo: 10.1ms, tracker: 0.5ms, aimer: 0.0ms
[2026-07-02 11:12:18.324] [info] [274] yolo: 9.9ms, tracker: 0.6ms, aimer: 0.0ms
[2026-07-02 11:12:18.367] [info] [275] yolo: 9.1ms, tracker: 0.5ms, aimer: 0.0ms
[2026-07-02 11:12:18.411] [info] [276] yolo: 9.4ms, tracker: 0.4ms, aimer: 0.0ms
[2026-07-02 11:12:18.454] [info] [277] yolo: 8.5ms, tracker: 0.0ms, aimer: 0.0ms
[2026-07-02 11:12:18.495] [info] [278] yolo: 7.5ms, tracker: 0.0ms, aimer: 0.0ms
[2026-07-02 11:12:18.539] [info] [279] yolo: 10.2ms, tracker: 0.0ms, aimer: 0.0ms
[2026-07-02 11:12:18.584] [info] [280] yolo: 11.0ms, tracker: 0.0ms, aimer: 0.0ms
[2026-07-02 11:12:18.626] [info] [281] yolo: 8.8ms, tracker: 0.0ms, aimer: 0.0ms
[2026-07-02 11:12:18.670] [info] [282] yolo: 8.3ms, tracker: 0.0ms, aimer: 0.0ms
[2026-07-02 11:12:18.714] [info] [283] yolo: 8.5ms, tracker: 0.5ms, aimer: 0.0ms
[2026-07-02 11:12:18.754] [info] [284] yolo: 6.6ms, tracker: 0.5ms, aimer: 0.0ms
[2026-07-02 11:12:18.799] [info] [285] yolo: 9.7ms, tracker: 0.5ms, aimer: 0.0ms
[2026-07-02 11:12:18.843] [info] [286] yolo: 9.4ms, tracker: 0.4ms, aimer: 0.0ms
[2026-07-02 11:12:18.887] [info] [287] yolo: 10.1ms, tracker: 0.5ms, aimer: 0.0ms
[2026-07-02 11:12:18.932] [info] [288] yolo: 10.4ms, tracker: 0.0ms, aimer: 0.0ms
[2026-07-02 11:12:18.973] [info] [289] yolo: 8.7ms, tracker: 0.0ms, aimer: 0.0ms
[2026-07-02 11:12:19.019] [info] [290] yolo: 10.0ms, tracker: 0.0ms, aimer: 0.0ms
[2026-07-02 11:12:19.059] [info] [291] yolo: 6.7ms, tracker: 0.0ms, aimer: 0.0ms
[2026-07-02 11:12:19.102] [info] [292] yolo: 8.8ms, tracker: 0.0ms, aimer: 0.0ms
[2026-07-02 11:12:19.147] [info] [293] yolo: 10.1ms, tracker: 0.4ms, aimer: 0.0ms
[2026-07-02 11:12:19.187] [info] [294] yolo: 5.4ms, tracker: 0.0ms, aimer: 0.1ms
[2026-07-02 11:12:19.230] [info] [295] yolo: 8.9ms, tracker: 0.5ms, aimer: 0.0ms
[2026-07-02 11:12:19.275] [info] [296] yolo: 9.7ms, tracker: 0.4ms, aimer: 0.0ms
[2026-07-02 11:12:19.318] [info] [297] yolo: 8.9ms, tracker: 0.0ms, aimer: 0.0ms
[2026-07-02 11:12:19.362] [info] [298] yolo: 8.5ms, tracker: 0.5ms, aimer: 0.0ms
[2026-07-02 11:12:19.402] [info] [299] yolo: 5.1ms, tracker: 0.0ms, aimer: 0.0ms
[2026-07-02 11:12:19.444] [info] [300] yolo: 9.4ms, tracker: 0.0ms, aimer: 0.0ms
[2026-07-02 11:12:19.485] [info] [301] yolo: 5.5ms, tracker: 0.7ms, aimer: 0.0ms
[2026-07-02 11:12:19.532] [info] [302] yolo: 10.3ms, tracker: 0.0ms, aimer: 0.0ms
[2026-07-02 11:12:19.574] [info] [303] yolo: 9.5ms, tracker: 0.0ms, aimer: 0.0ms
[2026-07-02 11:12:19.618] [info] [304] yolo: 9.3ms, tracker: 0.0ms, aimer: 0.0ms
[2026-07-02 11:12:19.663] [info] [305] yolo: 10.1ms, tracker: 0.0ms, aimer: 0.0ms
[2026-07-02 11:12:19.707] [info] [306] yolo: 9.1ms, tracker: 0.0ms, aimer: 0.0ms
[2026-07-02 11:12:19.750] [info] [307] yolo: 9.7ms, tracker: 0.0ms, aimer: 0.0ms
[2026-07-02 11:12:19.794] [info] [308] yolo: 8.6ms, tracker: 0.0ms, aimer: 0.0ms
[2026-07-02 11:12:19.836] [info] [309] yolo: 9.0ms, tracker: 0.0ms, aimer: 0.0ms
[2026-07-02 11:12:19.878] [info] [310] yolo: 9.0ms, tracker: 0.0ms, aimer: 0.0ms
[2026-07-02 11:12:19.922] [info] [311] yolo: 9.4ms, tracker: 0.0ms, aimer: 0.0ms
[2026-07-02 11:12:19.966] [info] [312] yolo: 8.5ms, tracker: 0.0ms, aimer: 0.0ms
[2026-07-02 11:12:20.008] [info] [313] yolo: 9.2ms, tracker: 0.0ms, aimer: 0.0ms
[2026-07-02 11:12:20.050] [info] [314] yolo: 9.2ms, tracker: 0.0ms, aimer: 0.0ms
[2026-07-02 11:12:20.092] [info] [315] yolo: 9.3ms, tracker: 0.0ms, aimer: 0.0ms
[2026-07-02 11:12:20.136] [info] [316] yolo: 8.4ms, tracker: 0.0ms, aimer: 0.0ms
[2026-07-02 11:12:20.177] [info] [317] yolo: 8.2ms, tracker: 0.0ms, aimer: 0.0ms
[2026-07-02 11:12:20.223] [info] [318] yolo: 9.0ms, tracker: 0.4ms, aimer: 0.0ms
[2026-07-02 11:12:20.265] [info] [319] yolo: 7.7ms, tracker: 0.0ms, aimer: 0.0ms
[2026-07-02 11:12:20.309] [info] [320] yolo: 9.5ms, tracker: 0.0ms, aimer: 0.0ms
[2026-07-02 11:12:20.353] [info] [321] yolo: 9.9ms, tracker: 0.0ms, aimer: 0.0ms
[2026-07-02 11:12:20.392] [info] [322] yolo: 5.0ms, tracker: 0.0ms, aimer: 0.0ms
[2026-07-02 11:12:20.434] [info] [323] yolo: 9.2ms, tracker: 0.0ms, aimer: 0.0ms
[2026-07-02 11:12:20.478] [info] [324] yolo: 9.0ms, tracker: 0.0ms, aimer: 0.0ms
[2026-07-02 11:12:20.519] [info] [325] yolo: 5.6ms, tracker: 0.0ms, aimer: 0.0ms
[2026-07-02 11:12:20.560] [info] [326] yolo: 6.9ms, tracker: 0.0ms, aimer: 0.0ms
[2026-07-02 11:12:20.602] [info] [327] yolo: 8.7ms, tracker: 0.0ms, aimer: 0.0ms
[2026-07-02 11:12:20.646] [info] [328] yolo: 11.5ms, tracker: 0.0ms, aimer: 0.0ms
[2026-07-02 11:12:20.684] [info] [329] yolo: 4.7ms, tracker: 0.0ms, aimer: 0.0ms
[2026-07-02 11:12:20.724] [info] [330] yolo: 6.2ms, tracker: 0.0ms, aimer: 0.0ms
[2026-07-02 11:12:20.768] [info] [331] yolo: 11.4ms, tracker: 0.0ms, aimer: 0.0ms
[2026-07-02 11:12:20.810] [info] [332] yolo: 4.8ms, tracker: 0.0ms, aimer: 0.0ms
[2026-07-02 11:12:20.848] [info] [333] yolo: 5.3ms, tracker: 0.0ms, aimer: 0.0ms
[2026-07-02 11:12:20.892] [info] [334] yolo: 9.1ms, tracker: 0.0ms, aimer: 0.0ms
[2026-07-02 11:12:20.935] [info] [335] yolo: 10.0ms, tracker: 0.0ms, aimer: 0.0ms
[2026-07-02 11:12:20.980] [info] [336] yolo: 10.8ms, tracker: 0.0ms, aimer: 0.0ms
[2026-07-02 11:12:21.022] [info] [337] yolo: 9.5ms, tracker: 0.0ms, aimer: 0.0ms
[2026-07-02 11:12:21.067] [info] [338] yolo: 10.0ms, tracker: 0.0ms, aimer: 0.0ms
[2026-07-02 11:12:21.111] [info] [339] yolo: 9.4ms, tracker: 0.0ms, aimer: 0.0ms
[2026-07-02 11:12:21.152] [info] [340] yolo: 6.9ms, tracker: 0.0ms, aimer: 0.0ms
[2026-07-02 11:12:21.191] [info] [341] yolo: 6.0ms, tracker: 0.0ms, aimer: 0.0ms
[2026-07-02 11:12:21.232] [info] [342] yolo: 6.4ms, tracker: 0.0ms, aimer: 0.0ms
[2026-07-02 11:12:21.271] [info] [343] yolo: 5.4ms, tracker: 0.6ms, aimer: 0.0ms
[2026-07-02 11:12:21.314] [info] [344] yolo: 8.7ms, tracker: 0.4ms, aimer: 0.0ms
[2026-07-02 11:12:21.353] [info] [345] yolo: 5.9ms, tracker: 0.7ms, aimer: 0.0ms
[2026-07-02 11:12:21.397] [info] [346] yolo: 10.0ms, tracker: 0.4ms, aimer: 0.0ms
[2026-07-02 11:12:21.440] [info] [347] yolo: 8.0ms, tracker: 0.5ms, aimer: 0.0ms
[2026-07-02 11:12:21.484] [info] [348] yolo: 10.3ms, tracker: 0.5ms, aimer: 0.0ms
[2026-07-02 11:12:21.526] [info] [349] yolo: 9.3ms, tracker: 0.7ms, aimer: 0.0ms
[2026-07-02 11:12:21.572] [info] [350] yolo: 10.4ms, tracker: 0.5ms, aimer: 0.0ms
[2026-07-02 11:12:21.616] [info] [351] yolo: 6.9ms, tracker: 0.5ms, aimer: 0.0ms
[2026-07-02 11:12:21.657] [info] [352] yolo: 5.6ms, tracker: 1.0ms, aimer: 0.0ms
[2026-07-02 11:12:21.702] [info] [353] yolo: 10.8ms, tracker: 0.0ms, aimer: 0.0ms
[2026-07-02 11:12:21.744] [debug] [Target] r=0.184, l=-0.201
[2026-07-02 11:12:21.744] [debug] [Tracker] Target diverged!
[2026-07-02 11:12:21.744] [info] [354] yolo: 8.9ms, tracker: 0.4ms, aimer: 0.0ms
[2026-07-02 11:12:21.783] [info] [355] yolo: 6.6ms, tracker: 0.0ms, aimer: 0.0ms
[2026-07-02 11:12:21.827] [info] [356] yolo: 10.3ms, tracker: 0.0ms, aimer: 0.0ms
[2026-07-02 11:12:21.867] [info] [357] yolo: 5.4ms, tracker: 0.8ms, aimer: 0.0ms
[2026-07-02 11:12:21.909] [info] [358] yolo: 7.3ms, tracker: 0.9ms, aimer: 0.0ms
[2026-07-02 11:12:21.949] [info] [359] yolo: 5.7ms, tracker: 0.0ms, aimer: 0.0ms
[2026-07-02 11:12:21.992] [info] [360] yolo: 8.7ms, tracker: 0.4ms, aimer: 0.0ms
[2026-07-02 11:12:22.037] [info] [361] yolo: 9.5ms, tracker: 0.5ms, aimer: 0.0ms
[2026-07-02 11:12:22.082] [info] [362] yolo: 8.9ms, tracker: 0.4ms, aimer: 0.0ms
[2026-07-02 11:12:22.123] [info] [363] yolo: 5.5ms, tracker: 0.7ms, aimer: 0.0ms
[2026-07-02 11:12:22.168] [info] [364] yolo: 10.0ms, tracker: 0.4ms, aimer: 0.0ms
[2026-07-02 11:12:22.207] [info] [365] yolo: 5.1ms, tracker: 0.6ms, aimer: 0.0ms
[2026-07-02 11:12:22.252] [info] [366] yolo: 9.8ms, tracker: 0.4ms, aimer: 0.0ms
[2026-07-02 11:12:22.292] [info] [367] yolo: 5.9ms, tracker: 0.6ms, aimer: 0.0ms
[2026-07-02 11:12:22.332] [info] [368] yolo: 7.1ms, tracker: 0.5ms, aimer: 0.0ms
[2026-07-02 11:12:22.377] [info] [369] yolo: 8.3ms, tracker: 0.5ms, aimer: 0.0ms
[2026-07-02 11:12:22.423] [info] [370] yolo: 9.8ms, tracker: 0.5ms, aimer: 0.0ms
[2026-07-02 11:12:22.467] [info] [371] yolo: 9.7ms, tracker: 0.4ms, aimer: 0.0ms
[2026-07-02 11:12:22.511] [info] [372] yolo: 10.7ms, tracker: 0.4ms, aimer: 0.0ms
[2026-07-02 11:12:22.554] [info] [373] yolo: 8.9ms, tracker: 0.4ms, aimer: 0.0ms
[2026-07-02 11:12:22.595] [info] [374] yolo: 8.0ms, tracker: 0.6ms, aimer: 0.0ms
[2026-07-02 11:12:22.638] [info] [375] yolo: 8.6ms, tracker: 0.0ms, aimer: 0.0ms
[2026-07-02 11:12:22.680] [info] [376] yolo: 7.7ms, tracker: 0.5ms, aimer: 0.0ms
[2026-07-02 11:12:22.727] [info] [377] yolo: 9.4ms, tracker: 0.9ms, aimer: 0.0ms
[2026-07-02 11:12:22.770] [info] [378] yolo: 7.7ms, tracker: 0.4ms, aimer: 0.0ms
[2026-07-02 11:12:22.815] [info] [379] yolo: 9.6ms, tracker: 0.5ms, aimer: 0.0ms
[2026-07-02 11:12:22.856] [info] [380] yolo: 5.9ms, tracker: 1.1ms, aimer: 0.0ms
[2026-07-02 11:12:22.896] [info] [381] yolo: 5.9ms, tracker: 1.1ms, aimer: 0.0ms
[2026-07-02 11:12:22.937] [info] [382] yolo: 7.1ms, tracker: 0.6ms, aimer: 0.0ms
[2026-07-02 11:12:22.981] [info] [383] yolo: 7.6ms, tracker: 0.8ms, aimer: 0.0ms
[2026-07-02 11:12:23.028] [warning] [Tracker] Large dt: 0.153s
[2026-07-02 11:12:23.028] [info] [384] yolo: 10.9ms, tracker: 0.4ms, aimer: 0.0ms
[2026-07-02 11:12:23.070] [info] [385] yolo: 8.6ms, tracker: 0.4ms, aimer: 0.0ms
[2026-07-02 11:12:23.114] [info] [386] yolo: 9.0ms, tracker: 0.4ms, aimer: 0.0ms
[2026-07-02 11:12:23.156] [info] [387] yolo: 8.5ms, tracker: 0.5ms, aimer: 0.0ms
[2026-07-02 11:12:23.199] [info] [388] yolo: 9.4ms, tracker: 0.5ms, aimer: 0.0ms
[2026-07-02 11:12:23.241] [info] [389] yolo: 8.1ms, tracker: 0.0ms, aimer: 0.0ms
[2026-07-02 11:12:23.284] [info] [390] yolo: 7.2ms, tracker: 0.0ms, aimer: 0.0ms
[2026-07-02 11:12:23.326] [info] [391] yolo: 8.4ms, tracker: 0.4ms, aimer: 0.0ms
[2026-07-02 11:12:23.370] [info] [392] yolo: 8.3ms, tracker: 0.5ms, aimer: 0.0ms
[2026-07-02 11:12:23.414] [info] [393] yolo: 9.9ms, tracker: 0.0ms, aimer: 0.0ms
[2026-07-02 11:12:23.459] [info] [394] yolo: 9.0ms, tracker: 0.6ms, aimer: 0.0ms
[2026-07-02 11:12:23.503] [info] [395] yolo: 9.3ms, tracker: 0.6ms, aimer: 0.0ms
[2026-07-02 11:12:23.548] [info] [396] yolo: 10.2ms, tracker: 0.5ms, aimer: 0.0ms
[2026-07-02 11:12:23.593] [info] [397] yolo: 10.9ms, tracker: 0.6ms, aimer: 0.0ms
[2026-07-02 11:12:23.635] [info] [398] yolo: 6.9ms, tracker: 1.1ms, aimer: 0.0ms
[2026-07-02 11:12:23.681] [info] [399] yolo: 10.1ms, tracker: 0.9ms, aimer: 0.0ms
[2026-07-02 11:12:23.731] [info] [400] yolo: 12.9ms, tracker: 0.9ms, aimer: 0.0ms
[2026-07-02 11:12:23.777] [info] [401] yolo: 10.9ms, tracker: 1.1ms, aimer: 0.0ms
[2026-07-02 11:12:23.825] [info] [402] yolo: 10.8ms, tracker: 1.2ms, aimer: 0.0ms
[2026-07-02 11:12:23.871] [info] [403] yolo: 9.7ms, tracker: 0.7ms, aimer: 0.0ms
[2026-07-02 11:12:23.912] [info] [404] yolo: 5.9ms, tracker: 1.0ms, aimer: 0.1ms
[2026-07-02 11:12:23.957] [info] [405] yolo: 9.2ms, tracker: 0.6ms, aimer: 0.0ms
[2026-07-02 11:12:24.003] [info] [406] yolo: 10.8ms, tracker: 0.5ms, aimer: 0.0ms
[2026-07-02 11:12:24.043] [info] [407] yolo: 5.4ms, tracker: 1.0ms, aimer: 0.1ms
[2026-07-02 11:12:24.085] [info] [408] yolo: 6.5ms, tracker: 1.0ms, aimer: 0.1ms
[2026-07-02 11:12:24.129] [info] [409] yolo: 6.5ms, tracker: 1.0ms, aimer: 0.1ms
[2026-07-02 11:12:24.177] [info] [410] yolo: 11.3ms, tracker: 0.0ms, aimer: 0.0ms
[2026-07-02 11:12:24.221] [info] [411] yolo: 7.6ms, tracker: 0.0ms, aimer: 0.1ms
[2026-07-02 11:12:24.266] [info] [412] yolo: 8.4ms, tracker: 0.6ms, aimer: 0.0ms
[2026-07-02 11:12:24.310] [info] [413] yolo: 9.3ms, tracker: 0.0ms, aimer: 0.1ms
[2026-07-02 11:12:24.355] [info] [414] yolo: 9.7ms, tracker: 0.6ms, aimer: 0.0ms
[2026-07-02 11:12:24.397] [info] [415] yolo: 6.3ms, tracker: 1.2ms, aimer: 0.1ms
[2026-07-02 11:12:24.442] [info] [416] yolo: 9.7ms, tracker: 0.6ms, aimer: 0.0ms
[2026-07-02 11:12:24.488] [info] [417] yolo: 10.1ms, tracker: 0.5ms, aimer: 0.0ms
[2026-07-02 11:12:24.534] [info] [418] yolo: 8.6ms, tracker: 0.0ms, aimer: 0.1ms
[2026-07-02 11:12:24.580] [info] [419] yolo: 10.1ms, tracker: 0.6ms, aimer: 0.0ms
[2026-07-02 11:12:24.623] [info] [420] yolo: 8.9ms, tracker: 1.0ms, aimer: 0.0ms
[2026-07-02 11:12:24.669] [info] [421] yolo: 11.0ms, tracker: 0.9ms, aimer: 0.0ms
[2026-07-02 11:12:24.717] [info] [422] yolo: 11.4ms, tracker: 0.6ms, aimer: 0.0ms
[2026-07-02 11:12:24.762] [info] [423] yolo: 9.4ms, tracker: 1.1ms, aimer: 0.0ms
[2026-07-02 11:12:24.802] [info] [424] yolo: 6.5ms, tracker: 0.8ms, aimer: 0.0ms
[2026-07-02 11:12:24.847] [info] [425] yolo: 8.2ms, tracker: 0.6ms, aimer: 0.0ms
[2026-07-02 11:12:24.890] [info] [426] yolo: 8.1ms, tracker: 0.6ms, aimer: 0.0ms
[2026-07-02 11:12:24.934] [info] [427] yolo: 8.9ms, tracker: 0.0ms, aimer: 0.0ms
[2026-07-02 11:12:24.976] [info] [428] yolo: 6.4ms, tracker: 0.8ms, aimer: 0.1ms
[2026-07-02 11:12:25.022] [info] [429] yolo: 7.9ms, tracker: 1.0ms, aimer: 0.1ms
[2026-07-02 11:12:25.067] [info] [430] yolo: 9.4ms, tracker: 0.0ms, aimer: 0.0ms
[2026-07-02 11:12:25.109] [info] [431] yolo: 6.0ms, tracker: 1.1ms, aimer: 0.1ms
[2026-07-02 11:12:25.156] [info] [432] yolo: 13.0ms, tracker: 0.5ms, aimer: 0.0ms
[2026-07-02 11:12:25.203] [info] [433] yolo: 10.5ms, tracker: 0.6ms, aimer: 0.0ms
[2026-07-02 11:12:25.244] [info] [434] yolo: 6.0ms, tracker: 0.5ms, aimer: 0.0ms
[2026-07-02 11:12:25.288] [info] [435] yolo: 9.9ms, tracker: 0.5ms, aimer: 0.0ms
[2026-07-02 11:12:25.333] [info] [436] yolo: 10.1ms, tracker: 0.9ms, aimer: 0.0ms
[2026-07-02 11:12:25.381] [info] [437] yolo: 10.5ms, tracker: 0.9ms, aimer: 0.0ms
[2026-07-02 11:12:25.430] [info] [438] yolo: 11.6ms, tracker: 0.6ms, aimer: 0.0ms
[2026-07-02 11:12:25.472] [info] [439] yolo: 5.6ms, tracker: 0.9ms, aimer: 0.0ms
[2026-07-02 11:12:25.519] [info] [440] yolo: 9.9ms, tracker: 0.0ms, aimer: 0.0ms
[2026-07-02 11:12:25.563] [info] [441] yolo: 9.3ms, tracker: 0.5ms, aimer: 0.0ms
[2026-07-02 11:12:25.609] [info] [442] yolo: 10.7ms, tracker: 0.5ms, aimer: 0.0ms
[2026-07-02 11:12:25.656] [info] [443] yolo: 11.6ms, tracker: 0.6ms, aimer: 0.0ms
[2026-07-02 11:12:25.698] [info] [444] yolo: 8.0ms, tracker: 0.8ms, aimer: 0.0ms
[2026-07-02 11:12:25.742] [info] [445] yolo: 7.6ms, tracker: 1.0ms, aimer: 0.0ms
[2026-07-02 11:12:25.786] [info] [446] yolo: 8.8ms, tracker: 0.0ms, aimer: 0.0ms
[2026-07-02 11:12:25.832] [info] [447] yolo: 10.7ms, tracker: 0.0ms, aimer: 0.0ms
[2026-07-02 11:12:25.872] [info] [448] yolo: 6.5ms, tracker: 0.0ms, aimer: 0.1ms
[2026-07-02 11:12:25.922] [info] [449] yolo: 11.6ms, tracker: 0.5ms, aimer: 0.0ms
[2026-07-02 11:12:25.967] [info] [450] yolo: 10.5ms, tracker: 0.0ms, aimer: 0.1ms
[2026-07-02 11:12:26.012] [info] [451] yolo: 10.2ms, tracker: 0.8ms, aimer: 0.0ms
[2026-07-02 11:12:26.056] [info] [452] yolo: 9.2ms, tracker: 0.8ms, aimer: 0.0ms
[2026-07-02 11:12:26.098] [info] [453] yolo: 9.6ms, tracker: 0.0ms, aimer: 0.0ms
[2026-07-02 11:12:26.140] [info] [454] yolo: 7.3ms, tracker: 0.0ms, aimer: 0.1ms
[2026-07-02 11:12:26.189] [info] [455] yolo: 11.1ms, tracker: 0.0ms, aimer: 0.0ms
[2026-07-02 11:12:26.231] [info] [456] yolo: 5.6ms, tracker: 0.0ms, aimer: 0.1ms
[2026-07-02 11:12:26.275] [info] [457] yolo: 9.7ms, tracker: 0.0ms, aimer: 0.1ms
[2026-07-02 11:12:26.321] [info] [458] yolo: 12.3ms, tracker: 0.0ms, aimer: 0.0ms
[2026-07-02 11:12:26.366] [info] [459] yolo: 9.3ms, tracker: 0.0ms, aimer: 0.1ms
[2026-07-02 11:12:26.407] [info] [460] yolo: 5.7ms, tracker: 0.0ms, aimer: 0.1ms
[2026-07-02 11:12:26.447] [info] [461] yolo: 6.2ms, tracker: 0.0ms, aimer: 0.1ms
[2026-07-02 11:12:26.491] [info] [462] yolo: 9.6ms, tracker: 0.0ms, aimer: 0.0ms
[2026-07-02 11:12:26.535] [warning] [Tracker] Large dt: 1.021s
[2026-07-02 11:12:26.536] [info] [463] yolo: 10.4ms, tracker: 0.6ms, aimer: 0.0ms
[2026-07-02 11:12:26.580] [info] [464] yolo: 10.5ms, tracker: 0.6ms, aimer: 0.0ms
[2026-07-02 11:12:26.628] [info] [465] yolo: 10.0ms, tracker: 0.6ms, aimer: 0.0ms
[2026-07-02 11:12:26.673] [info] [466] yolo: 6.2ms, tracker: 1.0ms, aimer: 0.1ms
[2026-07-02 11:12:26.722] [info] [467] yolo: 11.9ms, tracker: 0.5ms, aimer: 0.0ms
[2026-07-02 11:12:26.770] [info] [468] yolo: 12.1ms, tracker: 0.6ms, aimer: 0.0ms
[2026-07-02 11:12:26.813] [info] [469] yolo: 6.1ms, tracker: 1.0ms, aimer: 0.1ms
[2026-07-02 11:12:26.854] [info] [470] yolo: 5.5ms, tracker: 1.1ms, aimer: 0.1ms
[2026-07-02 11:12:26.901] [info] [471] yolo: 10.7ms, tracker: 0.9ms, aimer: 0.0ms
[2026-07-02 11:12:26.946] [info] [472] yolo: 9.5ms, tracker: 1.0ms, aimer: 0.0ms
[2026-07-02 11:12:26.989] [info] [473] yolo: 8.2ms, tracker: 1.0ms, aimer: 0.1ms
[2026-07-02 11:12:27.036] [info] [474] yolo: 9.8ms, tracker: 0.5ms, aimer: 0.0ms
[2026-07-02 11:12:27.081] [info] [475] yolo: 10.9ms, tracker: 1.1ms, aimer: 0.0ms
[2026-07-02 11:12:27.127] [info] [476] yolo: 8.3ms, tracker: 1.1ms, aimer: 0.0ms
[2026-07-02 11:12:27.168] [info] [477] yolo: 6.4ms, tracker: 1.0ms, aimer: 0.1ms
[2026-07-02 11:12:27.216] [info] [478] yolo: 10.2ms, tracker: 0.6ms, aimer: 0.0ms
[2026-07-02 11:12:27.259] [info] [479] yolo: 8.7ms, tracker: 0.5ms, aimer: 0.0ms
[2026-07-02 11:12:27.305] [info] [480] yolo: 11.8ms, tracker: 0.0ms, aimer: 0.0ms
[2026-07-02 11:12:27.351] [info] [481] yolo: 11.5ms, tracker: 0.0ms, aimer: 0.0ms
[2026-07-02 11:12:27.397] [info] [482] yolo: 11.1ms, tracker: 0.6ms, aimer: 0.0ms
[2026-07-02 11:12:27.442] [info] [483] yolo: 10.7ms, tracker: 0.0ms, aimer: 0.0ms
[2026-07-02 11:12:27.484] [info] [484] yolo: 5.8ms, tracker: 1.1ms, aimer: 0.1ms
[2026-07-02 11:12:27.532] [info] [485] yolo: 10.5ms, tracker: 0.6ms, aimer: 0.0ms
[2026-07-02 11:12:27.582] [info] [486] yolo: 11.5ms, tracker: 0.8ms, aimer: 0.0ms
[2026-07-02 11:12:27.630] [info] [487] yolo: 11.4ms, tracker: 0.5ms, aimer: 0.0ms
[2026-07-02 11:12:27.677] [info] [488] yolo: 11.7ms, tracker: 0.5ms, aimer: 0.0ms
[2026-07-02 11:12:27.722] [info] [489] yolo: 8.6ms, tracker: 0.5ms, aimer: 0.0ms
[2026-07-02 11:12:27.768] [info] [490] yolo: 9.8ms, tracker: 0.5ms, aimer: 0.0ms
[2026-07-02 11:12:27.814] [info] [491] yolo: 11.3ms, tracker: 0.6ms, aimer: 0.0ms
[2026-07-02 11:12:27.858] [info] [492] yolo: 10.1ms, tracker: 0.0ms, aimer: 0.0ms
[2026-07-02 11:12:27.901] [info] [493] yolo: 9.8ms, tracker: 0.0ms, aimer: 0.1ms
[2026-07-02 11:12:27.945] [info] [494] yolo: 9.3ms, tracker: 0.6ms, aimer: 0.0ms
[2026-07-02 11:12:27.989] [info] [495] yolo: 9.7ms, tracker: 0.0ms, aimer: 0.0ms
[2026-07-02 11:12:28.034] [info] [496] yolo: 8.2ms, tracker: 0.6ms, aimer: 0.0ms
[2026-07-02 11:12:28.080] [info] [497] yolo: 10.0ms, tracker: 0.5ms, aimer: 0.0ms
[2026-07-02 11:12:28.124] [info] [498] yolo: 10.2ms, tracker: 0.0ms, aimer: 0.0ms
[2026-07-02 11:12:28.164] [info] [499] yolo: 7.0ms, tracker: 0.0ms, aimer: 0.0ms
[2026-07-02 11:12:28.205] [info] [500] yolo: 7.2ms, tracker: 0.0ms, aimer: 0.0ms
[2026-07-02 11:12:28.250] [info] [501] yolo: 9.7ms, tracker: 0.0ms, aimer: 0.0ms
[2026-07-02 11:12:28.293] [info] [502] yolo: 9.8ms, tracker: 0.0ms, aimer: 0.1ms
[2026-07-02 11:12:28.337] [info] [503] yolo: 10.0ms, tracker: 0.0ms, aimer: 0.0ms
[2026-07-02 11:12:28.383] [info] [504] yolo: 10.3ms, tracker: 0.0ms, aimer: 0.0ms
[2026-07-02 11:12:28.427] [info] [505] yolo: 9.0ms, tracker: 0.0ms, aimer: 0.1ms
[2026-07-02 11:12:28.473] [info] [506] yolo: 11.1ms, tracker: 0.0ms, aimer: 0.0ms
[2026-07-02 11:12:28.519] [info] [507] yolo: 10.3ms, tracker: 0.0ms, aimer: 0.0ms
[2026-07-02 11:12:28.564] [info] [508] yolo: 10.3ms, tracker: 0.0ms, aimer: 0.0ms
[2026-07-02 11:12:28.607] [info] [509] yolo: 10.1ms, tracker: 0.0ms, aimer: 0.0ms
[2026-07-02 11:12:28.651] [info] [510] yolo: 9.8ms, tracker: 0.0ms, aimer: 0.0ms
[2026-07-02 11:12:28.695] [info] [511] yolo: 9.5ms, tracker: 0.0ms, aimer: 0.0ms
[2026-07-02 11:12:28.739] [info] [512] yolo: 9.7ms, tracker: 0.0ms, aimer: 0.0ms
[2026-07-02 11:12:28.783] [warning] [Tracker] Large dt: 17.228s
[2026-07-02 11:12:28.784] [info] [513] yolo: 10.3ms, tracker: 0.7ms, aimer: 0.0ms
[2026-07-02 11:12:28.829] [info] [514] yolo: 10.5ms, tracker: 1.1ms, aimer: 0.0ms
[2026-07-02 11:12:28.877] [info] [515] yolo: 10.3ms, tracker: 1.0ms, aimer: 0.0ms
[2026-07-02 11:12:28.925] [info] [516] yolo: 11.4ms, tracker: 0.5ms, aimer: 0.0ms
[2026-07-02 11:12:28.971] [info] [517] yolo: 9.4ms, tracker: 0.9ms, aimer: 0.0ms
[2026-07-02 11:12:29.017] [info] [518] yolo: 11.0ms, tracker: 0.5ms, aimer: 0.0ms
[2026-07-02 11:12:29.061] [info] [519] yolo: 9.6ms, tracker: 0.5ms, aimer: 0.0ms
[2026-07-02 11:12:29.106] [info] [520] yolo: 10.4ms, tracker: 0.5ms, aimer: 0.0ms
[2026-07-02 11:12:29.148] [info] [521] yolo: 6.6ms, tracker: 0.9ms, aimer: 0.0ms
[2026-07-02 11:12:29.195] [info] [522] yolo: 11.9ms, tracker: 0.6ms, aimer: 0.0ms
[2026-07-02 11:12:29.237] [info] [523] yolo: 7.2ms, tracker: 0.0ms, aimer: 0.1ms
[2026-07-02 11:12:29.280] [info] [524] yolo: 6.7ms, tracker: 0.0ms, aimer: 0.1ms
[2026-07-02 11:12:29.328] [info] [525] yolo: 9.8ms, tracker: 0.7ms, aimer: 0.0ms
[2026-07-02 11:12:29.371] [info] [526] yolo: 10.1ms, tracker: 0.0ms, aimer: 0.0ms
[2026-07-02 11:12:29.412] [info] [527] yolo: 5.8ms, tracker: 1.0ms, aimer: 0.1ms
[2026-07-02 11:12:29.458] [info] [528] yolo: 10.6ms, tracker: 0.5ms, aimer: 0.0ms
[2026-07-02 11:12:29.502] [info] [529] yolo: 9.6ms, tracker: 0.6ms, aimer: 0.0ms
[2026-07-02 11:12:29.545] [info] [530] yolo: 10.0ms, tracker: 0.0ms, aimer: 0.0ms
[2026-07-02 11:12:29.587] [info] [531] yolo: 6.8ms, tracker: 0.9ms, aimer: 0.1ms
[2026-07-02 11:12:29.633] [info] [532] yolo: 11.1ms, tracker: 0.0ms, aimer: 0.0ms
[2026-07-02 11:12:29.679] [info] [533] yolo: 9.5ms, tracker: 0.6ms, aimer: 0.0ms
[2026-07-02 11:12:29.725] [info] [534] yolo: 11.0ms, tracker: 0.6ms, aimer: 0.0ms
[2026-07-02 11:12:29.768] [info] [535] yolo: 5.7ms, tracker: 0.9ms, aimer: 0.0ms
[2026-07-02 11:12:29.808] [info] [536] yolo: 5.9ms, tracker: 0.0ms, aimer: 0.1ms
[2026-07-02 11:12:29.852] [info] [537] yolo: 9.8ms, tracker: 0.6ms, aimer: 0.0ms
[2026-07-02 11:12:29.897] [info] [538] yolo: 8.7ms, tracker: 0.6ms, aimer: 0.0ms
[2026-07-02 11:12:29.940] [info] [539] yolo: 8.1ms, tracker: 0.7ms, aimer: 0.0ms
[2026-07-02 11:12:29.985] [info] [540] yolo: 7.5ms, tracker: 0.6ms, aimer: 0.0ms
[2026-07-02 11:12:30.033] [info] [541] yolo: 10.5ms, tracker: 0.5ms, aimer: 0.0ms
[2026-07-02 11:12:30.081] [info] [542] yolo: 9.9ms, tracker: 0.7ms, aimer: 0.0ms
[2026-07-02 11:12:30.127] [info] [543] yolo: 8.7ms, tracker: 0.5ms, aimer: 0.0ms
[2026-07-02 11:12:30.170] [info] [544] yolo: 8.1ms, tracker: 0.6ms, aimer: 0.0ms
[2026-07-02 11:12:30.216] [info] [545] yolo: 10.2ms, tracker: 0.9ms, aimer: 0.0ms
[2026-07-02 11:12:30.263] [info] [546] yolo: 10.5ms, tracker: 1.0ms, aimer: 0.0ms
[2026-07-02 11:12:30.304] [info] [547] yolo: 5.9ms, tracker: 1.0ms, aimer: 0.1ms
[2026-07-02 11:12:30.349] [info] [548] yolo: 11.1ms, tracker: 0.9ms, aimer: 0.0ms
[2026-07-02 11:12:30.394] [info] [549] yolo: 9.9ms, tracker: 0.6ms, aimer: 0.0ms
[2026-07-02 11:12:30.440] [info] [550] yolo: 9.3ms, tracker: 0.5ms, aimer: 0.0ms
[2026-07-02 11:12:30.482] [info] [551] yolo: 7.2ms, tracker: 1.0ms, aimer: 0.1ms
[2026-07-02 11:12:30.528] [info] [552] yolo: 9.8ms, tracker: 0.6ms, aimer: 0.0ms
[2026-07-02 11:12:30.573] [info] [553] yolo: 6.8ms, tracker: 0.9ms, aimer: 0.1ms
[2026-07-02 11:12:30.622] [info] [554] yolo: 11.9ms, tracker: 0.5ms, aimer: 0.0ms
[2026-07-02 11:12:30.668] [info] [555] yolo: 9.5ms, tracker: 0.6ms, aimer: 0.0ms
[2026-07-02 11:12:30.709] [info] [556] yolo: 6.8ms, tracker: 0.9ms, aimer: 0.0ms
[2026-07-02 11:12:30.753] [info] [557] yolo: 8.2ms, tracker: 1.1ms, aimer: 0.1ms
[2026-07-02 11:12:30.799] [info] [558] yolo: 10.4ms, tracker: 0.6ms, aimer: 0.0ms
[2026-07-02 11:12:30.841] [info] [559] yolo: 6.5ms, tracker: 0.8ms, aimer: 0.1ms
[2026-07-02 11:12:30.887] [info] [560] yolo: 9.3ms, tracker: 0.0ms, aimer: 0.0ms
[2026-07-02 11:12:30.931] [info] [561] yolo: 9.6ms, tracker: 0.0ms, aimer: 0.0ms
[2026-07-02 11:12:30.978] [info] [562] yolo: 11.7ms, tracker: 0.5ms, aimer: 0.0ms
[2026-07-02 11:12:31.025] [info] [563] yolo: 11.9ms, tracker: 0.0ms, aimer: 0.0ms
[2026-07-02 11:12:31.070] [info] [564] yolo: 7.8ms, tracker: 0.6ms, aimer: 0.0ms
[2026-07-02 11:12:31.117] [info] [565] yolo: 10.8ms, tracker: 0.6ms, aimer: 0.0ms
[2026-07-02 11:12:31.162] [info] [566] yolo: 7.0ms, tracker: 1.1ms, aimer: 0.1ms
[2026-07-02 11:12:31.207] [info] [567] yolo: 11.3ms, tracker: 0.0ms, aimer: 0.0ms
[2026-07-02 11:12:31.251] [info] [568] yolo: 8.6ms, tracker: 0.6ms, aimer: 0.0ms
[2026-07-02 11:12:31.296] [info] [569] yolo: 9.8ms, tracker: 0.0ms, aimer: 0.0ms
[2026-07-02 11:12:31.338] [info] [570] yolo: 8.3ms, tracker: 0.0ms, aimer: 0.1ms
[2026-07-02 11:12:31.383] [info] [571] yolo: 9.8ms, tracker: 0.6ms, aimer: 0.0ms
[2026-07-02 11:12:31.426] [info] [572] yolo: 7.6ms, tracker: 0.6ms, aimer: 0.0ms
[2026-07-02 11:12:31.472] [info] [573] yolo: 10.0ms, tracker: 0.0ms, aimer: 0.0ms
[2026-07-02 11:12:31.516] [info] [574] yolo: 10.4ms, tracker: 0.0ms, aimer: 0.0ms
[2026-07-02 11:12:31.561] [info] [575] yolo: 10.2ms, tracker: 0.5ms, aimer: 0.0ms
[2026-07-02 11:12:31.607] [info] [576] yolo: 11.0ms, tracker: 0.0ms, aimer: 0.0ms
[2026-07-02 11:12:31.649] [info] [577] yolo: 7.1ms, tracker: 0.9ms, aimer: 0.0ms
[2026-07-02 11:12:31.693] [info] [578] yolo: 8.7ms, tracker: 0.6ms, aimer: 0.0ms
[2026-07-02 11:12:31.738] [info] [579] yolo: 9.9ms, tracker: 0.5ms, aimer: 0.0ms
[2026-07-02 11:12:31.785] [info] [580] yolo: 11.2ms, tracker: 0.5ms, aimer: 0.0ms
[2026-07-02 11:12:31.832] [info] [581] yolo: 10.8ms, tracker: 0.5ms, aimer: 0.0ms
[2026-07-02 11:12:31.880] [info] [582] yolo: 9.9ms, tracker: 0.6ms, aimer: 0.0ms
[2026-07-02 11:12:31.925] [info] [583] yolo: 6.5ms, tracker: 1.1ms, aimer: 0.1ms
[2026-07-02 11:12:31.971] [info] [584] yolo: 10.0ms, tracker: 0.0ms, aimer: 0.0ms
[2026-07-02 11:12:32.016] [info] [585] yolo: 10.1ms, tracker: 0.5ms, aimer: 0.0ms
[2026-07-02 11:12:32.061] [info] [586] yolo: 10.7ms, tracker: 0.0ms, aimer: 0.0ms
[2026-07-02 11:12:32.105] [info] [587] yolo: 9.9ms, tracker: 0.0ms, aimer: 0.0ms
[2026-07-02 11:12:32.150] [info] [588] yolo: 9.8ms, tracker: 0.6ms, aimer: 0.0ms
[2026-07-02 11:12:32.192] [info] [589] yolo: 6.9ms, tracker: 0.9ms, aimer: 0.1ms
[2026-07-02 11:12:32.232] [warning] [Tracker] Large dt: 82.573s
[2026-07-02 11:12:32.233] [info] [590] yolo: 7.1ms, tracker: 0.7ms, aimer: 0.0ms
[2026-07-02 11:12:32.283] [info] [591] yolo: 12.2ms, tracker: 1.0ms, aimer: 0.0ms
[2026-07-02 11:12:32.329] [info] [592] yolo: 10.9ms, tracker: 0.9ms, aimer: 0.0ms
[2026-07-02 11:12:32.374] [info] [593] yolo: 7.3ms, tracker: 0.9ms, aimer: 0.1ms
[2026-07-02 11:12:32.420] [info] [594] yolo: 9.9ms, tracker: 0.9ms, aimer: 0.0ms
[2026-07-02 11:12:32.461] [info] [595] yolo: 6.8ms, tracker: 1.1ms, aimer: 0.1ms
[2026-07-02 11:12:32.503] [info] [596] yolo: 8.2ms, tracker: 0.0ms, aimer: 0.1ms
[2026-07-02 11:12:32.550] [info] [597] yolo: 11.2ms, tracker: 0.9ms, aimer: 0.0ms
[2026-07-02 11:12:32.592] [info] [598] yolo: 9.4ms, tracker: 0.0ms, aimer: 0.1ms
[2026-07-02 11:12:32.638] [info] [599] yolo: 11.1ms, tracker: 0.0ms, aimer: 0.0ms
[2026-07-02 11:12:32.682] [info] [600] yolo: 7.8ms, tracker: 0.5ms, aimer: 0.0ms
[2026-07-02 11:12:32.729] [info] [601] yolo: 10.3ms, tracker: 1.0ms, aimer: 0.0ms
[2026-07-02 11:12:32.773] [info] [602] yolo: 7.5ms, tracker: 0.6ms, aimer: 0.0ms
[2026-07-02 11:12:32.817] [info] [603] yolo: 6.9ms, tracker: 0.6ms, aimer: 0.0ms
[2026-07-02 11:12:32.862] [info] [604] yolo: 10.3ms, tracker: 0.5ms, aimer: 0.0ms
[2026-07-02 11:12:32.906] [info] [605] yolo: 11.0ms, tracker: 0.0ms, aimer: 0.0ms
[2026-07-02 11:12:32.949] [info] [606] yolo: 10.0ms, tracker: 0.0ms, aimer: 0.0ms
[2026-07-02 11:12:32.992] [info] [607] yolo: 8.7ms, tracker: 0.0ms, aimer: 0.0ms
[2026-07-02 11:12:33.035] [info] [608] yolo: 9.5ms, tracker: 0.6ms, aimer: 0.0ms
[2026-07-02 11:12:33.081] [warning] [Tracker] Large dt: 1.521s
[2026-07-02 11:12:33.081] [info] [609] yolo: 11.3ms, tracker: 0.0ms, aimer: 0.0ms
[2026-07-02 11:12:33.129] [info] [610] yolo: 11.3ms, tracker: 0.6ms, aimer: 0.0ms
[2026-07-02 11:12:33.174] [info] [611] yolo: 9.0ms, tracker: 0.0ms, aimer: 0.0ms
[2026-07-02 11:12:33.219] [info] [612] yolo: 8.7ms, tracker: 0.5ms, aimer: 0.0ms
[2026-07-02 11:12:33.262] [info] [613] yolo: 8.0ms, tracker: 0.8ms, aimer: 0.0ms
[2026-07-02 11:12:33.308] [info] [614] yolo: 10.6ms, tracker: 0.0ms, aimer: 0.0ms
[2026-07-02 11:12:33.349] [info] [615] yolo: 7.6ms, tracker: 0.0ms, aimer: 0.0ms
[2026-07-02 11:12:33.393] [info] [616] yolo: 8.3ms, tracker: 0.6ms, aimer: 0.0ms
[2026-07-02 11:12:33.438] [info] [617] yolo: 11.3ms, tracker: 0.0ms, aimer: 0.0ms
[2026-07-02 11:12:33.484] [info] [618] yolo: 10.3ms, tracker: 0.5ms, aimer: 0.0ms
[2026-07-02 11:12:33.531] [info] [619] yolo: 9.4ms, tracker: 0.5ms, aimer: 0.0ms
[2026-07-02 11:12:33.573] [info] [620] yolo: 7.8ms, tracker: 0.6ms, aimer: 0.0ms
[2026-07-02 11:12:33.617] [info] [621] yolo: 8.1ms, tracker: 0.0ms, aimer: 0.0ms
[2026-07-02 11:12:33.665] [info] [622] yolo: 10.9ms, tracker: 0.5ms, aimer: 0.0ms
[2026-07-02 11:12:33.710] [info] [623] yolo: 9.4ms, tracker: 0.5ms, aimer: 0.0ms
[2026-07-02 11:12:33.753] [info] [624] yolo: 8.9ms, tracker: 0.5ms, aimer: 0.0ms
[2026-07-02 11:12:33.795] [info] [625] yolo: 6.6ms, tracker: 1.6ms, aimer: 0.0ms
[2026-07-02 11:12:33.841] [info] [626] yolo: 11.2ms, tracker: 0.5ms, aimer: 0.0ms
[2026-07-02 11:12:33.887] [info] [627] yolo: 8.8ms, tracker: 0.9ms, aimer: 0.0ms
[2026-07-02 11:12:33.933] [info] [628] yolo: 10.1ms, tracker: 1.1ms, aimer: 0.0ms
[2026-07-02 11:12:33.980] [info] [629] yolo: 10.8ms, tracker: 0.7ms, aimer: 0.0ms
[2026-07-02 11:12:34.027] [info] [630] yolo: 9.7ms, tracker: 0.0ms, aimer: 0.0ms
[2026-07-02 11:12:34.069] [info] [631] yolo: 6.9ms, tracker: 0.9ms, aimer: 0.1ms
[2026-07-02 11:12:34.116] [info] [632] yolo: 10.3ms, tracker: 0.7ms, aimer: 0.0ms
[2026-07-02 11:12:34.158] [info] [633] yolo: 7.6ms, tracker: 0.0ms, aimer: 0.0ms
[2026-07-02 11:12:34.200] [info] [634] yolo: 7.0ms, tracker: 0.0ms, aimer: 0.1ms
[2026-07-02 11:12:34.247] [info] [635] yolo: 11.1ms, tracker: 0.5ms, aimer: 0.0ms
[2026-07-02 11:12:34.292] [info] [636] yolo: 10.0ms, tracker: 0.7ms, aimer: 0.0ms
[2026-07-02 11:12:34.337] [info] [637] yolo: 10.0ms, tracker: 0.0ms, aimer: 0.0ms
[2026-07-02 11:12:34.386] [info] [638] yolo: 11.7ms, tracker: 0.7ms, aimer: 0.0ms
[2026-07-02 11:12:34.432] [info] [639] yolo: 9.8ms, tracker: 0.6ms, aimer: 0.0ms
[2026-07-02 11:12:34.475] [info] [640] yolo: 9.4ms, tracker: 0.5ms, aimer: 0.0ms
[2026-07-02 11:12:34.519] [info] [641] yolo: 9.9ms, tracker: 0.0ms, aimer: 0.0ms
[2026-07-02 11:12:34.563] [info] [642] yolo: 9.4ms, tracker: 0.0ms, aimer: 0.0ms
[2026-07-02 11:12:34.607] [info] [643] yolo: 9.3ms, tracker: 0.0ms, aimer: 0.1ms
[2026-07-02 11:12:34.651] [info] [644] yolo: 10.1ms, tracker: 0.0ms, aimer: 0.0ms
[2026-07-02 11:12:34.696] [info] [645] yolo: 10.4ms, tracker: 0.0ms, aimer: 0.1ms
[2026-07-02 11:12:34.739] [info] [646] yolo: 9.4ms, tracker: 0.0ms, aimer: 0.0ms
[2026-07-02 11:12:34.782] [info] [647] yolo: 9.2ms, tracker: 0.0ms, aimer: 0.0ms
[2026-07-02 11:12:34.828] [info] [648] yolo: 10.1ms, tracker: 0.0ms, aimer: 0.0ms
[2026-07-02 11:12:34.871] [info] [649] yolo: 10.5ms, tracker: 0.0ms, aimer: 0.0ms
[2026-07-02 11:12:34.915] [info] [650] yolo: 10.3ms, tracker: 0.0ms, aimer: 0.0ms
[2026-07-02 11:12:34.960] [info] [651] yolo: 10.1ms, tracker: 0.5ms, aimer: 0.0ms
[2026-07-02 11:12:35.003] [info] [652] yolo: 8.6ms, tracker: 0.8ms, aimer: 0.0ms
[2026-07-02 11:12:35.048] [info] [653] yolo: 10.5ms, tracker: 0.6ms, aimer: 0.0ms
[2026-07-02 11:12:35.091] [info] [654] yolo: 9.5ms, tracker: 0.6ms, aimer: 0.0ms
[2026-07-02 11:12:35.133] [info] [655] yolo: 8.7ms, tracker: 0.0ms, aimer: 0.0ms
[2026-07-02 11:12:35.179] [info] [656] yolo: 8.1ms, tracker: 0.6ms, aimer: 0.0ms
[2026-07-02 11:12:35.223] [info] [657] yolo: 9.6ms, tracker: 0.6ms, aimer: 0.0ms
[2026-07-02 11:12:35.266] [info] [658] yolo: 9.2ms, tracker: 0.0ms, aimer: 0.0ms
[2026-07-02 11:12:35.312] [info] [659] yolo: 9.4ms, tracker: 0.5ms, aimer: 0.0ms
[2026-07-02 11:12:35.353] [info] [660] yolo: 6.9ms, tracker: 0.6ms, aimer: 0.0ms
[2026-07-02 11:12:35.399] [debug] [Target] r=0.034, l=0.152
[2026-07-02 11:12:35.399] [debug] [Tracker] Target diverged!
[2026-07-02 11:12:35.399] [info] [661] yolo: 10.8ms, tracker: 0.7ms, aimer: 0.0ms
[2026-07-02 11:12:35.444] [info] [662] yolo: 10.4ms, tracker: 0.5ms, aimer: 0.0ms
[2026-07-02 11:12:35.484] [info] [663] yolo: 5.8ms, tracker: 0.0ms, aimer: 0.0ms
[2026-07-02 11:12:35.531] [info] [664] yolo: 9.1ms, tracker: 0.5ms, aimer: 0.0ms
[2026-07-02 11:12:35.578] [info] [665] yolo: 12.0ms, tracker: 0.0ms, aimer: 0.0ms
[2026-07-02 11:12:35.623] [info] [666] yolo: 8.4ms, tracker: 0.6ms, aimer: 0.0ms
[2026-07-02 11:12:35.668] [info] [667] yolo: 9.9ms, tracker: 0.5ms, aimer: 0.0ms
[2026-07-02 11:12:35.712] [info] [668] yolo: 10.0ms, tracker: 0.6ms, aimer: 0.0ms
[2026-07-02 11:12:35.755] [info] [669] yolo: 8.9ms, tracker: 0.5ms, aimer: 0.0ms
[2026-07-02 11:12:35.801] [debug] [Target] r=0.031, l=0.000
[2026-07-02 11:12:35.801] [debug] [Tracker] Target diverged!
[2026-07-02 11:12:35.801] [info] [670] yolo: 10.6ms, tracker: 0.5ms, aimer: 0.0ms
[2026-07-02 11:12:35.847] [info] [671] yolo: 10.7ms, tracker: 0.5ms, aimer: 0.0ms
[2026-07-02 11:12:35.892] [info] [672] yolo: 9.7ms, tracker: 0.5ms, aimer: 0.0ms
[2026-07-02 11:12:35.938] [info] [673] yolo: 10.3ms, tracker: 0.5ms, aimer: 0.0ms
[2026-07-02 11:12:35.980] [info] [674] yolo: 5.6ms, tracker: 1.0ms, aimer: 0.1ms
[2026-07-02 11:12:36.029] [info] [675] yolo: 10.3ms, tracker: 0.6ms, aimer: 0.0ms
[2026-07-02 11:12:36.073] [info] [676] yolo: 6.3ms, tracker: 1.0ms, aimer: 0.0ms
[2026-07-02 11:12:36.120] [info] [677] yolo: 10.6ms, tracker: 0.0ms, aimer: 0.0ms
[2026-07-02 11:12:36.163] [info] [678] yolo: 9.9ms, tracker: 0.0ms, aimer: 0.0ms
[2026-07-02 11:12:36.207] [info] [679] yolo: 9.9ms, tracker: 0.0ms, aimer: 0.0ms
[2026-07-02 11:12:36.246] [info] [680] yolo: 5.8ms, tracker: 0.0ms, aimer: 0.1ms
[2026-07-02 11:12:36.291] [info] [681] yolo: 10.1ms, tracker: 0.0ms, aimer: 0.0ms
[2026-07-02 11:12:36.335] [info] [682] yolo: 9.9ms, tracker: 0.0ms, aimer: 0.1ms
[2026-07-02 11:12:36.376] [info] [683] yolo: 7.1ms, tracker: 0.0ms, aimer: 0.0ms
[2026-07-02 11:12:36.420] [info] [684] yolo: 11.1ms, tracker: 0.0ms, aimer: 0.0ms
[2026-07-02 11:12:36.466] [info] [685] yolo: 8.3ms, tracker: 0.0ms, aimer: 0.1ms
[2026-07-02 11:12:36.505] [info] [686] yolo: 6.0ms, tracker: 0.0ms, aimer: 0.0ms
