[2026-07-22 23:29:32.638] [warning] [Gimbal] Configured com_port '/dev/gimbal' not found, fallback to '/dev/ttyUSB0'.
[2026-07-22 23:29:32.740] [info] [Gimbal] read_thread started.
[2026-07-22 23:29:32.741] [info] [Gimbal] First q received.
[2026-07-22 23:29:33.635] [info] [Gimbal] Diag: latency=0.00ms, serial_ok=yes
[2026-07-22 23:29:33.999] [info] [SimpleTracker] Entering main loop.
[2026-07-22 23:29:34.553] [info] [Gimbal] Diag: latency=0.00ms, serial_ok=yes
[2026-07-22 23:29:35.394] [info] [Gimbal] Diag: latency=0.00ms, serial_ok=yes
[2026-07-22 23:29:36.221] [info] [Gimbal] Diag: latency=0.00ms, serial_ok=yes
[2026-07-22 23:29:37.062] [info] [Gimbal] Diag: latency=0.00ms, serial_ok=yes
[2026-07-22 23:29:37.904] [info] [Gimbal] Diag: latency=0.00ms, serial_ok=yes
[2026-07-22 23:29:38.742] [info] [Gimbal] Diag: latency=0.00ms, serial_ok=yes
[2026-07-22 23:29:39.581] [info] [Gimbal] Diag: latency=0.00ms, serial_ok=yes
[2026-07-22 23:29:40.420] [info] [Gimbal] Diag: latency=0.00ms, serial_ok=yes
[2026-07-22 23:29:41.265] [info] [Gimbal] Diag: latency=0.01ms, serial_ok=yes
[2026-07-22 23:29:42.107] [info] [Gimbal] Diag: latency=0.01ms, serial_ok=yes
[2026-07-22 23:29:42.947] [info] [Gimbal] Diag: latency=0.00ms, serial_ok=yes
[2026-07-22 23:29:43.790] [info] [Gimbal] Diag: latency=0.00ms, serial_ok=yes
[2026-07-22 23:29:44.626] [info] [Gimbal] Diag: latency=0.00ms, serial_ok=yes
[2026-07-22 23:29:45.464] [info] [Gimbal] Diag: latency=0.00ms, serial_ok=yes
[2026-07-22 23:29:46.307] [info] [Gimbal] Diag: latency=0.00ms, serial_ok=yes
[2026-07-22 23:29:47.141] [info] [Gimbal] Diag: latency=0.00ms, serial_ok=yes
[2026-07-22 23:29:47.982] [info] [Gimbal] Diag: latency=0.03ms, serial_ok=yes
[2026-07-22 23:29:48.303] [warning] [Gimbal] Invalid mode: 90
[2026-07-22 23:29:48.817] [info] [Gimbal] Diag: latency=0.00ms, serial_ok=yes
[2026-07-22 23:29:49.663] [info] [Gimbal] Diag: latency=0.00ms, serial_ok=yes
[2026-07-22 23:29:50.506] [info] [Gimbal] Diag: latency=0.00ms, serial_ok=yes
[2026-07-22 23:29:51.352] [info] [Gimbal] Diag: latency=0.03ms, serial_ok=yes
[2026-07-22 23:29:52.169] [warning] [Gimbal] Invalid mode: 90
[2026-07-22 23:29:52.190] [info] [Gimbal] Diag: latency=0.00ms, serial_ok=yes
[2026-07-22 23:29:53.028] [info] [Gimbal] Diag: latency=0.00ms, serial_ok=yes
[2026-07-22 23:29:53.873] [info] [Gimbal] Diag: latency=0.00ms, serial_ok=yes
[2026-07-22 23:29:54.717] [info] [Gimbal] Diag: latency=0.00ms, serial_ok=yes
[2026-07-22 23:29:55.554] [info] [Gimbal] Diag: latency=0.00ms, serial_ok=yes
[2026-07-22 23:29:56.401] [info] [Gimbal] Diag: latency=0.00ms, serial_ok=yes
[2026-07-22 23:29:57.240] [info] [Gimbal] Diag: latency=0.00ms, serial_ok=yes
[2026-07-22 23:29:58.085] [info] [Gimbal] Diag: latency=0.00ms, serial_ok=yes
[2026-07-22 23:29:58.919] [info] [Gimbal] Diag: latency=0.00ms, serial_ok=yes
[2026-07-22 23:29:59.757] [info] [Gimbal] Diag: latency=0.00ms, serial_ok=yes
[2026-07-22 23:30:00.597] [info] [Gimbal] Diag: latency=0.00ms, serial_ok=yes
[2026-07-22 23:30:01.443] [info] [Gimbal] Diag: latency=0.00ms, serial_ok=yes
[2026-07-22 23:30:02.287] [info] [Gimbal] Diag: latency=0.00ms, serial_ok=yes
[2026-07-22 23:30:03.124] [info] [Gimbal] Diag: latency=0.00ms, serial_ok=yes
[2026-07-22 23:30:03.977] [info] [Gimbal] Diag: latency=0.00ms, serial_ok=yes
[2026-07-22 23:30:04.812] [info] [Gimbal] Diag: latency=0.00ms, serial_ok=yes
[2026-07-22 23:30:05.651] [info] [Gimbal] Diag: latency=0.00ms, serial_ok=yes
[2026-07-22 23:30:06.494] [info] [Gimbal] Diag: latency=0.00ms, serial_ok=yes
[2026-07-22 23:30:07.341] [info] [Gimbal] Diag: latency=0.00ms, serial_ok=yes
[2026-07-22 23:30:08.181] [info] [Gimbal] Diag: latency=0.00ms, serial_ok=yes
[2026-07-22 23:30:09.016] [info] [Gimbal] Diag: latency=0.00ms, serial_ok=yes
[2026-07-22 23:30:09.855] [info] [Gimbal] Diag: latency=0.00ms, serial_ok=yes
[2026-07-22 23:30:10.684] [info] [Gimbal] Diag: latency=0.00ms, serial_ok=yes
[2026-07-22 23:30:10.966] [warning] [Gimbal] Invalid mode: 90
[2026-07-22 23:30:11.523] [info] [Gimbal] Diag: latency=0.00ms, serial_ok=yes
[2026-07-22 23:30:12.362] [info] [Gimbal] Diag: latency=0.00ms, serial_ok=yes
[2026-07-22 23:30:13.200] [info] [Gimbal] Diag: latency=0.00ms, serial_ok=yes
[2026-07-22 23:30:14.049] [info] [Gimbal] Diag: latency=0.00ms, serial_ok=yes
[2026-07-22 23:30:14.884] [info] [Gimbal] Diag: latency=0.00ms, serial_ok=yes
[2026-07-22 23:30:15.718] [info] [Gimbal] Diag: latency=0.00ms, serial_ok=yes
[2026-07-22 23:30:16.563] [info] [Gimbal] Diag: latency=0.00ms, serial_ok=yes
[2026-07-22 23:30:17.398] [info] [Gimbal] Diag: latency=0.00ms, serial_ok=yes
[2026-07-22 23:30:18.237] [info] [Gimbal] Diag: latency=0.00ms, serial_ok=yes
[2026-07-22 23:30:19.070] [info] [Gimbal] Diag: latency=0.00ms, serial_ok=yes
[2026-07-22 23:30:19.912] [info] [Gimbal] Diag: latency=0.00ms, serial_ok=yes
[2026-07-22 23:30:20.754] [info] [Gimbal] Diag: latency=0.00ms, serial_ok=yes
[2026-07-22 23:30:21.599] [info] [Gimbal] Diag: latency=0.00ms, serial_ok=yes
[2026-07-22 23:30:22.446] [info] [Gimbal] Diag: latency=0.00ms, serial_ok=yes
[2026-07-22 23:30:23.277] [info] [Gimbal] Diag: latency=0.00ms, serial_ok=yes
[2026-07-22 23:30:24.120] [info] [Gimbal] Diag: latency=0.00ms, serial_ok=yes
[2026-07-22 23:30:24.959] [info] [Gimbal] Diag: latency=0.00ms, serial_ok=yes
[2026-07-22 23:30:25.795] [info] [Gimbal] Diag: latency=0.00ms, serial_ok=yes
[2026-07-22 23:30:26.633] [info] [Gimbal] Diag: latency=0.00ms, serial_ok=yes
[2026-07-22 23:30:27.471] [info] [Gimbal] Diag: latency=0.00ms, serial_ok=yes
[2026-07-22 23:30:28.321] [info] [Gimbal] Diag: latency=0.00ms, serial_ok=yes
[2026-07-22 23:30:29.171] [info] [Gimbal] Diag: latency=0.00ms, serial_ok=yes
[2026-07-22 23:30:30.014] [info] [Gimbal] Diag: latency=0.00ms, serial_ok=yes
[2026-07-22 23:30:30.851] [info] [Gimbal] Diag: latency=0.00ms, serial_ok=yes
[2026-07-22 23:30:31.683] [info] [Gimbal] Diag: latency=0.00ms, serial_ok=yes
[2026-07-22 23:30:32.527] [info] [Gimbal] Diag: latency=0.00ms, serial_ok=yes
[2026-07-22 23:30:33.371] [info] [Gimbal] Diag: latency=0.00ms, serial_ok=yes
[2026-07-22 23:30:34.219] [info] [Gimbal] Diag: latency=0.00ms, serial_ok=yes
[2026-07-22 23:30:34.292] [info] [SimpleTracker] Shutdown.
[2026-07-22 23:30:34.517] [info] [Gimbal] read_thread stopped.
